[0.085s] DEBUG:colcon:Command line arguments: ['/usr/bin/colcon', 'build']
[0.085s] DEBUG:colcon:Parsed command line arguments: Namespace(log_base=None, log_level=None, verb_name='build', build_base='build', install_base='install', merge_install=False, symlink_install=False, test_result_base=None, continue_on_error=False, executor='parallel', parallel_workers=32, event_handlers=None, ignore_user_meta=False, metas=['./colcon.meta'], base_paths=['.'], packages_ignore=None, packages_ignore_regex=None, paths=None, packages_up_to=None, packages_up_to_regex=None, packages_above=None, packages_above_and_dependencies=None, packages_above_depth=None, packages_select_by_dep=None, packages_skip_by_dep=None, packages_skip_up_to=None, packages_select_build_failed=False, packages_skip_build_finished=False, packages_select_test_failures=False, packages_skip_test_passed=False, packages_select=None, packages_skip=None, packages_select_regex=None, packages_skip_regex=None, packages_start=None, packages_end=None, allow_overriding=[], cmake_args=None, cmake_target=None, cmake_target_skip_unavailable=False, cmake_clean_cache=False, cmake_clean_first=False, cmake_force_configure=False, ament_cmake_args=None, catkin_cmake_args=None, catkin_skip_building_tests=False, mixin_files=None, mixin=None, verb_parser=<colcon_mixin.mixin.mixin_argument.MixinArgumentDecorator object at 0x74c39829cef0>, verb_extension=<colcon_core.verb.build.BuildVerb object at 0x74c399d164b0>, main=<bound method BuildVerb.main of <colcon_core.verb.build.BuildVerb object at 0x74c399d164b0>>, mixin_verb=('build',))
[0.115s] Level 1:colcon.colcon_core.package_discovery:discover_packages(colcon_meta) check parameters
[0.115s] Level 1:colcon.colcon_core.package_discovery:discover_packages(recursive) check parameters
[0.115s] Level 1:colcon.colcon_core.package_discovery:discover_packages(ignore) check parameters
[0.115s] Level 1:colcon.colcon_core.package_discovery:discover_packages(path) check parameters
[0.115s] Level 1:colcon.colcon_core.package_discovery:discover_packages(colcon_meta) discover
[0.116s] Level 1:colcon.colcon_core.package_discovery:discover_packages(recursive) discover
[0.116s] INFO:colcon.colcon_core.package_discovery:Crawling recursively for packages in '/home/raj/robotic_arm'
[0.116s] Level 1:colcon.colcon_core.package_identification:_identify(.) by extensions ['ignore', 'ignore_ament_install']
[0.116s] Level 1:colcon.colcon_core.package_identification:_identify(.) by extension 'ignore'
[0.116s] Level 1:colcon.colcon_core.package_identification:_identify(.) by extension 'ignore_ament_install'
[0.116s] Level 1:colcon.colcon_core.package_identification:_identify(.) by extensions ['colcon_pkg']
[0.116s] Level 1:colcon.colcon_core.package_identification:_identify(.) by extension 'colcon_pkg'
[0.116s] Level 1:colcon.colcon_core.package_identification:_identify(.) by extensions ['colcon_meta']
[0.116s] Level 1:colcon.colcon_core.package_identification:_identify(.) by extension 'colcon_meta'
[0.116s] Level 1:colcon.colcon_core.package_identification:_identify(.) by extensions ['ros']
[0.116s] Level 1:colcon.colcon_core.package_identification:_identify(.) by extension 'ros'
[0.135s] Level 1:colcon.colcon_core.package_identification:_identify(.) by extensions ['cmake', 'python']
[0.135s] Level 1:colcon.colcon_core.package_identification:_identify(.) by extension 'cmake'
[0.135s] Level 1:colcon.colcon_core.package_identification:_identify(.) by extension 'python'
[0.135s] Level 1:colcon.colcon_core.package_identification:_identify(.) by extensions ['python_setup_py']
[0.135s] Level 1:colcon.colcon_core.package_identification:_identify(.) by extension 'python_setup_py'
[0.135s] Level 1:colcon.colcon_core.package_identification:_identify(build) by extensions ['ignore', 'ignore_ament_install']
[0.135s] Level 1:colcon.colcon_core.package_identification:_identify(build) by extension 'ignore'
[0.135s] Level 1:colcon.colcon_core.package_identification:_identify(build) ignored
[0.135s] Level 1:colcon.colcon_core.package_identification:_identify(install) by extensions ['ignore', 'ignore_ament_install']
[0.135s] Level 1:colcon.colcon_core.package_identification:_identify(install) by extension 'ignore'
[0.135s] Level 1:colcon.colcon_core.package_identification:_identify(install) ignored
[0.135s] Level 1:colcon.colcon_core.package_identification:_identify(log) by extensions ['ignore', 'ignore_ament_install']
[0.135s] Level 1:colcon.colcon_core.package_identification:_identify(log) by extension 'ignore'
[0.135s] Level 1:colcon.colcon_core.package_identification:_identify(log) ignored
[0.135s] Level 1:colcon.colcon_core.package_identification:_identify(src) by extensions ['ignore', 'ignore_ament_install']
[0.135s] Level 1:colcon.colcon_core.package_identification:_identify(src) by extension 'ignore'
[0.135s] Level 1:colcon.colcon_core.package_identification:_identify(src) by extension 'ignore_ament_install'
[0.136s] Level 1:colcon.colcon_core.package_identification:_identify(src) by extensions ['colcon_pkg']
[0.136s] Level 1:colcon.colcon_core.package_identification:_identify(src) by extension 'colcon_pkg'
[0.136s] Level 1:colcon.colcon_core.package_identification:_identify(src) by extensions ['colcon_meta']
[0.136s] Level 1:colcon.colcon_core.package_identification:_identify(src) by extension 'colcon_meta'
[0.136s] Level 1:colcon.colcon_core.package_identification:_identify(src) by extensions ['ros']
[0.136s] Level 1:colcon.colcon_core.package_identification:_identify(src) by extension 'ros'
[0.136s] Level 1:colcon.colcon_core.package_identification:_identify(src) by extensions ['cmake', 'python']
[0.136s] Level 1:colcon.colcon_core.package_identification:_identify(src) by extension 'cmake'
[0.136s] Level 1:colcon.colcon_core.package_identification:_identify(src) by extension 'python'
[0.136s] Level 1:colcon.colcon_core.package_identification:_identify(src) by extensions ['python_setup_py']
[0.136s] Level 1:colcon.colcon_core.package_identification:_identify(src) by extension 'python_setup_py'
[0.136s] Level 1:colcon.colcon_core.package_identification:_identify(src/build) by extensions ['ignore', 'ignore_ament_install']
[0.136s] Level 1:colcon.colcon_core.package_identification:_identify(src/build) by extension 'ignore'
[0.136s] Level 1:colcon.colcon_core.package_identification:_identify(src/build) ignored
[0.136s] Level 1:colcon.colcon_core.package_identification:_identify(src/install) by extensions ['ignore', 'ignore_ament_install']
[0.136s] Level 1:colcon.colcon_core.package_identification:_identify(src/install) by extension 'ignore'
[0.136s] Level 1:colcon.colcon_core.package_identification:_identify(src/install) ignored
[0.136s] Level 1:colcon.colcon_core.package_identification:_identify(src/log) by extensions ['ignore', 'ignore_ament_install']
[0.136s] Level 1:colcon.colcon_core.package_identification:_identify(src/log) by extension 'ignore'
[0.136s] Level 1:colcon.colcon_core.package_identification:_identify(src/log) ignored
[0.136s] Level 1:colcon.colcon_core.package_identification:_identify(src/manipulator_controller) by extensions ['ignore', 'ignore_ament_install']
[0.136s] Level 1:colcon.colcon_core.package_identification:_identify(src/manipulator_controller) by extension 'ignore'
[0.136s] Level 1:colcon.colcon_core.package_identification:_identify(src/manipulator_controller) by extension 'ignore_ament_install'
[0.136s] Level 1:colcon.colcon_core.package_identification:_identify(src/manipulator_controller) by extensions ['colcon_pkg']
[0.136s] Level 1:colcon.colcon_core.package_identification:_identify(src/manipulator_controller) by extension 'colcon_pkg'
[0.136s] Level 1:colcon.colcon_core.package_identification:_identify(src/manipulator_controller) by extensions ['colcon_meta']
[0.136s] Level 1:colcon.colcon_core.package_identification:_identify(src/manipulator_controller) by extension 'colcon_meta'
[0.136s] Level 1:colcon.colcon_core.package_identification:_identify(src/manipulator_controller) by extensions ['ros']
[0.136s] Level 1:colcon.colcon_core.package_identification:_identify(src/manipulator_controller) by extension 'ros'
[0.138s] DEBUG:colcon.colcon_core.package_identification:Package 'src/manipulator_controller' with type 'ros.ament_python' and name 'manipulator_controller'
[0.138s] Level 1:colcon.colcon_core.package_identification:_identify(src/manipulator_description) by extensions ['ignore', 'ignore_ament_install']
[0.138s] Level 1:colcon.colcon_core.package_identification:_identify(src/manipulator_description) by extension 'ignore'
[0.138s] Level 1:colcon.colcon_core.package_identification:_identify(src/manipulator_description) by extension 'ignore_ament_install'
[0.138s] Level 1:colcon.colcon_core.package_identification:_identify(src/manipulator_description) by extensions ['colcon_pkg']
[0.138s] Level 1:colcon.colcon_core.package_identification:_identify(src/manipulator_description) by extension 'colcon_pkg'
[0.138s] Level 1:colcon.colcon_core.package_identification:_identify(src/manipulator_description) by extensions ['colcon_meta']
[0.139s] Level 1:colcon.colcon_core.package_identification:_identify(src/manipulator_description) by extension 'colcon_meta'
[0.139s] Level 1:colcon.colcon_core.package_identification:_identify(src/manipulator_description) by extensions ['ros']
[0.139s] Level 1:colcon.colcon_core.package_identification:_identify(src/manipulator_description) by extension 'ros'
[0.141s] DEBUG:colcon.colcon_core.package_identification:Package 'src/manipulator_description' with type 'ros.ament_python' and name 'manipulator_description'
[0.141s] Level 1:colcon.colcon_core.package_identification:_identify(src/manipulator_moveit) by extensions ['ignore', 'ignore_ament_install']
[0.141s] Level 1:colcon.colcon_core.package_identification:_identify(src/manipulator_moveit) by extension 'ignore'
[0.141s] Level 1:colcon.colcon_core.package_identification:_identify(src/manipulator_moveit) by extension 'ignore_ament_install'
[0.141s] Level 1:colcon.colcon_core.package_identification:_identify(src/manipulator_moveit) by extensions ['colcon_pkg']
[0.141s] Level 1:colcon.colcon_core.package_identification:_identify(src/manipulator_moveit) by extension 'colcon_pkg'
[0.141s] Level 1:colcon.colcon_core.package_identification:_identify(src/manipulator_moveit) by extensions ['colcon_meta']
[0.141s] Level 1:colcon.colcon_core.package_identification:_identify(src/manipulator_moveit) by extension 'colcon_meta'
[0.141s] Level 1:colcon.colcon_core.package_identification:_identify(src/manipulator_moveit) by extensions ['ros']
[0.141s] Level 1:colcon.colcon_core.package_identification:_identify(src/manipulator_moveit) by extension 'ros'
[0.142s] DEBUG:colcon.colcon_core.package_identification:Package 'src/manipulator_moveit' with type 'ros.ament_cmake' and name 'manipulator_moveit'
[0.142s] Level 1:colcon.colcon_core.package_identification:_identify(src/manipulator_msgs) by extensions ['ignore', 'ignore_ament_install']
[0.142s] Level 1:colcon.colcon_core.package_identification:_identify(src/manipulator_msgs) by extension 'ignore'
[0.142s] Level 1:colcon.colcon_core.package_identification:_identify(src/manipulator_msgs) by extension 'ignore_ament_install'
[0.142s] Level 1:colcon.colcon_core.package_identification:_identify(src/manipulator_msgs) by extensions ['colcon_pkg']
[0.142s] Level 1:colcon.colcon_core.package_identification:_identify(src/manipulator_msgs) by extension 'colcon_pkg'
[0.142s] Level 1:colcon.colcon_core.package_identification:_identify(src/manipulator_msgs) by extensions ['colcon_meta']
[0.142s] Level 1:colcon.colcon_core.package_identification:_identify(src/manipulator_msgs) by extension 'colcon_meta'
[0.142s] Level 1:colcon.colcon_core.package_identification:_identify(src/manipulator_msgs) by extensions ['ros']
[0.142s] Level 1:colcon.colcon_core.package_identification:_identify(src/manipulator_msgs) by extension 'ros'
[0.142s] DEBUG:colcon.colcon_core.package_identification:Package 'src/manipulator_msgs' with type 'ros.ament_cmake' and name 'manipulator_msgs'
[0.142s] Level 1:colcon.colcon_core.package_identification:_identify(src/manipulator_remote) by extensions ['ignore', 'ignore_ament_install']
[0.142s] Level 1:colcon.colcon_core.package_identification:_identify(src/manipulator_remote) by extension 'ignore'
[0.142s] Level 1:colcon.colcon_core.package_identification:_identify(src/manipulator_remote) by extension 'ignore_ament_install'
[0.143s] Level 1:colcon.colcon_core.package_identification:_identify(src/manipulator_remote) by extensions ['colcon_pkg']
[0.143s] Level 1:colcon.colcon_core.package_identification:_identify(src/manipulator_remote) by extension 'colcon_pkg'
[0.143s] Level 1:colcon.colcon_core.package_identification:_identify(src/manipulator_remote) by extensions ['colcon_meta']
[0.143s] Level 1:colcon.colcon_core.package_identification:_identify(src/manipulator_remote) by extension 'colcon_meta'
[0.143s] Level 1:colcon.colcon_core.package_identification:_identify(src/manipulator_remote) by extensions ['ros']
[0.143s] Level 1:colcon.colcon_core.package_identification:_identify(src/manipulator_remote) by extension 'ros'
[0.143s] DEBUG:colcon.colcon_core.package_identification:Package 'src/manipulator_remote' with type 'ros.ament_cmake' and name 'manipulator_remote'
[0.143s] Level 1:colcon.colcon_core.package_identification:_identify(src/manipulator_utils) by extensions ['ignore', 'ignore_ament_install']
[0.143s] Level 1:colcon.colcon_core.package_identification:_identify(src/manipulator_utils) by extension 'ignore'
[0.143s] Level 1:colcon.colcon_core.package_identification:_identify(src/manipulator_utils) by extension 'ignore_ament_install'
[0.143s] Level 1:colcon.colcon_core.package_identification:_identify(src/manipulator_utils) by extensions ['colcon_pkg']
[0.143s] Level 1:colcon.colcon_core.package_identification:_identify(src/manipulator_utils) by extension 'colcon_pkg'
[0.143s] Level 1:colcon.colcon_core.package_identification:_identify(src/manipulator_utils) by extensions ['colcon_meta']
[0.143s] Level 1:colcon.colcon_core.package_identification:_identify(src/manipulator_utils) by extension 'colcon_meta'
[0.143s] Level 1:colcon.colcon_core.package_identification:_identify(src/manipulator_utils) by extensions ['ros']
[0.143s] Level 1:colcon.colcon_core.package_identification:_identify(src/manipulator_utils) by extension 'ros'
[0.144s] DEBUG:colcon.colcon_core.package_identification:Package 'src/manipulator_utils' with type 'ros.ament_python' and name 'manipulator_utils'
[0.144s] Level 1:colcon.colcon_core.package_identification:_identify(src/simple_task) by extensions ['ignore', 'ignore_ament_install']
[0.144s] Level 1:colcon.colcon_core.package_identification:_identify(src/simple_task) by extension 'ignore'
[0.144s] Level 1:colcon.colcon_core.package_identification:_identify(src/simple_task) by extension 'ignore_ament_install'
[0.144s] Level 1:colcon.colcon_core.package_identification:_identify(src/simple_task) by extensions ['colcon_pkg']
[0.144s] Level 1:colcon.colcon_core.package_identification:_identify(src/simple_task) by extension 'colcon_pkg'
[0.144s] Level 1:colcon.colcon_core.package_identification:_identify(src/simple_task) by extensions ['colcon_meta']
[0.144s] Level 1:colcon.colcon_core.package_identification:_identify(src/simple_task) by extension 'colcon_meta'
[0.144s] Level 1:colcon.colcon_core.package_identification:_identify(src/simple_task) by extensions ['ros']
[0.144s] Level 1:colcon.colcon_core.package_identification:_identify(src/simple_task) by extension 'ros'
[0.144s] DEBUG:colcon.colcon_core.package_identification:Package 'src/simple_task' with type 'ros.ament_python' and name 'simple_task'
[0.145s] Level 1:colcon.colcon_core.package_discovery:discover_packages(recursive) using defaults
[0.145s] Level 1:colcon.colcon_core.package_discovery:discover_packages(ignore) discover
[0.145s] Level 1:colcon.colcon_core.package_discovery:discover_packages(ignore) using defaults
[0.145s] Level 1:colcon.colcon_core.package_discovery:discover_packages(path) discover
[0.145s] Level 1:colcon.colcon_core.package_discovery:discover_packages(path) using defaults
[0.158s] Level 1:colcon.colcon_core.package_discovery:discover_packages(prefix_path) check parameters
[0.158s] Level 1:colcon.colcon_core.package_discovery:discover_packages(prefix_path) discover
[0.161s] DEBUG:colcon.colcon_installed_package_information.package_discovery:Found 443 installed packages in /opt/ros/jazzy
[0.162s] Level 1:colcon.colcon_core.package_discovery:discover_packages(prefix_path) using defaults
[0.201s] Level 5:colcon.colcon_core.verb:set package 'manipulator_controller' build argument 'cmake_args' from command line to 'None'
[0.201s] Level 5:colcon.colcon_core.verb:set package 'manipulator_controller' build argument 'cmake_target' from command line to 'None'
[0.201s] Level 5:colcon.colcon_core.verb:set package 'manipulator_controller' build argument 'cmake_target_skip_unavailable' from command line to 'False'
[0.201s] Level 5:colcon.colcon_core.verb:set package 'manipulator_controller' build argument 'cmake_clean_cache' from command line to 'False'
[0.201s] Level 5:colcon.colcon_core.verb:set package 'manipulator_controller' build argument 'cmake_clean_first' from command line to 'False'
[0.201s] Level 5:colcon.colcon_core.verb:set package 'manipulator_controller' build argument 'cmake_force_configure' from command line to 'False'
[0.201s] Level 5:colcon.colcon_core.verb:set package 'manipulator_controller' build argument 'ament_cmake_args' from command line to 'None'
[0.201s] Level 5:colcon.colcon_core.verb:set package 'manipulator_controller' build argument 'catkin_cmake_args' from command line to 'None'
[0.201s] Level 5:colcon.colcon_core.verb:set package 'manipulator_controller' build argument 'catkin_skip_building_tests' from command line to 'False'
[0.201s] DEBUG:colcon.colcon_core.verb:Building package 'manipulator_controller' with the following arguments: {'ament_cmake_args': None, 'build_base': '/home/raj/robotic_arm/build/manipulator_controller', 'catkin_cmake_args': None, 'catkin_skip_building_tests': False, 'cmake_args': None, 'cmake_clean_cache': False, 'cmake_clean_first': False, 'cmake_force_configure': False, 'cmake_target': None, 'cmake_target_skip_unavailable': False, 'install_base': '/home/raj/robotic_arm/install/manipulator_controller', 'merge_install': False, 'path': '/home/raj/robotic_arm/src/manipulator_controller', 'symlink_install': False, 'test_result_base': None}
[0.202s] Level 5:colcon.colcon_core.verb:set package 'manipulator_description' build argument 'cmake_args' from command line to 'None'
[0.202s] Level 5:colcon.colcon_core.verb:set package 'manipulator_description' build argument 'cmake_target' from command line to 'None'
[0.202s] Level 5:colcon.colcon_core.verb:set package 'manipulator_description' build argument 'cmake_target_skip_unavailable' from command line to 'False'
[0.202s] Level 5:colcon.colcon_core.verb:set package 'manipulator_description' build argument 'cmake_clean_cache' from command line to 'False'
[0.202s] Level 5:colcon.colcon_core.verb:set package 'manipulator_description' build argument 'cmake_clean_first' from command line to 'False'
[0.202s] Level 5:colcon.colcon_core.verb:set package 'manipulator_description' build argument 'cmake_force_configure' from command line to 'False'
[0.202s] Level 5:colcon.colcon_core.verb:set package 'manipulator_description' build argument 'ament_cmake_args' from command line to 'None'
[0.202s] Level 5:colcon.colcon_core.verb:set package 'manipulator_description' build argument 'catkin_cmake_args' from command line to 'None'
[0.202s] Level 5:colcon.colcon_core.verb:set package 'manipulator_description' build argument 'catkin_skip_building_tests' from command line to 'False'
[0.202s] DEBUG:colcon.colcon_core.verb:Building package 'manipulator_description' with the following arguments: {'ament_cmake_args': None, 'build_base': '/home/raj/robotic_arm/build/manipulator_description', 'catkin_cmake_args': None, 'catkin_skip_building_tests': False, 'cmake_args': None, 'cmake_clean_cache': False, 'cmake_clean_first': False, 'cmake_force_configure': False, 'cmake_target': None, 'cmake_target_skip_unavailable': False, 'install_base': '/home/raj/robotic_arm/install/manipulator_description', 'merge_install': False, 'path': '/home/raj/robotic_arm/src/manipulator_description', 'symlink_install': False, 'test_result_base': None}
[0.202s] Level 5:colcon.colcon_core.verb:set package 'manipulator_moveit' build argument 'cmake_args' from command line to 'None'
[0.202s] Level 5:colcon.colcon_core.verb:set package 'manipulator_moveit' build argument 'cmake_target' from command line to 'None'
[0.202s] Level 5:colcon.colcon_core.verb:set package 'manipulator_moveit' build argument 'cmake_target_skip_unavailable' from command line to 'False'
[0.202s] Level 5:colcon.colcon_core.verb:set package 'manipulator_moveit' build argument 'cmake_clean_cache' from command line to 'False'
[0.202s] Level 5:colcon.colcon_core.verb:set package 'manipulator_moveit' build argument 'cmake_clean_first' from command line to 'False'
[0.202s] Level 5:colcon.colcon_core.verb:set package 'manipulator_moveit' build argument 'cmake_force_configure' from command line to 'False'
[0.202s] Level 5:colcon.colcon_core.verb:set package 'manipulator_moveit' build argument 'ament_cmake_args' from command line to 'None'
[0.202s] Level 5:colcon.colcon_core.verb:set package 'manipulator_moveit' build argument 'catkin_cmake_args' from command line to 'None'
[0.202s] Level 5:colcon.colcon_core.verb:set package 'manipulator_moveit' build argument 'catkin_skip_building_tests' from command line to 'False'
[0.202s] DEBUG:colcon.colcon_core.verb:Building package 'manipulator_moveit' with the following arguments: {'ament_cmake_args': None, 'build_base': '/home/raj/robotic_arm/build/manipulator_moveit', 'catkin_cmake_args': None, 'catkin_skip_building_tests': False, 'cmake_args': None, 'cmake_clean_cache': False, 'cmake_clean_first': False, 'cmake_force_configure': False, 'cmake_target': None, 'cmake_target_skip_unavailable': False, 'install_base': '/home/raj/robotic_arm/install/manipulator_moveit', 'merge_install': False, 'path': '/home/raj/robotic_arm/src/manipulator_moveit', 'symlink_install': False, 'test_result_base': None}
[0.202s] Level 5:colcon.colcon_core.verb:set package 'manipulator_msgs' build argument 'cmake_args' from command line to 'None'
[0.202s] Level 5:colcon.colcon_core.verb:set package 'manipulator_msgs' build argument 'cmake_target' from command line to 'None'
[0.202s] Level 5:colcon.colcon_core.verb:set package 'manipulator_msgs' build argument 'cmake_target_skip_unavailable' from command line to 'False'
[0.202s] Level 5:colcon.colcon_core.verb:set package 'manipulator_msgs' build argument 'cmake_clean_cache' from command line to 'False'
[0.202s] Level 5:colcon.colcon_core.verb:set package 'manipulator_msgs' build argument 'cmake_clean_first' from command line to 'False'
[0.202s] Level 5:colcon.colcon_core.verb:set package 'manipulator_msgs' build argument 'cmake_force_configure' from command line to 'False'
[0.202s] Level 5:colcon.colcon_core.verb:set package 'manipulator_msgs' build argument 'ament_cmake_args' from command line to 'None'
[0.202s] Level 5:colcon.colcon_core.verb:set package 'manipulator_msgs' build argument 'catkin_cmake_args' from command line to 'None'
[0.202s] Level 5:colcon.colcon_core.verb:set package 'manipulator_msgs' build argument 'catkin_skip_building_tests' from command line to 'False'
[0.202s] DEBUG:colcon.colcon_core.verb:Building package 'manipulator_msgs' with the following arguments: {'ament_cmake_args': None, 'build_base': '/home/raj/robotic_arm/build/manipulator_msgs', 'catkin_cmake_args': None, 'catkin_skip_building_tests': False, 'cmake_args': None, 'cmake_clean_cache': False, 'cmake_clean_first': False, 'cmake_force_configure': False, 'cmake_target': None, 'cmake_target_skip_unavailable': False, 'install_base': '/home/raj/robotic_arm/install/manipulator_msgs', 'merge_install': False, 'path': '/home/raj/robotic_arm/src/manipulator_msgs', 'symlink_install': False, 'test_result_base': None}
[0.202s] Level 5:colcon.colcon_core.verb:set package 'manipulator_remote' build argument 'cmake_args' from command line to 'None'
[0.202s] Level 5:colcon.colcon_core.verb:set package 'manipulator_remote' build argument 'cmake_target' from command line to 'None'
[0.202s] Level 5:colcon.colcon_core.verb:set package 'manipulator_remote' build argument 'cmake_target_skip_unavailable' from command line to 'False'
[0.203s] Level 5:colcon.colcon_core.verb:set package 'manipulator_remote' build argument 'cmake_clean_cache' from command line to 'False'
[0.203s] Level 5:colcon.colcon_core.verb:set package 'manipulator_remote' build argument 'cmake_clean_first' from command line to 'False'
[0.203s] Level 5:colcon.colcon_core.verb:set package 'manipulator_remote' build argument 'cmake_force_configure' from command line to 'False'
[0.203s] Level 5:colcon.colcon_core.verb:set package 'manipulator_remote' build argument 'ament_cmake_args' from command line to 'None'
[0.203s] Level 5:colcon.colcon_core.verb:set package 'manipulator_remote' build argument 'catkin_cmake_args' from command line to 'None'
[0.203s] Level 5:colcon.colcon_core.verb:set package 'manipulator_remote' build argument 'catkin_skip_building_tests' from command line to 'False'
[0.203s] DEBUG:colcon.colcon_core.verb:Building package 'manipulator_remote' with the following arguments: {'ament_cmake_args': None, 'build_base': '/home/raj/robotic_arm/build/manipulator_remote', 'catkin_cmake_args': None, 'catkin_skip_building_tests': False, 'cmake_args': None, 'cmake_clean_cache': False, 'cmake_clean_first': False, 'cmake_force_configure': False, 'cmake_target': None, 'cmake_target_skip_unavailable': False, 'install_base': '/home/raj/robotic_arm/install/manipulator_remote', 'merge_install': False, 'path': '/home/raj/robotic_arm/src/manipulator_remote', 'symlink_install': False, 'test_result_base': None}
[0.203s] Level 5:colcon.colcon_core.verb:set package 'manipulator_utils' build argument 'cmake_args' from command line to 'None'
[0.203s] Level 5:colcon.colcon_core.verb:set package 'manipulator_utils' build argument 'cmake_target' from command line to 'None'
[0.203s] Level 5:colcon.colcon_core.verb:set package 'manipulator_utils' build argument 'cmake_target_skip_unavailable' from command line to 'False'
[0.203s] Level 5:colcon.colcon_core.verb:set package 'manipulator_utils' build argument 'cmake_clean_cache' from command line to 'False'
[0.203s] Level 5:colcon.colcon_core.verb:set package 'manipulator_utils' build argument 'cmake_clean_first' from command line to 'False'
[0.203s] Level 5:colcon.colcon_core.verb:set package 'manipulator_utils' build argument 'cmake_force_configure' from command line to 'False'
[0.203s] Level 5:colcon.colcon_core.verb:set package 'manipulator_utils' build argument 'ament_cmake_args' from command line to 'None'
[0.203s] Level 5:colcon.colcon_core.verb:set package 'manipulator_utils' build argument 'catkin_cmake_args' from command line to 'None'
[0.203s] Level 5:colcon.colcon_core.verb:set package 'manipulator_utils' build argument 'catkin_skip_building_tests' from command line to 'False'
[0.203s] DEBUG:colcon.colcon_core.verb:Building package 'manipulator_utils' with the following arguments: {'ament_cmake_args': None, 'build_base': '/home/raj/robotic_arm/build/manipulator_utils', 'catkin_cmake_args': None, 'catkin_skip_building_tests': False, 'cmake_args': None, 'cmake_clean_cache': False, 'cmake_clean_first': False, 'cmake_force_configure': False, 'cmake_target': None, 'cmake_target_skip_unavailable': False, 'install_base': '/home/raj/robotic_arm/install/manipulator_utils', 'merge_install': False, 'path': '/home/raj/robotic_arm/src/manipulator_utils', 'symlink_install': False, 'test_result_base': None}
[0.203s] Level 5:colcon.colcon_core.verb:set package 'simple_task' build argument 'cmake_args' from command line to 'None'
[0.203s] Level 5:colcon.colcon_core.verb:set package 'simple_task' build argument 'cmake_target' from command line to 'None'
[0.203s] Level 5:colcon.colcon_core.verb:set package 'simple_task' build argument 'cmake_target_skip_unavailable' from command line to 'False'
[0.203s] Level 5:colcon.colcon_core.verb:set package 'simple_task' build argument 'cmake_clean_cache' from command line to 'False'
[0.203s] Level 5:colcon.colcon_core.verb:set package 'simple_task' build argument 'cmake_clean_first' from command line to 'False'
[0.203s] Level 5:colcon.colcon_core.verb:set package 'simple_task' build argument 'cmake_force_configure' from command line to 'False'
[0.203s] Level 5:colcon.colcon_core.verb:set package 'simple_task' build argument 'ament_cmake_args' from command line to 'None'
[0.203s] Level 5:colcon.colcon_core.verb:set package 'simple_task' build argument 'catkin_cmake_args' from command line to 'None'
[0.203s] Level 5:colcon.colcon_core.verb:set package 'simple_task' build argument 'catkin_skip_building_tests' from command line to 'False'
[0.203s] DEBUG:colcon.colcon_core.verb:Building package 'simple_task' with the following arguments: {'ament_cmake_args': None, 'build_base': '/home/raj/robotic_arm/build/simple_task', 'catkin_cmake_args': None, 'catkin_skip_building_tests': False, 'cmake_args': None, 'cmake_clean_cache': False, 'cmake_clean_first': False, 'cmake_force_configure': False, 'cmake_target': None, 'cmake_target_skip_unavailable': False, 'install_base': '/home/raj/robotic_arm/install/simple_task', 'merge_install': False, 'path': '/home/raj/robotic_arm/src/simple_task', 'symlink_install': False, 'test_result_base': None}
[0.203s] INFO:colcon.colcon_core.executor:Executing jobs using 'parallel' executor
[0.204s] DEBUG:colcon.colcon_parallel_executor.executor.parallel:run_until_complete
[0.204s] INFO:colcon.colcon_ros.task.ament_cmake.build:Building ROS package in '/home/raj/robotic_arm/src/manipulator_msgs' with build type 'ament_cmake'
[0.204s] INFO:colcon.colcon_cmake.task.cmake.build:Building CMake package in '/home/raj/robotic_arm/src/manipulator_msgs'
[0.206s] INFO:colcon.colcon_core.plugin_system:Skipping extension 'colcon_core.shell.bat': Not used on non-Windows systems
[0.206s] INFO:colcon.colcon_core.shell:Skip shell extension 'powershell' for command environment: Not usable outside of PowerShell
[0.206s] DEBUG:colcon.colcon_core.shell:Skip shell extension 'dsv' for command environment
[0.209s] INFO:colcon.colcon_ros.task.ament_cmake.build:Building ROS package in '/home/raj/robotic_arm/src/manipulator_moveit' with build type 'ament_cmake'
[0.209s] INFO:colcon.colcon_cmake.task.cmake.build:Building CMake package in '/home/raj/robotic_arm/src/manipulator_moveit'
[0.209s] INFO:colcon.colcon_core.shell:Skip shell extension 'powershell' for command environment: Not usable outside of PowerShell
[0.209s] DEBUG:colcon.colcon_core.shell:Skip shell extension 'dsv' for command environment
[0.212s] INFO:colcon.colcon_ros.task.ament_python.build:Building ROS package in '/home/raj/robotic_arm/src/manipulator_controller' with build type 'ament_python'
[0.212s] Level 1:colcon.colcon_core.shell:create_environment_hook('manipulator_controller', 'ament_prefix_path')
[0.212s] INFO:colcon.colcon_core.shell:Creating environment hook '/home/raj/robotic_arm/install/manipulator_controller/share/manipulator_controller/hook/ament_prefix_path.ps1'
[0.213s] INFO:colcon.colcon_core.shell:Creating environment descriptor '/home/raj/robotic_arm/install/manipulator_controller/share/manipulator_controller/hook/ament_prefix_path.dsv'
[0.213s] INFO:colcon.colcon_core.shell:Creating environment hook '/home/raj/robotic_arm/install/manipulator_controller/share/manipulator_controller/hook/ament_prefix_path.sh'
[0.213s] INFO:colcon.colcon_core.shell:Skip shell extension 'powershell' for command environment: Not usable outside of PowerShell
[0.213s] DEBUG:colcon.colcon_core.shell:Skip shell extension 'dsv' for command environment
[0.216s] INFO:colcon.colcon_ros.task.ament_python.build:Building ROS package in '/home/raj/robotic_arm/src/manipulator_description' with build type 'ament_python'
[0.216s] Level 1:colcon.colcon_core.shell:create_environment_hook('manipulator_description', 'ament_prefix_path')
[0.216s] INFO:colcon.colcon_core.shell:Creating environment hook '/home/raj/robotic_arm/install/manipulator_description/share/manipulator_description/hook/ament_prefix_path.ps1'
[0.217s] INFO:colcon.colcon_core.shell:Creating environment descriptor '/home/raj/robotic_arm/install/manipulator_description/share/manipulator_description/hook/ament_prefix_path.dsv'
[0.217s] INFO:colcon.colcon_core.shell:Creating environment hook '/home/raj/robotic_arm/install/manipulator_description/share/manipulator_description/hook/ament_prefix_path.sh'
[0.217s] INFO:colcon.colcon_core.shell:Skip shell extension 'powershell' for command environment: Not usable outside of PowerShell
[0.217s] DEBUG:colcon.colcon_core.shell:Skip shell extension 'dsv' for command environment
[0.223s] DEBUG:colcon.colcon_core.event_handler.log_command:Invoking command in '/home/raj/robotic_arm/build/manipulator_msgs': CMAKE_PREFIX_PATH=${CMAKE_PREFIX_PATH}:/opt/ros/jazzy DEBUGINFOD_URLS=https://debuginfod.ubuntu.com /usr/bin/cmake --build /home/raj/robotic_arm/build/manipulator_msgs -- -j32 -l32
[0.225s] DEBUG:colcon.colcon_core.event_handler.log_command:Invoking command in '/home/raj/robotic_arm/build/manipulator_moveit': CMAKE_PREFIX_PATH=${CMAKE_PREFIX_PATH}:/opt/ros/jazzy DEBUGINFOD_URLS=https://debuginfod.ubuntu.com /usr/bin/cmake --build /home/raj/robotic_arm/build/manipulator_moveit -- -j32 -l32
[0.379s] INFO:colcon.colcon_core.task.python.build:Building Python package in '/home/raj/robotic_arm/src/manipulator_controller'
[0.380s] INFO:colcon.colcon_core.shell:Skip shell extension 'powershell' for command environment: Not usable outside of PowerShell
[0.380s] DEBUG:colcon.colcon_core.shell:Skip shell extension 'dsv' for command environment
[0.543s] INFO:colcon.colcon_core.task.python.build:Building Python package in '/home/raj/robotic_arm/src/manipulator_description'
[0.543s] INFO:colcon.colcon_core.shell:Skip shell extension 'powershell' for command environment: Not usable outside of PowerShell
[0.543s] DEBUG:colcon.colcon_core.shell:Skip shell extension 'dsv' for command environment
[0.548s] DEBUG:colcon.colcon_core.event_handler.log_command:Invoked command in '/home/raj/robotic_arm/build/manipulator_moveit' returned '0': CMAKE_PREFIX_PATH=${CMAKE_PREFIX_PATH}:/opt/ros/jazzy DEBUGINFOD_URLS=https://debuginfod.ubuntu.com /usr/bin/cmake --build /home/raj/robotic_arm/build/manipulator_moveit -- -j32 -l32
[0.558s] DEBUG:colcon.colcon_core.event_handler.log_command:Invoking command in '/home/raj/robotic_arm/build/manipulator_moveit': CMAKE_PREFIX_PATH=${CMAKE_PREFIX_PATH}:/opt/ros/jazzy DEBUGINFOD_URLS=https://debuginfod.ubuntu.com /usr/bin/cmake --install /home/raj/robotic_arm/build/manipulator_moveit
[0.569s] Level 1:colcon.colcon_core.environment:create_environment_scripts_only(manipulator_moveit)
[0.569s] DEBUG:colcon.colcon_core.event_handler.log_command:Invoked command in '/home/raj/robotic_arm/build/manipulator_moveit' returned '0': CMAKE_PREFIX_PATH=${CMAKE_PREFIX_PATH}:/opt/ros/jazzy DEBUGINFOD_URLS=https://debuginfod.ubuntu.com /usr/bin/cmake --install /home/raj/robotic_arm/build/manipulator_moveit
[0.571s] Level 1:colcon.colcon_core.environment:checking '/home/raj/robotic_arm/install/manipulator_moveit' for CMake module files
[0.571s] Level 1:colcon.colcon_core.environment:checking '/home/raj/robotic_arm/install/manipulator_moveit' for CMake config files
[0.571s] Level 1:colcon.colcon_core.shell:create_environment_hook('manipulator_moveit', 'cmake_prefix_path')
[0.571s] INFO:colcon.colcon_core.shell:Creating environment hook '/home/raj/robotic_arm/install/manipulator_moveit/share/manipulator_moveit/hook/cmake_prefix_path.ps1'
[0.572s] INFO:colcon.colcon_core.shell:Creating environment descriptor '/home/raj/robotic_arm/install/manipulator_moveit/share/manipulator_moveit/hook/cmake_prefix_path.dsv'
[0.572s] INFO:colcon.colcon_core.shell:Creating environment hook '/home/raj/robotic_arm/install/manipulator_moveit/share/manipulator_moveit/hook/cmake_prefix_path.sh'
[0.572s] Level 1:colcon.colcon_core.environment:checking '/home/raj/robotic_arm/install/manipulator_moveit/bin'
[0.572s] Level 1:colcon.colcon_core.environment:checking '/home/raj/robotic_arm/install/manipulator_moveit/lib/pkgconfig/manipulator_moveit.pc'
[0.573s] Level 1:colcon.colcon_core.environment:checking '/home/raj/robotic_arm/install/manipulator_moveit/lib/python3.12/site-packages'
[0.573s] Level 1:colcon.colcon_core.environment:checking '/home/raj/robotic_arm/install/manipulator_moveit/bin'
[0.573s] INFO:colcon.colcon_core.shell:Creating package script '/home/raj/robotic_arm/install/manipulator_moveit/share/manipulator_moveit/package.ps1'
[0.573s] INFO:colcon.colcon_core.shell:Creating package descriptor '/home/raj/robotic_arm/install/manipulator_moveit/share/manipulator_moveit/package.dsv'
[0.574s] INFO:colcon.colcon_core.shell:Creating package script '/home/raj/robotic_arm/install/manipulator_moveit/share/manipulator_moveit/package.sh'
[0.574s] INFO:colcon.colcon_core.shell:Creating package script '/home/raj/robotic_arm/install/manipulator_moveit/share/manipulator_moveit/package.bash'
[0.574s] INFO:colcon.colcon_core.shell:Creating package script '/home/raj/robotic_arm/install/manipulator_moveit/share/manipulator_moveit/package.zsh'
[0.575s] Level 1:colcon.colcon_core.environment:create_file_with_runtime_dependencies(/home/raj/robotic_arm/install/manipulator_moveit/share/colcon-core/packages/manipulator_moveit)
[0.575s] Level 1:colcon.colcon_core.environment:create_environment_scripts_only(manipulator_moveit)
[0.575s] Level 1:colcon.colcon_core.environment:checking '/home/raj/robotic_arm/install/manipulator_moveit' for CMake module files
[0.576s] Level 1:colcon.colcon_core.environment:checking '/home/raj/robotic_arm/install/manipulator_moveit' for CMake config files
[0.576s] Level 1:colcon.colcon_core.shell:create_environment_hook('manipulator_moveit', 'cmake_prefix_path')
[0.576s] INFO:colcon.colcon_core.shell:Creating environment hook '/home/raj/robotic_arm/install/manipulator_moveit/share/manipulator_moveit/hook/cmake_prefix_path.ps1'
[0.576s] INFO:colcon.colcon_core.shell:Creating environment descriptor '/home/raj/robotic_arm/install/manipulator_moveit/share/manipulator_moveit/hook/cmake_prefix_path.dsv'
[0.576s] INFO:colcon.colcon_core.shell:Creating environment hook '/home/raj/robotic_arm/install/manipulator_moveit/share/manipulator_moveit/hook/cmake_prefix_path.sh'
[0.577s] Level 1:colcon.colcon_core.environment:checking '/home/raj/robotic_arm/install/manipulator_moveit/bin'
[0.577s] Level 1:colcon.colcon_core.environment:checking '/home/raj/robotic_arm/install/manipulator_moveit/lib/pkgconfig/manipulator_moveit.pc'
[0.577s] Level 1:colcon.colcon_core.environment:checking '/home/raj/robotic_arm/install/manipulator_moveit/lib/python3.12/site-packages'
[0.577s] Level 1:colcon.colcon_core.environment:checking '/home/raj/robotic_arm/install/manipulator_moveit/bin'
[0.577s] INFO:colcon.colcon_core.shell:Creating package script '/home/raj/robotic_arm/install/manipulator_moveit/share/manipulator_moveit/package.ps1'
[0.578s] INFO:colcon.colcon_core.shell:Creating package descriptor '/home/raj/robotic_arm/install/manipulator_moveit/share/manipulator_moveit/package.dsv'
[0.578s] INFO:colcon.colcon_core.shell:Creating package script '/home/raj/robotic_arm/install/manipulator_moveit/share/manipulator_moveit/package.sh'
[0.578s] INFO:colcon.colcon_core.shell:Creating package script '/home/raj/robotic_arm/install/manipulator_moveit/share/manipulator_moveit/package.bash'
[0.579s] INFO:colcon.colcon_core.shell:Creating package script '/home/raj/robotic_arm/install/manipulator_moveit/share/manipulator_moveit/package.zsh'
[0.579s] Level 1:colcon.colcon_core.environment:create_file_with_runtime_dependencies(/home/raj/robotic_arm/install/manipulator_moveit/share/colcon-core/packages/manipulator_moveit)
[0.919s] DEBUG:colcon.colcon_core.event_handler.log_command:Invoking command in '/home/raj/robotic_arm/src/manipulator_controller': DEBUGINFOD_URLS=https://debuginfod.ubuntu.com PYTHONPATH=/home/raj/robotic_arm/build/manipulator_controller/prefix_override:/usr/lib/python3/dist-packages/colcon_core/task/python/colcon_distutils_commands:/home/raj/robotic_arm/install/manipulator_controller/lib/python3.12/site-packages:${PYTHONPATH} /usr/bin/python3 -W ignore:setup.py install is deprecated -W ignore:easy_install command is deprecated setup.py egg_info --egg-base ../../build/manipulator_controller build --build-base /home/raj/robotic_arm/build/manipulator_controller/build install --record /home/raj/robotic_arm/build/manipulator_controller/install.log --single-version-externally-managed install_data
[0.919s] DEBUG:colcon.colcon_core.event_handler.log_command:Invoking command in '/home/raj/robotic_arm/src/manipulator_description': DEBUGINFOD_URLS=https://debuginfod.ubuntu.com PYTHONPATH=/home/raj/robotic_arm/build/manipulator_description/prefix_override:/usr/lib/python3/dist-packages/colcon_core/task/python/colcon_distutils_commands:/home/raj/robotic_arm/install/manipulator_description/lib/python3.12/site-packages:${PYTHONPATH} /usr/bin/python3 -W ignore:setup.py install is deprecated -W ignore:easy_install command is deprecated setup.py egg_info --egg-base ../../build/manipulator_description build --build-base /home/raj/robotic_arm/build/manipulator_description/build install --record /home/raj/robotic_arm/build/manipulator_description/install.log --single-version-externally-managed install_data
[1.189s] Level 1:colcon.colcon_core.environment:checking '/home/raj/robotic_arm/install/manipulator_controller' for CMake module files
[1.190s] DEBUG:colcon.colcon_core.event_handler.log_command:Invoked command in '/home/raj/robotic_arm/src/manipulator_controller' returned '0': DEBUGINFOD_URLS=https://debuginfod.ubuntu.com PYTHONPATH=/home/raj/robotic_arm/build/manipulator_controller/prefix_override:/usr/lib/python3/dist-packages/colcon_core/task/python/colcon_distutils_commands:/home/raj/robotic_arm/install/manipulator_controller/lib/python3.12/site-packages:${PYTHONPATH} /usr/bin/python3 -W ignore:setup.py install is deprecated -W ignore:easy_install command is deprecated setup.py egg_info --egg-base ../../build/manipulator_controller build --build-base /home/raj/robotic_arm/build/manipulator_controller/build install --record /home/raj/robotic_arm/build/manipulator_controller/install.log --single-version-externally-managed install_data
[1.190s] Level 1:colcon.colcon_core.environment:checking '/home/raj/robotic_arm/install/manipulator_controller' for CMake config files
[1.191s] Level 1:colcon.colcon_core.environment:checking '/home/raj/robotic_arm/install/manipulator_controller/lib'
[1.191s] Level 1:colcon.colcon_core.environment:checking '/home/raj/robotic_arm/install/manipulator_controller/bin'
[1.191s] Level 1:colcon.colcon_core.environment:checking '/home/raj/robotic_arm/install/manipulator_controller/lib/pkgconfig/manipulator_controller.pc'
[1.191s] Level 1:colcon.colcon_core.environment:checking '/home/raj/robotic_arm/install/manipulator_controller/lib/python3.12/site-packages'
[1.191s] Level 1:colcon.colcon_core.shell:create_environment_hook('manipulator_controller', 'pythonpath')
[1.191s] INFO:colcon.colcon_core.shell:Creating environment hook '/home/raj/robotic_arm/install/manipulator_controller/share/manipulator_controller/hook/pythonpath.ps1'
[1.191s] INFO:colcon.colcon_core.shell:Creating environment descriptor '/home/raj/robotic_arm/install/manipulator_controller/share/manipulator_controller/hook/pythonpath.dsv'
[1.192s] INFO:colcon.colcon_core.shell:Creating environment hook '/home/raj/robotic_arm/install/manipulator_controller/share/manipulator_controller/hook/pythonpath.sh'
[1.192s] Level 1:colcon.colcon_core.environment:checking '/home/raj/robotic_arm/install/manipulator_controller/bin'
[1.192s] Level 1:colcon.colcon_core.environment:create_environment_scripts_only(manipulator_controller)
[1.192s] INFO:colcon.colcon_core.shell:Creating package script '/home/raj/robotic_arm/install/manipulator_controller/share/manipulator_controller/package.ps1'
[1.192s] INFO:colcon.colcon_core.shell:Creating package descriptor '/home/raj/robotic_arm/install/manipulator_controller/share/manipulator_controller/package.dsv'
[1.192s] INFO:colcon.colcon_core.shell:Creating package script '/home/raj/robotic_arm/install/manipulator_controller/share/manipulator_controller/package.sh'
[1.193s] INFO:colcon.colcon_core.shell:Creating package script '/home/raj/robotic_arm/install/manipulator_controller/share/manipulator_controller/package.bash'
[1.193s] INFO:colcon.colcon_core.shell:Creating package script '/home/raj/robotic_arm/install/manipulator_controller/share/manipulator_controller/package.zsh'
[1.193s] Level 1:colcon.colcon_core.environment:create_file_with_runtime_dependencies(/home/raj/robotic_arm/install/manipulator_controller/share/colcon-core/packages/manipulator_controller)
[1.193s] Level 1:colcon.colcon_core.environment:checking '/home/raj/robotic_arm/install/manipulator_description' for CMake module files
[1.194s] DEBUG:colcon.colcon_core.event_handler.log_command:Invoked command in '/home/raj/robotic_arm/src/manipulator_description' returned '0': DEBUGINFOD_URLS=https://debuginfod.ubuntu.com PYTHONPATH=/home/raj/robotic_arm/build/manipulator_description/prefix_override:/usr/lib/python3/dist-packages/colcon_core/task/python/colcon_distutils_commands:/home/raj/robotic_arm/install/manipulator_description/lib/python3.12/site-packages:${PYTHONPATH} /usr/bin/python3 -W ignore:setup.py install is deprecated -W ignore:easy_install command is deprecated setup.py egg_info --egg-base ../../build/manipulator_description build --build-base /home/raj/robotic_arm/build/manipulator_description/build install --record /home/raj/robotic_arm/build/manipulator_description/install.log --single-version-externally-managed install_data
[1.194s] Level 1:colcon.colcon_core.environment:checking '/home/raj/robotic_arm/install/manipulator_description' for CMake config files
[1.194s] Level 1:colcon.colcon_core.environment:checking '/home/raj/robotic_arm/install/manipulator_description/lib'
[1.195s] Level 1:colcon.colcon_core.environment:checking '/home/raj/robotic_arm/install/manipulator_description/bin'
[1.195s] Level 1:colcon.colcon_core.environment:checking '/home/raj/robotic_arm/install/manipulator_description/lib/pkgconfig/manipulator_description.pc'
[1.195s] Level 1:colcon.colcon_core.environment:checking '/home/raj/robotic_arm/install/manipulator_description/lib/python3.12/site-packages'
[1.195s] Level 1:colcon.colcon_core.shell:create_environment_hook('manipulator_description', 'pythonpath')
[1.195s] INFO:colcon.colcon_core.shell:Creating environment hook '/home/raj/robotic_arm/install/manipulator_description/share/manipulator_description/hook/pythonpath.ps1'
[1.195s] INFO:colcon.colcon_core.shell:Creating environment descriptor '/home/raj/robotic_arm/install/manipulator_description/share/manipulator_description/hook/pythonpath.dsv'
[1.195s] INFO:colcon.colcon_core.shell:Creating environment hook '/home/raj/robotic_arm/install/manipulator_description/share/manipulator_description/hook/pythonpath.sh'
[1.196s] Level 1:colcon.colcon_core.environment:checking '/home/raj/robotic_arm/install/manipulator_description/bin'
[1.196s] Level 1:colcon.colcon_core.environment:create_environment_scripts_only(manipulator_description)
[1.196s] INFO:colcon.colcon_core.shell:Creating package script '/home/raj/robotic_arm/install/manipulator_description/share/manipulator_description/package.ps1'
[1.196s] INFO:colcon.colcon_core.shell:Creating package descriptor '/home/raj/robotic_arm/install/manipulator_description/share/manipulator_description/package.dsv'
[1.196s] INFO:colcon.colcon_core.shell:Creating package script '/home/raj/robotic_arm/install/manipulator_description/share/manipulator_description/package.sh'
[1.197s] INFO:colcon.colcon_core.shell:Creating package script '/home/raj/robotic_arm/install/manipulator_description/share/manipulator_description/package.bash'
[1.197s] INFO:colcon.colcon_core.shell:Creating package script '/home/raj/robotic_arm/install/manipulator_description/share/manipulator_description/package.zsh'
[1.197s] Level 1:colcon.colcon_core.environment:create_file_with_runtime_dependencies(/home/raj/robotic_arm/install/manipulator_description/share/colcon-core/packages/manipulator_description)
[3.531s] DEBUG:colcon.colcon_core.event_handler.log_command:Invoked command in '/home/raj/robotic_arm/build/manipulator_msgs' returned '0': CMAKE_PREFIX_PATH=${CMAKE_PREFIX_PATH}:/opt/ros/jazzy DEBUGINFOD_URLS=https://debuginfod.ubuntu.com /usr/bin/cmake --build /home/raj/robotic_arm/build/manipulator_msgs -- -j32 -l32
[3.531s] DEBUG:colcon.colcon_core.event_handler.log_command:Invoking command in '/home/raj/robotic_arm/build/manipulator_msgs': CMAKE_PREFIX_PATH=${CMAKE_PREFIX_PATH}:/opt/ros/jazzy DEBUGINFOD_URLS=https://debuginfod.ubuntu.com /usr/bin/cmake --install /home/raj/robotic_arm/build/manipulator_msgs
[3.590s] Level 1:colcon.colcon_core.environment:create_environment_scripts_only(manipulator_msgs)
[3.590s] Level 1:colcon.colcon_core.environment:checking '/home/raj/robotic_arm/install/manipulator_msgs' for CMake module files
[3.590s] DEBUG:colcon.colcon_core.event_handler.log_command:Invoked command in '/home/raj/robotic_arm/build/manipulator_msgs' returned '0': CMAKE_PREFIX_PATH=${CMAKE_PREFIX_PATH}:/opt/ros/jazzy DEBUGINFOD_URLS=https://debuginfod.ubuntu.com /usr/bin/cmake --install /home/raj/robotic_arm/build/manipulator_msgs
[3.591s] Level 1:colcon.colcon_core.environment:checking '/home/raj/robotic_arm/install/manipulator_msgs' for CMake config files
[3.591s] Level 1:colcon.colcon_core.shell:create_environment_hook('manipulator_msgs', 'cmake_prefix_path')
[3.591s] INFO:colcon.colcon_core.shell:Creating environment hook '/home/raj/robotic_arm/install/manipulator_msgs/share/manipulator_msgs/hook/cmake_prefix_path.ps1'
[3.591s] INFO:colcon.colcon_core.shell:Creating environment descriptor '/home/raj/robotic_arm/install/manipulator_msgs/share/manipulator_msgs/hook/cmake_prefix_path.dsv'
[3.591s] INFO:colcon.colcon_core.shell:Creating environment hook '/home/raj/robotic_arm/install/manipulator_msgs/share/manipulator_msgs/hook/cmake_prefix_path.sh'
[3.591s] Level 1:colcon.colcon_core.environment:checking '/home/raj/robotic_arm/install/manipulator_msgs/lib'
[3.592s] Level 1:colcon.colcon_core.shell:create_environment_hook('manipulator_msgs', 'ld_library_path_lib')
[3.592s] INFO:colcon.colcon_core.shell:Creating environment hook '/home/raj/robotic_arm/install/manipulator_msgs/share/manipulator_msgs/hook/ld_library_path_lib.ps1'
[3.592s] INFO:colcon.colcon_core.shell:Creating environment descriptor '/home/raj/robotic_arm/install/manipulator_msgs/share/manipulator_msgs/hook/ld_library_path_lib.dsv'
[3.592s] INFO:colcon.colcon_core.shell:Creating environment hook '/home/raj/robotic_arm/install/manipulator_msgs/share/manipulator_msgs/hook/ld_library_path_lib.sh'
[3.592s] Level 1:colcon.colcon_core.environment:checking '/home/raj/robotic_arm/install/manipulator_msgs/bin'
[3.592s] Level 1:colcon.colcon_core.environment:checking '/home/raj/robotic_arm/install/manipulator_msgs/lib/pkgconfig/manipulator_msgs.pc'
[3.592s] Level 1:colcon.colcon_core.environment:checking '/home/raj/robotic_arm/install/manipulator_msgs/lib/python3.12/site-packages'
[3.592s] Level 1:colcon.colcon_core.shell:create_environment_hook('manipulator_msgs', 'pythonpath')
[3.592s] INFO:colcon.colcon_core.shell:Creating environment hook '/home/raj/robotic_arm/install/manipulator_msgs/share/manipulator_msgs/hook/pythonpath.ps1'
[3.593s] INFO:colcon.colcon_core.shell:Creating environment descriptor '/home/raj/robotic_arm/install/manipulator_msgs/share/manipulator_msgs/hook/pythonpath.dsv'
[3.593s] INFO:colcon.colcon_core.shell:Creating environment hook '/home/raj/robotic_arm/install/manipulator_msgs/share/manipulator_msgs/hook/pythonpath.sh'
[3.593s] Level 1:colcon.colcon_core.environment:checking '/home/raj/robotic_arm/install/manipulator_msgs/bin'
[3.593s] INFO:colcon.colcon_core.shell:Creating package script '/home/raj/robotic_arm/install/manipulator_msgs/share/manipulator_msgs/package.ps1'
[3.593s] INFO:colcon.colcon_core.shell:Creating package descriptor '/home/raj/robotic_arm/install/manipulator_msgs/share/manipulator_msgs/package.dsv'
[3.594s] INFO:colcon.colcon_core.shell:Creating package script '/home/raj/robotic_arm/install/manipulator_msgs/share/manipulator_msgs/package.sh'
[3.594s] INFO:colcon.colcon_core.shell:Creating package script '/home/raj/robotic_arm/install/manipulator_msgs/share/manipulator_msgs/package.bash'
[3.594s] INFO:colcon.colcon_core.shell:Creating package script '/home/raj/robotic_arm/install/manipulator_msgs/share/manipulator_msgs/package.zsh'
[3.594s] Level 1:colcon.colcon_core.environment:create_file_with_runtime_dependencies(/home/raj/robotic_arm/install/manipulator_msgs/share/colcon-core/packages/manipulator_msgs)
[3.594s] Level 1:colcon.colcon_core.environment:create_environment_scripts_only(manipulator_msgs)
[3.595s] Level 1:colcon.colcon_core.environment:checking '/home/raj/robotic_arm/install/manipulator_msgs' for CMake module files
[3.595s] Level 1:colcon.colcon_core.environment:checking '/home/raj/robotic_arm/install/manipulator_msgs' for CMake config files
[3.595s] Level 1:colcon.colcon_core.shell:create_environment_hook('manipulator_msgs', 'cmake_prefix_path')
[3.595s] INFO:colcon.colcon_core.shell:Creating environment hook '/home/raj/robotic_arm/install/manipulator_msgs/share/manipulator_msgs/hook/cmake_prefix_path.ps1'
[3.595s] INFO:colcon.colcon_core.shell:Creating environment descriptor '/home/raj/robotic_arm/install/manipulator_msgs/share/manipulator_msgs/hook/cmake_prefix_path.dsv'
[3.595s] INFO:colcon.colcon_core.shell:Creating environment hook '/home/raj/robotic_arm/install/manipulator_msgs/share/manipulator_msgs/hook/cmake_prefix_path.sh'
[3.596s] Level 1:colcon.colcon_core.environment:checking '/home/raj/robotic_arm/install/manipulator_msgs/lib'
[3.596s] Level 1:colcon.colcon_core.shell:create_environment_hook('manipulator_msgs', 'ld_library_path_lib')
[3.596s] INFO:colcon.colcon_core.shell:Creating environment hook '/home/raj/robotic_arm/install/manipulator_msgs/share/manipulator_msgs/hook/ld_library_path_lib.ps1'
[3.596s] INFO:colcon.colcon_core.shell:Creating environment descriptor '/home/raj/robotic_arm/install/manipulator_msgs/share/manipulator_msgs/hook/ld_library_path_lib.dsv'
[3.596s] INFO:colcon.colcon_core.shell:Creating environment hook '/home/raj/robotic_arm/install/manipulator_msgs/share/manipulator_msgs/hook/ld_library_path_lib.sh'
[3.596s] Level 1:colcon.colcon_core.environment:checking '/home/raj/robotic_arm/install/manipulator_msgs/bin'
[3.596s] Level 1:colcon.colcon_core.environment:checking '/home/raj/robotic_arm/install/manipulator_msgs/lib/pkgconfig/manipulator_msgs.pc'
[3.596s] Level 1:colcon.colcon_core.environment:checking '/home/raj/robotic_arm/install/manipulator_msgs/lib/python3.12/site-packages'
[3.596s] Level 1:colcon.colcon_core.shell:create_environment_hook('manipulator_msgs', 'pythonpath')
[3.596s] INFO:colcon.colcon_core.shell:Creating environment hook '/home/raj/robotic_arm/install/manipulator_msgs/share/manipulator_msgs/hook/pythonpath.ps1'
[3.597s] INFO:colcon.colcon_core.shell:Creating environment descriptor '/home/raj/robotic_arm/install/manipulator_msgs/share/manipulator_msgs/hook/pythonpath.dsv'
[3.597s] INFO:colcon.colcon_core.shell:Creating environment hook '/home/raj/robotic_arm/install/manipulator_msgs/share/manipulator_msgs/hook/pythonpath.sh'
[3.597s] Level 1:colcon.colcon_core.environment:checking '/home/raj/robotic_arm/install/manipulator_msgs/bin'
[3.597s] INFO:colcon.colcon_core.shell:Creating package script '/home/raj/robotic_arm/install/manipulator_msgs/share/manipulator_msgs/package.ps1'
[3.597s] INFO:colcon.colcon_core.shell:Creating package descriptor '/home/raj/robotic_arm/install/manipulator_msgs/share/manipulator_msgs/package.dsv'
[3.598s] INFO:colcon.colcon_core.shell:Creating package script '/home/raj/robotic_arm/install/manipulator_msgs/share/manipulator_msgs/package.sh'
[3.598s] INFO:colcon.colcon_core.shell:Creating package script '/home/raj/robotic_arm/install/manipulator_msgs/share/manipulator_msgs/package.bash'
[3.598s] INFO:colcon.colcon_core.shell:Creating package script '/home/raj/robotic_arm/install/manipulator_msgs/share/manipulator_msgs/package.zsh'
[3.598s] Level 1:colcon.colcon_core.environment:create_file_with_runtime_dependencies(/home/raj/robotic_arm/install/manipulator_msgs/share/colcon-core/packages/manipulator_msgs)
[3.598s] INFO:colcon.colcon_ros.task.ament_cmake.build:Building ROS package in '/home/raj/robotic_arm/src/manipulator_remote' with build type 'ament_cmake'
[3.598s] INFO:colcon.colcon_cmake.task.cmake.build:Building CMake package in '/home/raj/robotic_arm/src/manipulator_remote'
[3.599s] INFO:colcon.colcon_core.shell:Skip shell extension 'powershell' for command environment: Not usable outside of PowerShell
[3.599s] DEBUG:colcon.colcon_core.shell:Skip shell extension 'dsv' for command environment
[3.601s] INFO:colcon.colcon_ros.task.ament_python.build:Building ROS package in '/home/raj/robotic_arm/src/manipulator_utils' with build type 'ament_python'
[3.601s] Level 1:colcon.colcon_core.shell:create_environment_hook('manipulator_utils', 'ament_prefix_path')
[3.601s] INFO:colcon.colcon_core.shell:Creating environment hook '/home/raj/robotic_arm/install/manipulator_utils/share/manipulator_utils/hook/ament_prefix_path.ps1'
[3.601s] INFO:colcon.colcon_core.shell:Creating environment descriptor '/home/raj/robotic_arm/install/manipulator_utils/share/manipulator_utils/hook/ament_prefix_path.dsv'
[3.601s] INFO:colcon.colcon_core.shell:Creating environment hook '/home/raj/robotic_arm/install/manipulator_utils/share/manipulator_utils/hook/ament_prefix_path.sh'
[3.602s] INFO:colcon.colcon_core.shell:Skip shell extension 'powershell' for command environment: Not usable outside of PowerShell
[3.602s] DEBUG:colcon.colcon_core.shell:Skip shell extension 'dsv' for command environment
[3.604s] INFO:colcon.colcon_ros.task.ament_python.build:Building ROS package in '/home/raj/robotic_arm/src/simple_task' with build type 'ament_python'
[3.604s] Level 1:colcon.colcon_core.shell:create_environment_hook('simple_task', 'ament_prefix_path')
[3.604s] INFO:colcon.colcon_core.shell:Creating environment hook '/home/raj/robotic_arm/install/simple_task/share/simple_task/hook/ament_prefix_path.ps1'
[3.604s] INFO:colcon.colcon_core.shell:Creating environment descriptor '/home/raj/robotic_arm/install/simple_task/share/simple_task/hook/ament_prefix_path.dsv'
[3.604s] INFO:colcon.colcon_core.shell:Creating environment hook '/home/raj/robotic_arm/install/simple_task/share/simple_task/hook/ament_prefix_path.sh'
[3.605s] INFO:colcon.colcon_core.shell:Skip shell extension 'powershell' for command environment: Not usable outside of PowerShell
[3.605s] DEBUG:colcon.colcon_core.shell:Skip shell extension 'dsv' for command environment
[3.608s] DEBUG:colcon.colcon_core.event_handler.log_command:Invoking command in '/home/raj/robotic_arm/build/manipulator_remote': AMENT_PREFIX_PATH=/home/raj/robotic_arm/install/manipulator_msgs:/home/raj/robotic_arm/install/manipulator_moveit:${AMENT_PREFIX_PATH} CMAKE_PREFIX_PATH=/home/raj/robotic_arm/install/manipulator_msgs:/home/raj/robotic_arm/install/manipulator_moveit:/opt/ros/jazzy/opt/gz_sim_vendor:/opt/ros/jazzy/opt/gz_sensors_vendor:/opt/ros/jazzy/opt/gz_physics_vendor:/opt/ros/jazzy/opt/sdformat_vendor:/opt/ros/jazzy/opt/gz_gui_vendor:/opt/ros/jazzy/opt/gz_transport_vendor:/opt/ros/jazzy/opt/gz_rendering_vendor:/opt/ros/jazzy/opt/gz_plugin_vendor:/opt/ros/jazzy/opt/gz_fuel_tools_vendor:/opt/ros/jazzy/opt/gz_msgs_vendor:/opt/ros/jazzy/opt/gz_common_vendor:/opt/ros/jazzy/opt/gz_math_vendor:/opt/ros/jazzy/opt/gz_utils_vendor:/opt/ros/jazzy/opt/gz_tools_vendor:/opt/ros/jazzy/opt/gz_ogre_next_vendor:/opt/ros/jazzy/opt/gz_dartsim_vendor:/opt/ros/jazzy/opt/gz_cmake_vendor:/opt/ros/jazzy DEBUGINFOD_URLS=https://debuginfod.ubuntu.com LD_LIBRARY_PATH=/home/raj/robotic_arm/install/manipulator_msgs/lib:${LD_LIBRARY_PATH} PYTHONPATH=/home/raj/robotic_arm/install/manipulator_msgs/lib/python3.12/site-packages:${PYTHONPATH} /usr/bin/cmake /home/raj/robotic_arm/src/manipulator_remote -DCMAKE_INSTALL_PREFIX=/home/raj/robotic_arm/install/manipulator_remote
[3.716s] INFO:colcon.colcon_core.task.python.build:Building Python package in '/home/raj/robotic_arm/src/manipulator_utils'
[3.716s] INFO:colcon.colcon_core.shell:Skip shell extension 'powershell' for command environment: Not usable outside of PowerShell
[3.716s] DEBUG:colcon.colcon_core.shell:Skip shell extension 'dsv' for command environment
[3.826s] INFO:colcon.colcon_core.task.python.build:Building Python package in '/home/raj/robotic_arm/src/simple_task'
[3.826s] INFO:colcon.colcon_core.shell:Skip shell extension 'powershell' for command environment: Not usable outside of PowerShell
[3.826s] DEBUG:colcon.colcon_core.shell:Skip shell extension 'dsv' for command environment
[4.121s] DEBUG:colcon.colcon_core.event_handler.log_command:Invoking command in '/home/raj/robotic_arm/src/manipulator_utils': AMENT_PREFIX_PATH=/home/raj/robotic_arm/install/manipulator_msgs:${AMENT_PREFIX_PATH} CMAKE_PREFIX_PATH=/home/raj/robotic_arm/install/manipulator_msgs:${CMAKE_PREFIX_PATH} DEBUGINFOD_URLS=https://debuginfod.ubuntu.com LD_LIBRARY_PATH=/home/raj/robotic_arm/install/manipulator_msgs/lib:${LD_LIBRARY_PATH} PYTHONPATH=/home/raj/robotic_arm/build/manipulator_utils/prefix_override:/usr/lib/python3/dist-packages/colcon_core/task/python/colcon_distutils_commands:/home/raj/robotic_arm/install/manipulator_utils/lib/python3.12/site-packages:/home/raj/robotic_arm/install/manipulator_msgs/lib/python3.12/site-packages:${PYTHONPATH} /usr/bin/python3 -W ignore:setup.py install is deprecated -W ignore:easy_install command is deprecated setup.py egg_info --egg-base ../../build/manipulator_utils build --build-base /home/raj/robotic_arm/build/manipulator_utils/build install --record /home/raj/robotic_arm/build/manipulator_utils/install.log --single-version-externally-managed install_data
[4.123s] DEBUG:colcon.colcon_core.event_handler.log_command:Invoking command in '/home/raj/robotic_arm/src/simple_task': AMENT_PREFIX_PATH=/home/raj/robotic_arm/install/manipulator_msgs:${AMENT_PREFIX_PATH} CMAKE_PREFIX_PATH=/home/raj/robotic_arm/install/manipulator_msgs:${CMAKE_PREFIX_PATH} DEBUGINFOD_URLS=https://debuginfod.ubuntu.com LD_LIBRARY_PATH=/home/raj/robotic_arm/install/manipulator_msgs/lib:${LD_LIBRARY_PATH} PYTHONPATH=/home/raj/robotic_arm/build/simple_task/prefix_override:/usr/lib/python3/dist-packages/colcon_core/task/python/colcon_distutils_commands:/home/raj/robotic_arm/install/simple_task/lib/python3.12/site-packages:/home/raj/robotic_arm/install/manipulator_msgs/lib/python3.12/site-packages:${PYTHONPATH} /usr/bin/python3 -W ignore:setup.py install is deprecated -W ignore:easy_install command is deprecated setup.py egg_info --egg-base ../../build/simple_task build --build-base /home/raj/robotic_arm/build/simple_task/build install --record /home/raj/robotic_arm/build/simple_task/install.log --single-version-externally-managed install_data
[4.350s] DEBUG:colcon.colcon_core.event_handler.log_command:Invoked command in '/home/raj/robotic_arm/build/manipulator_remote' returned '0': AMENT_PREFIX_PATH=/home/raj/robotic_arm/install/manipulator_msgs:/home/raj/robotic_arm/install/manipulator_moveit:${AMENT_PREFIX_PATH} CMAKE_PREFIX_PATH=/home/raj/robotic_arm/install/manipulator_msgs:/home/raj/robotic_arm/install/manipulator_moveit:/opt/ros/jazzy/opt/gz_sim_vendor:/opt/ros/jazzy/opt/gz_sensors_vendor:/opt/ros/jazzy/opt/gz_physics_vendor:/opt/ros/jazzy/opt/sdformat_vendor:/opt/ros/jazzy/opt/gz_gui_vendor:/opt/ros/jazzy/opt/gz_transport_vendor:/opt/ros/jazzy/opt/gz_rendering_vendor:/opt/ros/jazzy/opt/gz_plugin_vendor:/opt/ros/jazzy/opt/gz_fuel_tools_vendor:/opt/ros/jazzy/opt/gz_msgs_vendor:/opt/ros/jazzy/opt/gz_common_vendor:/opt/ros/jazzy/opt/gz_math_vendor:/opt/ros/jazzy/opt/gz_utils_vendor:/opt/ros/jazzy/opt/gz_tools_vendor:/opt/ros/jazzy/opt/gz_ogre_next_vendor:/opt/ros/jazzy/opt/gz_dartsim_vendor:/opt/ros/jazzy/opt/gz_cmake_vendor:/opt/ros/jazzy DEBUGINFOD_URLS=https://debuginfod.ubuntu.com LD_LIBRARY_PATH=/home/raj/robotic_arm/install/manipulator_msgs/lib:${LD_LIBRARY_PATH} PYTHONPATH=/home/raj/robotic_arm/install/manipulator_msgs/lib/python3.12/site-packages:${PYTHONPATH} /usr/bin/cmake /home/raj/robotic_arm/src/manipulator_remote -DCMAKE_INSTALL_PREFIX=/home/raj/robotic_arm/install/manipulator_remote
[4.350s] DEBUG:colcon.colcon_core.event_handler.log_command:Invoking command in '/home/raj/robotic_arm/build/manipulator_remote': AMENT_PREFIX_PATH=/home/raj/robotic_arm/install/manipulator_msgs:/home/raj/robotic_arm/install/manipulator_moveit:${AMENT_PREFIX_PATH} CMAKE_PREFIX_PATH=/home/raj/robotic_arm/install/manipulator_msgs:/home/raj/robotic_arm/install/manipulator_moveit:/opt/ros/jazzy/opt/gz_sim_vendor:/opt/ros/jazzy/opt/gz_sensors_vendor:/opt/ros/jazzy/opt/gz_physics_vendor:/opt/ros/jazzy/opt/sdformat_vendor:/opt/ros/jazzy/opt/gz_gui_vendor:/opt/ros/jazzy/opt/gz_transport_vendor:/opt/ros/jazzy/opt/gz_rendering_vendor:/opt/ros/jazzy/opt/gz_plugin_vendor:/opt/ros/jazzy/opt/gz_fuel_tools_vendor:/opt/ros/jazzy/opt/gz_msgs_vendor:/opt/ros/jazzy/opt/gz_common_vendor:/opt/ros/jazzy/opt/gz_math_vendor:/opt/ros/jazzy/opt/gz_utils_vendor:/opt/ros/jazzy/opt/gz_tools_vendor:/opt/ros/jazzy/opt/gz_ogre_next_vendor:/opt/ros/jazzy/opt/gz_dartsim_vendor:/opt/ros/jazzy/opt/gz_cmake_vendor:/opt/ros/jazzy DEBUGINFOD_URLS=https://debuginfod.ubuntu.com LD_LIBRARY_PATH=/home/raj/robotic_arm/install/manipulator_msgs/lib:${LD_LIBRARY_PATH} PYTHONPATH=/home/raj/robotic_arm/install/manipulator_msgs/lib/python3.12/site-packages:${PYTHONPATH} /usr/bin/cmake --build /home/raj/robotic_arm/build/manipulator_remote -- -j32 -l32
[4.390s] Level 1:colcon.colcon_core.environment:checking '/home/raj/robotic_arm/install/manipulator_utils' for CMake module files
[4.391s] DEBUG:colcon.colcon_core.event_handler.log_command:Invoked command in '/home/raj/robotic_arm/src/manipulator_utils' returned '0': AMENT_PREFIX_PATH=/home/raj/robotic_arm/install/manipulator_msgs:${AMENT_PREFIX_PATH} CMAKE_PREFIX_PATH=/home/raj/robotic_arm/install/manipulator_msgs:${CMAKE_PREFIX_PATH} DEBUGINFOD_URLS=https://debuginfod.ubuntu.com LD_LIBRARY_PATH=/home/raj/robotic_arm/install/manipulator_msgs/lib:${LD_LIBRARY_PATH} PYTHONPATH=/home/raj/robotic_arm/build/manipulator_utils/prefix_override:/usr/lib/python3/dist-packages/colcon_core/task/python/colcon_distutils_commands:/home/raj/robotic_arm/install/manipulator_utils/lib/python3.12/site-packages:/home/raj/robotic_arm/install/manipulator_msgs/lib/python3.12/site-packages:${PYTHONPATH} /usr/bin/python3 -W ignore:setup.py install is deprecated -W ignore:easy_install command is deprecated setup.py egg_info --egg-base ../../build/manipulator_utils build --build-base /home/raj/robotic_arm/build/manipulator_utils/build install --record /home/raj/robotic_arm/build/manipulator_utils/install.log --single-version-externally-managed install_data
[4.391s] Level 1:colcon.colcon_core.environment:checking '/home/raj/robotic_arm/install/manipulator_utils' for CMake config files
[4.391s] Level 1:colcon.colcon_core.environment:checking '/home/raj/robotic_arm/install/manipulator_utils/lib'
[4.391s] Level 1:colcon.colcon_core.environment:checking '/home/raj/robotic_arm/install/manipulator_utils/bin'
[4.391s] Level 1:colcon.colcon_core.environment:checking '/home/raj/robotic_arm/install/manipulator_utils/lib/pkgconfig/manipulator_utils.pc'
[4.391s] Level 1:colcon.colcon_core.environment:checking '/home/raj/robotic_arm/install/manipulator_utils/lib/python3.12/site-packages'
[4.391s] Level 1:colcon.colcon_core.shell:create_environment_hook('manipulator_utils', 'pythonpath')
[4.391s] INFO:colcon.colcon_core.shell:Creating environment hook '/home/raj/robotic_arm/install/manipulator_utils/share/manipulator_utils/hook/pythonpath.ps1'
[4.392s] INFO:colcon.colcon_core.shell:Creating environment descriptor '/home/raj/robotic_arm/install/manipulator_utils/share/manipulator_utils/hook/pythonpath.dsv'
[4.392s] INFO:colcon.colcon_core.shell:Creating environment hook '/home/raj/robotic_arm/install/manipulator_utils/share/manipulator_utils/hook/pythonpath.sh'
[4.392s] Level 1:colcon.colcon_core.environment:checking '/home/raj/robotic_arm/install/manipulator_utils/bin'
[4.392s] Level 1:colcon.colcon_core.environment:create_environment_scripts_only(manipulator_utils)
[4.392s] INFO:colcon.colcon_core.shell:Creating package script '/home/raj/robotic_arm/install/manipulator_utils/share/manipulator_utils/package.ps1'
[4.393s] INFO:colcon.colcon_core.shell:Creating package descriptor '/home/raj/robotic_arm/install/manipulator_utils/share/manipulator_utils/package.dsv'
[4.393s] INFO:colcon.colcon_core.shell:Creating package script '/home/raj/robotic_arm/install/manipulator_utils/share/manipulator_utils/package.sh'
[4.393s] INFO:colcon.colcon_core.shell:Creating package script '/home/raj/robotic_arm/install/manipulator_utils/share/manipulator_utils/package.bash'
[4.393s] INFO:colcon.colcon_core.shell:Creating package script '/home/raj/robotic_arm/install/manipulator_utils/share/manipulator_utils/package.zsh'
[4.393s] Level 1:colcon.colcon_core.environment:create_file_with_runtime_dependencies(/home/raj/robotic_arm/install/manipulator_utils/share/colcon-core/packages/manipulator_utils)
[4.394s] Level 1:colcon.colcon_core.environment:checking '/home/raj/robotic_arm/install/simple_task' for CMake module files
[4.394s] DEBUG:colcon.colcon_core.event_handler.log_command:Invoked command in '/home/raj/robotic_arm/src/simple_task' returned '0': AMENT_PREFIX_PATH=/home/raj/robotic_arm/install/manipulator_msgs:${AMENT_PREFIX_PATH} CMAKE_PREFIX_PATH=/home/raj/robotic_arm/install/manipulator_msgs:${CMAKE_PREFIX_PATH} DEBUGINFOD_URLS=https://debuginfod.ubuntu.com LD_LIBRARY_PATH=/home/raj/robotic_arm/install/manipulator_msgs/lib:${LD_LIBRARY_PATH} PYTHONPATH=/home/raj/robotic_arm/build/simple_task/prefix_override:/usr/lib/python3/dist-packages/colcon_core/task/python/colcon_distutils_commands:/home/raj/robotic_arm/install/simple_task/lib/python3.12/site-packages:/home/raj/robotic_arm/install/manipulator_msgs/lib/python3.12/site-packages:${PYTHONPATH} /usr/bin/python3 -W ignore:setup.py install is deprecated -W ignore:easy_install command is deprecated setup.py egg_info --egg-base ../../build/simple_task build --build-base /home/raj/robotic_arm/build/simple_task/build install --record /home/raj/robotic_arm/build/simple_task/install.log --single-version-externally-managed install_data
[4.394s] Level 1:colcon.colcon_core.environment:checking '/home/raj/robotic_arm/install/simple_task' for CMake config files
[4.394s] Level 1:colcon.colcon_core.environment:checking '/home/raj/robotic_arm/install/simple_task/lib'
[4.394s] Level 1:colcon.colcon_core.environment:checking '/home/raj/robotic_arm/install/simple_task/bin'
[4.394s] Level 1:colcon.colcon_core.environment:checking '/home/raj/robotic_arm/install/simple_task/lib/pkgconfig/simple_task.pc'
[4.394s] Level 1:colcon.colcon_core.environment:checking '/home/raj/robotic_arm/install/simple_task/lib/python3.12/site-packages'
[4.395s] Level 1:colcon.colcon_core.shell:create_environment_hook('simple_task', 'pythonpath')
[4.395s] INFO:colcon.colcon_core.shell:Creating environment hook '/home/raj/robotic_arm/install/simple_task/share/simple_task/hook/pythonpath.ps1'
[4.395s] INFO:colcon.colcon_core.shell:Creating environment descriptor '/home/raj/robotic_arm/install/simple_task/share/simple_task/hook/pythonpath.dsv'
[4.395s] INFO:colcon.colcon_core.shell:Creating environment hook '/home/raj/robotic_arm/install/simple_task/share/simple_task/hook/pythonpath.sh'
[4.395s] Level 1:colcon.colcon_core.environment:checking '/home/raj/robotic_arm/install/simple_task/bin'
[4.395s] Level 1:colcon.colcon_core.environment:create_environment_scripts_only(simple_task)
[4.395s] INFO:colcon.colcon_core.shell:Creating package script '/home/raj/robotic_arm/install/simple_task/share/simple_task/package.ps1'
[4.396s] INFO:colcon.colcon_core.shell:Creating package descriptor '/home/raj/robotic_arm/install/simple_task/share/simple_task/package.dsv'
[4.396s] INFO:colcon.colcon_core.shell:Creating package script '/home/raj/robotic_arm/install/simple_task/share/simple_task/package.sh'
[4.396s] INFO:colcon.colcon_core.shell:Creating package script '/home/raj/robotic_arm/install/simple_task/share/simple_task/package.bash'
[4.396s] INFO:colcon.colcon_core.shell:Creating package script '/home/raj/robotic_arm/install/simple_task/share/simple_task/package.zsh'
[4.396s] Level 1:colcon.colcon_core.environment:create_file_with_runtime_dependencies(/home/raj/robotic_arm/install/simple_task/share/colcon-core/packages/simple_task)
[4.566s] DEBUG:colcon.colcon_core.event_handler.log_command:Invoked command in '/home/raj/robotic_arm/build/manipulator_remote' returned '0': AMENT_PREFIX_PATH=/home/raj/robotic_arm/install/manipulator_msgs:/home/raj/robotic_arm/install/manipulator_moveit:${AMENT_PREFIX_PATH} CMAKE_PREFIX_PATH=/home/raj/robotic_arm/install/manipulator_msgs:/home/raj/robotic_arm/install/manipulator_moveit:/opt/ros/jazzy/opt/gz_sim_vendor:/opt/ros/jazzy/opt/gz_sensors_vendor:/opt/ros/jazzy/opt/gz_physics_vendor:/opt/ros/jazzy/opt/sdformat_vendor:/opt/ros/jazzy/opt/gz_gui_vendor:/opt/ros/jazzy/opt/gz_transport_vendor:/opt/ros/jazzy/opt/gz_rendering_vendor:/opt/ros/jazzy/opt/gz_plugin_vendor:/opt/ros/jazzy/opt/gz_fuel_tools_vendor:/opt/ros/jazzy/opt/gz_msgs_vendor:/opt/ros/jazzy/opt/gz_common_vendor:/opt/ros/jazzy/opt/gz_math_vendor:/opt/ros/jazzy/opt/gz_utils_vendor:/opt/ros/jazzy/opt/gz_tools_vendor:/opt/ros/jazzy/opt/gz_ogre_next_vendor:/opt/ros/jazzy/opt/gz_dartsim_vendor:/opt/ros/jazzy/opt/gz_cmake_vendor:/opt/ros/jazzy DEBUGINFOD_URLS=https://debuginfod.ubuntu.com LD_LIBRARY_PATH=/home/raj/robotic_arm/install/manipulator_msgs/lib:${LD_LIBRARY_PATH} PYTHONPATH=/home/raj/robotic_arm/install/manipulator_msgs/lib/python3.12/site-packages:${PYTHONPATH} /usr/bin/cmake --build /home/raj/robotic_arm/build/manipulator_remote -- -j32 -l32
[4.567s] DEBUG:colcon.colcon_core.event_handler.log_command:Invoking command in '/home/raj/robotic_arm/build/manipulator_remote': AMENT_PREFIX_PATH=/home/raj/robotic_arm/install/manipulator_msgs:/home/raj/robotic_arm/install/manipulator_moveit:${AMENT_PREFIX_PATH} CMAKE_PREFIX_PATH=/home/raj/robotic_arm/install/manipulator_msgs:/home/raj/robotic_arm/install/manipulator_moveit:/opt/ros/jazzy/opt/gz_sim_vendor:/opt/ros/jazzy/opt/gz_sensors_vendor:/opt/ros/jazzy/opt/gz_physics_vendor:/opt/ros/jazzy/opt/sdformat_vendor:/opt/ros/jazzy/opt/gz_gui_vendor:/opt/ros/jazzy/opt/gz_transport_vendor:/opt/ros/jazzy/opt/gz_rendering_vendor:/opt/ros/jazzy/opt/gz_plugin_vendor:/opt/ros/jazzy/opt/gz_fuel_tools_vendor:/opt/ros/jazzy/opt/gz_msgs_vendor:/opt/ros/jazzy/opt/gz_common_vendor:/opt/ros/jazzy/opt/gz_math_vendor:/opt/ros/jazzy/opt/gz_utils_vendor:/opt/ros/jazzy/opt/gz_tools_vendor:/opt/ros/jazzy/opt/gz_ogre_next_vendor:/opt/ros/jazzy/opt/gz_dartsim_vendor:/opt/ros/jazzy/opt/gz_cmake_vendor:/opt/ros/jazzy DEBUGINFOD_URLS=https://debuginfod.ubuntu.com LD_LIBRARY_PATH=/home/raj/robotic_arm/install/manipulator_msgs/lib:${LD_LIBRARY_PATH} PYTHONPATH=/home/raj/robotic_arm/install/manipulator_msgs/lib/python3.12/site-packages:${PYTHONPATH} /usr/bin/cmake --install /home/raj/robotic_arm/build/manipulator_remote
[4.600s] Level 1:colcon.colcon_core.environment:create_environment_scripts_only(manipulator_remote)
[4.600s] DEBUG:colcon.colcon_core.event_handler.log_command:Invoked command in '/home/raj/robotic_arm/build/manipulator_remote' returned '0': AMENT_PREFIX_PATH=/home/raj/robotic_arm/install/manipulator_msgs:/home/raj/robotic_arm/install/manipulator_moveit:${AMENT_PREFIX_PATH} CMAKE_PREFIX_PATH=/home/raj/robotic_arm/install/manipulator_msgs:/home/raj/robotic_arm/install/manipulator_moveit:/opt/ros/jazzy/opt/gz_sim_vendor:/opt/ros/jazzy/opt/gz_sensors_vendor:/opt/ros/jazzy/opt/gz_physics_vendor:/opt/ros/jazzy/opt/sdformat_vendor:/opt/ros/jazzy/opt/gz_gui_vendor:/opt/ros/jazzy/opt/gz_transport_vendor:/opt/ros/jazzy/opt/gz_rendering_vendor:/opt/ros/jazzy/opt/gz_plugin_vendor:/opt/ros/jazzy/opt/gz_fuel_tools_vendor:/opt/ros/jazzy/opt/gz_msgs_vendor:/opt/ros/jazzy/opt/gz_common_vendor:/opt/ros/jazzy/opt/gz_math_vendor:/opt/ros/jazzy/opt/gz_utils_vendor:/opt/ros/jazzy/opt/gz_tools_vendor:/opt/ros/jazzy/opt/gz_ogre_next_vendor:/opt/ros/jazzy/opt/gz_dartsim_vendor:/opt/ros/jazzy/opt/gz_cmake_vendor:/opt/ros/jazzy DEBUGINFOD_URLS=https://debuginfod.ubuntu.com LD_LIBRARY_PATH=/home/raj/robotic_arm/install/manipulator_msgs/lib:${LD_LIBRARY_PATH} PYTHONPATH=/home/raj/robotic_arm/install/manipulator_msgs/lib/python3.12/site-packages:${PYTHONPATH} /usr/bin/cmake --install /home/raj/robotic_arm/build/manipulator_remote
[4.600s] Level 1:colcon.colcon_core.environment:checking '/home/raj/robotic_arm/install/manipulator_remote' for CMake module files
[4.600s] Level 1:colcon.colcon_core.environment:checking '/home/raj/robotic_arm/install/manipulator_remote' for CMake config files
[4.600s] Level 1:colcon.colcon_core.shell:create_environment_hook('manipulator_remote', 'cmake_prefix_path')
[4.601s] INFO:colcon.colcon_core.shell:Creating environment hook '/home/raj/robotic_arm/install/manipulator_remote/share/manipulator_remote/hook/cmake_prefix_path.ps1'
[4.601s] INFO:colcon.colcon_core.shell:Creating environment descriptor '/home/raj/robotic_arm/install/manipulator_remote/share/manipulator_remote/hook/cmake_prefix_path.dsv'
[4.601s] INFO:colcon.colcon_core.shell:Creating environment hook '/home/raj/robotic_arm/install/manipulator_remote/share/manipulator_remote/hook/cmake_prefix_path.sh'
[4.601s] Level 1:colcon.colcon_core.environment:checking '/home/raj/robotic_arm/install/manipulator_remote/lib'
[4.601s] Level 1:colcon.colcon_core.environment:checking '/home/raj/robotic_arm/install/manipulator_remote/bin'
[4.601s] Level 1:colcon.colcon_core.environment:checking '/home/raj/robotic_arm/install/manipulator_remote/lib/pkgconfig/manipulator_remote.pc'
[4.601s] Level 1:colcon.colcon_core.environment:checking '/home/raj/robotic_arm/install/manipulator_remote/lib/python3.12/site-packages'
[4.601s] Level 1:colcon.colcon_core.shell:create_environment_hook('manipulator_remote', 'pythonpath')
[4.601s] INFO:colcon.colcon_core.shell:Creating environment hook '/home/raj/robotic_arm/install/manipulator_remote/share/manipulator_remote/hook/pythonpath.ps1'
[4.602s] INFO:colcon.colcon_core.shell:Creating environment descriptor '/home/raj/robotic_arm/install/manipulator_remote/share/manipulator_remote/hook/pythonpath.dsv'
[4.602s] INFO:colcon.colcon_core.shell:Creating environment hook '/home/raj/robotic_arm/install/manipulator_remote/share/manipulator_remote/hook/pythonpath.sh'
[4.602s] Level 1:colcon.colcon_core.environment:checking '/home/raj/robotic_arm/install/manipulator_remote/bin'
[4.602s] INFO:colcon.colcon_core.shell:Creating package script '/home/raj/robotic_arm/install/manipulator_remote/share/manipulator_remote/package.ps1'
[4.602s] INFO:colcon.colcon_core.shell:Creating package descriptor '/home/raj/robotic_arm/install/manipulator_remote/share/manipulator_remote/package.dsv'
[4.603s] INFO:colcon.colcon_core.shell:Creating package script '/home/raj/robotic_arm/install/manipulator_remote/share/manipulator_remote/package.sh'
[4.603s] INFO:colcon.colcon_core.shell:Creating package script '/home/raj/robotic_arm/install/manipulator_remote/share/manipulator_remote/package.bash'
[4.603s] INFO:colcon.colcon_core.shell:Creating package script '/home/raj/robotic_arm/install/manipulator_remote/share/manipulator_remote/package.zsh'
[4.603s] Level 1:colcon.colcon_core.environment:create_file_with_runtime_dependencies(/home/raj/robotic_arm/install/manipulator_remote/share/colcon-core/packages/manipulator_remote)
[4.603s] Level 1:colcon.colcon_core.environment:create_environment_scripts_only(manipulator_remote)
[4.603s] Level 1:colcon.colcon_core.environment:checking '/home/raj/robotic_arm/install/manipulator_remote' for CMake module files
[4.604s] Level 1:colcon.colcon_core.environment:checking '/home/raj/robotic_arm/install/manipulator_remote' for CMake config files
[4.604s] Level 1:colcon.colcon_core.shell:create_environment_hook('manipulator_remote', 'cmake_prefix_path')
[4.604s] INFO:colcon.colcon_core.shell:Creating environment hook '/home/raj/robotic_arm/install/manipulator_remote/share/manipulator_remote/hook/cmake_prefix_path.ps1'
[4.604s] INFO:colcon.colcon_core.shell:Creating environment descriptor '/home/raj/robotic_arm/install/manipulator_remote/share/manipulator_remote/hook/cmake_prefix_path.dsv'
[4.604s] INFO:colcon.colcon_core.shell:Creating environment hook '/home/raj/robotic_arm/install/manipulator_remote/share/manipulator_remote/hook/cmake_prefix_path.sh'
[4.604s] Level 1:colcon.colcon_core.environment:checking '/home/raj/robotic_arm/install/manipulator_remote/lib'
[4.604s] Level 1:colcon.colcon_core.environment:checking '/home/raj/robotic_arm/install/manipulator_remote/bin'
[4.604s] Level 1:colcon.colcon_core.environment:checking '/home/raj/robotic_arm/install/manipulator_remote/lib/pkgconfig/manipulator_remote.pc'
[4.605s] Level 1:colcon.colcon_core.environment:checking '/home/raj/robotic_arm/install/manipulator_remote/lib/python3.12/site-packages'
[4.605s] Level 1:colcon.colcon_core.shell:create_environment_hook('manipulator_remote', 'pythonpath')
[4.605s] INFO:colcon.colcon_core.shell:Creating environment hook '/home/raj/robotic_arm/install/manipulator_remote/share/manipulator_remote/hook/pythonpath.ps1'
[4.605s] INFO:colcon.colcon_core.shell:Creating environment descriptor '/home/raj/robotic_arm/install/manipulator_remote/share/manipulator_remote/hook/pythonpath.dsv'
[4.605s] INFO:colcon.colcon_core.shell:Creating environment hook '/home/raj/robotic_arm/install/manipulator_remote/share/manipulator_remote/hook/pythonpath.sh'
[4.605s] Level 1:colcon.colcon_core.environment:checking '/home/raj/robotic_arm/install/manipulator_remote/bin'
[4.605s] INFO:colcon.colcon_core.shell:Creating package script '/home/raj/robotic_arm/install/manipulator_remote/share/manipulator_remote/package.ps1'
[4.606s] INFO:colcon.colcon_core.shell:Creating package descriptor '/home/raj/robotic_arm/install/manipulator_remote/share/manipulator_remote/package.dsv'
[4.606s] INFO:colcon.colcon_core.shell:Creating package script '/home/raj/robotic_arm/install/manipulator_remote/share/manipulator_remote/package.sh'
[4.606s] INFO:colcon.colcon_core.shell:Creating package script '/home/raj/robotic_arm/install/manipulator_remote/share/manipulator_remote/package.bash'
[4.606s] INFO:colcon.colcon_core.shell:Creating package script '/home/raj/robotic_arm/install/manipulator_remote/share/manipulator_remote/package.zsh'
[4.606s] Level 1:colcon.colcon_core.environment:create_file_with_runtime_dependencies(/home/raj/robotic_arm/install/manipulator_remote/share/colcon-core/packages/manipulator_remote)
[4.606s] DEBUG:colcon.colcon_parallel_executor.executor.parallel:closing loop
[4.607s] DEBUG:colcon.colcon_parallel_executor.executor.parallel:loop closed
[4.607s] DEBUG:colcon.colcon_parallel_executor.executor.parallel:run_until_complete finished with '0'
[4.607s] DEBUG:colcon.colcon_core.event_reactor:joining thread
[4.610s] INFO:colcon.colcon_core.plugin_system:Skipping extension 'colcon_notification.desktop_notification.terminal_notifier': Not used on non-Darwin systems
[4.610s] INFO:colcon.colcon_core.plugin_system:Skipping extension 'colcon_notification.desktop_notification.win32': Not used on non-Windows systems
[4.610s] INFO:colcon.colcon_notification.desktop_notification:Sending desktop notification using 'notify2'
[4.620s] DEBUG:colcon.colcon_core.event_reactor:joined thread
[4.620s] INFO:colcon.colcon_core.shell:Creating prefix script '/home/raj/robotic_arm/install/local_setup.ps1'
[4.620s] INFO:colcon.colcon_core.shell:Creating prefix util module '/home/raj/robotic_arm/install/_local_setup_util_ps1.py'
[4.621s] INFO:colcon.colcon_core.shell:Creating prefix chain script '/home/raj/robotic_arm/install/setup.ps1'
[4.621s] INFO:colcon.colcon_core.shell:Creating prefix script '/home/raj/robotic_arm/install/local_setup.sh'
[4.622s] INFO:colcon.colcon_core.shell:Creating prefix util module '/home/raj/robotic_arm/install/_local_setup_util_sh.py'
[4.622s] INFO:colcon.colcon_core.shell:Creating prefix chain script '/home/raj/robotic_arm/install/setup.sh'
[4.622s] INFO:colcon.colcon_core.shell:Creating prefix script '/home/raj/robotic_arm/install/local_setup.bash'
[4.622s] INFO:colcon.colcon_core.shell:Creating prefix chain script '/home/raj/robotic_arm/install/setup.bash'
[4.623s] INFO:colcon.colcon_core.shell:Creating prefix script '/home/raj/robotic_arm/install/local_setup.zsh'
[4.623s] INFO:colcon.colcon_core.shell:Creating prefix chain script '/home/raj/robotic_arm/install/setup.zsh'
