running egg_info
writing ../../build/manipulator_description/manipulator_description.egg-info/PKG-INFO
writing dependency_links to ../../build/manipulator_description/manipulator_description.egg-info/dependency_links.txt
writing entry points to ../../build/manipulator_description/manipulator_description.egg-info/entry_points.txt
writing requirements to ../../build/manipulator_description/manipulator_description.egg-info/requires.txt
writing top-level names to ../../build/manipulator_description/manipulator_description.egg-info/top_level.txt
reading manifest file '../../build/manipulator_description/manipulator_description.egg-info/SOURCES.txt'
writing manifest file '../../build/manipulator_description/manipulator_description.egg-info/SOURCES.txt'
running build
running build_py
running install
running install_lib
running install_data
creating /home/raj/manipulator_ws/install/manipulator_description/share/manipulator_description/urdf
copying urdf/manipulator.urdf.xacro -> /home/raj/manipulator_ws/install/manipulator_description/share/manipulator_description/urdf
creating /home/raj/manipulator_ws/install/manipulator_description/share/manipulator_description/meshes
copying meshes/link.STL -> /home/raj/manipulator_ws/install/manipulator_description/share/manipulator_description/meshes
copying meshes/plate.STL -> /home/raj/manipulator_ws/install/manipulator_description/share/manipulator_description/meshes
copying meshes/right_finger.STL -> /home/raj/manipulator_ws/install/manipulator_description/share/manipulator_description/meshes
copying meshes/servo_plate.STL -> /home/raj/manipulator_ws/install/manipulator_description/share/manipulator_description/meshes
copying meshes/forward_drive_arm.STL -> /home/raj/manipulator_ws/install/manipulator_description/share/manipulator_description/meshes
copying meshes/horizontal_arm.STL -> /home/raj/manipulator_ws/install/manipulator_description/share/manipulator_description/meshes
copying meshes/base_plate.STL -> /home/raj/manipulator_ws/install/manipulator_description/share/manipulator_description/meshes
copying meshes/triangular_link.STL -> /home/raj/manipulator_ws/install/manipulator_description/share/manipulator_description/meshes
copying meshes/claw_support.STL -> /home/raj/manipulator_ws/install/manipulator_description/share/manipulator_description/meshes
copying meshes/round_plate.STL -> /home/raj/manipulator_ws/install/manipulator_description/share/manipulator_description/meshes
copying meshes/left_finger.STL -> /home/raj/manipulator_ws/install/manipulator_description/share/manipulator_description/meshes
copying meshes/vertical_drive_arm.STL -> /home/raj/manipulator_ws/install/manipulator_description/share/manipulator_description/meshes
copying meshes/basement.STL -> /home/raj/manipulator_ws/install/manipulator_description/share/manipulator_description/meshes
running install_egg_info
removing '/home/raj/manipulator_ws/install/manipulator_description/lib/python3.10/site-packages/manipulator_description-0.0.0-py3.10.egg-info' (and everything under it)
Copying ../../build/manipulator_description/manipulator_description.egg-info to /home/raj/manipulator_ws/install/manipulator_description/lib/python3.10/site-packages/manipulator_description-0.0.0-py3.10.egg-info
running install_scripts
writing list of installed files to '/home/raj/manipulator_ws/build/manipulator_description/install.log'
