[0.492s] Invoking command in '/home/raj/manipulator_ws/src/manipulator_description': PYTHONPATH=/home/raj/manipulator_ws/build/manipulator_description/prefix_override:/usr/lib/python3/dist-packages/colcon_core/task/python/colcon_distutils_commands:/home/raj/manipulator_ws/install/manipulator_description/lib/python3.10/site-packages:${PYTHONPATH} /usr/bin/python3 -W ignore:setup.py install is deprecated -W ignore:easy_install command is deprecated setup.py egg_info --egg-base ../../build/manipulator_description build --build-base /home/raj/manipulator_ws/build/manipulator_description/build install --record /home/raj/manipulator_ws/build/manipulator_description/install.log --single-version-externally-managed install_data
[0.683s] running egg_info
[0.684s] writing ../../build/manipulator_description/manipulator_description.egg-info/PKG-INFO
[0.684s] writing dependency_links to ../../build/manipulator_description/manipulator_description.egg-info/dependency_links.txt
[0.684s] writing entry points to ../../build/manipulator_description/manipulator_description.egg-info/entry_points.txt
[0.684s] writing requirements to ../../build/manipulator_description/manipulator_description.egg-info/requires.txt
[0.684s] writing top-level names to ../../build/manipulator_description/manipulator_description.egg-info/top_level.txt
[0.685s] reading manifest file '../../build/manipulator_description/manipulator_description.egg-info/SOURCES.txt'
[0.686s] writing manifest file '../../build/manipulator_description/manipulator_description.egg-info/SOURCES.txt'
[0.686s] running build
[0.686s] running build_py
[0.686s] running install
[0.686s] running install_lib
[0.687s] running install_data
[0.687s] creating /home/raj/manipulator_ws/install/manipulator_description/share/manipulator_description/urdf
[0.687s] copying urdf/manipulator.urdf.xacro -> /home/raj/manipulator_ws/install/manipulator_description/share/manipulator_description/urdf
[0.687s] creating /home/raj/manipulator_ws/install/manipulator_description/share/manipulator_description/meshes
[0.687s] copying meshes/link.STL -> /home/raj/manipulator_ws/install/manipulator_description/share/manipulator_description/meshes
[0.688s] copying meshes/plate.STL -> /home/raj/manipulator_ws/install/manipulator_description/share/manipulator_description/meshes
[0.689s] copying meshes/right_finger.STL -> /home/raj/manipulator_ws/install/manipulator_description/share/manipulator_description/meshes
[0.689s] copying meshes/servo_plate.STL -> /home/raj/manipulator_ws/install/manipulator_description/share/manipulator_description/meshes
[0.689s] copying meshes/forward_drive_arm.STL -> /home/raj/manipulator_ws/install/manipulator_description/share/manipulator_description/meshes
[0.691s] copying meshes/horizontal_arm.STL -> /home/raj/manipulator_ws/install/manipulator_description/share/manipulator_description/meshes
[0.692s] copying meshes/base_plate.STL -> /home/raj/manipulator_ws/install/manipulator_description/share/manipulator_description/meshes
[0.693s] copying meshes/triangular_link.STL -> /home/raj/manipulator_ws/install/manipulator_description/share/manipulator_description/meshes
[0.694s] copying meshes/claw_support.STL -> /home/raj/manipulator_ws/install/manipulator_description/share/manipulator_description/meshes
[0.694s] copying meshes/round_plate.STL -> /home/raj/manipulator_ws/install/manipulator_description/share/manipulator_description/meshes
[0.694s] copying meshes/left_finger.STL -> /home/raj/manipulator_ws/install/manipulator_description/share/manipulator_description/meshes
[0.694s] copying meshes/vertical_drive_arm.STL -> /home/raj/manipulator_ws/install/manipulator_description/share/manipulator_description/meshes
[0.695s] copying meshes/basement.STL -> /home/raj/manipulator_ws/install/manipulator_description/share/manipulator_description/meshes
[0.695s] running install_egg_info
[0.696s] removing '/home/raj/manipulator_ws/install/manipulator_description/lib/python3.10/site-packages/manipulator_description-0.0.0-py3.10.egg-info' (and everything under it)
[0.697s] Copying ../../build/manipulator_description/manipulator_description.egg-info to /home/raj/manipulator_ws/install/manipulator_description/lib/python3.10/site-packages/manipulator_description-0.0.0-py3.10.egg-info
[0.697s] running install_scripts
[0.711s] writing list of installed files to '/home/raj/manipulator_ws/build/manipulator_description/install.log'
[0.726s] Invoked command in '/home/raj/manipulator_ws/src/manipulator_description' returned '0': PYTHONPATH=/home/raj/manipulator_ws/build/manipulator_description/prefix_override:/usr/lib/python3/dist-packages/colcon_core/task/python/colcon_distutils_commands:/home/raj/manipulator_ws/install/manipulator_description/lib/python3.10/site-packages:${PYTHONPATH} /usr/bin/python3 -W ignore:setup.py install is deprecated -W ignore:easy_install command is deprecated setup.py egg_info --egg-base ../../build/manipulator_description build --build-base /home/raj/manipulator_ws/build/manipulator_description/build install --record /home/raj/manipulator_ws/build/manipulator_description/install.log --single-version-externally-managed install_data
