running egg_info
creating ../build/manipulator_description/manipulator_description.egg-info
writing ../build/manipulator_description/manipulator_description.egg-info/PKG-INFO
writing dependency_links to ../build/manipulator_description/manipulator_description.egg-info/dependency_links.txt
writing entry points to ../build/manipulator_description/manipulator_description.egg-info/entry_points.txt
writing requirements to ../build/manipulator_description/manipulator_description.egg-info/requires.txt
writing top-level names to ../build/manipulator_description/manipulator_description.egg-info/top_level.txt
writing manifest file '../build/manipulator_description/manipulator_description.egg-info/SOURCES.txt'
reading manifest file '../build/manipulator_description/manipulator_description.egg-info/SOURCES.txt'
writing manifest file '../build/manipulator_description/manipulator_description.egg-info/SOURCES.txt'
running build
running build_py
creating /home/raj/manipulator_ws/src/build/manipulator_description/build
creating /home/raj/manipulator_ws/src/build/manipulator_description/build/lib
creating /home/raj/manipulator_ws/src/build/manipulator_description/build/lib/manipulator_description
copying manipulator_description/__init__.py -> /home/raj/manipulator_ws/src/build/manipulator_description/build/lib/manipulator_description
running install
running install_lib
creating /home/raj/manipulator_ws/src/install/manipulator_description/lib/python3.12/site-packages/manipulator_description
copying /home/raj/manipulator_ws/src/build/manipulator_description/build/lib/manipulator_description/__init__.py -> /home/raj/manipulator_ws/src/install/manipulator_description/lib/python3.12/site-packages/manipulator_description
byte-compiling /home/raj/manipulator_ws/src/install/manipulator_description/lib/python3.12/site-packages/manipulator_description/__init__.py to __init__.cpython-312.pyc
running install_data
creating /home/raj/manipulator_ws/src/install/manipulator_description/share/ament_index
creating /home/raj/manipulator_ws/src/install/manipulator_description/share/ament_index/resource_index
creating /home/raj/manipulator_ws/src/install/manipulator_description/share/ament_index/resource_index/packages
copying resource/manipulator_description -> /home/raj/manipulator_ws/src/install/manipulator_description/share/ament_index/resource_index/packages
copying package.xml -> /home/raj/manipulator_ws/src/install/manipulator_description/share/manipulator_description
creating /home/raj/manipulator_ws/src/install/manipulator_description/share/manipulator_description/urdf
copying urdf/manipulator_ros2_control.xacro -> /home/raj/manipulator_ws/src/install/manipulator_description/share/manipulator_description/urdf
copying urdf/manupilator_gazebo.xacro -> /home/raj/manipulator_ws/src/install/manipulator_description/share/manipulator_description/urdf
copying urdf/manipulator.urdf.xacro -> /home/raj/manipulator_ws/src/install/manipulator_description/share/manipulator_description/urdf
creating /home/raj/manipulator_ws/src/install/manipulator_description/share/manipulator_description/meshes
copying meshes/vertical_drive_arm.STL -> /home/raj/manipulator_ws/src/install/manipulator_description/share/manipulator_description/meshes
copying meshes/plate.STL -> /home/raj/manipulator_ws/src/install/manipulator_description/share/manipulator_description/meshes
copying meshes/right_finger.STL -> /home/raj/manipulator_ws/src/install/manipulator_description/share/manipulator_description/meshes
copying meshes/left_finger.STL -> /home/raj/manipulator_ws/src/install/manipulator_description/share/manipulator_description/meshes
copying meshes/link.STL -> /home/raj/manipulator_ws/src/install/manipulator_description/share/manipulator_description/meshes
copying meshes/claw_support.STL -> /home/raj/manipulator_ws/src/install/manipulator_description/share/manipulator_description/meshes
copying meshes/servo_plate.STL -> /home/raj/manipulator_ws/src/install/manipulator_description/share/manipulator_description/meshes
copying meshes/horizontal_arm.STL -> /home/raj/manipulator_ws/src/install/manipulator_description/share/manipulator_description/meshes
copying meshes/pi_camera.STL -> /home/raj/manipulator_ws/src/install/manipulator_description/share/manipulator_description/meshes
copying meshes/base_plate.STL -> /home/raj/manipulator_ws/src/install/manipulator_description/share/manipulator_description/meshes
copying meshes/basement.STL -> /home/raj/manipulator_ws/src/install/manipulator_description/share/manipulator_description/meshes
copying meshes/triangular_link.STL -> /home/raj/manipulator_ws/src/install/manipulator_description/share/manipulator_description/meshes
copying meshes/round_plate.STL -> /home/raj/manipulator_ws/src/install/manipulator_description/share/manipulator_description/meshes
copying meshes/arduinobot.urdf.xacro -> /home/raj/manipulator_ws/src/install/manipulator_description/share/manipulator_description/meshes
copying meshes/forward_drive_arm.STL -> /home/raj/manipulator_ws/src/install/manipulator_description/share/manipulator_description/meshes
creating /home/raj/manipulator_ws/src/install/manipulator_description/share/manipulator_description/launch
