[0.508s] Invoking command in '/home/raj/manipulator_ws/src/manipulator_description': DEBUGINFOD_URLS=https://debuginfod.ubuntu.com PYTHONPATH=/home/raj/manipulator_ws/src/build/manipulator_description/prefix_override:/usr/lib/python3/dist-packages/colcon_core/task/python/colcon_distutils_commands:/home/raj/manipulator_ws/src/install/manipulator_description/lib/python3.12/site-packages:${PYTHONPATH} /usr/bin/python3 -W ignore:setup.py install is deprecated -W ignore:easy_install command is deprecated setup.py egg_info --egg-base ../build/manipulator_description build --build-base /home/raj/manipulator_ws/src/build/manipulator_description/build install --record /home/raj/manipulator_ws/src/build/manipulator_description/install.log --single-version-externally-managed install_data
[0.642s] running egg_info
[0.643s] creating ../build/manipulator_description/manipulator_description.egg-info
[0.651s] writing ../build/manipulator_description/manipulator_description.egg-info/PKG-INFO
[0.652s] writing dependency_links to ../build/manipulator_description/manipulator_description.egg-info/dependency_links.txt
[0.652s] writing entry points to ../build/manipulator_description/manipulator_description.egg-info/entry_points.txt
[0.652s] writing requirements to ../build/manipulator_description/manipulator_description.egg-info/requires.txt
[0.652s] writing top-level names to ../build/manipulator_description/manipulator_description.egg-info/top_level.txt
[0.652s] writing manifest file '../build/manipulator_description/manipulator_description.egg-info/SOURCES.txt'
[0.672s] reading manifest file '../build/manipulator_description/manipulator_description.egg-info/SOURCES.txt'
[0.672s] writing manifest file '../build/manipulator_description/manipulator_description.egg-info/SOURCES.txt'
[0.672s] running build
[0.672s] running build_py
[0.672s] creating /home/raj/manipulator_ws/src/build/manipulator_description/build
[0.672s] creating /home/raj/manipulator_ws/src/build/manipulator_description/build/lib
[0.672s] creating /home/raj/manipulator_ws/src/build/manipulator_description/build/lib/manipulator_description
[0.672s] copying manipulator_description/__init__.py -> /home/raj/manipulator_ws/src/build/manipulator_description/build/lib/manipulator_description
[0.673s] running install
[0.676s] running install_lib
[0.685s] creating /home/raj/manipulator_ws/src/install/manipulator_description/lib/python3.12/site-packages/manipulator_description
[0.685s] copying /home/raj/manipulator_ws/src/build/manipulator_description/build/lib/manipulator_description/__init__.py -> /home/raj/manipulator_ws/src/install/manipulator_description/lib/python3.12/site-packages/manipulator_description
[0.685s] byte-compiling /home/raj/manipulator_ws/src/install/manipulator_description/lib/python3.12/site-packages/manipulator_description/__init__.py to __init__.cpython-312.pyc
[0.685s] running install_data
[0.686s] creating /home/raj/manipulator_ws/src/install/manipulator_description/share/ament_index
[0.686s] creating /home/raj/manipulator_ws/src/install/manipulator_description/share/ament_index/resource_index
[0.686s] creating /home/raj/manipulator_ws/src/install/manipulator_description/share/ament_index/resource_index/packages
[0.686s] copying resource/manipulator_description -> /home/raj/manipulator_ws/src/install/manipulator_description/share/ament_index/resource_index/packages
[0.686s] copying package.xml -> /home/raj/manipulator_ws/src/install/manipulator_description/share/manipulator_description
[0.686s] creating /home/raj/manipulator_ws/src/install/manipulator_description/share/manipulator_description/urdf
[0.686s] copying urdf/manipulator_ros2_control.xacro -> /home/raj/manipulator_ws/src/install/manipulator_description/share/manipulator_description/urdf
[0.686s] copying urdf/manupilator_gazebo.xacro -> /home/raj/manipulator_ws/src/install/manipulator_description/share/manipulator_description/urdf
[0.686s] copying urdf/manipulator.urdf.xacro -> /home/raj/manipulator_ws/src/install/manipulator_description/share/manipulator_description/urdf
[0.686s] creating /home/raj/manipulator_ws/src/install/manipulator_description/share/manipulator_description/meshes
[0.686s] copying meshes/vertical_drive_arm.STL -> /home/raj/manipulator_ws/src/install/manipulator_description/share/manipulator_description/meshes
[0.688s] copying meshes/plate.STL -> /home/raj/manipulator_ws/src/install/manipulator_description/share/manipulator_description/meshes
[0.690s] copying meshes/right_finger.STL -> /home/raj/manipulator_ws/src/install/manipulator_description/share/manipulator_description/meshes
[0.690s] copying meshes/left_finger.STL -> /home/raj/manipulator_ws/src/install/manipulator_description/share/manipulator_description/meshes
[0.690s] copying meshes/link.STL -> /home/raj/manipulator_ws/src/install/manipulator_description/share/manipulator_description/meshes
[0.691s] copying meshes/claw_support.STL -> /home/raj/manipulator_ws/src/install/manipulator_description/share/manipulator_description/meshes
[0.691s] copying meshes/servo_plate.STL -> /home/raj/manipulator_ws/src/install/manipulator_description/share/manipulator_description/meshes
[0.691s] copying meshes/horizontal_arm.STL -> /home/raj/manipulator_ws/src/install/manipulator_description/share/manipulator_description/meshes
[0.692s] copying meshes/pi_camera.STL -> /home/raj/manipulator_ws/src/install/manipulator_description/share/manipulator_description/meshes
[0.692s] copying meshes/base_plate.STL -> /home/raj/manipulator_ws/src/install/manipulator_description/share/manipulator_description/meshes
[0.694s] copying meshes/basement.STL -> /home/raj/manipulator_ws/src/install/manipulator_description/share/manipulator_description/meshes
[0.695s] copying meshes/triangular_link.STL -> /home/raj/manipulator_ws/src/install/manipulator_description/share/manipulator_description/meshes
[0.695s] copying meshes/round_plate.STL -> /home/raj/manipulator_ws/src/install/manipulator_description/share/manipulator_description/meshes
[0.696s] copying meshes/arduinobot.urdf.xacro -> /home/raj/manipulator_ws/src/install/manipulator_description/share/manipulator_description/meshes
[0.696s] copying meshes/forward_drive_arm.STL -> /home/raj/manipulator_ws/src/install/manipulator_description/share/manipulator_description/meshes
[0.697s] creating /home/raj/manipulator_ws/src/install/manipulator_description/share/manipulator_description/launch
[0.697s] error: can't copy 'launch/__pycache__': doesn't exist or not a regular file
[0.708s] Invoked command in '/home/raj/manipulator_ws/src/manipulator_description' returned '1': DEBUGINFOD_URLS=https://debuginfod.ubuntu.com PYTHONPATH=/home/raj/manipulator_ws/src/build/manipulator_description/prefix_override:/usr/lib/python3/dist-packages/colcon_core/task/python/colcon_distutils_commands:/home/raj/manipulator_ws/src/install/manipulator_description/lib/python3.12/site-packages:${PYTHONPATH} /usr/bin/python3 -W ignore:setup.py install is deprecated -W ignore:easy_install command is deprecated setup.py egg_info --egg-base ../build/manipulator_description build --build-base /home/raj/manipulator_ws/src/build/manipulator_description/build install --record /home/raj/manipulator_ws/src/build/manipulator_description/install.log --single-version-externally-managed install_data
