/home/raj/manipulator_ws/install/manipulator_description/lib/python3.10/site-packages/manipulator_description/__init__.py
/home/raj/manipulator_ws/install/manipulator_description/lib/python3.10/site-packages/manipulator_description/__pycache__/__init__.cpython-310.pyc
/home/raj/manipulator_ws/install/manipulator_description/share/ament_index/resource_index/packages/manipulator_description
/home/raj/manipulator_ws/install/manipulator_description/share/manipulator_description/package.xml
/home/raj/manipulator_ws/install/manipulator_description/share/manipulator_description/urdf/manipulator_ros2_control.xacro
/home/raj/manipulator_ws/install/manipulator_description/share/manipulator_description/urdf/manupilator_gazebo.xacro
/home/raj/manipulator_ws/install/manipulator_description/share/manipulator_description/urdf/manipulator.urdf.xacro
/home/raj/manipulator_ws/install/manipulator_description/share/manipulator_description/meshes/link.STL
/home/raj/manipulator_ws/install/manipulator_description/share/manipulator_description/meshes/pi_camera.STL
/home/raj/manipulator_ws/install/manipulator_description/share/manipulator_description/meshes/plate.STL
/home/raj/manipulator_ws/install/manipulator_description/share/manipulator_description/meshes/right_finger.STL
/home/raj/manipulator_ws/install/manipulator_description/share/manipulator_description/meshes/servo_plate.STL
/home/raj/manipulator_ws/install/manipulator_description/share/manipulator_description/meshes/forward_drive_arm.STL
/home/raj/manipulator_ws/install/manipulator_description/share/manipulator_description/meshes/arduinobot.urdf.xacro
/home/raj/manipulator_ws/install/manipulator_description/share/manipulator_description/meshes/horizontal_arm.STL
/home/raj/manipulator_ws/install/manipulator_description/share/manipulator_description/meshes/base_plate.STL
/home/raj/manipulator_ws/install/manipulator_description/share/manipulator_description/meshes/triangular_link.STL
/home/raj/manipulator_ws/install/manipulator_description/share/manipulator_description/meshes/claw_support.STL
/home/raj/manipulator_ws/install/manipulator_description/share/manipulator_description/meshes/round_plate.STL
/home/raj/manipulator_ws/install/manipulator_description/share/manipulator_description/meshes/left_finger.STL
/home/raj/manipulator_ws/install/manipulator_description/share/manipulator_description/meshes/vertical_drive_arm.STL
/home/raj/manipulator_ws/install/manipulator_description/share/manipulator_description/meshes/basement.STL
/home/raj/manipulator_ws/install/manipulator_description/share/manipulator_description/launch/gazebo.launch.py
/home/raj/manipulator_ws/install/manipulator_description/share/manipulator_description/launch/display.launch.py
/home/raj/manipulator_ws/install/manipulator_description/share/manipulator_description/rviz/display.rviz
/home/raj/manipulator_ws/install/manipulator_description/lib/python3.10/site-packages/manipulator_description-0.0.0-py3.10.egg-info/requires.txt
/home/raj/manipulator_ws/install/manipulator_description/lib/python3.10/site-packages/manipulator_description-0.0.0-py3.10.egg-info/entry_points.txt
/home/raj/manipulator_ws/install/manipulator_description/lib/python3.10/site-packages/manipulator_description-0.0.0-py3.10.egg-info/PKG-INFO
/home/raj/manipulator_ws/install/manipulator_description/lib/python3.10/site-packages/manipulator_description-0.0.0-py3.10.egg-info/zip-safe
/home/raj/manipulator_ws/install/manipulator_description/lib/python3.10/site-packages/manipulator_description-0.0.0-py3.10.egg-info/dependency_links.txt
/home/raj/manipulator_ws/install/manipulator_description/lib/python3.10/site-packages/manipulator_description-0.0.0-py3.10.egg-info/SOURCES.txt
/home/raj/manipulator_ws/install/manipulator_description/lib/python3.10/site-packages/manipulator_description-0.0.0-py3.10.egg-info/top_level.txt
/home/raj/manipulator_ws/install/manipulator_description/lib/manipulator_description/simple_parameter_node
