[0.575s] Invoking command in '/home/raj/robotic_arm/src/simple_task': CMAKE_PREFIX_PATH=/home/raj/robotic_arm/install/manipulator_msgs:/home/raj/robotic_arm/install/manipulator_remote:/home/raj/robotic_arm/install/manipulator_moveit:/home/raj/robotic_arm/install/manipulator_bringup:/opt/ros/jazzy/opt/gz_sim_vendor:/opt/ros/jazzy/opt/gz_sensors_vendor:/opt/ros/jazzy/opt/gz_physics_vendor:/opt/ros/jazzy/opt/sdformat_vendor:/opt/ros/jazzy/opt/gz_gui_vendor:/opt/ros/jazzy/opt/gz_transport_vendor:/opt/ros/jazzy/opt/gz_rendering_vendor:/opt/ros/jazzy/opt/gz_plugin_vendor:/opt/ros/jazzy/opt/gz_fuel_tools_vendor:/opt/ros/jazzy/opt/gz_msgs_vendor:/opt/ros/jazzy/opt/gz_common_vendor:/opt/ros/jazzy/opt/gz_math_vendor:/opt/ros/jazzy/opt/gz_utils_vendor:/opt/ros/jazzy/opt/gz_tools_vendor:/opt/ros/jazzy/opt/gz_ogre_next_vendor:/opt/ros/jazzy/opt/gz_dartsim_vendor:/opt/ros/jazzy/opt/gz_cmake_vendor DEBUGINFOD_URLS=https://debuginfod.ubuntu.com PYTHONPATH=/home/raj/robotic_arm/build/simple_task/prefix_override:/usr/lib/python3/dist-packages/colcon_core/task/python/colcon_distutils_commands:/home/raj/robotic_arm/install/simple_task/lib/python3.12/site-packages:/home/raj/robotic_arm/install/manipulator_msgs/lib/python3.12/site-packages:/home/raj/robotic_arm/install/simple_task/lib/python3.12/site-packages:/home/raj/robotic_arm/install/manipulator_utils/lib/python3.12/site-packages:/home/raj/robotic_arm/install/manipulator_remote/lib/python3.12/site-packages:/home/raj/robotic_arm/install/manipulator_description/lib/python3.12/site-packages:/home/raj/robotic_arm/install/manipulator_controller/lib/python3.12/site-packages:/opt/ros/jazzy/lib/python3.12/site-packages /usr/bin/python3 -W ignore:setup.py install is deprecated -W ignore:easy_install command is deprecated setup.py egg_info --egg-base ../../build/simple_task build --build-base /home/raj/robotic_arm/build/simple_task/build install --record /home/raj/robotic_arm/build/simple_task/install.log --single-version-externally-managed install_data
[0.713s] running egg_info
[0.723s] writing ../../build/simple_task/simple_task.egg-info/PKG-INFO
[0.723s] writing dependency_links to ../../build/simple_task/simple_task.egg-info/dependency_links.txt
[0.723s] writing entry points to ../../build/simple_task/simple_task.egg-info/entry_points.txt
[0.723s] writing requirements to ../../build/simple_task/simple_task.egg-info/requires.txt
[0.723s] writing top-level names to ../../build/simple_task/simple_task.egg-info/top_level.txt
[0.742s] reading manifest file '../../build/simple_task/simple_task.egg-info/SOURCES.txt'
[0.742s] writing manifest file '../../build/simple_task/simple_task.egg-info/SOURCES.txt'
[0.742s] running build
[0.742s] running build_py
[0.742s] running install
[0.746s] running install_lib
[0.756s] running install_data
[0.756s] running install_egg_info
[0.768s] removing '/home/raj/robotic_arm/install/simple_task/lib/python3.12/site-packages/simple_task-0.0.0-py3.12.egg-info' (and everything under it)
[0.768s] Copying ../../build/simple_task/simple_task.egg-info to /home/raj/robotic_arm/install/simple_task/lib/python3.12/site-packages/simple_task-0.0.0-py3.12.egg-info
[0.769s] running install_scripts
[0.839s] Installing simple_moveit_interface script to /home/raj/robotic_arm/install/simple_task/lib/simple_task
[0.839s] writing list of installed files to '/home/raj/robotic_arm/build/simple_task/install.log'
[0.857s] Invoked command in '/home/raj/robotic_arm/src/simple_task' returned '0': CMAKE_PREFIX_PATH=/home/raj/robotic_arm/install/manipulator_msgs:/home/raj/robotic_arm/install/manipulator_remote:/home/raj/robotic_arm/install/manipulator_moveit:/home/raj/robotic_arm/install/manipulator_bringup:/opt/ros/jazzy/opt/gz_sim_vendor:/opt/ros/jazzy/opt/gz_sensors_vendor:/opt/ros/jazzy/opt/gz_physics_vendor:/opt/ros/jazzy/opt/sdformat_vendor:/opt/ros/jazzy/opt/gz_gui_vendor:/opt/ros/jazzy/opt/gz_transport_vendor:/opt/ros/jazzy/opt/gz_rendering_vendor:/opt/ros/jazzy/opt/gz_plugin_vendor:/opt/ros/jazzy/opt/gz_fuel_tools_vendor:/opt/ros/jazzy/opt/gz_msgs_vendor:/opt/ros/jazzy/opt/gz_common_vendor:/opt/ros/jazzy/opt/gz_math_vendor:/opt/ros/jazzy/opt/gz_utils_vendor:/opt/ros/jazzy/opt/gz_tools_vendor:/opt/ros/jazzy/opt/gz_ogre_next_vendor:/opt/ros/jazzy/opt/gz_dartsim_vendor:/opt/ros/jazzy/opt/gz_cmake_vendor DEBUGINFOD_URLS=https://debuginfod.ubuntu.com PYTHONPATH=/home/raj/robotic_arm/build/simple_task/prefix_override:/usr/lib/python3/dist-packages/colcon_core/task/python/colcon_distutils_commands:/home/raj/robotic_arm/install/simple_task/lib/python3.12/site-packages:/home/raj/robotic_arm/install/manipulator_msgs/lib/python3.12/site-packages:/home/raj/robotic_arm/install/simple_task/lib/python3.12/site-packages:/home/raj/robotic_arm/install/manipulator_utils/lib/python3.12/site-packages:/home/raj/robotic_arm/install/manipulator_remote/lib/python3.12/site-packages:/home/raj/robotic_arm/install/manipulator_description/lib/python3.12/site-packages:/home/raj/robotic_arm/install/manipulator_controller/lib/python3.12/site-packages:/opt/ros/jazzy/lib/python3.12/site-packages /usr/bin/python3 -W ignore:setup.py install is deprecated -W ignore:easy_install command is deprecated setup.py egg_info --egg-base ../../build/simple_task build --build-base /home/raj/robotic_arm/build/simple_task/build install --record /home/raj/robotic_arm/build/simple_task/install.log --single-version-externally-managed install_data
