[0.016s] Invoking command in '/home/raj/robotic_arm/build/manipulator_moveit': CMAKE_PREFIX_PATH=${CMAKE_PREFIX_PATH}:/opt/ros/jazzy DEBUGINFOD_URLS=https://debuginfod.ubuntu.com /usr/bin/cmake /home/raj/robotic_arm/src/manipulator_moveit -DCMAKE_INSTALL_PREFIX=/home/raj/robotic_arm/install/manipulator_moveit
[0.116s] -- The C compiler identification is GNU 13.3.0
[0.218s] -- The CXX compiler identification is GNU 13.3.0
[0.255s] -- Detecting C compiler ABI info
[0.425s] -- Detecting C compiler ABI info - done
[0.444s] -- Check for working C compiler: /usr/bin/cc - skipped
[0.445s] -- Detecting C compile features
[0.446s] -- Detecting C compile features - done
[0.469s] -- Detecting CXX compiler ABI info
[0.730s] -- Detecting CXX compiler ABI info - done
[0.751s] -- Check for working CXX compiler: /usr/bin/c++ - skipped
[0.752s] -- Detecting CXX compile features
[0.753s] -- Detecting CXX compile features - done
[0.766s] -- Found ament_cmake: 2.5.5 (/opt/ros/jazzy/share/ament_cmake/cmake)
[1.174s] -- Found Python3: /usr/bin/python3 (found version "3.12.3") found components: Interpreter 
[1.435s] -- Found ament_lint_auto: 0.17.4 (/opt/ros/jazzy/share/ament_lint_auto/cmake)
[1.623s] -- Added test 'flake8' to check Python code syntax and style conventions
[1.623s] -- Configured 'flake8' exclude dirs and/or files: 
[1.625s] -- Added test 'lint_cmake' to check CMake code style
[1.626s] -- Added test 'pep257' to check Python code against some of the docstring style conventions in PEP 257
[1.629s] -- Added test 'xmllint' to check XML markup files
[1.632s] -- Configuring done (1.6s)
[1.637s] -- Generating done (0.0s)
[1.639s] -- Build files have been written to: /home/raj/robotic_arm/build/manipulator_moveit
[1.648s] Invoked command in '/home/raj/robotic_arm/build/manipulator_moveit' returned '0': CMAKE_PREFIX_PATH=${CMAKE_PREFIX_PATH}:/opt/ros/jazzy DEBUGINFOD_URLS=https://debuginfod.ubuntu.com /usr/bin/cmake /home/raj/robotic_arm/src/manipulator_moveit -DCMAKE_INSTALL_PREFIX=/home/raj/robotic_arm/install/manipulator_moveit
[1.650s] Invoking command in '/home/raj/robotic_arm/build/manipulator_moveit': CMAKE_PREFIX_PATH=${CMAKE_PREFIX_PATH}:/opt/ros/jazzy DEBUGINFOD_URLS=https://debuginfod.ubuntu.com /usr/bin/cmake --build /home/raj/robotic_arm/build/manipulator_moveit -- -j32 -l32
[1.736s] Invoked command in '/home/raj/robotic_arm/build/manipulator_moveit' returned '0': CMAKE_PREFIX_PATH=${CMAKE_PREFIX_PATH}:/opt/ros/jazzy DEBUGINFOD_URLS=https://debuginfod.ubuntu.com /usr/bin/cmake --build /home/raj/robotic_arm/build/manipulator_moveit -- -j32 -l32
[1.757s] Invoking command in '/home/raj/robotic_arm/build/manipulator_moveit': CMAKE_PREFIX_PATH=${CMAKE_PREFIX_PATH}:/opt/ros/jazzy DEBUGINFOD_URLS=https://debuginfod.ubuntu.com /usr/bin/cmake --install /home/raj/robotic_arm/build/manipulator_moveit
[1.773s] -- Install configuration: ""
[1.773s] -- Installing: /home/raj/robotic_arm/install/manipulator_moveit/share/manipulator_moveit/launch
[1.773s] -- Installing: /home/raj/robotic_arm/install/manipulator_moveit/share/manipulator_moveit/launch/moveit.launch.py
[1.773s] -- Installing: /home/raj/robotic_arm/install/manipulator_moveit/share/manipulator_moveit/config
[1.774s] -- Installing: /home/raj/robotic_arm/install/manipulator_moveit/share/manipulator_moveit/config/pilz_cartesian_limits.yaml
[1.774s] -- Installing: /home/raj/robotic_arm/install/manipulator_moveit/share/manipulator_moveit/config/joint_limits.yaml
[1.774s] -- Installing: /home/raj/robotic_arm/install/manipulator_moveit/share/manipulator_moveit/config/kinematics.yaml
[1.774s] -- Installing: /home/raj/robotic_arm/install/manipulator_moveit/share/manipulator_moveit/config/initial_position.yaml
[1.774s] -- Installing: /home/raj/robotic_arm/install/manipulator_moveit/share/manipulator_moveit/config/moveit_controller.yaml
[1.775s] -- Installing: /home/raj/robotic_arm/install/manipulator_moveit/share/manipulator_moveit/config/trajectory_execution.yaml
[1.775s] -- Installing: /home/raj/robotic_arm/install/manipulator_moveit/share/manipulator_moveit/config/manipulator.srdf
[1.775s] -- Installing: /home/raj/robotic_arm/install/manipulator_moveit/share/manipulator_moveit/config/moveit_controllers.yaml
[1.775s] -- Installing: /home/raj/robotic_arm/install/manipulator_moveit/share/ament_index/resource_index/package_run_dependencies/manipulator_moveit
[1.776s] -- Installing: /home/raj/robotic_arm/install/manipulator_moveit/share/ament_index/resource_index/parent_prefix_path/manipulator_moveit
[1.776s] -- Installing: /home/raj/robotic_arm/install/manipulator_moveit/share/manipulator_moveit/environment/ament_prefix_path.sh
[1.777s] -- Installing: /home/raj/robotic_arm/install/manipulator_moveit/share/manipulator_moveit/environment/ament_prefix_path.dsv
[1.777s] -- Installing: /home/raj/robotic_arm/install/manipulator_moveit/share/manipulator_moveit/environment/path.sh
[1.777s] -- Installing: /home/raj/robotic_arm/install/manipulator_moveit/share/manipulator_moveit/environment/path.dsv
[1.777s] -- Installing: /home/raj/robotic_arm/install/manipulator_moveit/share/manipulator_moveit/local_setup.bash
[1.777s] -- Installing: /home/raj/robotic_arm/install/manipulator_moveit/share/manipulator_moveit/local_setup.sh
[1.778s] -- Installing: /home/raj/robotic_arm/install/manipulator_moveit/share/manipulator_moveit/local_setup.zsh
[1.778s] -- Installing: /home/raj/robotic_arm/install/manipulator_moveit/share/manipulator_moveit/local_setup.dsv
[1.778s] -- Installing: /home/raj/robotic_arm/install/manipulator_moveit/share/manipulator_moveit/package.dsv
[1.779s] -- Installing: /home/raj/robotic_arm/install/manipulator_moveit/share/ament_index/resource_index/packages/manipulator_moveit
[1.779s] -- Installing: /home/raj/robotic_arm/install/manipulator_moveit/share/manipulator_moveit/cmake/manipulator_moveitConfig.cmake
[1.780s] -- Installing: /home/raj/robotic_arm/install/manipulator_moveit/share/manipulator_moveit/cmake/manipulator_moveitConfig-version.cmake
[1.780s] -- Installing: /home/raj/robotic_arm/install/manipulator_moveit/share/manipulator_moveit/package.xml
[1.783s] Invoked command in '/home/raj/robotic_arm/build/manipulator_moveit' returned '0': CMAKE_PREFIX_PATH=${CMAKE_PREFIX_PATH}:/opt/ros/jazzy DEBUGINFOD_URLS=https://debuginfod.ubuntu.com /usr/bin/cmake --install /home/raj/robotic_arm/build/manipulator_moveit
