[0.077s] DEBUG:colcon:Command line arguments: ['/usr/bin/colcon', 'build']
[0.077s] DEBUG:colcon:Parsed command line arguments: Namespace(log_base=None, log_level=None, verb_name='build', build_base='build', install_base='install', merge_install=False, symlink_install=False, test_result_base=None, continue_on_error=False, executor='parallel', parallel_workers=32, event_handlers=None, ignore_user_meta=False, metas=['./colcon.meta'], base_paths=['.'], packages_ignore=None, packages_ignore_regex=None, paths=None, packages_up_to=None, packages_up_to_regex=None, packages_above=None, packages_above_and_dependencies=None, packages_above_depth=None, packages_select_by_dep=None, packages_skip_by_dep=None, packages_skip_up_to=None, packages_select_build_failed=False, packages_skip_build_finished=False, packages_select_test_failures=False, packages_skip_test_passed=False, packages_select=None, packages_skip=None, packages_select_regex=None, packages_skip_regex=None, packages_start=None, packages_end=None, allow_overriding=[], cmake_args=None, cmake_target=None, cmake_target_skip_unavailable=False, cmake_clean_cache=False, cmake_clean_first=False, cmake_force_configure=False, ament_cmake_args=None, catkin_cmake_args=None, catkin_skip_building_tests=False, mixin_files=None, mixin=None, verb_parser=<colcon_mixin.mixin.mixin_argument.MixinArgumentDecorator object at 0x75be91dacf50>, verb_extension=<colcon_core.verb.build.BuildVerb object at 0x75be91dacc20>, main=<bound method BuildVerb.main of <colcon_core.verb.build.BuildVerb object at 0x75be91dacc20>>, mixin_verb=('build',))
[0.107s] Level 1:colcon.colcon_core.package_discovery:discover_packages(colcon_meta) check parameters
[0.107s] Level 1:colcon.colcon_core.package_discovery:discover_packages(recursive) check parameters
[0.107s] Level 1:colcon.colcon_core.package_discovery:discover_packages(ignore) check parameters
[0.107s] Level 1:colcon.colcon_core.package_discovery:discover_packages(path) check parameters
[0.107s] Level 1:colcon.colcon_core.package_discovery:discover_packages(colcon_meta) discover
[0.107s] Level 1:colcon.colcon_core.package_discovery:discover_packages(recursive) discover
[0.107s] INFO:colcon.colcon_core.package_discovery:Crawling recursively for packages in '/home/raj/robotic_arm'
[0.107s] Level 1:colcon.colcon_core.package_identification:_identify(.) by extensions ['ignore', 'ignore_ament_install']
[0.107s] Level 1:colcon.colcon_core.package_identification:_identify(.) by extension 'ignore'
[0.107s] Level 1:colcon.colcon_core.package_identification:_identify(.) by extension 'ignore_ament_install'
[0.107s] Level 1:colcon.colcon_core.package_identification:_identify(.) by extensions ['colcon_pkg']
[0.107s] Level 1:colcon.colcon_core.package_identification:_identify(.) by extension 'colcon_pkg'
[0.107s] Level 1:colcon.colcon_core.package_identification:_identify(.) by extensions ['colcon_meta']
[0.107s] Level 1:colcon.colcon_core.package_identification:_identify(.) by extension 'colcon_meta'
[0.107s] Level 1:colcon.colcon_core.package_identification:_identify(.) by extensions ['ros']
[0.107s] Level 1:colcon.colcon_core.package_identification:_identify(.) by extension 'ros'
[0.126s] Level 1:colcon.colcon_core.package_identification:_identify(.) by extensions ['cmake', 'python']
[0.126s] Level 1:colcon.colcon_core.package_identification:_identify(.) by extension 'cmake'
[0.126s] Level 1:colcon.colcon_core.package_identification:_identify(.) by extension 'python'
[0.126s] Level 1:colcon.colcon_core.package_identification:_identify(.) by extensions ['python_setup_py']
[0.126s] Level 1:colcon.colcon_core.package_identification:_identify(.) by extension 'python_setup_py'
[0.127s] Level 1:colcon.colcon_core.package_identification:_identify(build) by extensions ['ignore', 'ignore_ament_install']
[0.127s] Level 1:colcon.colcon_core.package_identification:_identify(build) by extension 'ignore'
[0.127s] Level 1:colcon.colcon_core.package_identification:_identify(build) ignored
[0.127s] Level 1:colcon.colcon_core.package_identification:_identify(install) by extensions ['ignore', 'ignore_ament_install']
[0.127s] Level 1:colcon.colcon_core.package_identification:_identify(install) by extension 'ignore'
[0.127s] Level 1:colcon.colcon_core.package_identification:_identify(install) ignored
[0.127s] Level 1:colcon.colcon_core.package_identification:_identify(log) by extensions ['ignore', 'ignore_ament_install']
[0.127s] Level 1:colcon.colcon_core.package_identification:_identify(log) by extension 'ignore'
[0.127s] Level 1:colcon.colcon_core.package_identification:_identify(log) ignored
[0.127s] Level 1:colcon.colcon_core.package_identification:_identify(src) by extensions ['ignore', 'ignore_ament_install']
[0.127s] Level 1:colcon.colcon_core.package_identification:_identify(src) by extension 'ignore'
[0.127s] Level 1:colcon.colcon_core.package_identification:_identify(src) by extension 'ignore_ament_install'
[0.127s] Level 1:colcon.colcon_core.package_identification:_identify(src) by extensions ['colcon_pkg']
[0.127s] Level 1:colcon.colcon_core.package_identification:_identify(src) by extension 'colcon_pkg'
[0.127s] Level 1:colcon.colcon_core.package_identification:_identify(src) by extensions ['colcon_meta']
[0.127s] Level 1:colcon.colcon_core.package_identification:_identify(src) by extension 'colcon_meta'
[0.127s] Level 1:colcon.colcon_core.package_identification:_identify(src) by extensions ['ros']
[0.127s] Level 1:colcon.colcon_core.package_identification:_identify(src) by extension 'ros'
[0.127s] Level 1:colcon.colcon_core.package_identification:_identify(src) by extensions ['cmake', 'python']
[0.127s] Level 1:colcon.colcon_core.package_identification:_identify(src) by extension 'cmake'
[0.127s] Level 1:colcon.colcon_core.package_identification:_identify(src) by extension 'python'
[0.127s] Level 1:colcon.colcon_core.package_identification:_identify(src) by extensions ['python_setup_py']
[0.127s] Level 1:colcon.colcon_core.package_identification:_identify(src) by extension 'python_setup_py'
[0.127s] Level 1:colcon.colcon_core.package_identification:_identify(src/build) by extensions ['ignore', 'ignore_ament_install']
[0.127s] Level 1:colcon.colcon_core.package_identification:_identify(src/build) by extension 'ignore'
[0.128s] Level 1:colcon.colcon_core.package_identification:_identify(src/build) ignored
[0.128s] Level 1:colcon.colcon_core.package_identification:_identify(src/install) by extensions ['ignore', 'ignore_ament_install']
[0.128s] Level 1:colcon.colcon_core.package_identification:_identify(src/install) by extension 'ignore'
[0.128s] Level 1:colcon.colcon_core.package_identification:_identify(src/install) ignored
[0.128s] Level 1:colcon.colcon_core.package_identification:_identify(src/log) by extensions ['ignore', 'ignore_ament_install']
[0.128s] Level 1:colcon.colcon_core.package_identification:_identify(src/log) by extension 'ignore'
[0.128s] Level 1:colcon.colcon_core.package_identification:_identify(src/log) ignored
[0.128s] Level 1:colcon.colcon_core.package_identification:_identify(src/manipulator_bringup) by extensions ['ignore', 'ignore_ament_install']
[0.128s] Level 1:colcon.colcon_core.package_identification:_identify(src/manipulator_bringup) by extension 'ignore'
[0.128s] Level 1:colcon.colcon_core.package_identification:_identify(src/manipulator_bringup) by extension 'ignore_ament_install'
[0.128s] Level 1:colcon.colcon_core.package_identification:_identify(src/manipulator_bringup) by extensions ['colcon_pkg']
[0.128s] Level 1:colcon.colcon_core.package_identification:_identify(src/manipulator_bringup) by extension 'colcon_pkg'
[0.128s] Level 1:colcon.colcon_core.package_identification:_identify(src/manipulator_bringup) by extensions ['colcon_meta']
[0.128s] Level 1:colcon.colcon_core.package_identification:_identify(src/manipulator_bringup) by extension 'colcon_meta'
[0.128s] Level 1:colcon.colcon_core.package_identification:_identify(src/manipulator_bringup) by extensions ['ros']
[0.128s] Level 1:colcon.colcon_core.package_identification:_identify(src/manipulator_bringup) by extension 'ros'
[0.130s] DEBUG:colcon.colcon_core.package_identification:Package 'src/manipulator_bringup' with type 'ros.ament_cmake' and name 'manipulator_bringup'
[0.130s] Level 1:colcon.colcon_core.package_identification:_identify(src/manipulator_controller) by extensions ['ignore', 'ignore_ament_install']
[0.130s] Level 1:colcon.colcon_core.package_identification:_identify(src/manipulator_controller) by extension 'ignore'
[0.130s] Level 1:colcon.colcon_core.package_identification:_identify(src/manipulator_controller) by extension 'ignore_ament_install'
[0.130s] Level 1:colcon.colcon_core.package_identification:_identify(src/manipulator_controller) by extensions ['colcon_pkg']
[0.130s] Level 1:colcon.colcon_core.package_identification:_identify(src/manipulator_controller) by extension 'colcon_pkg'
[0.130s] Level 1:colcon.colcon_core.package_identification:_identify(src/manipulator_controller) by extensions ['colcon_meta']
[0.130s] Level 1:colcon.colcon_core.package_identification:_identify(src/manipulator_controller) by extension 'colcon_meta'
[0.130s] Level 1:colcon.colcon_core.package_identification:_identify(src/manipulator_controller) by extensions ['ros']
[0.130s] Level 1:colcon.colcon_core.package_identification:_identify(src/manipulator_controller) by extension 'ros'
[0.130s] DEBUG:colcon.colcon_core.package_identification:Package 'src/manipulator_controller' with type 'ros.ament_python' and name 'manipulator_controller'
[0.130s] Level 1:colcon.colcon_core.package_identification:_identify(src/manipulator_description) by extensions ['ignore', 'ignore_ament_install']
[0.131s] Level 1:colcon.colcon_core.package_identification:_identify(src/manipulator_description) by extension 'ignore'
[0.131s] Level 1:colcon.colcon_core.package_identification:_identify(src/manipulator_description) by extension 'ignore_ament_install'
[0.131s] Level 1:colcon.colcon_core.package_identification:_identify(src/manipulator_description) by extensions ['colcon_pkg']
[0.131s] Level 1:colcon.colcon_core.package_identification:_identify(src/manipulator_description) by extension 'colcon_pkg'
[0.131s] Level 1:colcon.colcon_core.package_identification:_identify(src/manipulator_description) by extensions ['colcon_meta']
[0.131s] Level 1:colcon.colcon_core.package_identification:_identify(src/manipulator_description) by extension 'colcon_meta'
[0.131s] Level 1:colcon.colcon_core.package_identification:_identify(src/manipulator_description) by extensions ['ros']
[0.131s] Level 1:colcon.colcon_core.package_identification:_identify(src/manipulator_description) by extension 'ros'
[0.133s] DEBUG:colcon.colcon_core.package_identification:Package 'src/manipulator_description' with type 'ros.ament_python' and name 'manipulator_description'
[0.133s] Level 1:colcon.colcon_core.package_identification:_identify(src/manipulator_moveit) by extensions ['ignore', 'ignore_ament_install']
[0.133s] Level 1:colcon.colcon_core.package_identification:_identify(src/manipulator_moveit) by extension 'ignore'
[0.133s] Level 1:colcon.colcon_core.package_identification:_identify(src/manipulator_moveit) by extension 'ignore_ament_install'
[0.133s] Level 1:colcon.colcon_core.package_identification:_identify(src/manipulator_moveit) by extensions ['colcon_pkg']
[0.133s] Level 1:colcon.colcon_core.package_identification:_identify(src/manipulator_moveit) by extension 'colcon_pkg'
[0.133s] Level 1:colcon.colcon_core.package_identification:_identify(src/manipulator_moveit) by extensions ['colcon_meta']
[0.133s] Level 1:colcon.colcon_core.package_identification:_identify(src/manipulator_moveit) by extension 'colcon_meta'
[0.133s] Level 1:colcon.colcon_core.package_identification:_identify(src/manipulator_moveit) by extensions ['ros']
[0.133s] Level 1:colcon.colcon_core.package_identification:_identify(src/manipulator_moveit) by extension 'ros'
[0.134s] DEBUG:colcon.colcon_core.package_identification:Package 'src/manipulator_moveit' with type 'ros.ament_cmake' and name 'manipulator_moveit'
[0.134s] Level 1:colcon.colcon_core.package_identification:_identify(src/manipulator_msgs) by extensions ['ignore', 'ignore_ament_install']
[0.134s] Level 1:colcon.colcon_core.package_identification:_identify(src/manipulator_msgs) by extension 'ignore'
[0.134s] Level 1:colcon.colcon_core.package_identification:_identify(src/manipulator_msgs) by extension 'ignore_ament_install'
[0.134s] Level 1:colcon.colcon_core.package_identification:_identify(src/manipulator_msgs) by extensions ['colcon_pkg']
[0.134s] Level 1:colcon.colcon_core.package_identification:_identify(src/manipulator_msgs) by extension 'colcon_pkg'
[0.134s] Level 1:colcon.colcon_core.package_identification:_identify(src/manipulator_msgs) by extensions ['colcon_meta']
[0.134s] Level 1:colcon.colcon_core.package_identification:_identify(src/manipulator_msgs) by extension 'colcon_meta'
[0.134s] Level 1:colcon.colcon_core.package_identification:_identify(src/manipulator_msgs) by extensions ['ros']
[0.134s] Level 1:colcon.colcon_core.package_identification:_identify(src/manipulator_msgs) by extension 'ros'
[0.134s] DEBUG:colcon.colcon_core.package_identification:Package 'src/manipulator_msgs' with type 'ros.ament_cmake' and name 'manipulator_msgs'
[0.134s] Level 1:colcon.colcon_core.package_identification:_identify(src/manipulator_remote) by extensions ['ignore', 'ignore_ament_install']
[0.134s] Level 1:colcon.colcon_core.package_identification:_identify(src/manipulator_remote) by extension 'ignore'
[0.134s] Level 1:colcon.colcon_core.package_identification:_identify(src/manipulator_remote) by extension 'ignore_ament_install'
[0.134s] Level 1:colcon.colcon_core.package_identification:_identify(src/manipulator_remote) by extensions ['colcon_pkg']
[0.134s] Level 1:colcon.colcon_core.package_identification:_identify(src/manipulator_remote) by extension 'colcon_pkg'
[0.134s] Level 1:colcon.colcon_core.package_identification:_identify(src/manipulator_remote) by extensions ['colcon_meta']
[0.134s] Level 1:colcon.colcon_core.package_identification:_identify(src/manipulator_remote) by extension 'colcon_meta'
[0.134s] Level 1:colcon.colcon_core.package_identification:_identify(src/manipulator_remote) by extensions ['ros']
[0.134s] Level 1:colcon.colcon_core.package_identification:_identify(src/manipulator_remote) by extension 'ros'
[0.135s] DEBUG:colcon.colcon_core.package_identification:Package 'src/manipulator_remote' with type 'ros.ament_cmake' and name 'manipulator_remote'
[0.135s] Level 1:colcon.colcon_core.package_identification:_identify(src/manipulator_utils) by extensions ['ignore', 'ignore_ament_install']
[0.135s] Level 1:colcon.colcon_core.package_identification:_identify(src/manipulator_utils) by extension 'ignore'
[0.135s] Level 1:colcon.colcon_core.package_identification:_identify(src/manipulator_utils) by extension 'ignore_ament_install'
[0.135s] Level 1:colcon.colcon_core.package_identification:_identify(src/manipulator_utils) by extensions ['colcon_pkg']
[0.135s] Level 1:colcon.colcon_core.package_identification:_identify(src/manipulator_utils) by extension 'colcon_pkg'
[0.135s] Level 1:colcon.colcon_core.package_identification:_identify(src/manipulator_utils) by extensions ['colcon_meta']
[0.135s] Level 1:colcon.colcon_core.package_identification:_identify(src/manipulator_utils) by extension 'colcon_meta'
[0.135s] Level 1:colcon.colcon_core.package_identification:_identify(src/manipulator_utils) by extensions ['ros']
[0.135s] Level 1:colcon.colcon_core.package_identification:_identify(src/manipulator_utils) by extension 'ros'
[0.136s] DEBUG:colcon.colcon_core.package_identification:Package 'src/manipulator_utils' with type 'ros.ament_python' and name 'manipulator_utils'
[0.136s] Level 1:colcon.colcon_core.package_identification:_identify(src/simple_task) by extensions ['ignore', 'ignore_ament_install']
[0.136s] Level 1:colcon.colcon_core.package_identification:_identify(src/simple_task) by extension 'ignore'
[0.136s] Level 1:colcon.colcon_core.package_identification:_identify(src/simple_task) by extension 'ignore_ament_install'
[0.136s] Level 1:colcon.colcon_core.package_identification:_identify(src/simple_task) by extensions ['colcon_pkg']
[0.136s] Level 1:colcon.colcon_core.package_identification:_identify(src/simple_task) by extension 'colcon_pkg'
[0.136s] Level 1:colcon.colcon_core.package_identification:_identify(src/simple_task) by extensions ['colcon_meta']
[0.136s] Level 1:colcon.colcon_core.package_identification:_identify(src/simple_task) by extension 'colcon_meta'
[0.136s] Level 1:colcon.colcon_core.package_identification:_identify(src/simple_task) by extensions ['ros']
[0.136s] Level 1:colcon.colcon_core.package_identification:_identify(src/simple_task) by extension 'ros'
[0.136s] DEBUG:colcon.colcon_core.package_identification:Package 'src/simple_task' with type 'ros.ament_python' and name 'simple_task'
[0.136s] Level 1:colcon.colcon_core.package_discovery:discover_packages(recursive) using defaults
[0.136s] Level 1:colcon.colcon_core.package_discovery:discover_packages(ignore) discover
[0.136s] Level 1:colcon.colcon_core.package_discovery:discover_packages(ignore) using defaults
[0.136s] Level 1:colcon.colcon_core.package_discovery:discover_packages(path) discover
[0.136s] Level 1:colcon.colcon_core.package_discovery:discover_packages(path) using defaults
[0.150s] Level 1:colcon.colcon_core.package_discovery:discover_packages(prefix_path) check parameters
[0.150s] Level 1:colcon.colcon_core.package_discovery:discover_packages(prefix_path) discover
[0.153s] DEBUG:colcon.colcon_installed_package_information.package_discovery:Found 443 installed packages in /opt/ros/jazzy
[0.154s] Level 1:colcon.colcon_core.package_discovery:discover_packages(prefix_path) using defaults
[0.193s] Level 5:colcon.colcon_core.verb:set package 'manipulator_bringup' build argument 'cmake_args' from command line to 'None'
[0.193s] Level 5:colcon.colcon_core.verb:set package 'manipulator_bringup' build argument 'cmake_target' from command line to 'None'
[0.193s] Level 5:colcon.colcon_core.verb:set package 'manipulator_bringup' build argument 'cmake_target_skip_unavailable' from command line to 'False'
[0.193s] Level 5:colcon.colcon_core.verb:set package 'manipulator_bringup' build argument 'cmake_clean_cache' from command line to 'False'
[0.193s] Level 5:colcon.colcon_core.verb:set package 'manipulator_bringup' build argument 'cmake_clean_first' from command line to 'False'
[0.193s] Level 5:colcon.colcon_core.verb:set package 'manipulator_bringup' build argument 'cmake_force_configure' from command line to 'False'
[0.193s] Level 5:colcon.colcon_core.verb:set package 'manipulator_bringup' build argument 'ament_cmake_args' from command line to 'None'
[0.193s] Level 5:colcon.colcon_core.verb:set package 'manipulator_bringup' build argument 'catkin_cmake_args' from command line to 'None'
[0.193s] Level 5:colcon.colcon_core.verb:set package 'manipulator_bringup' build argument 'catkin_skip_building_tests' from command line to 'False'
[0.193s] DEBUG:colcon.colcon_core.verb:Building package 'manipulator_bringup' with the following arguments: {'ament_cmake_args': None, 'build_base': '/home/raj/robotic_arm/build/manipulator_bringup', 'catkin_cmake_args': None, 'catkin_skip_building_tests': False, 'cmake_args': None, 'cmake_clean_cache': False, 'cmake_clean_first': False, 'cmake_force_configure': False, 'cmake_target': None, 'cmake_target_skip_unavailable': False, 'install_base': '/home/raj/robotic_arm/install/manipulator_bringup', 'merge_install': False, 'path': '/home/raj/robotic_arm/src/manipulator_bringup', 'symlink_install': False, 'test_result_base': None}
[0.193s] Level 5:colcon.colcon_core.verb:set package 'manipulator_controller' build argument 'cmake_args' from command line to 'None'
[0.193s] Level 5:colcon.colcon_core.verb:set package 'manipulator_controller' build argument 'cmake_target' from command line to 'None'
[0.193s] Level 5:colcon.colcon_core.verb:set package 'manipulator_controller' build argument 'cmake_target_skip_unavailable' from command line to 'False'
[0.193s] Level 5:colcon.colcon_core.verb:set package 'manipulator_controller' build argument 'cmake_clean_cache' from command line to 'False'
[0.193s] Level 5:colcon.colcon_core.verb:set package 'manipulator_controller' build argument 'cmake_clean_first' from command line to 'False'
[0.193s] Level 5:colcon.colcon_core.verb:set package 'manipulator_controller' build argument 'cmake_force_configure' from command line to 'False'
[0.193s] Level 5:colcon.colcon_core.verb:set package 'manipulator_controller' build argument 'ament_cmake_args' from command line to 'None'
[0.193s] Level 5:colcon.colcon_core.verb:set package 'manipulator_controller' build argument 'catkin_cmake_args' from command line to 'None'
[0.193s] Level 5:colcon.colcon_core.verb:set package 'manipulator_controller' build argument 'catkin_skip_building_tests' from command line to 'False'
[0.193s] DEBUG:colcon.colcon_core.verb:Building package 'manipulator_controller' with the following arguments: {'ament_cmake_args': None, 'build_base': '/home/raj/robotic_arm/build/manipulator_controller', 'catkin_cmake_args': None, 'catkin_skip_building_tests': False, 'cmake_args': None, 'cmake_clean_cache': False, 'cmake_clean_first': False, 'cmake_force_configure': False, 'cmake_target': None, 'cmake_target_skip_unavailable': False, 'install_base': '/home/raj/robotic_arm/install/manipulator_controller', 'merge_install': False, 'path': '/home/raj/robotic_arm/src/manipulator_controller', 'symlink_install': False, 'test_result_base': None}
[0.194s] Level 5:colcon.colcon_core.verb:set package 'manipulator_description' build argument 'cmake_args' from command line to 'None'
[0.194s] Level 5:colcon.colcon_core.verb:set package 'manipulator_description' build argument 'cmake_target' from command line to 'None'
[0.194s] Level 5:colcon.colcon_core.verb:set package 'manipulator_description' build argument 'cmake_target_skip_unavailable' from command line to 'False'
[0.194s] Level 5:colcon.colcon_core.verb:set package 'manipulator_description' build argument 'cmake_clean_cache' from command line to 'False'
[0.194s] Level 5:colcon.colcon_core.verb:set package 'manipulator_description' build argument 'cmake_clean_first' from command line to 'False'
[0.194s] Level 5:colcon.colcon_core.verb:set package 'manipulator_description' build argument 'cmake_force_configure' from command line to 'False'
[0.194s] Level 5:colcon.colcon_core.verb:set package 'manipulator_description' build argument 'ament_cmake_args' from command line to 'None'
[0.194s] Level 5:colcon.colcon_core.verb:set package 'manipulator_description' build argument 'catkin_cmake_args' from command line to 'None'
[0.194s] Level 5:colcon.colcon_core.verb:set package 'manipulator_description' build argument 'catkin_skip_building_tests' from command line to 'False'
[0.194s] DEBUG:colcon.colcon_core.verb:Building package 'manipulator_description' with the following arguments: {'ament_cmake_args': None, 'build_base': '/home/raj/robotic_arm/build/manipulator_description', 'catkin_cmake_args': None, 'catkin_skip_building_tests': False, 'cmake_args': None, 'cmake_clean_cache': False, 'cmake_clean_first': False, 'cmake_force_configure': False, 'cmake_target': None, 'cmake_target_skip_unavailable': False, 'install_base': '/home/raj/robotic_arm/install/manipulator_description', 'merge_install': False, 'path': '/home/raj/robotic_arm/src/manipulator_description', 'symlink_install': False, 'test_result_base': None}
[0.194s] Level 5:colcon.colcon_core.verb:set package 'manipulator_moveit' build argument 'cmake_args' from command line to 'None'
[0.194s] Level 5:colcon.colcon_core.verb:set package 'manipulator_moveit' build argument 'cmake_target' from command line to 'None'
[0.194s] Level 5:colcon.colcon_core.verb:set package 'manipulator_moveit' build argument 'cmake_target_skip_unavailable' from command line to 'False'
[0.194s] Level 5:colcon.colcon_core.verb:set package 'manipulator_moveit' build argument 'cmake_clean_cache' from command line to 'False'
[0.194s] Level 5:colcon.colcon_core.verb:set package 'manipulator_moveit' build argument 'cmake_clean_first' from command line to 'False'
[0.194s] Level 5:colcon.colcon_core.verb:set package 'manipulator_moveit' build argument 'cmake_force_configure' from command line to 'False'
[0.194s] Level 5:colcon.colcon_core.verb:set package 'manipulator_moveit' build argument 'ament_cmake_args' from command line to 'None'
[0.194s] Level 5:colcon.colcon_core.verb:set package 'manipulator_moveit' build argument 'catkin_cmake_args' from command line to 'None'
[0.194s] Level 5:colcon.colcon_core.verb:set package 'manipulator_moveit' build argument 'catkin_skip_building_tests' from command line to 'False'
[0.194s] DEBUG:colcon.colcon_core.verb:Building package 'manipulator_moveit' with the following arguments: {'ament_cmake_args': None, 'build_base': '/home/raj/robotic_arm/build/manipulator_moveit', 'catkin_cmake_args': None, 'catkin_skip_building_tests': False, 'cmake_args': None, 'cmake_clean_cache': False, 'cmake_clean_first': False, 'cmake_force_configure': False, 'cmake_target': None, 'cmake_target_skip_unavailable': False, 'install_base': '/home/raj/robotic_arm/install/manipulator_moveit', 'merge_install': False, 'path': '/home/raj/robotic_arm/src/manipulator_moveit', 'symlink_install': False, 'test_result_base': None}
[0.194s] Level 5:colcon.colcon_core.verb:set package 'manipulator_msgs' build argument 'cmake_args' from command line to 'None'
[0.194s] Level 5:colcon.colcon_core.verb:set package 'manipulator_msgs' build argument 'cmake_target' from command line to 'None'
[0.194s] Level 5:colcon.colcon_core.verb:set package 'manipulator_msgs' build argument 'cmake_target_skip_unavailable' from command line to 'False'
[0.194s] Level 5:colcon.colcon_core.verb:set package 'manipulator_msgs' build argument 'cmake_clean_cache' from command line to 'False'
[0.194s] Level 5:colcon.colcon_core.verb:set package 'manipulator_msgs' build argument 'cmake_clean_first' from command line to 'False'
[0.194s] Level 5:colcon.colcon_core.verb:set package 'manipulator_msgs' build argument 'cmake_force_configure' from command line to 'False'
[0.194s] Level 5:colcon.colcon_core.verb:set package 'manipulator_msgs' build argument 'ament_cmake_args' from command line to 'None'
[0.194s] Level 5:colcon.colcon_core.verb:set package 'manipulator_msgs' build argument 'catkin_cmake_args' from command line to 'None'
[0.194s] Level 5:colcon.colcon_core.verb:set package 'manipulator_msgs' build argument 'catkin_skip_building_tests' from command line to 'False'
[0.194s] DEBUG:colcon.colcon_core.verb:Building package 'manipulator_msgs' with the following arguments: {'ament_cmake_args': None, 'build_base': '/home/raj/robotic_arm/build/manipulator_msgs', 'catkin_cmake_args': None, 'catkin_skip_building_tests': False, 'cmake_args': None, 'cmake_clean_cache': False, 'cmake_clean_first': False, 'cmake_force_configure': False, 'cmake_target': None, 'cmake_target_skip_unavailable': False, 'install_base': '/home/raj/robotic_arm/install/manipulator_msgs', 'merge_install': False, 'path': '/home/raj/robotic_arm/src/manipulator_msgs', 'symlink_install': False, 'test_result_base': None}
[0.194s] Level 5:colcon.colcon_core.verb:set package 'manipulator_remote' build argument 'cmake_args' from command line to 'None'
[0.194s] Level 5:colcon.colcon_core.verb:set package 'manipulator_remote' build argument 'cmake_target' from command line to 'None'
[0.195s] Level 5:colcon.colcon_core.verb:set package 'manipulator_remote' build argument 'cmake_target_skip_unavailable' from command line to 'False'
[0.195s] Level 5:colcon.colcon_core.verb:set package 'manipulator_remote' build argument 'cmake_clean_cache' from command line to 'False'
[0.195s] Level 5:colcon.colcon_core.verb:set package 'manipulator_remote' build argument 'cmake_clean_first' from command line to 'False'
[0.195s] Level 5:colcon.colcon_core.verb:set package 'manipulator_remote' build argument 'cmake_force_configure' from command line to 'False'
[0.195s] Level 5:colcon.colcon_core.verb:set package 'manipulator_remote' build argument 'ament_cmake_args' from command line to 'None'
[0.195s] Level 5:colcon.colcon_core.verb:set package 'manipulator_remote' build argument 'catkin_cmake_args' from command line to 'None'
[0.195s] Level 5:colcon.colcon_core.verb:set package 'manipulator_remote' build argument 'catkin_skip_building_tests' from command line to 'False'
[0.195s] DEBUG:colcon.colcon_core.verb:Building package 'manipulator_remote' with the following arguments: {'ament_cmake_args': None, 'build_base': '/home/raj/robotic_arm/build/manipulator_remote', 'catkin_cmake_args': None, 'catkin_skip_building_tests': False, 'cmake_args': None, 'cmake_clean_cache': False, 'cmake_clean_first': False, 'cmake_force_configure': False, 'cmake_target': None, 'cmake_target_skip_unavailable': False, 'install_base': '/home/raj/robotic_arm/install/manipulator_remote', 'merge_install': False, 'path': '/home/raj/robotic_arm/src/manipulator_remote', 'symlink_install': False, 'test_result_base': None}
[0.195s] Level 5:colcon.colcon_core.verb:set package 'manipulator_utils' build argument 'cmake_args' from command line to 'None'
[0.195s] Level 5:colcon.colcon_core.verb:set package 'manipulator_utils' build argument 'cmake_target' from command line to 'None'
[0.195s] Level 5:colcon.colcon_core.verb:set package 'manipulator_utils' build argument 'cmake_target_skip_unavailable' from command line to 'False'
[0.195s] Level 5:colcon.colcon_core.verb:set package 'manipulator_utils' build argument 'cmake_clean_cache' from command line to 'False'
[0.195s] Level 5:colcon.colcon_core.verb:set package 'manipulator_utils' build argument 'cmake_clean_first' from command line to 'False'
[0.195s] Level 5:colcon.colcon_core.verb:set package 'manipulator_utils' build argument 'cmake_force_configure' from command line to 'False'
[0.195s] Level 5:colcon.colcon_core.verb:set package 'manipulator_utils' build argument 'ament_cmake_args' from command line to 'None'
[0.195s] Level 5:colcon.colcon_core.verb:set package 'manipulator_utils' build argument 'catkin_cmake_args' from command line to 'None'
[0.195s] Level 5:colcon.colcon_core.verb:set package 'manipulator_utils' build argument 'catkin_skip_building_tests' from command line to 'False'
[0.195s] DEBUG:colcon.colcon_core.verb:Building package 'manipulator_utils' with the following arguments: {'ament_cmake_args': None, 'build_base': '/home/raj/robotic_arm/build/manipulator_utils', 'catkin_cmake_args': None, 'catkin_skip_building_tests': False, 'cmake_args': None, 'cmake_clean_cache': False, 'cmake_clean_first': False, 'cmake_force_configure': False, 'cmake_target': None, 'cmake_target_skip_unavailable': False, 'install_base': '/home/raj/robotic_arm/install/manipulator_utils', 'merge_install': False, 'path': '/home/raj/robotic_arm/src/manipulator_utils', 'symlink_install': False, 'test_result_base': None}
[0.195s] Level 5:colcon.colcon_core.verb:set package 'simple_task' build argument 'cmake_args' from command line to 'None'
[0.195s] Level 5:colcon.colcon_core.verb:set package 'simple_task' build argument 'cmake_target' from command line to 'None'
[0.195s] Level 5:colcon.colcon_core.verb:set package 'simple_task' build argument 'cmake_target_skip_unavailable' from command line to 'False'
[0.195s] Level 5:colcon.colcon_core.verb:set package 'simple_task' build argument 'cmake_clean_cache' from command line to 'False'
[0.195s] Level 5:colcon.colcon_core.verb:set package 'simple_task' build argument 'cmake_clean_first' from command line to 'False'
[0.195s] Level 5:colcon.colcon_core.verb:set package 'simple_task' build argument 'cmake_force_configure' from command line to 'False'
[0.195s] Level 5:colcon.colcon_core.verb:set package 'simple_task' build argument 'ament_cmake_args' from command line to 'None'
[0.195s] Level 5:colcon.colcon_core.verb:set package 'simple_task' build argument 'catkin_cmake_args' from command line to 'None'
[0.195s] Level 5:colcon.colcon_core.verb:set package 'simple_task' build argument 'catkin_skip_building_tests' from command line to 'False'
[0.195s] DEBUG:colcon.colcon_core.verb:Building package 'simple_task' with the following arguments: {'ament_cmake_args': None, 'build_base': '/home/raj/robotic_arm/build/simple_task', 'catkin_cmake_args': None, 'catkin_skip_building_tests': False, 'cmake_args': None, 'cmake_clean_cache': False, 'cmake_clean_first': False, 'cmake_force_configure': False, 'cmake_target': None, 'cmake_target_skip_unavailable': False, 'install_base': '/home/raj/robotic_arm/install/simple_task', 'merge_install': False, 'path': '/home/raj/robotic_arm/src/simple_task', 'symlink_install': False, 'test_result_base': None}
[0.195s] INFO:colcon.colcon_core.executor:Executing jobs using 'parallel' executor
[0.196s] DEBUG:colcon.colcon_parallel_executor.executor.parallel:run_until_complete
[0.196s] INFO:colcon.colcon_ros.task.ament_cmake.build:Building ROS package in '/home/raj/robotic_arm/src/manipulator_msgs' with build type 'ament_cmake'
[0.196s] INFO:colcon.colcon_cmake.task.cmake.build:Building CMake package in '/home/raj/robotic_arm/src/manipulator_msgs'
[0.198s] INFO:colcon.colcon_core.plugin_system:Skipping extension 'colcon_core.shell.bat': Not used on non-Windows systems
[0.198s] INFO:colcon.colcon_core.shell:Skip shell extension 'powershell' for command environment: Not usable outside of PowerShell
[0.198s] DEBUG:colcon.colcon_core.shell:Skip shell extension 'dsv' for command environment
[0.201s] INFO:colcon.colcon_ros.task.ament_cmake.build:Building ROS package in '/home/raj/robotic_arm/src/manipulator_moveit' with build type 'ament_cmake'
[0.201s] INFO:colcon.colcon_cmake.task.cmake.build:Building CMake package in '/home/raj/robotic_arm/src/manipulator_moveit'
[0.201s] INFO:colcon.colcon_core.shell:Skip shell extension 'powershell' for command environment: Not usable outside of PowerShell
[0.201s] DEBUG:colcon.colcon_core.shell:Skip shell extension 'dsv' for command environment
[0.204s] INFO:colcon.colcon_ros.task.ament_cmake.build:Building ROS package in '/home/raj/robotic_arm/src/manipulator_bringup' with build type 'ament_cmake'
[0.204s] INFO:colcon.colcon_cmake.task.cmake.build:Building CMake package in '/home/raj/robotic_arm/src/manipulator_bringup'
[0.204s] INFO:colcon.colcon_core.shell:Skip shell extension 'powershell' for command environment: Not usable outside of PowerShell
[0.204s] DEBUG:colcon.colcon_core.shell:Skip shell extension 'dsv' for command environment
[0.207s] INFO:colcon.colcon_ros.task.ament_python.build:Building ROS package in '/home/raj/robotic_arm/src/manipulator_controller' with build type 'ament_python'
[0.207s] Level 1:colcon.colcon_core.shell:create_environment_hook('manipulator_controller', 'ament_prefix_path')
[0.207s] INFO:colcon.colcon_core.shell:Creating environment hook '/home/raj/robotic_arm/install/manipulator_controller/share/manipulator_controller/hook/ament_prefix_path.ps1'
[0.208s] INFO:colcon.colcon_core.shell:Creating environment descriptor '/home/raj/robotic_arm/install/manipulator_controller/share/manipulator_controller/hook/ament_prefix_path.dsv'
[0.208s] INFO:colcon.colcon_core.shell:Creating environment hook '/home/raj/robotic_arm/install/manipulator_controller/share/manipulator_controller/hook/ament_prefix_path.sh'
[0.209s] INFO:colcon.colcon_core.shell:Skip shell extension 'powershell' for command environment: Not usable outside of PowerShell
[0.209s] DEBUG:colcon.colcon_core.shell:Skip shell extension 'dsv' for command environment
[0.211s] INFO:colcon.colcon_ros.task.ament_python.build:Building ROS package in '/home/raj/robotic_arm/src/manipulator_description' with build type 'ament_python'
[0.212s] Level 1:colcon.colcon_core.shell:create_environment_hook('manipulator_description', 'ament_prefix_path')
[0.212s] INFO:colcon.colcon_core.shell:Creating environment hook '/home/raj/robotic_arm/install/manipulator_description/share/manipulator_description/hook/ament_prefix_path.ps1'
[0.212s] INFO:colcon.colcon_core.shell:Creating environment descriptor '/home/raj/robotic_arm/install/manipulator_description/share/manipulator_description/hook/ament_prefix_path.dsv'
[0.212s] INFO:colcon.colcon_core.shell:Creating environment hook '/home/raj/robotic_arm/install/manipulator_description/share/manipulator_description/hook/ament_prefix_path.sh'
[0.213s] INFO:colcon.colcon_core.shell:Skip shell extension 'powershell' for command environment: Not usable outside of PowerShell
[0.213s] DEBUG:colcon.colcon_core.shell:Skip shell extension 'dsv' for command environment
[0.219s] DEBUG:colcon.colcon_core.event_handler.log_command:Invoking command in '/home/raj/robotic_arm/build/manipulator_msgs': CMAKE_PREFIX_PATH=${CMAKE_PREFIX_PATH}:/opt/ros/jazzy DEBUGINFOD_URLS=https://debuginfod.ubuntu.com /usr/bin/cmake --build /home/raj/robotic_arm/build/manipulator_msgs -- -j32 -l32
[0.220s] DEBUG:colcon.colcon_core.event_handler.log_command:Invoking command in '/home/raj/robotic_arm/build/manipulator_moveit': CMAKE_PREFIX_PATH=${CMAKE_PREFIX_PATH}:/opt/ros/jazzy DEBUGINFOD_URLS=https://debuginfod.ubuntu.com /usr/bin/cmake --build /home/raj/robotic_arm/build/manipulator_moveit -- -j32 -l32
[0.222s] DEBUG:colcon.colcon_core.event_handler.log_command:Invoking command in '/home/raj/robotic_arm/build/manipulator_bringup': CMAKE_PREFIX_PATH=${CMAKE_PREFIX_PATH}:/opt/ros/jazzy DEBUGINFOD_URLS=https://debuginfod.ubuntu.com /usr/bin/cmake --build /home/raj/robotic_arm/build/manipulator_bringup -- -j32 -l32
[0.380s] INFO:colcon.colcon_core.task.python.build:Building Python package in '/home/raj/robotic_arm/src/manipulator_controller'
[0.381s] INFO:colcon.colcon_core.shell:Skip shell extension 'powershell' for command environment: Not usable outside of PowerShell
[0.381s] DEBUG:colcon.colcon_core.shell:Skip shell extension 'dsv' for command environment
[0.387s] DEBUG:colcon.colcon_core.event_handler.log_command:Invoked command in '/home/raj/robotic_arm/build/manipulator_moveit' returned '0': CMAKE_PREFIX_PATH=${CMAKE_PREFIX_PATH}:/opt/ros/jazzy DEBUGINFOD_URLS=https://debuginfod.ubuntu.com /usr/bin/cmake --build /home/raj/robotic_arm/build/manipulator_moveit -- -j32 -l32
[0.398s] DEBUG:colcon.colcon_core.event_handler.log_command:Invoking command in '/home/raj/robotic_arm/build/manipulator_moveit': CMAKE_PREFIX_PATH=${CMAKE_PREFIX_PATH}:/opt/ros/jazzy DEBUGINFOD_URLS=https://debuginfod.ubuntu.com /usr/bin/cmake --install /home/raj/robotic_arm/build/manipulator_moveit
[0.563s] INFO:colcon.colcon_core.task.python.build:Building Python package in '/home/raj/robotic_arm/src/manipulator_description'
[0.563s] INFO:colcon.colcon_core.shell:Skip shell extension 'powershell' for command environment: Not usable outside of PowerShell
[0.563s] DEBUG:colcon.colcon_core.shell:Skip shell extension 'dsv' for command environment
[0.570s] DEBUG:colcon.colcon_core.event_handler.log_command:Invoked command in '/home/raj/robotic_arm/build/manipulator_bringup' returned '0': CMAKE_PREFIX_PATH=${CMAKE_PREFIX_PATH}:/opt/ros/jazzy DEBUGINFOD_URLS=https://debuginfod.ubuntu.com /usr/bin/cmake --build /home/raj/robotic_arm/build/manipulator_bringup -- -j32 -l32
[0.571s] Level 1:colcon.colcon_core.environment:create_environment_scripts_only(manipulator_moveit)
[0.571s] DEBUG:colcon.colcon_core.event_handler.log_command:Invoking command in '/home/raj/robotic_arm/build/manipulator_bringup': CMAKE_PREFIX_PATH=${CMAKE_PREFIX_PATH}:/opt/ros/jazzy DEBUGINFOD_URLS=https://debuginfod.ubuntu.com /usr/bin/cmake --install /home/raj/robotic_arm/build/manipulator_bringup
[0.571s] DEBUG:colcon.colcon_core.event_handler.log_command:Invoked command in '/home/raj/robotic_arm/build/manipulator_moveit' returned '0': CMAKE_PREFIX_PATH=${CMAKE_PREFIX_PATH}:/opt/ros/jazzy DEBUGINFOD_URLS=https://debuginfod.ubuntu.com /usr/bin/cmake --install /home/raj/robotic_arm/build/manipulator_moveit
[0.572s] Level 1:colcon.colcon_core.environment:checking '/home/raj/robotic_arm/install/manipulator_moveit' for CMake module files
[0.573s] Level 1:colcon.colcon_core.environment:checking '/home/raj/robotic_arm/install/manipulator_moveit' for CMake config files
[0.573s] Level 1:colcon.colcon_core.shell:create_environment_hook('manipulator_moveit', 'cmake_prefix_path')
[0.573s] INFO:colcon.colcon_core.shell:Creating environment hook '/home/raj/robotic_arm/install/manipulator_moveit/share/manipulator_moveit/hook/cmake_prefix_path.ps1'
[0.573s] INFO:colcon.colcon_core.shell:Creating environment descriptor '/home/raj/robotic_arm/install/manipulator_moveit/share/manipulator_moveit/hook/cmake_prefix_path.dsv'
[0.574s] INFO:colcon.colcon_core.shell:Creating environment hook '/home/raj/robotic_arm/install/manipulator_moveit/share/manipulator_moveit/hook/cmake_prefix_path.sh'
[0.574s] Level 1:colcon.colcon_core.environment:checking '/home/raj/robotic_arm/install/manipulator_moveit/bin'
[0.574s] Level 1:colcon.colcon_core.environment:checking '/home/raj/robotic_arm/install/manipulator_moveit/lib/pkgconfig/manipulator_moveit.pc'
[0.574s] Level 1:colcon.colcon_core.environment:checking '/home/raj/robotic_arm/install/manipulator_moveit/lib/python3.12/site-packages'
[0.575s] Level 1:colcon.colcon_core.environment:checking '/home/raj/robotic_arm/install/manipulator_moveit/bin'
[0.575s] INFO:colcon.colcon_core.shell:Creating package script '/home/raj/robotic_arm/install/manipulator_moveit/share/manipulator_moveit/package.ps1'
[0.575s] INFO:colcon.colcon_core.shell:Creating package descriptor '/home/raj/robotic_arm/install/manipulator_moveit/share/manipulator_moveit/package.dsv'
[0.575s] INFO:colcon.colcon_core.shell:Creating package script '/home/raj/robotic_arm/install/manipulator_moveit/share/manipulator_moveit/package.sh'
[0.576s] INFO:colcon.colcon_core.shell:Creating package script '/home/raj/robotic_arm/install/manipulator_moveit/share/manipulator_moveit/package.bash'
[0.576s] INFO:colcon.colcon_core.shell:Creating package script '/home/raj/robotic_arm/install/manipulator_moveit/share/manipulator_moveit/package.zsh'
[0.577s] Level 1:colcon.colcon_core.environment:create_file_with_runtime_dependencies(/home/raj/robotic_arm/install/manipulator_moveit/share/colcon-core/packages/manipulator_moveit)
[0.577s] Level 1:colcon.colcon_core.environment:create_environment_scripts_only(manipulator_moveit)
[0.577s] Level 1:colcon.colcon_core.environment:checking '/home/raj/robotic_arm/install/manipulator_moveit' for CMake module files
[0.578s] Level 1:colcon.colcon_core.environment:checking '/home/raj/robotic_arm/install/manipulator_moveit' for CMake config files
[0.578s] Level 1:colcon.colcon_core.shell:create_environment_hook('manipulator_moveit', 'cmake_prefix_path')
[0.578s] INFO:colcon.colcon_core.shell:Creating environment hook '/home/raj/robotic_arm/install/manipulator_moveit/share/manipulator_moveit/hook/cmake_prefix_path.ps1'
[0.578s] INFO:colcon.colcon_core.shell:Creating environment descriptor '/home/raj/robotic_arm/install/manipulator_moveit/share/manipulator_moveit/hook/cmake_prefix_path.dsv'
[0.578s] INFO:colcon.colcon_core.shell:Creating environment hook '/home/raj/robotic_arm/install/manipulator_moveit/share/manipulator_moveit/hook/cmake_prefix_path.sh'
[0.579s] Level 1:colcon.colcon_core.environment:checking '/home/raj/robotic_arm/install/manipulator_moveit/bin'
[0.579s] Level 1:colcon.colcon_core.environment:checking '/home/raj/robotic_arm/install/manipulator_moveit/lib/pkgconfig/manipulator_moveit.pc'
[0.579s] Level 1:colcon.colcon_core.environment:checking '/home/raj/robotic_arm/install/manipulator_moveit/lib/python3.12/site-packages'
[0.579s] Level 1:colcon.colcon_core.environment:checking '/home/raj/robotic_arm/install/manipulator_moveit/bin'
[0.579s] INFO:colcon.colcon_core.shell:Creating package script '/home/raj/robotic_arm/install/manipulator_moveit/share/manipulator_moveit/package.ps1'
[0.580s] INFO:colcon.colcon_core.shell:Creating package descriptor '/home/raj/robotic_arm/install/manipulator_moveit/share/manipulator_moveit/package.dsv'
[0.580s] INFO:colcon.colcon_core.shell:Creating package script '/home/raj/robotic_arm/install/manipulator_moveit/share/manipulator_moveit/package.sh'
[0.580s] INFO:colcon.colcon_core.shell:Creating package script '/home/raj/robotic_arm/install/manipulator_moveit/share/manipulator_moveit/package.bash'
[0.580s] INFO:colcon.colcon_core.shell:Creating package script '/home/raj/robotic_arm/install/manipulator_moveit/share/manipulator_moveit/package.zsh'
[0.581s] Level 1:colcon.colcon_core.environment:create_file_with_runtime_dependencies(/home/raj/robotic_arm/install/manipulator_moveit/share/colcon-core/packages/manipulator_moveit)
[0.582s] DEBUG:colcon.colcon_core.event_handler.log_command:Invoked command in '/home/raj/robotic_arm/build/manipulator_msgs' returned '0': CMAKE_PREFIX_PATH=${CMAKE_PREFIX_PATH}:/opt/ros/jazzy DEBUGINFOD_URLS=https://debuginfod.ubuntu.com /usr/bin/cmake --build /home/raj/robotic_arm/build/manipulator_msgs -- -j32 -l32
[0.582s] DEBUG:colcon.colcon_core.event_handler.log_command:Invoking command in '/home/raj/robotic_arm/build/manipulator_msgs': CMAKE_PREFIX_PATH=${CMAKE_PREFIX_PATH}:/opt/ros/jazzy DEBUGINFOD_URLS=https://debuginfod.ubuntu.com /usr/bin/cmake --install /home/raj/robotic_arm/build/manipulator_msgs
[0.586s] Level 1:colcon.colcon_core.environment:create_environment_scripts_only(manipulator_bringup)
[0.586s] Level 1:colcon.colcon_core.environment:checking '/home/raj/robotic_arm/install/manipulator_bringup' for CMake module files
[0.586s] DEBUG:colcon.colcon_core.event_handler.log_command:Invoked command in '/home/raj/robotic_arm/build/manipulator_bringup' returned '0': CMAKE_PREFIX_PATH=${CMAKE_PREFIX_PATH}:/opt/ros/jazzy DEBUGINFOD_URLS=https://debuginfod.ubuntu.com /usr/bin/cmake --install /home/raj/robotic_arm/build/manipulator_bringup
[0.586s] Level 1:colcon.colcon_core.environment:checking '/home/raj/robotic_arm/install/manipulator_bringup' for CMake config files
[0.586s] Level 1:colcon.colcon_core.shell:create_environment_hook('manipulator_bringup', 'cmake_prefix_path')
[0.586s] INFO:colcon.colcon_core.shell:Creating environment hook '/home/raj/robotic_arm/install/manipulator_bringup/share/manipulator_bringup/hook/cmake_prefix_path.ps1'
[0.587s] INFO:colcon.colcon_core.shell:Creating environment descriptor '/home/raj/robotic_arm/install/manipulator_bringup/share/manipulator_bringup/hook/cmake_prefix_path.dsv'
[0.587s] INFO:colcon.colcon_core.shell:Creating environment hook '/home/raj/robotic_arm/install/manipulator_bringup/share/manipulator_bringup/hook/cmake_prefix_path.sh'
[0.587s] Level 1:colcon.colcon_core.environment:checking '/home/raj/robotic_arm/install/manipulator_bringup/bin'
[0.587s] Level 1:colcon.colcon_core.environment:checking '/home/raj/robotic_arm/install/manipulator_bringup/lib/pkgconfig/manipulator_bringup.pc'
[0.588s] Level 1:colcon.colcon_core.environment:checking '/home/raj/robotic_arm/install/manipulator_bringup/lib/python3.12/site-packages'
[0.588s] Level 1:colcon.colcon_core.environment:checking '/home/raj/robotic_arm/install/manipulator_bringup/bin'
[0.588s] INFO:colcon.colcon_core.shell:Creating package script '/home/raj/robotic_arm/install/manipulator_bringup/share/manipulator_bringup/package.ps1'
[0.588s] INFO:colcon.colcon_core.shell:Creating package descriptor '/home/raj/robotic_arm/install/manipulator_bringup/share/manipulator_bringup/package.dsv'
[0.589s] INFO:colcon.colcon_core.shell:Creating package script '/home/raj/robotic_arm/install/manipulator_bringup/share/manipulator_bringup/package.sh'
[0.589s] INFO:colcon.colcon_core.shell:Creating package script '/home/raj/robotic_arm/install/manipulator_bringup/share/manipulator_bringup/package.bash'
[0.589s] INFO:colcon.colcon_core.shell:Creating package script '/home/raj/robotic_arm/install/manipulator_bringup/share/manipulator_bringup/package.zsh'
[0.589s] Level 1:colcon.colcon_core.environment:create_file_with_runtime_dependencies(/home/raj/robotic_arm/install/manipulator_bringup/share/colcon-core/packages/manipulator_bringup)
[0.590s] Level 1:colcon.colcon_core.environment:create_environment_scripts_only(manipulator_bringup)
[0.590s] Level 1:colcon.colcon_core.environment:checking '/home/raj/robotic_arm/install/manipulator_bringup' for CMake module files
[0.590s] Level 1:colcon.colcon_core.environment:checking '/home/raj/robotic_arm/install/manipulator_bringup' for CMake config files
[0.590s] Level 1:colcon.colcon_core.shell:create_environment_hook('manipulator_bringup', 'cmake_prefix_path')
[0.590s] INFO:colcon.colcon_core.shell:Creating environment hook '/home/raj/robotic_arm/install/manipulator_bringup/share/manipulator_bringup/hook/cmake_prefix_path.ps1'
[0.590s] INFO:colcon.colcon_core.shell:Creating environment descriptor '/home/raj/robotic_arm/install/manipulator_bringup/share/manipulator_bringup/hook/cmake_prefix_path.dsv'
[0.591s] INFO:colcon.colcon_core.shell:Creating environment hook '/home/raj/robotic_arm/install/manipulator_bringup/share/manipulator_bringup/hook/cmake_prefix_path.sh'
[0.592s] Level 1:colcon.colcon_core.environment:checking '/home/raj/robotic_arm/install/manipulator_bringup/bin'
[0.593s] Level 1:colcon.colcon_core.environment:checking '/home/raj/robotic_arm/install/manipulator_bringup/lib/pkgconfig/manipulator_bringup.pc'
[0.593s] Level 1:colcon.colcon_core.environment:checking '/home/raj/robotic_arm/install/manipulator_bringup/lib/python3.12/site-packages'
[0.594s] Level 1:colcon.colcon_core.environment:checking '/home/raj/robotic_arm/install/manipulator_bringup/bin'
[0.594s] INFO:colcon.colcon_core.shell:Creating package script '/home/raj/robotic_arm/install/manipulator_bringup/share/manipulator_bringup/package.ps1'
[0.597s] INFO:colcon.colcon_core.shell:Creating package descriptor '/home/raj/robotic_arm/install/manipulator_bringup/share/manipulator_bringup/package.dsv'
[0.598s] INFO:colcon.colcon_core.shell:Creating package script '/home/raj/robotic_arm/install/manipulator_bringup/share/manipulator_bringup/package.sh'
[0.599s] INFO:colcon.colcon_core.shell:Creating package script '/home/raj/robotic_arm/install/manipulator_bringup/share/manipulator_bringup/package.bash'
[0.601s] INFO:colcon.colcon_core.shell:Creating package script '/home/raj/robotic_arm/install/manipulator_bringup/share/manipulator_bringup/package.zsh'
[0.601s] Level 1:colcon.colcon_core.environment:create_file_with_runtime_dependencies(/home/raj/robotic_arm/install/manipulator_bringup/share/colcon-core/packages/manipulator_bringup)
[0.634s] Level 1:colcon.colcon_core.environment:create_environment_scripts_only(manipulator_msgs)
[0.634s] DEBUG:colcon.colcon_core.event_handler.log_command:Invoked command in '/home/raj/robotic_arm/build/manipulator_msgs' returned '0': CMAKE_PREFIX_PATH=${CMAKE_PREFIX_PATH}:/opt/ros/jazzy DEBUGINFOD_URLS=https://debuginfod.ubuntu.com /usr/bin/cmake --install /home/raj/robotic_arm/build/manipulator_msgs
[0.634s] Level 1:colcon.colcon_core.environment:checking '/home/raj/robotic_arm/install/manipulator_msgs' for CMake module files
[0.635s] Level 1:colcon.colcon_core.environment:checking '/home/raj/robotic_arm/install/manipulator_msgs' for CMake config files
[0.635s] Level 1:colcon.colcon_core.shell:create_environment_hook('manipulator_msgs', 'cmake_prefix_path')
[0.635s] INFO:colcon.colcon_core.shell:Creating environment hook '/home/raj/robotic_arm/install/manipulator_msgs/share/manipulator_msgs/hook/cmake_prefix_path.ps1'
[0.635s] INFO:colcon.colcon_core.shell:Creating environment descriptor '/home/raj/robotic_arm/install/manipulator_msgs/share/manipulator_msgs/hook/cmake_prefix_path.dsv'
[0.635s] INFO:colcon.colcon_core.shell:Creating environment hook '/home/raj/robotic_arm/install/manipulator_msgs/share/manipulator_msgs/hook/cmake_prefix_path.sh'
[0.636s] Level 1:colcon.colcon_core.environment:checking '/home/raj/robotic_arm/install/manipulator_msgs/lib'
[0.636s] Level 1:colcon.colcon_core.shell:create_environment_hook('manipulator_msgs', 'ld_library_path_lib')
[0.636s] INFO:colcon.colcon_core.shell:Creating environment hook '/home/raj/robotic_arm/install/manipulator_msgs/share/manipulator_msgs/hook/ld_library_path_lib.ps1'
[0.636s] INFO:colcon.colcon_core.shell:Creating environment descriptor '/home/raj/robotic_arm/install/manipulator_msgs/share/manipulator_msgs/hook/ld_library_path_lib.dsv'
[0.636s] INFO:colcon.colcon_core.shell:Creating environment hook '/home/raj/robotic_arm/install/manipulator_msgs/share/manipulator_msgs/hook/ld_library_path_lib.sh'
[0.637s] Level 1:colcon.colcon_core.environment:checking '/home/raj/robotic_arm/install/manipulator_msgs/bin'
[0.637s] Level 1:colcon.colcon_core.environment:checking '/home/raj/robotic_arm/install/manipulator_msgs/lib/pkgconfig/manipulator_msgs.pc'
[0.637s] Level 1:colcon.colcon_core.environment:checking '/home/raj/robotic_arm/install/manipulator_msgs/lib/python3.12/site-packages'
[0.637s] Level 1:colcon.colcon_core.shell:create_environment_hook('manipulator_msgs', 'pythonpath')
[0.637s] INFO:colcon.colcon_core.shell:Creating environment hook '/home/raj/robotic_arm/install/manipulator_msgs/share/manipulator_msgs/hook/pythonpath.ps1'
[0.637s] INFO:colcon.colcon_core.shell:Creating environment descriptor '/home/raj/robotic_arm/install/manipulator_msgs/share/manipulator_msgs/hook/pythonpath.dsv'
[0.637s] INFO:colcon.colcon_core.shell:Creating environment hook '/home/raj/robotic_arm/install/manipulator_msgs/share/manipulator_msgs/hook/pythonpath.sh'
[0.638s] Level 1:colcon.colcon_core.environment:checking '/home/raj/robotic_arm/install/manipulator_msgs/bin'
[0.638s] INFO:colcon.colcon_core.shell:Creating package script '/home/raj/robotic_arm/install/manipulator_msgs/share/manipulator_msgs/package.ps1'
[0.638s] INFO:colcon.colcon_core.shell:Creating package descriptor '/home/raj/robotic_arm/install/manipulator_msgs/share/manipulator_msgs/package.dsv'
[0.639s] INFO:colcon.colcon_core.shell:Creating package script '/home/raj/robotic_arm/install/manipulator_msgs/share/manipulator_msgs/package.sh'
[0.639s] INFO:colcon.colcon_core.shell:Creating package script '/home/raj/robotic_arm/install/manipulator_msgs/share/manipulator_msgs/package.bash'
[0.639s] INFO:colcon.colcon_core.shell:Creating package script '/home/raj/robotic_arm/install/manipulator_msgs/share/manipulator_msgs/package.zsh'
[0.639s] Level 1:colcon.colcon_core.environment:create_file_with_runtime_dependencies(/home/raj/robotic_arm/install/manipulator_msgs/share/colcon-core/packages/manipulator_msgs)
[0.639s] Level 1:colcon.colcon_core.environment:create_environment_scripts_only(manipulator_msgs)
[0.640s] Level 1:colcon.colcon_core.environment:checking '/home/raj/robotic_arm/install/manipulator_msgs' for CMake module files
[0.640s] Level 1:colcon.colcon_core.environment:checking '/home/raj/robotic_arm/install/manipulator_msgs' for CMake config files
[0.640s] Level 1:colcon.colcon_core.shell:create_environment_hook('manipulator_msgs', 'cmake_prefix_path')
[0.640s] INFO:colcon.colcon_core.shell:Creating environment hook '/home/raj/robotic_arm/install/manipulator_msgs/share/manipulator_msgs/hook/cmake_prefix_path.ps1'
[0.640s] INFO:colcon.colcon_core.shell:Creating environment descriptor '/home/raj/robotic_arm/install/manipulator_msgs/share/manipulator_msgs/hook/cmake_prefix_path.dsv'
[0.641s] INFO:colcon.colcon_core.shell:Creating environment hook '/home/raj/robotic_arm/install/manipulator_msgs/share/manipulator_msgs/hook/cmake_prefix_path.sh'
[0.641s] Level 1:colcon.colcon_core.environment:checking '/home/raj/robotic_arm/install/manipulator_msgs/lib'
[0.641s] Level 1:colcon.colcon_core.shell:create_environment_hook('manipulator_msgs', 'ld_library_path_lib')
[0.641s] INFO:colcon.colcon_core.shell:Creating environment hook '/home/raj/robotic_arm/install/manipulator_msgs/share/manipulator_msgs/hook/ld_library_path_lib.ps1'
[0.641s] INFO:colcon.colcon_core.shell:Creating environment descriptor '/home/raj/robotic_arm/install/manipulator_msgs/share/manipulator_msgs/hook/ld_library_path_lib.dsv'
[0.641s] INFO:colcon.colcon_core.shell:Creating environment hook '/home/raj/robotic_arm/install/manipulator_msgs/share/manipulator_msgs/hook/ld_library_path_lib.sh'
[0.642s] Level 1:colcon.colcon_core.environment:checking '/home/raj/robotic_arm/install/manipulator_msgs/bin'
[0.642s] Level 1:colcon.colcon_core.environment:checking '/home/raj/robotic_arm/install/manipulator_msgs/lib/pkgconfig/manipulator_msgs.pc'
[0.642s] Level 1:colcon.colcon_core.environment:checking '/home/raj/robotic_arm/install/manipulator_msgs/lib/python3.12/site-packages'
[0.642s] Level 1:colcon.colcon_core.shell:create_environment_hook('manipulator_msgs', 'pythonpath')
[0.642s] INFO:colcon.colcon_core.shell:Creating environment hook '/home/raj/robotic_arm/install/manipulator_msgs/share/manipulator_msgs/hook/pythonpath.ps1'
[0.642s] INFO:colcon.colcon_core.shell:Creating environment descriptor '/home/raj/robotic_arm/install/manipulator_msgs/share/manipulator_msgs/hook/pythonpath.dsv'
[0.642s] INFO:colcon.colcon_core.shell:Creating environment hook '/home/raj/robotic_arm/install/manipulator_msgs/share/manipulator_msgs/hook/pythonpath.sh'
[0.643s] Level 1:colcon.colcon_core.environment:checking '/home/raj/robotic_arm/install/manipulator_msgs/bin'
[0.643s] INFO:colcon.colcon_core.shell:Creating package script '/home/raj/robotic_arm/install/manipulator_msgs/share/manipulator_msgs/package.ps1'
[0.643s] INFO:colcon.colcon_core.shell:Creating package descriptor '/home/raj/robotic_arm/install/manipulator_msgs/share/manipulator_msgs/package.dsv'
[0.643s] INFO:colcon.colcon_core.shell:Creating package script '/home/raj/robotic_arm/install/manipulator_msgs/share/manipulator_msgs/package.sh'
[0.644s] INFO:colcon.colcon_core.shell:Creating package script '/home/raj/robotic_arm/install/manipulator_msgs/share/manipulator_msgs/package.bash'
[0.644s] INFO:colcon.colcon_core.shell:Creating package script '/home/raj/robotic_arm/install/manipulator_msgs/share/manipulator_msgs/package.zsh'
[0.644s] Level 1:colcon.colcon_core.environment:create_file_with_runtime_dependencies(/home/raj/robotic_arm/install/manipulator_msgs/share/colcon-core/packages/manipulator_msgs)
[0.644s] INFO:colcon.colcon_ros.task.ament_cmake.build:Building ROS package in '/home/raj/robotic_arm/src/manipulator_remote' with build type 'ament_cmake'
[0.644s] INFO:colcon.colcon_cmake.task.cmake.build:Building CMake package in '/home/raj/robotic_arm/src/manipulator_remote'
[0.644s] INFO:colcon.colcon_core.shell:Skip shell extension 'powershell' for command environment: Not usable outside of PowerShell
[0.645s] DEBUG:colcon.colcon_core.shell:Skip shell extension 'dsv' for command environment
[0.647s] INFO:colcon.colcon_ros.task.ament_python.build:Building ROS package in '/home/raj/robotic_arm/src/manipulator_utils' with build type 'ament_python'
[0.647s] Level 1:colcon.colcon_core.shell:create_environment_hook('manipulator_utils', 'ament_prefix_path')
[0.647s] INFO:colcon.colcon_core.shell:Creating environment hook '/home/raj/robotic_arm/install/manipulator_utils/share/manipulator_utils/hook/ament_prefix_path.ps1'
[0.647s] INFO:colcon.colcon_core.shell:Creating environment descriptor '/home/raj/robotic_arm/install/manipulator_utils/share/manipulator_utils/hook/ament_prefix_path.dsv'
[0.648s] INFO:colcon.colcon_core.shell:Creating environment hook '/home/raj/robotic_arm/install/manipulator_utils/share/manipulator_utils/hook/ament_prefix_path.sh'
[0.648s] INFO:colcon.colcon_core.shell:Skip shell extension 'powershell' for command environment: Not usable outside of PowerShell
[0.648s] DEBUG:colcon.colcon_core.shell:Skip shell extension 'dsv' for command environment
[0.650s] INFO:colcon.colcon_ros.task.ament_python.build:Building ROS package in '/home/raj/robotic_arm/src/simple_task' with build type 'ament_python'
[0.650s] Level 1:colcon.colcon_core.shell:create_environment_hook('simple_task', 'ament_prefix_path')
[0.650s] INFO:colcon.colcon_core.shell:Creating environment hook '/home/raj/robotic_arm/install/simple_task/share/simple_task/hook/ament_prefix_path.ps1'
[0.651s] INFO:colcon.colcon_core.shell:Creating environment descriptor '/home/raj/robotic_arm/install/simple_task/share/simple_task/hook/ament_prefix_path.dsv'
[0.651s] INFO:colcon.colcon_core.shell:Creating environment hook '/home/raj/robotic_arm/install/simple_task/share/simple_task/hook/ament_prefix_path.sh'
[0.651s] INFO:colcon.colcon_core.shell:Skip shell extension 'powershell' for command environment: Not usable outside of PowerShell
[0.651s] DEBUG:colcon.colcon_core.shell:Skip shell extension 'dsv' for command environment
[0.655s] DEBUG:colcon.colcon_core.event_handler.log_command:Invoking command in '/home/raj/robotic_arm/build/manipulator_remote': AMENT_PREFIX_PATH=/home/raj/robotic_arm/install/manipulator_msgs:/home/raj/robotic_arm/install/manipulator_moveit:${AMENT_PREFIX_PATH} CMAKE_PREFIX_PATH=/home/raj/robotic_arm/install/manipulator_msgs:/home/raj/robotic_arm/install/manipulator_moveit:/opt/ros/jazzy/opt/gz_sim_vendor:/opt/ros/jazzy/opt/gz_sensors_vendor:/opt/ros/jazzy/opt/gz_physics_vendor:/opt/ros/jazzy/opt/sdformat_vendor:/opt/ros/jazzy/opt/gz_gui_vendor:/opt/ros/jazzy/opt/gz_transport_vendor:/opt/ros/jazzy/opt/gz_rendering_vendor:/opt/ros/jazzy/opt/gz_plugin_vendor:/opt/ros/jazzy/opt/gz_fuel_tools_vendor:/opt/ros/jazzy/opt/gz_msgs_vendor:/opt/ros/jazzy/opt/gz_common_vendor:/opt/ros/jazzy/opt/gz_math_vendor:/opt/ros/jazzy/opt/gz_utils_vendor:/opt/ros/jazzy/opt/gz_tools_vendor:/opt/ros/jazzy/opt/gz_ogre_next_vendor:/opt/ros/jazzy/opt/gz_dartsim_vendor:/opt/ros/jazzy/opt/gz_cmake_vendor:/opt/ros/jazzy DEBUGINFOD_URLS=https://debuginfod.ubuntu.com LD_LIBRARY_PATH=/home/raj/robotic_arm/install/manipulator_msgs/lib:${LD_LIBRARY_PATH} PYTHONPATH=/home/raj/robotic_arm/install/manipulator_msgs/lib/python3.12/site-packages:${PYTHONPATH} /usr/bin/cmake --build /home/raj/robotic_arm/build/manipulator_remote -- -j32 -l32
[0.770s] INFO:colcon.colcon_core.task.python.build:Building Python package in '/home/raj/robotic_arm/src/manipulator_utils'
[0.770s] INFO:colcon.colcon_core.shell:Skip shell extension 'powershell' for command environment: Not usable outside of PowerShell
[0.770s] DEBUG:colcon.colcon_core.shell:Skip shell extension 'dsv' for command environment
[0.887s] INFO:colcon.colcon_core.task.python.build:Building Python package in '/home/raj/robotic_arm/src/simple_task'
[0.887s] INFO:colcon.colcon_core.shell:Skip shell extension 'powershell' for command environment: Not usable outside of PowerShell
[0.887s] DEBUG:colcon.colcon_core.shell:Skip shell extension 'dsv' for command environment
[0.897s] DEBUG:colcon.colcon_core.event_handler.log_command:Invoking command in '/home/raj/robotic_arm/src/manipulator_controller': DEBUGINFOD_URLS=https://debuginfod.ubuntu.com PYTHONPATH=/home/raj/robotic_arm/build/manipulator_controller/prefix_override:/usr/lib/python3/dist-packages/colcon_core/task/python/colcon_distutils_commands:/home/raj/robotic_arm/install/manipulator_controller/lib/python3.12/site-packages:${PYTHONPATH} /usr/bin/python3 -W ignore:setup.py install is deprecated -W ignore:easy_install command is deprecated setup.py egg_info --egg-base ../../build/manipulator_controller build --build-base /home/raj/robotic_arm/build/manipulator_controller/build install --record /home/raj/robotic_arm/build/manipulator_controller/install.log --single-version-externally-managed install_data
[0.897s] DEBUG:colcon.colcon_core.event_handler.log_command:Invoked command in '/home/raj/robotic_arm/build/manipulator_remote' returned '0': AMENT_PREFIX_PATH=/home/raj/robotic_arm/install/manipulator_msgs:/home/raj/robotic_arm/install/manipulator_moveit:${AMENT_PREFIX_PATH} CMAKE_PREFIX_PATH=/home/raj/robotic_arm/install/manipulator_msgs:/home/raj/robotic_arm/install/manipulator_moveit:/opt/ros/jazzy/opt/gz_sim_vendor:/opt/ros/jazzy/opt/gz_sensors_vendor:/opt/ros/jazzy/opt/gz_physics_vendor:/opt/ros/jazzy/opt/sdformat_vendor:/opt/ros/jazzy/opt/gz_gui_vendor:/opt/ros/jazzy/opt/gz_transport_vendor:/opt/ros/jazzy/opt/gz_rendering_vendor:/opt/ros/jazzy/opt/gz_plugin_vendor:/opt/ros/jazzy/opt/gz_fuel_tools_vendor:/opt/ros/jazzy/opt/gz_msgs_vendor:/opt/ros/jazzy/opt/gz_common_vendor:/opt/ros/jazzy/opt/gz_math_vendor:/opt/ros/jazzy/opt/gz_utils_vendor:/opt/ros/jazzy/opt/gz_tools_vendor:/opt/ros/jazzy/opt/gz_ogre_next_vendor:/opt/ros/jazzy/opt/gz_dartsim_vendor:/opt/ros/jazzy/opt/gz_cmake_vendor:/opt/ros/jazzy DEBUGINFOD_URLS=https://debuginfod.ubuntu.com LD_LIBRARY_PATH=/home/raj/robotic_arm/install/manipulator_msgs/lib:${LD_LIBRARY_PATH} PYTHONPATH=/home/raj/robotic_arm/install/manipulator_msgs/lib/python3.12/site-packages:${PYTHONPATH} /usr/bin/cmake --build /home/raj/robotic_arm/build/manipulator_remote -- -j32 -l32
[0.897s] DEBUG:colcon.colcon_core.event_handler.log_command:Invoking command in '/home/raj/robotic_arm/build/manipulator_remote': AMENT_PREFIX_PATH=/home/raj/robotic_arm/install/manipulator_msgs:/home/raj/robotic_arm/install/manipulator_moveit:${AMENT_PREFIX_PATH} CMAKE_PREFIX_PATH=/home/raj/robotic_arm/install/manipulator_msgs:/home/raj/robotic_arm/install/manipulator_moveit:/opt/ros/jazzy/opt/gz_sim_vendor:/opt/ros/jazzy/opt/gz_sensors_vendor:/opt/ros/jazzy/opt/gz_physics_vendor:/opt/ros/jazzy/opt/sdformat_vendor:/opt/ros/jazzy/opt/gz_gui_vendor:/opt/ros/jazzy/opt/gz_transport_vendor:/opt/ros/jazzy/opt/gz_rendering_vendor:/opt/ros/jazzy/opt/gz_plugin_vendor:/opt/ros/jazzy/opt/gz_fuel_tools_vendor:/opt/ros/jazzy/opt/gz_msgs_vendor:/opt/ros/jazzy/opt/gz_common_vendor:/opt/ros/jazzy/opt/gz_math_vendor:/opt/ros/jazzy/opt/gz_utils_vendor:/opt/ros/jazzy/opt/gz_tools_vendor:/opt/ros/jazzy/opt/gz_ogre_next_vendor:/opt/ros/jazzy/opt/gz_dartsim_vendor:/opt/ros/jazzy/opt/gz_cmake_vendor:/opt/ros/jazzy DEBUGINFOD_URLS=https://debuginfod.ubuntu.com LD_LIBRARY_PATH=/home/raj/robotic_arm/install/manipulator_msgs/lib:${LD_LIBRARY_PATH} PYTHONPATH=/home/raj/robotic_arm/install/manipulator_msgs/lib/python3.12/site-packages:${PYTHONPATH} /usr/bin/cmake --install /home/raj/robotic_arm/build/manipulator_remote
[0.914s] DEBUG:colcon.colcon_core.event_handler.log_command:Invoking command in '/home/raj/robotic_arm/src/manipulator_description': DEBUGINFOD_URLS=https://debuginfod.ubuntu.com PYTHONPATH=/home/raj/robotic_arm/build/manipulator_description/prefix_override:/usr/lib/python3/dist-packages/colcon_core/task/python/colcon_distutils_commands:/home/raj/robotic_arm/install/manipulator_description/lib/python3.12/site-packages:${PYTHONPATH} /usr/bin/python3 -W ignore:setup.py install is deprecated -W ignore:easy_install command is deprecated setup.py egg_info --egg-base ../../build/manipulator_description build --build-base /home/raj/robotic_arm/build/manipulator_description/build install --record /home/raj/robotic_arm/build/manipulator_description/install.log --single-version-externally-managed install_data
[0.932s] Level 1:colcon.colcon_core.environment:create_environment_scripts_only(manipulator_remote)
[0.932s] Level 1:colcon.colcon_core.environment:checking '/home/raj/robotic_arm/install/manipulator_remote' for CMake module files
[0.933s] DEBUG:colcon.colcon_core.event_handler.log_command:Invoked command in '/home/raj/robotic_arm/build/manipulator_remote' returned '0': AMENT_PREFIX_PATH=/home/raj/robotic_arm/install/manipulator_msgs:/home/raj/robotic_arm/install/manipulator_moveit:${AMENT_PREFIX_PATH} CMAKE_PREFIX_PATH=/home/raj/robotic_arm/install/manipulator_msgs:/home/raj/robotic_arm/install/manipulator_moveit:/opt/ros/jazzy/opt/gz_sim_vendor:/opt/ros/jazzy/opt/gz_sensors_vendor:/opt/ros/jazzy/opt/gz_physics_vendor:/opt/ros/jazzy/opt/sdformat_vendor:/opt/ros/jazzy/opt/gz_gui_vendor:/opt/ros/jazzy/opt/gz_transport_vendor:/opt/ros/jazzy/opt/gz_rendering_vendor:/opt/ros/jazzy/opt/gz_plugin_vendor:/opt/ros/jazzy/opt/gz_fuel_tools_vendor:/opt/ros/jazzy/opt/gz_msgs_vendor:/opt/ros/jazzy/opt/gz_common_vendor:/opt/ros/jazzy/opt/gz_math_vendor:/opt/ros/jazzy/opt/gz_utils_vendor:/opt/ros/jazzy/opt/gz_tools_vendor:/opt/ros/jazzy/opt/gz_ogre_next_vendor:/opt/ros/jazzy/opt/gz_dartsim_vendor:/opt/ros/jazzy/opt/gz_cmake_vendor:/opt/ros/jazzy DEBUGINFOD_URLS=https://debuginfod.ubuntu.com LD_LIBRARY_PATH=/home/raj/robotic_arm/install/manipulator_msgs/lib:${LD_LIBRARY_PATH} PYTHONPATH=/home/raj/robotic_arm/install/manipulator_msgs/lib/python3.12/site-packages:${PYTHONPATH} /usr/bin/cmake --install /home/raj/robotic_arm/build/manipulator_remote
[0.933s] Level 1:colcon.colcon_core.environment:checking '/home/raj/robotic_arm/install/manipulator_remote' for CMake config files
[0.933s] Level 1:colcon.colcon_core.shell:create_environment_hook('manipulator_remote', 'cmake_prefix_path')
[0.933s] INFO:colcon.colcon_core.shell:Creating environment hook '/home/raj/robotic_arm/install/manipulator_remote/share/manipulator_remote/hook/cmake_prefix_path.ps1'
[0.933s] INFO:colcon.colcon_core.shell:Creating environment descriptor '/home/raj/robotic_arm/install/manipulator_remote/share/manipulator_remote/hook/cmake_prefix_path.dsv'
[0.934s] INFO:colcon.colcon_core.shell:Creating environment hook '/home/raj/robotic_arm/install/manipulator_remote/share/manipulator_remote/hook/cmake_prefix_path.sh'
[0.934s] Level 1:colcon.colcon_core.environment:checking '/home/raj/robotic_arm/install/manipulator_remote/lib'
[0.934s] Level 1:colcon.colcon_core.environment:checking '/home/raj/robotic_arm/install/manipulator_remote/bin'
[0.934s] Level 1:colcon.colcon_core.environment:checking '/home/raj/robotic_arm/install/manipulator_remote/lib/pkgconfig/manipulator_remote.pc'
[0.934s] Level 1:colcon.colcon_core.environment:checking '/home/raj/robotic_arm/install/manipulator_remote/lib/python3.12/site-packages'
[0.934s] Level 1:colcon.colcon_core.shell:create_environment_hook('manipulator_remote', 'pythonpath')
[0.934s] INFO:colcon.colcon_core.shell:Creating environment hook '/home/raj/robotic_arm/install/manipulator_remote/share/manipulator_remote/hook/pythonpath.ps1'
[0.934s] INFO:colcon.colcon_core.shell:Creating environment descriptor '/home/raj/robotic_arm/install/manipulator_remote/share/manipulator_remote/hook/pythonpath.dsv'
[0.935s] INFO:colcon.colcon_core.shell:Creating environment hook '/home/raj/robotic_arm/install/manipulator_remote/share/manipulator_remote/hook/pythonpath.sh'
[0.935s] Level 1:colcon.colcon_core.environment:checking '/home/raj/robotic_arm/install/manipulator_remote/bin'
[0.935s] INFO:colcon.colcon_core.shell:Creating package script '/home/raj/robotic_arm/install/manipulator_remote/share/manipulator_remote/package.ps1'
[0.935s] INFO:colcon.colcon_core.shell:Creating package descriptor '/home/raj/robotic_arm/install/manipulator_remote/share/manipulator_remote/package.dsv'
[0.936s] INFO:colcon.colcon_core.shell:Creating package script '/home/raj/robotic_arm/install/manipulator_remote/share/manipulator_remote/package.sh'
[0.936s] INFO:colcon.colcon_core.shell:Creating package script '/home/raj/robotic_arm/install/manipulator_remote/share/manipulator_remote/package.bash'
[0.936s] INFO:colcon.colcon_core.shell:Creating package script '/home/raj/robotic_arm/install/manipulator_remote/share/manipulator_remote/package.zsh'
[0.936s] Level 1:colcon.colcon_core.environment:create_file_with_runtime_dependencies(/home/raj/robotic_arm/install/manipulator_remote/share/colcon-core/packages/manipulator_remote)
[0.936s] Level 1:colcon.colcon_core.environment:create_environment_scripts_only(manipulator_remote)
[0.936s] Level 1:colcon.colcon_core.environment:checking '/home/raj/robotic_arm/install/manipulator_remote' for CMake module files
[0.937s] Level 1:colcon.colcon_core.environment:checking '/home/raj/robotic_arm/install/manipulator_remote' for CMake config files
[0.937s] Level 1:colcon.colcon_core.shell:create_environment_hook('manipulator_remote', 'cmake_prefix_path')
[0.937s] INFO:colcon.colcon_core.shell:Creating environment hook '/home/raj/robotic_arm/install/manipulator_remote/share/manipulator_remote/hook/cmake_prefix_path.ps1'
[0.937s] INFO:colcon.colcon_core.shell:Creating environment descriptor '/home/raj/robotic_arm/install/manipulator_remote/share/manipulator_remote/hook/cmake_prefix_path.dsv'
[0.937s] INFO:colcon.colcon_core.shell:Creating environment hook '/home/raj/robotic_arm/install/manipulator_remote/share/manipulator_remote/hook/cmake_prefix_path.sh'
[0.938s] Level 1:colcon.colcon_core.environment:checking '/home/raj/robotic_arm/install/manipulator_remote/lib'
[0.938s] Level 1:colcon.colcon_core.environment:checking '/home/raj/robotic_arm/install/manipulator_remote/bin'
[0.938s] Level 1:colcon.colcon_core.environment:checking '/home/raj/robotic_arm/install/manipulator_remote/lib/pkgconfig/manipulator_remote.pc'
[0.938s] Level 1:colcon.colcon_core.environment:checking '/home/raj/robotic_arm/install/manipulator_remote/lib/python3.12/site-packages'
[0.938s] Level 1:colcon.colcon_core.shell:create_environment_hook('manipulator_remote', 'pythonpath')
[0.938s] INFO:colcon.colcon_core.shell:Creating environment hook '/home/raj/robotic_arm/install/manipulator_remote/share/manipulator_remote/hook/pythonpath.ps1'
[0.938s] INFO:colcon.colcon_core.shell:Creating environment descriptor '/home/raj/robotic_arm/install/manipulator_remote/share/manipulator_remote/hook/pythonpath.dsv'
[0.938s] INFO:colcon.colcon_core.shell:Creating environment hook '/home/raj/robotic_arm/install/manipulator_remote/share/manipulator_remote/hook/pythonpath.sh'
[0.939s] Level 1:colcon.colcon_core.environment:checking '/home/raj/robotic_arm/install/manipulator_remote/bin'
[0.939s] INFO:colcon.colcon_core.shell:Creating package script '/home/raj/robotic_arm/install/manipulator_remote/share/manipulator_remote/package.ps1'
[0.939s] INFO:colcon.colcon_core.shell:Creating package descriptor '/home/raj/robotic_arm/install/manipulator_remote/share/manipulator_remote/package.dsv'
[0.939s] INFO:colcon.colcon_core.shell:Creating package script '/home/raj/robotic_arm/install/manipulator_remote/share/manipulator_remote/package.sh'
[0.939s] INFO:colcon.colcon_core.shell:Creating package script '/home/raj/robotic_arm/install/manipulator_remote/share/manipulator_remote/package.bash'
[0.940s] INFO:colcon.colcon_core.shell:Creating package script '/home/raj/robotic_arm/install/manipulator_remote/share/manipulator_remote/package.zsh'
[0.940s] Level 1:colcon.colcon_core.environment:create_file_with_runtime_dependencies(/home/raj/robotic_arm/install/manipulator_remote/share/colcon-core/packages/manipulator_remote)
[1.181s] Level 1:colcon.colcon_core.environment:checking '/home/raj/robotic_arm/install/manipulator_controller' for CMake module files
[1.181s] DEBUG:colcon.colcon_core.event_handler.log_command:Invoked command in '/home/raj/robotic_arm/src/manipulator_controller' returned '0': DEBUGINFOD_URLS=https://debuginfod.ubuntu.com PYTHONPATH=/home/raj/robotic_arm/build/manipulator_controller/prefix_override:/usr/lib/python3/dist-packages/colcon_core/task/python/colcon_distutils_commands:/home/raj/robotic_arm/install/manipulator_controller/lib/python3.12/site-packages:${PYTHONPATH} /usr/bin/python3 -W ignore:setup.py install is deprecated -W ignore:easy_install command is deprecated setup.py egg_info --egg-base ../../build/manipulator_controller build --build-base /home/raj/robotic_arm/build/manipulator_controller/build install --record /home/raj/robotic_arm/build/manipulator_controller/install.log --single-version-externally-managed install_data
[1.181s] Level 1:colcon.colcon_core.environment:checking '/home/raj/robotic_arm/install/manipulator_controller' for CMake config files
[1.182s] Level 1:colcon.colcon_core.environment:checking '/home/raj/robotic_arm/install/manipulator_controller/lib'
[1.182s] Level 1:colcon.colcon_core.environment:checking '/home/raj/robotic_arm/install/manipulator_controller/bin'
[1.182s] Level 1:colcon.colcon_core.environment:checking '/home/raj/robotic_arm/install/manipulator_controller/lib/pkgconfig/manipulator_controller.pc'
[1.182s] Level 1:colcon.colcon_core.environment:checking '/home/raj/robotic_arm/install/manipulator_controller/lib/python3.12/site-packages'
[1.182s] Level 1:colcon.colcon_core.shell:create_environment_hook('manipulator_controller', 'pythonpath')
[1.182s] INFO:colcon.colcon_core.shell:Creating environment hook '/home/raj/robotic_arm/install/manipulator_controller/share/manipulator_controller/hook/pythonpath.ps1'
[1.182s] INFO:colcon.colcon_core.shell:Creating environment descriptor '/home/raj/robotic_arm/install/manipulator_controller/share/manipulator_controller/hook/pythonpath.dsv'
[1.183s] INFO:colcon.colcon_core.shell:Creating environment hook '/home/raj/robotic_arm/install/manipulator_controller/share/manipulator_controller/hook/pythonpath.sh'
[1.183s] Level 1:colcon.colcon_core.environment:checking '/home/raj/robotic_arm/install/manipulator_controller/bin'
[1.183s] Level 1:colcon.colcon_core.environment:create_environment_scripts_only(manipulator_controller)
[1.183s] INFO:colcon.colcon_core.shell:Creating package script '/home/raj/robotic_arm/install/manipulator_controller/share/manipulator_controller/package.ps1'
[1.183s] INFO:colcon.colcon_core.shell:Creating package descriptor '/home/raj/robotic_arm/install/manipulator_controller/share/manipulator_controller/package.dsv'
[1.184s] INFO:colcon.colcon_core.shell:Creating package script '/home/raj/robotic_arm/install/manipulator_controller/share/manipulator_controller/package.sh'
[1.184s] INFO:colcon.colcon_core.shell:Creating package script '/home/raj/robotic_arm/install/manipulator_controller/share/manipulator_controller/package.bash'
[1.184s] INFO:colcon.colcon_core.shell:Creating package script '/home/raj/robotic_arm/install/manipulator_controller/share/manipulator_controller/package.zsh'
[1.184s] Level 1:colcon.colcon_core.environment:create_file_with_runtime_dependencies(/home/raj/robotic_arm/install/manipulator_controller/share/colcon-core/packages/manipulator_controller)
[1.209s] Level 1:colcon.colcon_core.environment:checking '/home/raj/robotic_arm/install/manipulator_description' for CMake module files
[1.209s] DEBUG:colcon.colcon_core.event_handler.log_command:Invoked command in '/home/raj/robotic_arm/src/manipulator_description' returned '0': DEBUGINFOD_URLS=https://debuginfod.ubuntu.com PYTHONPATH=/home/raj/robotic_arm/build/manipulator_description/prefix_override:/usr/lib/python3/dist-packages/colcon_core/task/python/colcon_distutils_commands:/home/raj/robotic_arm/install/manipulator_description/lib/python3.12/site-packages:${PYTHONPATH} /usr/bin/python3 -W ignore:setup.py install is deprecated -W ignore:easy_install command is deprecated setup.py egg_info --egg-base ../../build/manipulator_description build --build-base /home/raj/robotic_arm/build/manipulator_description/build install --record /home/raj/robotic_arm/build/manipulator_description/install.log --single-version-externally-managed install_data
[1.210s] Level 1:colcon.colcon_core.environment:checking '/home/raj/robotic_arm/install/manipulator_description' for CMake config files
[1.210s] Level 1:colcon.colcon_core.environment:checking '/home/raj/robotic_arm/install/manipulator_description/lib'
[1.210s] Level 1:colcon.colcon_core.environment:checking '/home/raj/robotic_arm/install/manipulator_description/bin'
[1.210s] Level 1:colcon.colcon_core.environment:checking '/home/raj/robotic_arm/install/manipulator_description/lib/pkgconfig/manipulator_description.pc'
[1.210s] Level 1:colcon.colcon_core.environment:checking '/home/raj/robotic_arm/install/manipulator_description/lib/python3.12/site-packages'
[1.210s] Level 1:colcon.colcon_core.shell:create_environment_hook('manipulator_description', 'pythonpath')
[1.210s] INFO:colcon.colcon_core.shell:Creating environment hook '/home/raj/robotic_arm/install/manipulator_description/share/manipulator_description/hook/pythonpath.ps1'
[1.211s] INFO:colcon.colcon_core.shell:Creating environment descriptor '/home/raj/robotic_arm/install/manipulator_description/share/manipulator_description/hook/pythonpath.dsv'
[1.211s] INFO:colcon.colcon_core.shell:Creating environment hook '/home/raj/robotic_arm/install/manipulator_description/share/manipulator_description/hook/pythonpath.sh'
[1.211s] Level 1:colcon.colcon_core.environment:checking '/home/raj/robotic_arm/install/manipulator_description/bin'
[1.211s] Level 1:colcon.colcon_core.environment:create_environment_scripts_only(manipulator_description)
[1.211s] INFO:colcon.colcon_core.shell:Creating package script '/home/raj/robotic_arm/install/manipulator_description/share/manipulator_description/package.ps1'
[1.212s] INFO:colcon.colcon_core.shell:Creating package descriptor '/home/raj/robotic_arm/install/manipulator_description/share/manipulator_description/package.dsv'
[1.212s] INFO:colcon.colcon_core.shell:Creating package script '/home/raj/robotic_arm/install/manipulator_description/share/manipulator_description/package.sh'
[1.212s] INFO:colcon.colcon_core.shell:Creating package script '/home/raj/robotic_arm/install/manipulator_description/share/manipulator_description/package.bash'
[1.212s] INFO:colcon.colcon_core.shell:Creating package script '/home/raj/robotic_arm/install/manipulator_description/share/manipulator_description/package.zsh'
[1.213s] Level 1:colcon.colcon_core.environment:create_file_with_runtime_dependencies(/home/raj/robotic_arm/install/manipulator_description/share/colcon-core/packages/manipulator_description)
[1.214s] DEBUG:colcon.colcon_core.event_handler.log_command:Invoking command in '/home/raj/robotic_arm/src/simple_task': AMENT_PREFIX_PATH=/home/raj/robotic_arm/install/manipulator_msgs:${AMENT_PREFIX_PATH} CMAKE_PREFIX_PATH=/home/raj/robotic_arm/install/manipulator_msgs:${CMAKE_PREFIX_PATH} DEBUGINFOD_URLS=https://debuginfod.ubuntu.com LD_LIBRARY_PATH=/home/raj/robotic_arm/install/manipulator_msgs/lib:${LD_LIBRARY_PATH} PYTHONPATH=/home/raj/robotic_arm/build/simple_task/prefix_override:/usr/lib/python3/dist-packages/colcon_core/task/python/colcon_distutils_commands:/home/raj/robotic_arm/install/simple_task/lib/python3.12/site-packages:/home/raj/robotic_arm/install/manipulator_msgs/lib/python3.12/site-packages:${PYTHONPATH} /usr/bin/python3 -W ignore:setup.py install is deprecated -W ignore:easy_install command is deprecated setup.py egg_info --egg-base ../../build/simple_task build --build-base /home/raj/robotic_arm/build/simple_task/build install --record /home/raj/robotic_arm/build/simple_task/install.log --single-version-externally-managed install_data
[1.215s] DEBUG:colcon.colcon_core.event_handler.log_command:Invoking command in '/home/raj/robotic_arm/src/manipulator_utils': AMENT_PREFIX_PATH=/home/raj/robotic_arm/install/manipulator_msgs:${AMENT_PREFIX_PATH} CMAKE_PREFIX_PATH=/home/raj/robotic_arm/install/manipulator_msgs:${CMAKE_PREFIX_PATH} DEBUGINFOD_URLS=https://debuginfod.ubuntu.com LD_LIBRARY_PATH=/home/raj/robotic_arm/install/manipulator_msgs/lib:${LD_LIBRARY_PATH} PYTHONPATH=/home/raj/robotic_arm/build/manipulator_utils/prefix_override:/usr/lib/python3/dist-packages/colcon_core/task/python/colcon_distutils_commands:/home/raj/robotic_arm/install/manipulator_utils/lib/python3.12/site-packages:/home/raj/robotic_arm/install/manipulator_msgs/lib/python3.12/site-packages:${PYTHONPATH} /usr/bin/python3 -W ignore:setup.py install is deprecated -W ignore:easy_install command is deprecated setup.py egg_info --egg-base ../../build/manipulator_utils build --build-base /home/raj/robotic_arm/build/manipulator_utils/build install --record /home/raj/robotic_arm/build/manipulator_utils/install.log --single-version-externally-managed install_data
[1.491s] Level 1:colcon.colcon_core.environment:checking '/home/raj/robotic_arm/install/manipulator_utils' for CMake module files
[1.491s] DEBUG:colcon.colcon_core.event_handler.log_command:Invoked command in '/home/raj/robotic_arm/src/manipulator_utils' returned '0': AMENT_PREFIX_PATH=/home/raj/robotic_arm/install/manipulator_msgs:${AMENT_PREFIX_PATH} CMAKE_PREFIX_PATH=/home/raj/robotic_arm/install/manipulator_msgs:${CMAKE_PREFIX_PATH} DEBUGINFOD_URLS=https://debuginfod.ubuntu.com LD_LIBRARY_PATH=/home/raj/robotic_arm/install/manipulator_msgs/lib:${LD_LIBRARY_PATH} PYTHONPATH=/home/raj/robotic_arm/build/manipulator_utils/prefix_override:/usr/lib/python3/dist-packages/colcon_core/task/python/colcon_distutils_commands:/home/raj/robotic_arm/install/manipulator_utils/lib/python3.12/site-packages:/home/raj/robotic_arm/install/manipulator_msgs/lib/python3.12/site-packages:${PYTHONPATH} /usr/bin/python3 -W ignore:setup.py install is deprecated -W ignore:easy_install command is deprecated setup.py egg_info --egg-base ../../build/manipulator_utils build --build-base /home/raj/robotic_arm/build/manipulator_utils/build install --record /home/raj/robotic_arm/build/manipulator_utils/install.log --single-version-externally-managed install_data
[1.491s] Level 1:colcon.colcon_core.environment:checking '/home/raj/robotic_arm/install/manipulator_utils' for CMake config files
[1.492s] Level 1:colcon.colcon_core.environment:checking '/home/raj/robotic_arm/install/manipulator_utils/lib'
[1.492s] Level 1:colcon.colcon_core.environment:checking '/home/raj/robotic_arm/install/manipulator_utils/bin'
[1.492s] Level 1:colcon.colcon_core.environment:checking '/home/raj/robotic_arm/install/manipulator_utils/lib/pkgconfig/manipulator_utils.pc'
[1.492s] Level 1:colcon.colcon_core.environment:checking '/home/raj/robotic_arm/install/manipulator_utils/lib/python3.12/site-packages'
[1.492s] Level 1:colcon.colcon_core.shell:create_environment_hook('manipulator_utils', 'pythonpath')
[1.492s] INFO:colcon.colcon_core.shell:Creating environment hook '/home/raj/robotic_arm/install/manipulator_utils/share/manipulator_utils/hook/pythonpath.ps1'
[1.492s] INFO:colcon.colcon_core.shell:Creating environment descriptor '/home/raj/robotic_arm/install/manipulator_utils/share/manipulator_utils/hook/pythonpath.dsv'
[1.492s] INFO:colcon.colcon_core.shell:Creating environment hook '/home/raj/robotic_arm/install/manipulator_utils/share/manipulator_utils/hook/pythonpath.sh'
[1.493s] Level 1:colcon.colcon_core.environment:checking '/home/raj/robotic_arm/install/manipulator_utils/bin'
[1.493s] Level 1:colcon.colcon_core.environment:create_environment_scripts_only(manipulator_utils)
[1.493s] INFO:colcon.colcon_core.shell:Creating package script '/home/raj/robotic_arm/install/manipulator_utils/share/manipulator_utils/package.ps1'
[1.493s] INFO:colcon.colcon_core.shell:Creating package descriptor '/home/raj/robotic_arm/install/manipulator_utils/share/manipulator_utils/package.dsv'
[1.493s] INFO:colcon.colcon_core.shell:Creating package script '/home/raj/robotic_arm/install/manipulator_utils/share/manipulator_utils/package.sh'
[1.494s] INFO:colcon.colcon_core.shell:Creating package script '/home/raj/robotic_arm/install/manipulator_utils/share/manipulator_utils/package.bash'
[1.494s] INFO:colcon.colcon_core.shell:Creating package script '/home/raj/robotic_arm/install/manipulator_utils/share/manipulator_utils/package.zsh'
[1.494s] Level 1:colcon.colcon_core.environment:create_file_with_runtime_dependencies(/home/raj/robotic_arm/install/manipulator_utils/share/colcon-core/packages/manipulator_utils)
[1.495s] Level 1:colcon.colcon_core.environment:checking '/home/raj/robotic_arm/install/simple_task' for CMake module files
[1.495s] DEBUG:colcon.colcon_core.event_handler.log_command:Invoked command in '/home/raj/robotic_arm/src/simple_task' returned '0': AMENT_PREFIX_PATH=/home/raj/robotic_arm/install/manipulator_msgs:${AMENT_PREFIX_PATH} CMAKE_PREFIX_PATH=/home/raj/robotic_arm/install/manipulator_msgs:${CMAKE_PREFIX_PATH} DEBUGINFOD_URLS=https://debuginfod.ubuntu.com LD_LIBRARY_PATH=/home/raj/robotic_arm/install/manipulator_msgs/lib:${LD_LIBRARY_PATH} PYTHONPATH=/home/raj/robotic_arm/build/simple_task/prefix_override:/usr/lib/python3/dist-packages/colcon_core/task/python/colcon_distutils_commands:/home/raj/robotic_arm/install/simple_task/lib/python3.12/site-packages:/home/raj/robotic_arm/install/manipulator_msgs/lib/python3.12/site-packages:${PYTHONPATH} /usr/bin/python3 -W ignore:setup.py install is deprecated -W ignore:easy_install command is deprecated setup.py egg_info --egg-base ../../build/simple_task build --build-base /home/raj/robotic_arm/build/simple_task/build install --record /home/raj/robotic_arm/build/simple_task/install.log --single-version-externally-managed install_data
[1.495s] Level 1:colcon.colcon_core.environment:checking '/home/raj/robotic_arm/install/simple_task' for CMake config files
[1.495s] Level 1:colcon.colcon_core.environment:checking '/home/raj/robotic_arm/install/simple_task/lib'
[1.495s] Level 1:colcon.colcon_core.environment:checking '/home/raj/robotic_arm/install/simple_task/bin'
[1.495s] Level 1:colcon.colcon_core.environment:checking '/home/raj/robotic_arm/install/simple_task/lib/pkgconfig/simple_task.pc'
[1.495s] Level 1:colcon.colcon_core.environment:checking '/home/raj/robotic_arm/install/simple_task/lib/python3.12/site-packages'
[1.496s] Level 1:colcon.colcon_core.shell:create_environment_hook('simple_task', 'pythonpath')
[1.496s] INFO:colcon.colcon_core.shell:Creating environment hook '/home/raj/robotic_arm/install/simple_task/share/simple_task/hook/pythonpath.ps1'
[1.496s] INFO:colcon.colcon_core.shell:Creating environment descriptor '/home/raj/robotic_arm/install/simple_task/share/simple_task/hook/pythonpath.dsv'
[1.496s] INFO:colcon.colcon_core.shell:Creating environment hook '/home/raj/robotic_arm/install/simple_task/share/simple_task/hook/pythonpath.sh'
[1.496s] Level 1:colcon.colcon_core.environment:checking '/home/raj/robotic_arm/install/simple_task/bin'
[1.496s] Level 1:colcon.colcon_core.environment:create_environment_scripts_only(simple_task)
[1.496s] INFO:colcon.colcon_core.shell:Creating package script '/home/raj/robotic_arm/install/simple_task/share/simple_task/package.ps1'
[1.497s] INFO:colcon.colcon_core.shell:Creating package descriptor '/home/raj/robotic_arm/install/simple_task/share/simple_task/package.dsv'
[1.497s] INFO:colcon.colcon_core.shell:Creating package script '/home/raj/robotic_arm/install/simple_task/share/simple_task/package.sh'
[1.497s] INFO:colcon.colcon_core.shell:Creating package script '/home/raj/robotic_arm/install/simple_task/share/simple_task/package.bash'
[1.497s] INFO:colcon.colcon_core.shell:Creating package script '/home/raj/robotic_arm/install/simple_task/share/simple_task/package.zsh'
[1.497s] Level 1:colcon.colcon_core.environment:create_file_with_runtime_dependencies(/home/raj/robotic_arm/install/simple_task/share/colcon-core/packages/simple_task)
[1.498s] DEBUG:colcon.colcon_parallel_executor.executor.parallel:closing loop
[1.498s] DEBUG:colcon.colcon_parallel_executor.executor.parallel:loop closed
[1.498s] DEBUG:colcon.colcon_parallel_executor.executor.parallel:run_until_complete finished with '0'
[1.498s] DEBUG:colcon.colcon_core.event_reactor:joining thread
[1.501s] INFO:colcon.colcon_core.plugin_system:Skipping extension 'colcon_notification.desktop_notification.terminal_notifier': Not used on non-Darwin systems
[1.501s] INFO:colcon.colcon_core.plugin_system:Skipping extension 'colcon_notification.desktop_notification.win32': Not used on non-Windows systems
[1.501s] INFO:colcon.colcon_notification.desktop_notification:Sending desktop notification using 'notify2'
[1.507s] DEBUG:colcon.colcon_core.event_reactor:joined thread
[1.508s] INFO:colcon.colcon_core.shell:Creating prefix script '/home/raj/robotic_arm/install/local_setup.ps1'
[1.508s] INFO:colcon.colcon_core.shell:Creating prefix util module '/home/raj/robotic_arm/install/_local_setup_util_ps1.py'
[1.508s] INFO:colcon.colcon_core.shell:Creating prefix chain script '/home/raj/robotic_arm/install/setup.ps1'
[1.509s] INFO:colcon.colcon_core.shell:Creating prefix script '/home/raj/robotic_arm/install/local_setup.sh'
[1.509s] INFO:colcon.colcon_core.shell:Creating prefix util module '/home/raj/robotic_arm/install/_local_setup_util_sh.py'
[1.509s] INFO:colcon.colcon_core.shell:Creating prefix chain script '/home/raj/robotic_arm/install/setup.sh'
[1.510s] INFO:colcon.colcon_core.shell:Creating prefix script '/home/raj/robotic_arm/install/local_setup.bash'
[1.510s] INFO:colcon.colcon_core.shell:Creating prefix chain script '/home/raj/robotic_arm/install/setup.bash'
[1.510s] INFO:colcon.colcon_core.shell:Creating prefix script '/home/raj/robotic_arm/install/local_setup.zsh'
[1.511s] INFO:colcon.colcon_core.shell:Creating prefix chain script '/home/raj/robotic_arm/install/setup.zsh'
