[0.587s] Invoking command in '/home/raj/robotic_arm/src/manipulator_utils': CMAKE_PREFIX_PATH=/home/raj/robotic_arm/install/manipulator_msgs:/home/raj/robotic_arm/install/manipulator_remote:/home/raj/robotic_arm/install/manipulator_moveit:/home/raj/robotic_arm/install/manipulator_bringup:/opt/ros/jazzy/opt/gz_sim_vendor:/opt/ros/jazzy/opt/gz_sensors_vendor:/opt/ros/jazzy/opt/gz_physics_vendor:/opt/ros/jazzy/opt/sdformat_vendor:/opt/ros/jazzy/opt/gz_gui_vendor:/opt/ros/jazzy/opt/gz_transport_vendor:/opt/ros/jazzy/opt/gz_rendering_vendor:/opt/ros/jazzy/opt/gz_plugin_vendor:/opt/ros/jazzy/opt/gz_fuel_tools_vendor:/opt/ros/jazzy/opt/gz_msgs_vendor:/opt/ros/jazzy/opt/gz_common_vendor:/opt/ros/jazzy/opt/gz_math_vendor:/opt/ros/jazzy/opt/gz_utils_vendor:/opt/ros/jazzy/opt/gz_tools_vendor:/opt/ros/jazzy/opt/gz_ogre_next_vendor:/opt/ros/jazzy/opt/gz_dartsim_vendor:/opt/ros/jazzy/opt/gz_cmake_vendor DEBUGINFOD_URLS=https://debuginfod.ubuntu.com PYTHONPATH=/home/raj/robotic_arm/build/manipulator_utils/prefix_override:/usr/lib/python3/dist-packages/colcon_core/task/python/colcon_distutils_commands:/home/raj/robotic_arm/install/manipulator_utils/lib/python3.12/site-packages:/home/raj/robotic_arm/install/manipulator_msgs/lib/python3.12/site-packages:/home/raj/robotic_arm/install/simple_task/lib/python3.12/site-packages:/home/raj/robotic_arm/install/manipulator_utils/lib/python3.12/site-packages:/home/raj/robotic_arm/install/manipulator_remote/lib/python3.12/site-packages:/home/raj/robotic_arm/install/manipulator_description/lib/python3.12/site-packages:/home/raj/robotic_arm/install/manipulator_controller/lib/python3.12/site-packages:/opt/ros/jazzy/lib/python3.12/site-packages /usr/bin/python3 -W ignore:setup.py install is deprecated -W ignore:easy_install command is deprecated setup.py egg_info --egg-base ../../build/manipulator_utils build --build-base /home/raj/robotic_arm/build/manipulator_utils/build install --record /home/raj/robotic_arm/build/manipulator_utils/install.log --single-version-externally-managed install_data
[0.727s] running egg_info
[0.736s] writing ../../build/manipulator_utils/manipulator_utils.egg-info/PKG-INFO
[0.737s] writing dependency_links to ../../build/manipulator_utils/manipulator_utils.egg-info/dependency_links.txt
[0.737s] writing entry points to ../../build/manipulator_utils/manipulator_utils.egg-info/entry_points.txt
[0.737s] writing requirements to ../../build/manipulator_utils/manipulator_utils.egg-info/requires.txt
[0.737s] writing top-level names to ../../build/manipulator_utils/manipulator_utils.egg-info/top_level.txt
[0.756s] reading manifest file '../../build/manipulator_utils/manipulator_utils.egg-info/SOURCES.txt'
[0.756s] writing manifest file '../../build/manipulator_utils/manipulator_utils.egg-info/SOURCES.txt'
[0.756s] running build
[0.756s] running build_py
[0.756s] running install
[0.760s] running install_lib
[0.769s] running install_data
[0.769s] running install_egg_info
[0.780s] removing '/home/raj/robotic_arm/install/manipulator_utils/lib/python3.12/site-packages/manipulator_utils-0.0.0-py3.12.egg-info' (and everything under it)
[0.780s] Copying ../../build/manipulator_utils/manipulator_utils.egg-info to /home/raj/robotic_arm/install/manipulator_utils/lib/python3.12/site-packages/manipulator_utils-0.0.0-py3.12.egg-info
[0.780s] running install_scripts
[0.851s] Installing angle_convertor script to /home/raj/robotic_arm/install/manipulator_utils/lib/manipulator_utils
[0.851s] writing list of installed files to '/home/raj/robotic_arm/build/manipulator_utils/install.log'
[0.874s] Invoked command in '/home/raj/robotic_arm/src/manipulator_utils' returned '0': CMAKE_PREFIX_PATH=/home/raj/robotic_arm/install/manipulator_msgs:/home/raj/robotic_arm/install/manipulator_remote:/home/raj/robotic_arm/install/manipulator_moveit:/home/raj/robotic_arm/install/manipulator_bringup:/opt/ros/jazzy/opt/gz_sim_vendor:/opt/ros/jazzy/opt/gz_sensors_vendor:/opt/ros/jazzy/opt/gz_physics_vendor:/opt/ros/jazzy/opt/sdformat_vendor:/opt/ros/jazzy/opt/gz_gui_vendor:/opt/ros/jazzy/opt/gz_transport_vendor:/opt/ros/jazzy/opt/gz_rendering_vendor:/opt/ros/jazzy/opt/gz_plugin_vendor:/opt/ros/jazzy/opt/gz_fuel_tools_vendor:/opt/ros/jazzy/opt/gz_msgs_vendor:/opt/ros/jazzy/opt/gz_common_vendor:/opt/ros/jazzy/opt/gz_math_vendor:/opt/ros/jazzy/opt/gz_utils_vendor:/opt/ros/jazzy/opt/gz_tools_vendor:/opt/ros/jazzy/opt/gz_ogre_next_vendor:/opt/ros/jazzy/opt/gz_dartsim_vendor:/opt/ros/jazzy/opt/gz_cmake_vendor DEBUGINFOD_URLS=https://debuginfod.ubuntu.com PYTHONPATH=/home/raj/robotic_arm/build/manipulator_utils/prefix_override:/usr/lib/python3/dist-packages/colcon_core/task/python/colcon_distutils_commands:/home/raj/robotic_arm/install/manipulator_utils/lib/python3.12/site-packages:/home/raj/robotic_arm/install/manipulator_msgs/lib/python3.12/site-packages:/home/raj/robotic_arm/install/simple_task/lib/python3.12/site-packages:/home/raj/robotic_arm/install/manipulator_utils/lib/python3.12/site-packages:/home/raj/robotic_arm/install/manipulator_remote/lib/python3.12/site-packages:/home/raj/robotic_arm/install/manipulator_description/lib/python3.12/site-packages:/home/raj/robotic_arm/install/manipulator_controller/lib/python3.12/site-packages:/opt/ros/jazzy/lib/python3.12/site-packages /usr/bin/python3 -W ignore:setup.py install is deprecated -W ignore:easy_install command is deprecated setup.py egg_info --egg-base ../../build/manipulator_utils build --build-base /home/raj/robotic_arm/build/manipulator_utils/build install --record /home/raj/robotic_arm/build/manipulator_utils/install.log --single-version-externally-managed install_data
