[0.033s] Invoking command in '/home/raj/robotic_arm/build/manipulator_msgs': CMAKE_PREFIX_PATH=${CMAKE_PREFIX_PATH}:/home/raj/robotic_arm/install/simple_task:/home/raj/robotic_arm/install/manipulator_utils:/home/raj/robotic_arm/install/manipulator_description:/home/raj/robotic_arm/install/manipulator_controller:/opt/ros/jazzy DEBUGINFOD_URLS=https://debuginfod.ubuntu.com /usr/bin/cmake --build /home/raj/robotic_arm/build/manipulator_msgs -- -j32 -l32
[0.211s] [  1%] Built target manipulator_msgs__rosidl_generator_type_description
[0.211s] [  1%] Built target ament_cmake_python_copy_manipulator_msgs
[0.211s] [  3%] Built target manipulator_msgs__cpp
[0.211s] [ 24%] Built target manipulator_msgs__rosidl_generator_c
[0.212s] [ 33%] Built target manipulator_msgs__rosidl_typesupport_introspection_c
[0.212s] [ 57%] Built target manipulator_msgs__rosidl_typesupport_cpp
[0.212s] [ 57%] Built target manipulator_msgs__rosidl_typesupport_c
[0.212s] [ 61%] Built target manipulator_msgs__rosidl_typesupport_introspection_cpp
[0.212s] [ 70%] Built target manipulator_msgs__rosidl_typesupport_fastrtps_c
[0.212s] [ 79%] Built target manipulator_msgs__rosidl_typesupport_fastrtps_cpp
[0.212s] [ 79%] Built target manipulator_msgs
[0.212s] [ 81%] Built target manipulator_msgs__py
[0.212s] [ 88%] Built target manipulator_msgs__rosidl_generator_py
[0.230s] [ 92%] Built target manipulator_msgs_s__rosidl_typesupport_c
[0.231s] [100%] Built target manipulator_msgs_s__rosidl_typesupport_fastrtps_c
[0.231s] [100%] Built target manipulator_msgs_s__rosidl_typesupport_introspection_c
[0.267s] running egg_info
[0.281s] writing manipulator_msgs.egg-info/PKG-INFO
[0.281s] writing dependency_links to manipulator_msgs.egg-info/dependency_links.txt
[0.281s] writing top-level names to manipulator_msgs.egg-info/top_level.txt
[0.320s] reading manifest file 'manipulator_msgs.egg-info/SOURCES.txt'
[0.321s] writing manifest file 'manipulator_msgs.egg-info/SOURCES.txt'
[0.346s] [100%] Built target ament_cmake_python_build_manipulator_msgs_egg
[0.389s] Invoked command in '/home/raj/robotic_arm/build/manipulator_msgs' returned '0': CMAKE_PREFIX_PATH=${CMAKE_PREFIX_PATH}:/home/raj/robotic_arm/install/simple_task:/home/raj/robotic_arm/install/manipulator_utils:/home/raj/robotic_arm/install/manipulator_description:/home/raj/robotic_arm/install/manipulator_controller:/opt/ros/jazzy DEBUGINFOD_URLS=https://debuginfod.ubuntu.com /usr/bin/cmake --build /home/raj/robotic_arm/build/manipulator_msgs -- -j32 -l32
[0.390s] Invoking command in '/home/raj/robotic_arm/build/manipulator_msgs': CMAKE_PREFIX_PATH=${CMAKE_PREFIX_PATH}:/home/raj/robotic_arm/install/simple_task:/home/raj/robotic_arm/install/manipulator_utils:/home/raj/robotic_arm/install/manipulator_description:/home/raj/robotic_arm/install/manipulator_controller:/opt/ros/jazzy DEBUGINFOD_URLS=https://debuginfod.ubuntu.com /usr/bin/cmake --install /home/raj/robotic_arm/build/manipulator_msgs
[0.399s] -- Install configuration: ""
[0.399s] -- Up-to-date: /home/raj/robotic_arm/install/manipulator_msgs/share/ament_index/resource_index/rosidl_interfaces/manipulator_msgs
[0.399s] -- Up-to-date: /home/raj/robotic_arm/install/manipulator_msgs/share/manipulator_msgs/srv/EulerToQuaternion.json
[0.399s] -- Up-to-date: /home/raj/robotic_arm/install/manipulator_msgs/share/manipulator_msgs/srv/QuaternionToEuler.json
[0.399s] -- Up-to-date: /home/raj/robotic_arm/install/manipulator_msgs/share/manipulator_msgs/action/ManipulatorTask.json
[0.399s] -- Up-to-date: /home/raj/robotic_arm/install/manipulator_msgs/include/manipulator_msgs/manipulator_msgs
[0.399s] -- Up-to-date: /home/raj/robotic_arm/install/manipulator_msgs/include/manipulator_msgs/manipulator_msgs/msg
[0.399s] -- Up-to-date: /home/raj/robotic_arm/install/manipulator_msgs/include/manipulator_msgs/manipulator_msgs/msg/rosidl_generator_c__visibility_control.h
[0.399s] -- Up-to-date: /home/raj/robotic_arm/install/manipulator_msgs/include/manipulator_msgs/manipulator_msgs/srv
[0.400s] -- Up-to-date: /home/raj/robotic_arm/install/manipulator_msgs/include/manipulator_msgs/manipulator_msgs/srv/detail
[0.400s] -- Up-to-date: /home/raj/robotic_arm/install/manipulator_msgs/include/manipulator_msgs/manipulator_msgs/srv/detail/quaternion_to_euler__type_support.h
[0.400s] -- Up-to-date: /home/raj/robotic_arm/install/manipulator_msgs/include/manipulator_msgs/manipulator_msgs/srv/detail/euler_to_quaternion__functions.h
[0.400s] -- Up-to-date: /home/raj/robotic_arm/install/manipulator_msgs/include/manipulator_msgs/manipulator_msgs/srv/detail/euler_to_quaternion__struct.h
[0.400s] -- Up-to-date: /home/raj/robotic_arm/install/manipulator_msgs/include/manipulator_msgs/manipulator_msgs/srv/detail/quaternion_to_euler__type_support.c
[0.400s] -- Up-to-date: /home/raj/robotic_arm/install/manipulator_msgs/include/manipulator_msgs/manipulator_msgs/srv/detail/euler_to_quaternion__type_support.c
[0.400s] -- Up-to-date: /home/raj/robotic_arm/install/manipulator_msgs/include/manipulator_msgs/manipulator_msgs/srv/detail/quaternion_to_euler__functions.c
[0.400s] -- Up-to-date: /home/raj/robotic_arm/install/manipulator_msgs/include/manipulator_msgs/manipulator_msgs/srv/detail/euler_to_quaternion__description.c
[0.400s] -- Up-to-date: /home/raj/robotic_arm/install/manipulator_msgs/include/manipulator_msgs/manipulator_msgs/srv/detail/euler_to_quaternion__functions.c
[0.400s] -- Up-to-date: /home/raj/robotic_arm/install/manipulator_msgs/include/manipulator_msgs/manipulator_msgs/srv/detail/euler_to_quaternion__type_support.h
[0.401s] -- Up-to-date: /home/raj/robotic_arm/install/manipulator_msgs/include/manipulator_msgs/manipulator_msgs/srv/detail/quaternion_to_euler__functions.h
[0.401s] -- Up-to-date: /home/raj/robotic_arm/install/manipulator_msgs/include/manipulator_msgs/manipulator_msgs/srv/detail/quaternion_to_euler__struct.h
[0.401s] -- Up-to-date: /home/raj/robotic_arm/install/manipulator_msgs/include/manipulator_msgs/manipulator_msgs/srv/detail/quaternion_to_euler__description.c
[0.401s] -- Up-to-date: /home/raj/robotic_arm/install/manipulator_msgs/include/manipulator_msgs/manipulator_msgs/srv/euler_to_quaternion.h
[0.401s] -- Up-to-date: /home/raj/robotic_arm/install/manipulator_msgs/include/manipulator_msgs/manipulator_msgs/srv/quaternion_to_euler.h
[0.401s] -- Up-to-date: /home/raj/robotic_arm/install/manipulator_msgs/include/manipulator_msgs/manipulator_msgs/action
[0.401s] -- Up-to-date: /home/raj/robotic_arm/install/manipulator_msgs/include/manipulator_msgs/manipulator_msgs/action/detail
[0.401s] -- Up-to-date: /home/raj/robotic_arm/install/manipulator_msgs/include/manipulator_msgs/manipulator_msgs/action/detail/manipulator_task__struct.h
[0.401s] -- Up-to-date: /home/raj/robotic_arm/install/manipulator_msgs/include/manipulator_msgs/manipulator_msgs/action/detail/manipulator_task__type_support.h
[0.401s] -- Up-to-date: /home/raj/robotic_arm/install/manipulator_msgs/include/manipulator_msgs/manipulator_msgs/action/detail/manipulator_task__functions.h
[0.401s] -- Up-to-date: /home/raj/robotic_arm/install/manipulator_msgs/include/manipulator_msgs/manipulator_msgs/action/detail/manipulator_task__type_support.c
[0.401s] -- Up-to-date: /home/raj/robotic_arm/install/manipulator_msgs/include/manipulator_msgs/manipulator_msgs/action/detail/manipulator_task__description.c
[0.401s] -- Up-to-date: /home/raj/robotic_arm/install/manipulator_msgs/include/manipulator_msgs/manipulator_msgs/action/detail/manipulator_task__functions.c
[0.401s] -- Up-to-date: /home/raj/robotic_arm/install/manipulator_msgs/include/manipulator_msgs/manipulator_msgs/action/manipulator_task.h
[0.401s] -- Up-to-date: /home/raj/robotic_arm/install/manipulator_msgs/share/manipulator_msgs/environment/library_path.sh
[0.401s] -- Up-to-date: /home/raj/robotic_arm/install/manipulator_msgs/share/manipulator_msgs/environment/library_path.dsv
[0.402s] -- Up-to-date: /home/raj/robotic_arm/install/manipulator_msgs/lib/libmanipulator_msgs__rosidl_generator_c.so
[0.402s] -- Up-to-date: /home/raj/robotic_arm/install/manipulator_msgs/include/manipulator_msgs/manipulator_msgs
[0.402s] -- Up-to-date: /home/raj/robotic_arm/install/manipulator_msgs/include/manipulator_msgs/manipulator_msgs/msg
[0.402s] -- Up-to-date: /home/raj/robotic_arm/install/manipulator_msgs/include/manipulator_msgs/manipulator_msgs/msg/rosidl_typesupport_fastrtps_c__visibility_control.h
[0.402s] -- Up-to-date: /home/raj/robotic_arm/install/manipulator_msgs/include/manipulator_msgs/manipulator_msgs/srv
[0.402s] -- Up-to-date: /home/raj/robotic_arm/install/manipulator_msgs/include/manipulator_msgs/manipulator_msgs/srv/detail
[0.402s] -- Up-to-date: /home/raj/robotic_arm/install/manipulator_msgs/include/manipulator_msgs/manipulator_msgs/srv/detail/quaternion_to_euler__rosidl_typesupport_fastrtps_c.h
[0.402s] -- Up-to-date: /home/raj/robotic_arm/install/manipulator_msgs/include/manipulator_msgs/manipulator_msgs/srv/detail/euler_to_quaternion__rosidl_typesupport_fastrtps_c.h
[0.402s] -- Up-to-date: /home/raj/robotic_arm/install/manipulator_msgs/include/manipulator_msgs/manipulator_msgs/action
[0.402s] -- Up-to-date: /home/raj/robotic_arm/install/manipulator_msgs/include/manipulator_msgs/manipulator_msgs/action/detail
[0.402s] -- Up-to-date: /home/raj/robotic_arm/install/manipulator_msgs/include/manipulator_msgs/manipulator_msgs/action/detail/manipulator_task__rosidl_typesupport_fastrtps_c.h
[0.402s] -- Up-to-date: /home/raj/robotic_arm/install/manipulator_msgs/lib/libmanipulator_msgs__rosidl_typesupport_fastrtps_c.so
[0.403s] -- Up-to-date: /home/raj/robotic_arm/install/manipulator_msgs/include/manipulator_msgs/manipulator_msgs
[0.403s] -- Up-to-date: /home/raj/robotic_arm/install/manipulator_msgs/include/manipulator_msgs/manipulator_msgs/msg
[0.403s] -- Up-to-date: /home/raj/robotic_arm/install/manipulator_msgs/include/manipulator_msgs/manipulator_msgs/msg/rosidl_typesupport_introspection_c__visibility_control.h
[0.403s] -- Up-to-date: /home/raj/robotic_arm/install/manipulator_msgs/include/manipulator_msgs/manipulator_msgs/srv
[0.403s] -- Up-to-date: /home/raj/robotic_arm/install/manipulator_msgs/include/manipulator_msgs/manipulator_msgs/srv/detail
[0.403s] -- Up-to-date: /home/raj/robotic_arm/install/manipulator_msgs/include/manipulator_msgs/manipulator_msgs/srv/detail/quaternion_to_euler__type_support.c
[0.403s] -- Up-to-date: /home/raj/robotic_arm/install/manipulator_msgs/include/manipulator_msgs/manipulator_msgs/srv/detail/euler_to_quaternion__type_support.c
[0.403s] -- Up-to-date: /home/raj/robotic_arm/install/manipulator_msgs/include/manipulator_msgs/manipulator_msgs/srv/detail/quaternion_to_euler__rosidl_typesupport_introspection_c.h
[0.403s] -- Up-to-date: /home/raj/robotic_arm/install/manipulator_msgs/include/manipulator_msgs/manipulator_msgs/srv/detail/euler_to_quaternion__rosidl_typesupport_introspection_c.h
[0.403s] -- Up-to-date: /home/raj/robotic_arm/install/manipulator_msgs/include/manipulator_msgs/manipulator_msgs/action
[0.403s] -- Up-to-date: /home/raj/robotic_arm/install/manipulator_msgs/include/manipulator_msgs/manipulator_msgs/action/detail
[0.403s] -- Up-to-date: /home/raj/robotic_arm/install/manipulator_msgs/include/manipulator_msgs/manipulator_msgs/action/detail/manipulator_task__rosidl_typesupport_introspection_c.h
[0.404s] -- Up-to-date: /home/raj/robotic_arm/install/manipulator_msgs/include/manipulator_msgs/manipulator_msgs/action/detail/manipulator_task__type_support.c
[0.404s] -- Up-to-date: /home/raj/robotic_arm/install/manipulator_msgs/lib/libmanipulator_msgs__rosidl_typesupport_introspection_c.so
[0.404s] -- Up-to-date: /home/raj/robotic_arm/install/manipulator_msgs/lib/libmanipulator_msgs__rosidl_typesupport_c.so
[0.404s] -- Up-to-date: /home/raj/robotic_arm/install/manipulator_msgs/include/manipulator_msgs/manipulator_msgs
[0.404s] -- Up-to-date: /home/raj/robotic_arm/install/manipulator_msgs/include/manipulator_msgs/manipulator_msgs/msg
[0.404s] -- Up-to-date: /home/raj/robotic_arm/install/manipulator_msgs/include/manipulator_msgs/manipulator_msgs/msg/rosidl_generator_cpp__visibility_control.hpp
[0.404s] -- Up-to-date: /home/raj/robotic_arm/install/manipulator_msgs/include/manipulator_msgs/manipulator_msgs/srv
[0.404s] -- Up-to-date: /home/raj/robotic_arm/install/manipulator_msgs/include/manipulator_msgs/manipulator_msgs/srv/euler_to_quaternion.hpp
[0.404s] -- Up-to-date: /home/raj/robotic_arm/install/manipulator_msgs/include/manipulator_msgs/manipulator_msgs/srv/detail
[0.404s] -- Up-to-date: /home/raj/robotic_arm/install/manipulator_msgs/include/manipulator_msgs/manipulator_msgs/srv/detail/euler_to_quaternion__traits.hpp
[0.404s] -- Up-to-date: /home/raj/robotic_arm/install/manipulator_msgs/include/manipulator_msgs/manipulator_msgs/srv/detail/quaternion_to_euler__type_support.hpp
[0.404s] -- Up-to-date: /home/raj/robotic_arm/install/manipulator_msgs/include/manipulator_msgs/manipulator_msgs/srv/detail/quaternion_to_euler__traits.hpp
[0.405s] -- Up-to-date: /home/raj/robotic_arm/install/manipulator_msgs/include/manipulator_msgs/manipulator_msgs/srv/detail/euler_to_quaternion__type_support.hpp
[0.405s] -- Up-to-date: /home/raj/robotic_arm/install/manipulator_msgs/include/manipulator_msgs/manipulator_msgs/srv/detail/euler_to_quaternion__builder.hpp
[0.405s] -- Up-to-date: /home/raj/robotic_arm/install/manipulator_msgs/include/manipulator_msgs/manipulator_msgs/srv/detail/quaternion_to_euler__struct.hpp
[0.405s] -- Up-to-date: /home/raj/robotic_arm/install/manipulator_msgs/include/manipulator_msgs/manipulator_msgs/srv/detail/quaternion_to_euler__builder.hpp
[0.405s] -- Up-to-date: /home/raj/robotic_arm/install/manipulator_msgs/include/manipulator_msgs/manipulator_msgs/srv/detail/euler_to_quaternion__struct.hpp
[0.405s] -- Up-to-date: /home/raj/robotic_arm/install/manipulator_msgs/include/manipulator_msgs/manipulator_msgs/srv/quaternion_to_euler.hpp
[0.405s] -- Up-to-date: /home/raj/robotic_arm/install/manipulator_msgs/include/manipulator_msgs/manipulator_msgs/action
[0.405s] -- Up-to-date: /home/raj/robotic_arm/install/manipulator_msgs/include/manipulator_msgs/manipulator_msgs/action/detail
[0.405s] -- Up-to-date: /home/raj/robotic_arm/install/manipulator_msgs/include/manipulator_msgs/manipulator_msgs/action/detail/manipulator_task__builder.hpp
[0.405s] -- Up-to-date: /home/raj/robotic_arm/install/manipulator_msgs/include/manipulator_msgs/manipulator_msgs/action/detail/manipulator_task__traits.hpp
[0.405s] -- Up-to-date: /home/raj/robotic_arm/install/manipulator_msgs/include/manipulator_msgs/manipulator_msgs/action/detail/manipulator_task__type_support.hpp
[0.405s] -- Up-to-date: /home/raj/robotic_arm/install/manipulator_msgs/include/manipulator_msgs/manipulator_msgs/action/detail/manipulator_task__struct.hpp
[0.405s] -- Up-to-date: /home/raj/robotic_arm/install/manipulator_msgs/include/manipulator_msgs/manipulator_msgs/action/manipulator_task.hpp
[0.406s] -- Up-to-date: /home/raj/robotic_arm/install/manipulator_msgs/include/manipulator_msgs/manipulator_msgs
[0.406s] -- Up-to-date: /home/raj/robotic_arm/install/manipulator_msgs/include/manipulator_msgs/manipulator_msgs/msg
[0.406s] -- Up-to-date: /home/raj/robotic_arm/install/manipulator_msgs/include/manipulator_msgs/manipulator_msgs/msg/rosidl_typesupport_fastrtps_cpp__visibility_control.h
[0.406s] -- Up-to-date: /home/raj/robotic_arm/install/manipulator_msgs/include/manipulator_msgs/manipulator_msgs/srv
[0.406s] -- Up-to-date: /home/raj/robotic_arm/install/manipulator_msgs/include/manipulator_msgs/manipulator_msgs/srv/detail
[0.406s] -- Up-to-date: /home/raj/robotic_arm/install/manipulator_msgs/include/manipulator_msgs/manipulator_msgs/srv/detail/quaternion_to_euler__rosidl_typesupport_fastrtps_cpp.hpp
[0.406s] -- Up-to-date: /home/raj/robotic_arm/install/manipulator_msgs/include/manipulator_msgs/manipulator_msgs/srv/detail/dds_fastrtps
[0.406s] -- Up-to-date: /home/raj/robotic_arm/install/manipulator_msgs/include/manipulator_msgs/manipulator_msgs/srv/detail/euler_to_quaternion__rosidl_typesupport_fastrtps_cpp.hpp
[0.406s] -- Up-to-date: /home/raj/robotic_arm/install/manipulator_msgs/include/manipulator_msgs/manipulator_msgs/action
[0.406s] -- Up-to-date: /home/raj/robotic_arm/install/manipulator_msgs/include/manipulator_msgs/manipulator_msgs/action/detail
[0.406s] -- Up-to-date: /home/raj/robotic_arm/install/manipulator_msgs/include/manipulator_msgs/manipulator_msgs/action/detail/manipulator_task__rosidl_typesupport_fastrtps_cpp.hpp
[0.407s] -- Up-to-date: /home/raj/robotic_arm/install/manipulator_msgs/include/manipulator_msgs/manipulator_msgs/action/detail/dds_fastrtps
[0.407s] -- Up-to-date: /home/raj/robotic_arm/install/manipulator_msgs/lib/libmanipulator_msgs__rosidl_typesupport_fastrtps_cpp.so
[0.407s] -- Up-to-date: /home/raj/robotic_arm/install/manipulator_msgs/include/manipulator_msgs/manipulator_msgs
[0.407s] -- Up-to-date: /home/raj/robotic_arm/install/manipulator_msgs/include/manipulator_msgs/manipulator_msgs/srv
[0.407s] -- Up-to-date: /home/raj/robotic_arm/install/manipulator_msgs/include/manipulator_msgs/manipulator_msgs/srv/detail
[0.407s] -- Up-to-date: /home/raj/robotic_arm/install/manipulator_msgs/include/manipulator_msgs/manipulator_msgs/srv/detail/quaternion_to_euler__type_support.cpp
[0.407s] -- Up-to-date: /home/raj/robotic_arm/install/manipulator_msgs/include/manipulator_msgs/manipulator_msgs/srv/detail/euler_to_quaternion__type_support.cpp
[0.407s] -- Up-to-date: /home/raj/robotic_arm/install/manipulator_msgs/include/manipulator_msgs/manipulator_msgs/srv/detail/euler_to_quaternion__rosidl_typesupport_introspection_cpp.hpp
[0.407s] -- Up-to-date: /home/raj/robotic_arm/install/manipulator_msgs/include/manipulator_msgs/manipulator_msgs/srv/detail/quaternion_to_euler__rosidl_typesupport_introspection_cpp.hpp
[0.407s] -- Up-to-date: /home/raj/robotic_arm/install/manipulator_msgs/include/manipulator_msgs/manipulator_msgs/action
[0.407s] -- Up-to-date: /home/raj/robotic_arm/install/manipulator_msgs/include/manipulator_msgs/manipulator_msgs/action/detail
[0.407s] -- Up-to-date: /home/raj/robotic_arm/install/manipulator_msgs/include/manipulator_msgs/manipulator_msgs/action/detail/manipulator_task__rosidl_typesupport_introspection_cpp.hpp
[0.407s] -- Up-to-date: /home/raj/robotic_arm/install/manipulator_msgs/include/manipulator_msgs/manipulator_msgs/action/detail/manipulator_task__type_support.cpp
[0.407s] -- Up-to-date: /home/raj/robotic_arm/install/manipulator_msgs/lib/libmanipulator_msgs__rosidl_typesupport_introspection_cpp.so
[0.407s] -- Up-to-date: /home/raj/robotic_arm/install/manipulator_msgs/lib/libmanipulator_msgs__rosidl_typesupport_cpp.so
[0.407s] -- Up-to-date: /home/raj/robotic_arm/install/manipulator_msgs/share/manipulator_msgs/environment/pythonpath.sh
[0.407s] -- Up-to-date: /home/raj/robotic_arm/install/manipulator_msgs/share/manipulator_msgs/environment/pythonpath.dsv
[0.407s] -- Up-to-date: /home/raj/robotic_arm/install/manipulator_msgs/lib/python3.12/site-packages/manipulator_msgs-0.0.0-py3.12.egg-info
[0.408s] -- Installing: /home/raj/robotic_arm/install/manipulator_msgs/lib/python3.12/site-packages/manipulator_msgs-0.0.0-py3.12.egg-info/PKG-INFO
[0.408s] -- Installing: /home/raj/robotic_arm/install/manipulator_msgs/lib/python3.12/site-packages/manipulator_msgs-0.0.0-py3.12.egg-info/dependency_links.txt
[0.408s] -- Installing: /home/raj/robotic_arm/install/manipulator_msgs/lib/python3.12/site-packages/manipulator_msgs-0.0.0-py3.12.egg-info/top_level.txt
[0.408s] -- Installing: /home/raj/robotic_arm/install/manipulator_msgs/lib/python3.12/site-packages/manipulator_msgs-0.0.0-py3.12.egg-info/SOURCES.txt
[0.408s] -- Up-to-date: /home/raj/robotic_arm/install/manipulator_msgs/lib/python3.12/site-packages/manipulator_msgs
[0.408s] -- Up-to-date: /home/raj/robotic_arm/install/manipulator_msgs/lib/python3.12/site-packages/manipulator_msgs/manipulator_msgs_s__rosidl_typesupport_c.so
[0.408s] -- Up-to-date: /home/raj/robotic_arm/install/manipulator_msgs/lib/python3.12/site-packages/manipulator_msgs/manipulator_msgs_s__rosidl_typesupport_fastrtps_c.so
[0.408s] -- Up-to-date: /home/raj/robotic_arm/install/manipulator_msgs/lib/python3.12/site-packages/manipulator_msgs/_manipulator_msgs_s.ep.rosidl_typesupport_introspection_c.c
[0.408s] -- Up-to-date: /home/raj/robotic_arm/install/manipulator_msgs/lib/python3.12/site-packages/manipulator_msgs/manipulator_msgs_s__rosidl_typesupport_introspection_c.so
[0.408s] -- Up-to-date: /home/raj/robotic_arm/install/manipulator_msgs/lib/python3.12/site-packages/manipulator_msgs/_manipulator_msgs_s.ep.rosidl_typesupport_c.c
[0.408s] -- Up-to-date: /home/raj/robotic_arm/install/manipulator_msgs/lib/python3.12/site-packages/manipulator_msgs/srv
[0.408s] -- Up-to-date: /home/raj/robotic_arm/install/manipulator_msgs/lib/python3.12/site-packages/manipulator_msgs/srv/_quaternion_to_euler.py
[0.408s] -- Up-to-date: /home/raj/robotic_arm/install/manipulator_msgs/lib/python3.12/site-packages/manipulator_msgs/srv/_euler_to_quaternion_s.c
[0.408s] -- Up-to-date: /home/raj/robotic_arm/install/manipulator_msgs/lib/python3.12/site-packages/manipulator_msgs/srv/__init__.py
[0.408s] -- Up-to-date: /home/raj/robotic_arm/install/manipulator_msgs/lib/python3.12/site-packages/manipulator_msgs/srv/_quaternion_to_euler_s.c
[0.408s] -- Up-to-date: /home/raj/robotic_arm/install/manipulator_msgs/lib/python3.12/site-packages/manipulator_msgs/srv/_euler_to_quaternion.py
[0.409s] -- Up-to-date: /home/raj/robotic_arm/install/manipulator_msgs/lib/python3.12/site-packages/manipulator_msgs/__init__.py
[0.409s] -- Up-to-date: /home/raj/robotic_arm/install/manipulator_msgs/lib/python3.12/site-packages/manipulator_msgs/_manipulator_msgs_s.ep.rosidl_typesupport_fastrtps_c.c
[0.409s] -- Up-to-date: /home/raj/robotic_arm/install/manipulator_msgs/lib/python3.12/site-packages/manipulator_msgs/action
[0.409s] -- Up-to-date: /home/raj/robotic_arm/install/manipulator_msgs/lib/python3.12/site-packages/manipulator_msgs/action/_manipulator_task.py
[0.409s] -- Up-to-date: /home/raj/robotic_arm/install/manipulator_msgs/lib/python3.12/site-packages/manipulator_msgs/action/_manipulator_task_s.c
[0.409s] -- Up-to-date: /home/raj/robotic_arm/install/manipulator_msgs/lib/python3.12/site-packages/manipulator_msgs/action/__init__.py
[0.436s] Listing '/home/raj/robotic_arm/install/manipulator_msgs/lib/python3.12/site-packages/manipulator_msgs'...
[0.436s] Listing '/home/raj/robotic_arm/install/manipulator_msgs/lib/python3.12/site-packages/manipulator_msgs/action'...
[0.436s] Listing '/home/raj/robotic_arm/install/manipulator_msgs/lib/python3.12/site-packages/manipulator_msgs/srv'...
[0.441s] -- Up-to-date: /home/raj/robotic_arm/install/manipulator_msgs/lib/python3.12/site-packages/manipulator_msgs/manipulator_msgs_s__rosidl_typesupport_fastrtps_c.so
[0.441s] -- Up-to-date: /home/raj/robotic_arm/install/manipulator_msgs/lib/python3.12/site-packages/manipulator_msgs/manipulator_msgs_s__rosidl_typesupport_introspection_c.so
[0.441s] -- Up-to-date: /home/raj/robotic_arm/install/manipulator_msgs/lib/python3.12/site-packages/manipulator_msgs/manipulator_msgs_s__rosidl_typesupport_c.so
[0.442s] -- Up-to-date: /home/raj/robotic_arm/install/manipulator_msgs/lib/libmanipulator_msgs__rosidl_generator_py.so
[0.442s] -- Up-to-date: /home/raj/robotic_arm/install/manipulator_msgs/share/manipulator_msgs/srv/EulerToQuaternion.idl
[0.442s] -- Up-to-date: /home/raj/robotic_arm/install/manipulator_msgs/share/manipulator_msgs/srv/QuaternionToEuler.idl
[0.442s] -- Up-to-date: /home/raj/robotic_arm/install/manipulator_msgs/share/manipulator_msgs/action/ManipulatorTask.idl
[0.442s] -- Up-to-date: /home/raj/robotic_arm/install/manipulator_msgs/share/manipulator_msgs/srv/EulerToQuaternion.srv
[0.442s] -- Up-to-date: /home/raj/robotic_arm/install/manipulator_msgs/share/manipulator_msgs/srv/QuaternionToEuler.srv
[0.442s] -- Up-to-date: /home/raj/robotic_arm/install/manipulator_msgs/share/manipulator_msgs/action/ManipulatorTask.action
[0.442s] -- Up-to-date: /home/raj/robotic_arm/install/manipulator_msgs/share/ament_index/resource_index/package_run_dependencies/manipulator_msgs
[0.442s] -- Up-to-date: /home/raj/robotic_arm/install/manipulator_msgs/share/ament_index/resource_index/parent_prefix_path/manipulator_msgs
[0.442s] -- Up-to-date: /home/raj/robotic_arm/install/manipulator_msgs/share/manipulator_msgs/environment/ament_prefix_path.sh
[0.442s] -- Up-to-date: /home/raj/robotic_arm/install/manipulator_msgs/share/manipulator_msgs/environment/ament_prefix_path.dsv
[0.442s] -- Up-to-date: /home/raj/robotic_arm/install/manipulator_msgs/share/manipulator_msgs/environment/path.sh
[0.442s] -- Up-to-date: /home/raj/robotic_arm/install/manipulator_msgs/share/manipulator_msgs/environment/path.dsv
[0.442s] -- Up-to-date: /home/raj/robotic_arm/install/manipulator_msgs/share/manipulator_msgs/local_setup.bash
[0.442s] -- Up-to-date: /home/raj/robotic_arm/install/manipulator_msgs/share/manipulator_msgs/local_setup.sh
[0.442s] -- Up-to-date: /home/raj/robotic_arm/install/manipulator_msgs/share/manipulator_msgs/local_setup.zsh
[0.443s] -- Up-to-date: /home/raj/robotic_arm/install/manipulator_msgs/share/manipulator_msgs/local_setup.dsv
[0.443s] -- Installing: /home/raj/robotic_arm/install/manipulator_msgs/share/manipulator_msgs/package.dsv
[0.443s] -- Up-to-date: /home/raj/robotic_arm/install/manipulator_msgs/share/ament_index/resource_index/packages/manipulator_msgs
[0.443s] -- Up-to-date: /home/raj/robotic_arm/install/manipulator_msgs/share/manipulator_msgs/cmake/export_manipulator_msgs__rosidl_generator_cExport.cmake
[0.443s] -- Up-to-date: /home/raj/robotic_arm/install/manipulator_msgs/share/manipulator_msgs/cmake/export_manipulator_msgs__rosidl_generator_cExport-noconfig.cmake
[0.443s] -- Up-to-date: /home/raj/robotic_arm/install/manipulator_msgs/share/manipulator_msgs/cmake/export_manipulator_msgs__rosidl_typesupport_fastrtps_cExport.cmake
[0.443s] -- Up-to-date: /home/raj/robotic_arm/install/manipulator_msgs/share/manipulator_msgs/cmake/export_manipulator_msgs__rosidl_typesupport_fastrtps_cExport-noconfig.cmake
[0.443s] -- Up-to-date: /home/raj/robotic_arm/install/manipulator_msgs/share/manipulator_msgs/cmake/manipulator_msgs__rosidl_typesupport_introspection_cExport.cmake
[0.443s] -- Up-to-date: /home/raj/robotic_arm/install/manipulator_msgs/share/manipulator_msgs/cmake/manipulator_msgs__rosidl_typesupport_introspection_cExport-noconfig.cmake
[0.443s] -- Up-to-date: /home/raj/robotic_arm/install/manipulator_msgs/share/manipulator_msgs/cmake/manipulator_msgs__rosidl_typesupport_cExport.cmake
[0.443s] -- Up-to-date: /home/raj/robotic_arm/install/manipulator_msgs/share/manipulator_msgs/cmake/manipulator_msgs__rosidl_typesupport_cExport-noconfig.cmake
[0.443s] -- Up-to-date: /home/raj/robotic_arm/install/manipulator_msgs/share/manipulator_msgs/cmake/export_manipulator_msgs__rosidl_generator_cppExport.cmake
[0.443s] -- Up-to-date: /home/raj/robotic_arm/install/manipulator_msgs/share/manipulator_msgs/cmake/export_manipulator_msgs__rosidl_typesupport_fastrtps_cppExport.cmake
[0.443s] -- Up-to-date: /home/raj/robotic_arm/install/manipulator_msgs/share/manipulator_msgs/cmake/export_manipulator_msgs__rosidl_typesupport_fastrtps_cppExport-noconfig.cmake
[0.443s] -- Up-to-date: /home/raj/robotic_arm/install/manipulator_msgs/share/manipulator_msgs/cmake/manipulator_msgs__rosidl_typesupport_introspection_cppExport.cmake
[0.443s] -- Up-to-date: /home/raj/robotic_arm/install/manipulator_msgs/share/manipulator_msgs/cmake/manipulator_msgs__rosidl_typesupport_introspection_cppExport-noconfig.cmake
[0.443s] -- Up-to-date: /home/raj/robotic_arm/install/manipulator_msgs/share/manipulator_msgs/cmake/manipulator_msgs__rosidl_typesupport_cppExport.cmake
[0.443s] -- Up-to-date: /home/raj/robotic_arm/install/manipulator_msgs/share/manipulator_msgs/cmake/manipulator_msgs__rosidl_typesupport_cppExport-noconfig.cmake
[0.443s] -- Up-to-date: /home/raj/robotic_arm/install/manipulator_msgs/share/manipulator_msgs/cmake/export_manipulator_msgs__rosidl_generator_pyExport.cmake
[0.444s] -- Up-to-date: /home/raj/robotic_arm/install/manipulator_msgs/share/manipulator_msgs/cmake/export_manipulator_msgs__rosidl_generator_pyExport-noconfig.cmake
[0.444s] -- Up-to-date: /home/raj/robotic_arm/install/manipulator_msgs/share/manipulator_msgs/cmake/rosidl_cmake-extras.cmake
[0.444s] -- Up-to-date: /home/raj/robotic_arm/install/manipulator_msgs/share/manipulator_msgs/cmake/ament_cmake_export_dependencies-extras.cmake
[0.444s] -- Up-to-date: /home/raj/robotic_arm/install/manipulator_msgs/share/manipulator_msgs/cmake/ament_cmake_export_include_directories-extras.cmake
[0.444s] -- Up-to-date: /home/raj/robotic_arm/install/manipulator_msgs/share/manipulator_msgs/cmake/ament_cmake_export_libraries-extras.cmake
[0.444s] -- Up-to-date: /home/raj/robotic_arm/install/manipulator_msgs/share/manipulator_msgs/cmake/ament_cmake_export_targets-extras.cmake
[0.444s] -- Up-to-date: /home/raj/robotic_arm/install/manipulator_msgs/share/manipulator_msgs/cmake/rosidl_cmake_export_typesupport_targets-extras.cmake
[0.444s] -- Up-to-date: /home/raj/robotic_arm/install/manipulator_msgs/share/manipulator_msgs/cmake/rosidl_cmake_export_typesupport_libraries-extras.cmake
[0.444s] -- Up-to-date: /home/raj/robotic_arm/install/manipulator_msgs/share/manipulator_msgs/cmake/manipulator_msgsConfig.cmake
[0.444s] -- Up-to-date: /home/raj/robotic_arm/install/manipulator_msgs/share/manipulator_msgs/cmake/manipulator_msgsConfig-version.cmake
[0.444s] -- Up-to-date: /home/raj/robotic_arm/install/manipulator_msgs/share/manipulator_msgs/package.xml
[0.447s] Invoked command in '/home/raj/robotic_arm/build/manipulator_msgs' returned '0': CMAKE_PREFIX_PATH=${CMAKE_PREFIX_PATH}:/home/raj/robotic_arm/install/simple_task:/home/raj/robotic_arm/install/manipulator_utils:/home/raj/robotic_arm/install/manipulator_description:/home/raj/robotic_arm/install/manipulator_controller:/opt/ros/jazzy DEBUGINFOD_URLS=https://debuginfod.ubuntu.com /usr/bin/cmake --install /home/raj/robotic_arm/build/manipulator_msgs
