[0.741s] Invoking command in '/home/raj/robotic_arm/src/manipulator_description': DEBUGINFOD_URLS=https://debuginfod.ubuntu.com PYTHONPATH=/home/raj/robotic_arm/build/manipulator_description/prefix_override:/usr/lib/python3/dist-packages/colcon_core/task/python/colcon_distutils_commands:/home/raj/robotic_arm/install/manipulator_description/lib/python3.12/site-packages:${PYTHONPATH} /usr/bin/python3 -W ignore:setup.py install is deprecated -W ignore:easy_install command is deprecated setup.py egg_info --egg-base ../../build/manipulator_description build --build-base /home/raj/robotic_arm/build/manipulator_description/build install --record /home/raj/robotic_arm/build/manipulator_description/install.log --single-version-externally-managed install_data
[0.879s] running egg_info
[0.890s] writing ../../build/manipulator_description/manipulator_description.egg-info/PKG-INFO
[0.890s] writing dependency_links to ../../build/manipulator_description/manipulator_description.egg-info/dependency_links.txt
[0.890s] writing entry points to ../../build/manipulator_description/manipulator_description.egg-info/entry_points.txt
[0.890s] writing requirements to ../../build/manipulator_description/manipulator_description.egg-info/requires.txt
[0.890s] writing top-level names to ../../build/manipulator_description/manipulator_description.egg-info/top_level.txt
[0.910s] reading manifest file '../../build/manipulator_description/manipulator_description.egg-info/SOURCES.txt'
[0.910s] writing manifest file '../../build/manipulator_description/manipulator_description.egg-info/SOURCES.txt'
[0.910s] running build
[0.911s] running build_py
[0.911s] running install
[0.914s] running install_lib
[0.924s] running install_data
[0.925s] running install_egg_info
[0.936s] removing '/home/raj/robotic_arm/install/manipulator_description/lib/python3.12/site-packages/manipulator_description-0.0.0-py3.12.egg-info' (and everything under it)
[0.936s] Copying ../../build/manipulator_description/manipulator_description.egg-info to /home/raj/robotic_arm/install/manipulator_description/lib/python3.12/site-packages/manipulator_description-0.0.0-py3.12.egg-info
[0.937s] running install_scripts
[1.006s] Installing simple_parameter_node script to /home/raj/robotic_arm/install/manipulator_description/lib/manipulator_description
[1.007s] writing list of installed files to '/home/raj/robotic_arm/build/manipulator_description/install.log'
