[0.010s] Invoking command in '/home/raj/robotic_arm/build/manipulator_remote': AMENT_PREFIX_PATH=/home/raj/robotic_arm/install/manipulator_msgs:/home/raj/robotic_arm/install/manipulator_moveit:${AMENT_PREFIX_PATH} CMAKE_PREFIX_PATH=/home/raj/robotic_arm/install/manipulator_msgs:/home/raj/robotic_arm/install/manipulator_moveit:/opt/ros/jazzy/opt/gz_sim_vendor:/opt/ros/jazzy/opt/gz_sensors_vendor:/opt/ros/jazzy/opt/gz_physics_vendor:/opt/ros/jazzy/opt/sdformat_vendor:/opt/ros/jazzy/opt/gz_gui_vendor:/opt/ros/jazzy/opt/gz_transport_vendor:/opt/ros/jazzy/opt/gz_rendering_vendor:/opt/ros/jazzy/opt/gz_plugin_vendor:/opt/ros/jazzy/opt/gz_fuel_tools_vendor:/opt/ros/jazzy/opt/gz_msgs_vendor:/opt/ros/jazzy/opt/gz_common_vendor:/opt/ros/jazzy/opt/gz_math_vendor:/opt/ros/jazzy/opt/gz_utils_vendor:/opt/ros/jazzy/opt/gz_tools_vendor:/opt/ros/jazzy/opt/gz_ogre_next_vendor:/opt/ros/jazzy/opt/gz_dartsim_vendor:/opt/ros/jazzy/opt/gz_cmake_vendor:/opt/ros/jazzy DEBUGINFOD_URLS=https://debuginfod.ubuntu.com LD_LIBRARY_PATH=/home/raj/robotic_arm/install/manipulator_msgs/lib:${LD_LIBRARY_PATH} PYTHONPATH=/home/raj/robotic_arm/install/manipulator_msgs/lib/python3.12/site-packages:${PYTHONPATH} /usr/bin/cmake --build /home/raj/robotic_arm/build/manipulator_remote -- -j32 -l32
[0.128s] Built target ament_cmake_python_copy_manipulator_remote
[0.179s] running egg_info
[0.191s] writing manipulator_remote.egg-info/PKG-INFO
[0.191s] writing dependency_links to manipulator_remote.egg-info/dependency_links.txt
[0.191s] writing top-level names to manipulator_remote.egg-info/top_level.txt
[0.220s] reading manifest file 'manipulator_remote.egg-info/SOURCES.txt'
[0.220s] writing manifest file 'manipulator_remote.egg-info/SOURCES.txt'
[0.241s] Built target ament_cmake_python_build_manipulator_remote_egg
[0.252s] Invoked command in '/home/raj/robotic_arm/build/manipulator_remote' returned '0': AMENT_PREFIX_PATH=/home/raj/robotic_arm/install/manipulator_msgs:/home/raj/robotic_arm/install/manipulator_moveit:${AMENT_PREFIX_PATH} CMAKE_PREFIX_PATH=/home/raj/robotic_arm/install/manipulator_msgs:/home/raj/robotic_arm/install/manipulator_moveit:/opt/ros/jazzy/opt/gz_sim_vendor:/opt/ros/jazzy/opt/gz_sensors_vendor:/opt/ros/jazzy/opt/gz_physics_vendor:/opt/ros/jazzy/opt/sdformat_vendor:/opt/ros/jazzy/opt/gz_gui_vendor:/opt/ros/jazzy/opt/gz_transport_vendor:/opt/ros/jazzy/opt/gz_rendering_vendor:/opt/ros/jazzy/opt/gz_plugin_vendor:/opt/ros/jazzy/opt/gz_fuel_tools_vendor:/opt/ros/jazzy/opt/gz_msgs_vendor:/opt/ros/jazzy/opt/gz_common_vendor:/opt/ros/jazzy/opt/gz_math_vendor:/opt/ros/jazzy/opt/gz_utils_vendor:/opt/ros/jazzy/opt/gz_tools_vendor:/opt/ros/jazzy/opt/gz_ogre_next_vendor:/opt/ros/jazzy/opt/gz_dartsim_vendor:/opt/ros/jazzy/opt/gz_cmake_vendor:/opt/ros/jazzy DEBUGINFOD_URLS=https://debuginfod.ubuntu.com LD_LIBRARY_PATH=/home/raj/robotic_arm/install/manipulator_msgs/lib:${LD_LIBRARY_PATH} PYTHONPATH=/home/raj/robotic_arm/install/manipulator_msgs/lib/python3.12/site-packages:${PYTHONPATH} /usr/bin/cmake --build /home/raj/robotic_arm/build/manipulator_remote -- -j32 -l32
[0.253s] Invoking command in '/home/raj/robotic_arm/build/manipulator_remote': AMENT_PREFIX_PATH=/home/raj/robotic_arm/install/manipulator_msgs:/home/raj/robotic_arm/install/manipulator_moveit:${AMENT_PREFIX_PATH} CMAKE_PREFIX_PATH=/home/raj/robotic_arm/install/manipulator_msgs:/home/raj/robotic_arm/install/manipulator_moveit:/opt/ros/jazzy/opt/gz_sim_vendor:/opt/ros/jazzy/opt/gz_sensors_vendor:/opt/ros/jazzy/opt/gz_physics_vendor:/opt/ros/jazzy/opt/sdformat_vendor:/opt/ros/jazzy/opt/gz_gui_vendor:/opt/ros/jazzy/opt/gz_transport_vendor:/opt/ros/jazzy/opt/gz_rendering_vendor:/opt/ros/jazzy/opt/gz_plugin_vendor:/opt/ros/jazzy/opt/gz_fuel_tools_vendor:/opt/ros/jazzy/opt/gz_msgs_vendor:/opt/ros/jazzy/opt/gz_common_vendor:/opt/ros/jazzy/opt/gz_math_vendor:/opt/ros/jazzy/opt/gz_utils_vendor:/opt/ros/jazzy/opt/gz_tools_vendor:/opt/ros/jazzy/opt/gz_ogre_next_vendor:/opt/ros/jazzy/opt/gz_dartsim_vendor:/opt/ros/jazzy/opt/gz_cmake_vendor:/opt/ros/jazzy DEBUGINFOD_URLS=https://debuginfod.ubuntu.com LD_LIBRARY_PATH=/home/raj/robotic_arm/install/manipulator_msgs/lib:${LD_LIBRARY_PATH} PYTHONPATH=/home/raj/robotic_arm/install/manipulator_msgs/lib/python3.12/site-packages:${PYTHONPATH} /usr/bin/cmake --install /home/raj/robotic_arm/build/manipulator_remote
[0.260s] -- Install configuration: ""
[0.260s] -- Up-to-date: /home/raj/robotic_arm/install/manipulator_remote/share/manipulator_remote/environment/pythonpath.sh
[0.260s] -- Up-to-date: /home/raj/robotic_arm/install/manipulator_remote/share/manipulator_remote/environment/pythonpath.dsv
[0.260s] -- Up-to-date: /home/raj/robotic_arm/install/manipulator_remote/lib/python3.12/site-packages/manipulator_remote-0.0.0-py3.12.egg-info
[0.260s] -- Installing: /home/raj/robotic_arm/install/manipulator_remote/lib/python3.12/site-packages/manipulator_remote-0.0.0-py3.12.egg-info/PKG-INFO
[0.260s] -- Installing: /home/raj/robotic_arm/install/manipulator_remote/lib/python3.12/site-packages/manipulator_remote-0.0.0-py3.12.egg-info/dependency_links.txt
[0.260s] -- Installing: /home/raj/robotic_arm/install/manipulator_remote/lib/python3.12/site-packages/manipulator_remote-0.0.0-py3.12.egg-info/top_level.txt
[0.260s] -- Installing: /home/raj/robotic_arm/install/manipulator_remote/lib/python3.12/site-packages/manipulator_remote-0.0.0-py3.12.egg-info/SOURCES.txt
[0.260s] -- Up-to-date: /home/raj/robotic_arm/install/manipulator_remote/lib/python3.12/site-packages/manipulator_remote
[0.260s] -- Up-to-date: /home/raj/robotic_arm/install/manipulator_remote/lib/python3.12/site-packages/manipulator_remote/task_server.py
[0.260s] -- Up-to-date: /home/raj/robotic_arm/install/manipulator_remote/lib/python3.12/site-packages/manipulator_remote/__init__.py
[0.260s] -- Up-to-date: /home/raj/robotic_arm/install/manipulator_remote/lib/python3.12/site-packages/manipulator_remote/alexa_interface.py
[0.282s] Listing '/home/raj/robotic_arm/install/manipulator_remote/lib/python3.12/site-packages/manipulator_remote'...
[0.285s] -- Up-to-date: /home/raj/robotic_arm/install/manipulator_remote/share/manipulator_remote/launch
[0.285s] -- Up-to-date: /home/raj/robotic_arm/install/manipulator_remote/share/manipulator_remote/launch/remote_interface.launch.py
[0.285s] -- Up-to-date: /home/raj/robotic_arm/install/manipulator_remote/lib/manipulator_remote/task_server.py
[0.285s] -- Up-to-date: /home/raj/robotic_arm/install/manipulator_remote/lib/manipulator_remote/alexa_interface.py
[0.285s] -- Up-to-date: /home/raj/robotic_arm/install/manipulator_remote/share/ament_index/resource_index/package_run_dependencies/manipulator_remote
[0.285s] -- Up-to-date: /home/raj/robotic_arm/install/manipulator_remote/share/ament_index/resource_index/parent_prefix_path/manipulator_remote
[0.285s] -- Up-to-date: /home/raj/robotic_arm/install/manipulator_remote/share/manipulator_remote/environment/ament_prefix_path.sh
[0.285s] -- Up-to-date: /home/raj/robotic_arm/install/manipulator_remote/share/manipulator_remote/environment/ament_prefix_path.dsv
[0.286s] -- Up-to-date: /home/raj/robotic_arm/install/manipulator_remote/share/manipulator_remote/environment/path.sh
[0.286s] -- Up-to-date: /home/raj/robotic_arm/install/manipulator_remote/share/manipulator_remote/environment/path.dsv
[0.286s] -- Up-to-date: /home/raj/robotic_arm/install/manipulator_remote/share/manipulator_remote/local_setup.bash
[0.286s] -- Up-to-date: /home/raj/robotic_arm/install/manipulator_remote/share/manipulator_remote/local_setup.sh
[0.286s] -- Up-to-date: /home/raj/robotic_arm/install/manipulator_remote/share/manipulator_remote/local_setup.zsh
[0.286s] -- Up-to-date: /home/raj/robotic_arm/install/manipulator_remote/share/manipulator_remote/local_setup.dsv
[0.286s] -- Installing: /home/raj/robotic_arm/install/manipulator_remote/share/manipulator_remote/package.dsv
[0.286s] -- Up-to-date: /home/raj/robotic_arm/install/manipulator_remote/share/ament_index/resource_index/packages/manipulator_remote
[0.286s] -- Up-to-date: /home/raj/robotic_arm/install/manipulator_remote/share/manipulator_remote/cmake/manipulator_remoteConfig.cmake
[0.286s] -- Up-to-date: /home/raj/robotic_arm/install/manipulator_remote/share/manipulator_remote/cmake/manipulator_remoteConfig-version.cmake
[0.286s] -- Up-to-date: /home/raj/robotic_arm/install/manipulator_remote/share/manipulator_remote/package.xml
[0.288s] Invoked command in '/home/raj/robotic_arm/build/manipulator_remote' returned '0': AMENT_PREFIX_PATH=/home/raj/robotic_arm/install/manipulator_msgs:/home/raj/robotic_arm/install/manipulator_moveit:${AMENT_PREFIX_PATH} CMAKE_PREFIX_PATH=/home/raj/robotic_arm/install/manipulator_msgs:/home/raj/robotic_arm/install/manipulator_moveit:/opt/ros/jazzy/opt/gz_sim_vendor:/opt/ros/jazzy/opt/gz_sensors_vendor:/opt/ros/jazzy/opt/gz_physics_vendor:/opt/ros/jazzy/opt/sdformat_vendor:/opt/ros/jazzy/opt/gz_gui_vendor:/opt/ros/jazzy/opt/gz_transport_vendor:/opt/ros/jazzy/opt/gz_rendering_vendor:/opt/ros/jazzy/opt/gz_plugin_vendor:/opt/ros/jazzy/opt/gz_fuel_tools_vendor:/opt/ros/jazzy/opt/gz_msgs_vendor:/opt/ros/jazzy/opt/gz_common_vendor:/opt/ros/jazzy/opt/gz_math_vendor:/opt/ros/jazzy/opt/gz_utils_vendor:/opt/ros/jazzy/opt/gz_tools_vendor:/opt/ros/jazzy/opt/gz_ogre_next_vendor:/opt/ros/jazzy/opt/gz_dartsim_vendor:/opt/ros/jazzy/opt/gz_cmake_vendor:/opt/ros/jazzy DEBUGINFOD_URLS=https://debuginfod.ubuntu.com LD_LIBRARY_PATH=/home/raj/robotic_arm/install/manipulator_msgs/lib:${LD_LIBRARY_PATH} PYTHONPATH=/home/raj/robotic_arm/install/manipulator_msgs/lib/python3.12/site-packages:${PYTHONPATH} /usr/bin/cmake --install /home/raj/robotic_arm/build/manipulator_remote
