[0.015s] Invoking command in '/home/raj/robotic_arm/src/build/manipulator_msgs': CMAKE_PREFIX_PATH=${CMAKE_PREFIX_PATH}:/opt/ros/jazzy DEBUGINFOD_URLS=https://debuginfod.ubuntu.com /usr/bin/cmake /home/raj/robotic_arm/src/manipulator_msgs -DCMAKE_INSTALL_PREFIX=/home/raj/robotic_arm/src/install/manipulator_msgs
[0.184s] -- The C compiler identification is GNU 13.3.0
[0.184s] -- The CXX compiler identification is GNU 13.3.0
[0.184s] -- Detecting C compiler ABI info
[0.254s] -- Detecting C compiler ABI info - done
[0.259s] -- Check for working C compiler: /usr/bin/cc - skipped
[0.260s] -- Detecting C compile features
[0.260s] -- Detecting C compile features - done
[0.268s] -- Detecting CXX compiler ABI info
[0.347s] -- Detecting CXX compiler ABI info - done
[0.352s] -- Check for working CXX compiler: /usr/bin/c++ - skipped
[0.352s] -- Detecting CXX compile features
[0.353s] -- Detecting CXX compile features - done
[0.357s] -- Found ament_cmake: 2.5.5 (/opt/ros/jazzy/share/ament_cmake/cmake)
[0.458s] -- Found Python3: /usr/bin/python3 (found version "3.12.3") found components: Interpreter 
[0.546s] -- Found rosidl_default_generators: 1.6.0 (/opt/ros/jazzy/share/rosidl_default_generators/cmake)
[0.553s] -- Using all available rosidl_typesupport_c: rosidl_typesupport_fastrtps_c;rosidl_typesupport_introspection_c
[0.608s] -- Using all available rosidl_typesupport_cpp: rosidl_typesupport_fastrtps_cpp;rosidl_typesupport_introspection_cpp
[0.649s] -- Found rosidl_adapter: 4.6.7 (/opt/ros/jazzy/share/rosidl_adapter/cmake)
[0.814s] [31mCMake Error at /opt/ros/jazzy/share/rosidl_adapter/cmake/rosidl_adapt_interfaces.cmake:57 (message):
[0.815s]   execute_process(/usr/bin/python3 -m rosidl_adapter --package-name
[0.815s]   manipulator_msgs --arguments-file
[0.815s]   /home/raj/robotic_arm/src/build/manipulator_msgs/rosidl_adapter__arguments__manipulator_msgs.json
[0.815s]   --output-dir
[0.815s]   /home/raj/robotic_arm/src/build/manipulator_msgs/rosidl_adapter/manipulator_msgs
[0.815s]   --output-file
[0.815s]   /home/raj/robotic_arm/src/build/manipulator_msgs/rosidl_adapter/manipulator_msgs.idls)
[0.815s]   returned error code 1:
[0.815s] 
[0.815s]   Traceback (most recent call last):
[0.815s] 
[0.815s]     File "<frozen runpy>", line 198, in _run_module_as_main
[0.815s]     File "<frozen runpy>", line 88, in _run_code
[0.815s]     File "/opt/ros/jazzy/lib/python3.12/site-packages/rosidl_adapter/__main__.py", line 19, in <module>
[0.815s]       sys.exit(main())
[0.815s]                ^^^^^^
[0.815s]     File "/opt/ros/jazzy/lib/python3.12/site-packages/rosidl_adapter/main.py", line 53, in main
[0.815s]       abs_idl_file = convert_to_idl(
[0.815s]                      ^^^^^^^^^^^^^^^
[0.815s]     File "/opt/ros/jazzy/lib/python3.12/site-packages/rosidl_adapter/__init__.py", line 24, in convert_to_idl
[0.815s]       return convert_srv_to_idl(
[0.815s]              ^^^^^^^^^^^^^^^^^^^
[0.815s]     File "/opt/ros/jazzy/lib/python3.12/site-packages/rosidl_adapter/srv/__init__.py", line 28, in convert_srv_to_idl
[0.815s]       srv = parse_service_string(package_name, input_file.stem, content)
[0.816s]             ^^^^^^^^^^^^^^^^^^^^^^^^^^^^^^^^^^^^^^^^^^^^^^^^^^^^^^^^^^^^
[0.816s]     File "/opt/ros/jazzy/lib/python3.12/site-packages/rosidl_adapter/parser.py", line 851, in parse_service_string
[0.816s]       raise InvalidServiceSpecification(
[0.816s] 
[0.816s]   rosidl_adapter.parser.InvalidServiceSpecification: Could not find separator
[0.816s]   '---' between request and response
[0.816s] 
[0.816s] Call Stack (most recent call first):
[0.816s]   /opt/ros/jazzy/share/rosidl_cmake/cmake/rosidl_generate_interfaces.cmake:132 (rosidl_adapt_interfaces)
[0.816s]   CMakeLists.txt:11 (rosidl_generate_interfaces)
[0.816s] 
[0.816s] [0m
[0.816s] -- Configuring incomplete, errors occurred!
[0.822s] Invoked command in '/home/raj/robotic_arm/src/build/manipulator_msgs' returned '1': CMAKE_PREFIX_PATH=${CMAKE_PREFIX_PATH}:/opt/ros/jazzy DEBUGINFOD_URLS=https://debuginfod.ubuntu.com /usr/bin/cmake /home/raj/robotic_arm/src/manipulator_msgs -DCMAKE_INSTALL_PREFIX=/home/raj/robotic_arm/src/install/manipulator_msgs
