[0.736s] Invoking command in '/home/raj/robotic_arm/src/manipulator_utils': DEBUGINFOD_URLS=https://debuginfod.ubuntu.com PYTHONPATH=/home/raj/robotic_arm/build/manipulator_utils/prefix_override:/usr/lib/python3/dist-packages/colcon_core/task/python/colcon_distutils_commands:/home/raj/robotic_arm/install/manipulator_utils/lib/python3.12/site-packages:${PYTHONPATH} /usr/bin/python3 -W ignore:setup.py install is deprecated -W ignore:easy_install command is deprecated setup.py egg_info --egg-base ../../build/manipulator_utils build --build-base /home/raj/robotic_arm/build/manipulator_utils/build install --record /home/raj/robotic_arm/build/manipulator_utils/install.log --single-version-externally-managed install_data
[0.877s] running egg_info
[0.886s] writing ../../build/manipulator_utils/manipulator_utils.egg-info/PKG-INFO
[0.887s] writing dependency_links to ../../build/manipulator_utils/manipulator_utils.egg-info/dependency_links.txt
[0.887s] writing entry points to ../../build/manipulator_utils/manipulator_utils.egg-info/entry_points.txt
[0.887s] writing requirements to ../../build/manipulator_utils/manipulator_utils.egg-info/requires.txt
[0.887s] writing top-level names to ../../build/manipulator_utils/manipulator_utils.egg-info/top_level.txt
[0.907s] reading manifest file '../../build/manipulator_utils/manipulator_utils.egg-info/SOURCES.txt'
[0.908s] writing manifest file '../../build/manipulator_utils/manipulator_utils.egg-info/SOURCES.txt'
[0.908s] running build
[0.908s] running build_py
[0.908s] copying manipulator_utils/angle_conversion.py -> /home/raj/robotic_arm/build/manipulator_utils/build/lib/manipulator_utils
[0.908s] running install
[0.912s] running install_lib
[0.921s] copying /home/raj/robotic_arm/build/manipulator_utils/build/lib/manipulator_utils/angle_conversion.py -> /home/raj/robotic_arm/install/manipulator_utils/lib/python3.12/site-packages/manipulator_utils
[0.922s] byte-compiling /home/raj/robotic_arm/install/manipulator_utils/lib/python3.12/site-packages/manipulator_utils/angle_conversion.py to angle_conversion.cpython-312.pyc
[0.922s] /home/raj/robotic_arm/install/manipulator_utils/lib/python3.12/site-packages/manipulator_utils/angle_conversion.py:14: SyntaxWarning: 'str' object is not callable; perhaps you missed a comma?
[0.922s]   self.get_logger().info("Requested to convert euler to quaternion roll: %f, pitch: %f ,yaw: %f"  (request.roll,request.pitch,request.yaw))
[0.922s] /home/raj/robotic_arm/install/manipulator_utils/lib/python3.12/site-packages/manipulator_utils/angle_conversion.py:16: SyntaxWarning: 'str' object is not callable; perhaps you missed a comma?
[0.922s]   self.get_logger().info("Quaternion: x: %f, y: %f, z: %f, w: %f"  (response.x,response.y,response.z,response.w))
[0.922s] /home/raj/robotic_arm/install/manipulator_utils/lib/python3.12/site-packages/manipulator_utils/angle_conversion.py:21: SyntaxWarning: 'str' object is not callable; perhaps you missed a comma?
[0.922s]   self.get_logger().info("Requested to convert quaternion to euler x: %f, y: %f, z: %f, w: %f"  (request.x,request.y,request.z,request.w))
[0.922s] /home/raj/robotic_arm/install/manipulator_utils/lib/python3.12/site-packages/manipulator_utils/angle_conversion.py:23: SyntaxWarning: 'str' object is not callable; perhaps you missed a comma?
[0.922s]   self.get_logger().info("Euler: roll: %f, pitch: %f, yaw: %f"  (response.roll,response.pitch,response.yaw))
[0.922s] running install_data
[0.922s] running install_egg_info
[0.933s] removing '/home/raj/robotic_arm/install/manipulator_utils/lib/python3.12/site-packages/manipulator_utils-0.0.0-py3.12.egg-info' (and everything under it)
[0.933s] Copying ../../build/manipulator_utils/manipulator_utils.egg-info to /home/raj/robotic_arm/install/manipulator_utils/lib/python3.12/site-packages/manipulator_utils-0.0.0-py3.12.egg-info
[0.933s] running install_scripts
[1.005s] Installing angle_convertor script to /home/raj/robotic_arm/install/manipulator_utils/lib/manipulator_utils
[1.005s] writing list of installed files to '/home/raj/robotic_arm/build/manipulator_utils/install.log'
[1.033s] Invoked command in '/home/raj/robotic_arm/src/manipulator_utils' returned '0': DEBUGINFOD_URLS=https://debuginfod.ubuntu.com PYTHONPATH=/home/raj/robotic_arm/build/manipulator_utils/prefix_override:/usr/lib/python3/dist-packages/colcon_core/task/python/colcon_distutils_commands:/home/raj/robotic_arm/install/manipulator_utils/lib/python3.12/site-packages:${PYTHONPATH} /usr/bin/python3 -W ignore:setup.py install is deprecated -W ignore:easy_install command is deprecated setup.py egg_info --egg-base ../../build/manipulator_utils build --build-base /home/raj/robotic_arm/build/manipulator_utils/build install --record /home/raj/robotic_arm/build/manipulator_utils/install.log --single-version-externally-managed install_data
