[0.079s] DEBUG:colcon:Command line arguments: ['/usr/bin/colcon', 'build', '--packages-select', 'manipulator_utils']
[0.079s] DEBUG:colcon:Parsed command line arguments: Namespace(log_base=None, log_level=None, verb_name='build', build_base='build', install_base='install', merge_install=False, symlink_install=False, test_result_base=None, continue_on_error=False, executor='parallel', parallel_workers=32, event_handlers=None, ignore_user_meta=False, metas=['./colcon.meta'], base_paths=['.'], packages_ignore=None, packages_ignore_regex=None, paths=None, packages_up_to=None, packages_up_to_regex=None, packages_above=None, packages_above_and_dependencies=None, packages_above_depth=None, packages_select_by_dep=None, packages_skip_by_dep=None, packages_skip_up_to=None, packages_select_build_failed=False, packages_skip_build_finished=False, packages_select_test_failures=False, packages_skip_test_passed=False, packages_select=['manipulator_utils'], packages_skip=None, packages_select_regex=None, packages_skip_regex=None, packages_start=None, packages_end=None, allow_overriding=[], cmake_args=None, cmake_target=None, cmake_target_skip_unavailable=False, cmake_clean_cache=False, cmake_clean_first=False, cmake_force_configure=False, ament_cmake_args=None, catkin_cmake_args=None, catkin_skip_building_tests=False, mixin_files=None, mixin=None, verb_parser=<colcon_mixin.mixin.mixin_argument.MixinArgumentDecorator object at 0x7a4c0d49ccb0>, verb_extension=<colcon_core.verb.build.BuildVerb object at 0x7a4c0d5c0860>, main=<bound method BuildVerb.main of <colcon_core.verb.build.BuildVerb object at 0x7a4c0d5c0860>>, mixin_verb=('build',))
[0.110s] Level 1:colcon.colcon_core.package_discovery:discover_packages(colcon_meta) check parameters
[0.110s] Level 1:colcon.colcon_core.package_discovery:discover_packages(recursive) check parameters
[0.110s] Level 1:colcon.colcon_core.package_discovery:discover_packages(ignore) check parameters
[0.110s] Level 1:colcon.colcon_core.package_discovery:discover_packages(path) check parameters
[0.110s] Level 1:colcon.colcon_core.package_discovery:discover_packages(colcon_meta) discover
[0.111s] Level 1:colcon.colcon_core.package_discovery:discover_packages(recursive) discover
[0.111s] INFO:colcon.colcon_core.package_discovery:Crawling recursively for packages in '/home/raj/robotic_arm/src'
[0.111s] Level 1:colcon.colcon_core.package_identification:_identify(.) by extensions ['ignore', 'ignore_ament_install']
[0.111s] Level 1:colcon.colcon_core.package_identification:_identify(.) by extension 'ignore'
[0.111s] Level 1:colcon.colcon_core.package_identification:_identify(.) by extension 'ignore_ament_install'
[0.111s] Level 1:colcon.colcon_core.package_identification:_identify(.) by extensions ['colcon_pkg']
[0.111s] Level 1:colcon.colcon_core.package_identification:_identify(.) by extension 'colcon_pkg'
[0.111s] Level 1:colcon.colcon_core.package_identification:_identify(.) by extensions ['colcon_meta']
[0.111s] Level 1:colcon.colcon_core.package_identification:_identify(.) by extension 'colcon_meta'
[0.111s] Level 1:colcon.colcon_core.package_identification:_identify(.) by extensions ['ros']
[0.111s] Level 1:colcon.colcon_core.package_identification:_identify(.) by extension 'ros'
[0.130s] Level 1:colcon.colcon_core.package_identification:_identify(.) by extensions ['cmake', 'python']
[0.130s] Level 1:colcon.colcon_core.package_identification:_identify(.) by extension 'cmake'
[0.130s] Level 1:colcon.colcon_core.package_identification:_identify(.) by extension 'python'
[0.130s] Level 1:colcon.colcon_core.package_identification:_identify(.) by extensions ['python_setup_py']
[0.130s] Level 1:colcon.colcon_core.package_identification:_identify(.) by extension 'python_setup_py'
[0.130s] Level 1:colcon.colcon_core.package_identification:_identify(build) by extensions ['ignore', 'ignore_ament_install']
[0.131s] Level 1:colcon.colcon_core.package_identification:_identify(build) by extension 'ignore'
[0.131s] Level 1:colcon.colcon_core.package_identification:_identify(build) ignored
[0.131s] Level 1:colcon.colcon_core.package_identification:_identify(install) by extensions ['ignore', 'ignore_ament_install']
[0.131s] Level 1:colcon.colcon_core.package_identification:_identify(install) by extension 'ignore'
[0.131s] Level 1:colcon.colcon_core.package_identification:_identify(install) ignored
[0.131s] Level 1:colcon.colcon_core.package_identification:_identify(log) by extensions ['ignore', 'ignore_ament_install']
[0.131s] Level 1:colcon.colcon_core.package_identification:_identify(log) by extension 'ignore'
[0.131s] Level 1:colcon.colcon_core.package_identification:_identify(log) ignored
[0.131s] Level 1:colcon.colcon_core.package_identification:_identify(manipulator_controller) by extensions ['ignore', 'ignore_ament_install']
[0.131s] Level 1:colcon.colcon_core.package_identification:_identify(manipulator_controller) by extension 'ignore'
[0.131s] Level 1:colcon.colcon_core.package_identification:_identify(manipulator_controller) by extension 'ignore_ament_install'
[0.131s] Level 1:colcon.colcon_core.package_identification:_identify(manipulator_controller) by extensions ['colcon_pkg']
[0.131s] Level 1:colcon.colcon_core.package_identification:_identify(manipulator_controller) by extension 'colcon_pkg'
[0.131s] Level 1:colcon.colcon_core.package_identification:_identify(manipulator_controller) by extensions ['colcon_meta']
[0.131s] Level 1:colcon.colcon_core.package_identification:_identify(manipulator_controller) by extension 'colcon_meta'
[0.131s] Level 1:colcon.colcon_core.package_identification:_identify(manipulator_controller) by extensions ['ros']
[0.131s] Level 1:colcon.colcon_core.package_identification:_identify(manipulator_controller) by extension 'ros'
[0.133s] DEBUG:colcon.colcon_core.package_identification:Package 'manipulator_controller' with type 'ros.ament_python' and name 'manipulator_controller'
[0.133s] Level 1:colcon.colcon_core.package_identification:_identify(manipulator_description) by extensions ['ignore', 'ignore_ament_install']
[0.133s] Level 1:colcon.colcon_core.package_identification:_identify(manipulator_description) by extension 'ignore'
[0.133s] Level 1:colcon.colcon_core.package_identification:_identify(manipulator_description) by extension 'ignore_ament_install'
[0.133s] Level 1:colcon.colcon_core.package_identification:_identify(manipulator_description) by extensions ['colcon_pkg']
[0.133s] Level 1:colcon.colcon_core.package_identification:_identify(manipulator_description) by extension 'colcon_pkg'
[0.133s] Level 1:colcon.colcon_core.package_identification:_identify(manipulator_description) by extensions ['colcon_meta']
[0.133s] Level 1:colcon.colcon_core.package_identification:_identify(manipulator_description) by extension 'colcon_meta'
[0.133s] Level 1:colcon.colcon_core.package_identification:_identify(manipulator_description) by extensions ['ros']
[0.133s] Level 1:colcon.colcon_core.package_identification:_identify(manipulator_description) by extension 'ros'
[0.135s] DEBUG:colcon.colcon_core.package_identification:Package 'manipulator_description' with type 'ros.ament_python' and name 'manipulator_description'
[0.135s] Level 1:colcon.colcon_core.package_identification:_identify(manipulator_msgs) by extensions ['ignore', 'ignore_ament_install']
[0.135s] Level 1:colcon.colcon_core.package_identification:_identify(manipulator_msgs) by extension 'ignore'
[0.135s] Level 1:colcon.colcon_core.package_identification:_identify(manipulator_msgs) by extension 'ignore_ament_install'
[0.136s] Level 1:colcon.colcon_core.package_identification:_identify(manipulator_msgs) by extensions ['colcon_pkg']
[0.136s] Level 1:colcon.colcon_core.package_identification:_identify(manipulator_msgs) by extension 'colcon_pkg'
[0.136s] Level 1:colcon.colcon_core.package_identification:_identify(manipulator_msgs) by extensions ['colcon_meta']
[0.136s] Level 1:colcon.colcon_core.package_identification:_identify(manipulator_msgs) by extension 'colcon_meta'
[0.136s] Level 1:colcon.colcon_core.package_identification:_identify(manipulator_msgs) by extensions ['ros']
[0.136s] Level 1:colcon.colcon_core.package_identification:_identify(manipulator_msgs) by extension 'ros'
[0.136s] Level 1:colcon.colcon_core.package_identification:_identify(manipulator_msgs) by extensions ['cmake', 'python']
[0.136s] Level 1:colcon.colcon_core.package_identification:_identify(manipulator_msgs) by extension 'cmake'
[0.136s] Level 1:colcon.colcon_core.package_identification:_identify(manipulator_msgs) by extension 'python'
[0.136s] Level 1:colcon.colcon_core.package_identification:_identify(manipulator_msgs) by extensions ['python_setup_py']
[0.136s] Level 1:colcon.colcon_core.package_identification:_identify(manipulator_msgs) by extension 'python_setup_py'
[0.136s] Level 1:colcon.colcon_core.package_identification:_identify(manipulator_msgs/srv) by extensions ['ignore', 'ignore_ament_install']
[0.136s] Level 1:colcon.colcon_core.package_identification:_identify(manipulator_msgs/srv) by extension 'ignore'
[0.136s] Level 1:colcon.colcon_core.package_identification:_identify(manipulator_msgs/srv) by extension 'ignore_ament_install'
[0.136s] Level 1:colcon.colcon_core.package_identification:_identify(manipulator_msgs/srv) by extensions ['colcon_pkg']
[0.136s] Level 1:colcon.colcon_core.package_identification:_identify(manipulator_msgs/srv) by extension 'colcon_pkg'
[0.136s] Level 1:colcon.colcon_core.package_identification:_identify(manipulator_msgs/srv) by extensions ['colcon_meta']
[0.136s] Level 1:colcon.colcon_core.package_identification:_identify(manipulator_msgs/srv) by extension 'colcon_meta'
[0.136s] Level 1:colcon.colcon_core.package_identification:_identify(manipulator_msgs/srv) by extensions ['ros']
[0.136s] Level 1:colcon.colcon_core.package_identification:_identify(manipulator_msgs/srv) by extension 'ros'
[0.136s] Level 1:colcon.colcon_core.package_identification:_identify(manipulator_msgs/srv) by extensions ['cmake', 'python']
[0.136s] Level 1:colcon.colcon_core.package_identification:_identify(manipulator_msgs/srv) by extension 'cmake'
[0.136s] Level 1:colcon.colcon_core.package_identification:_identify(manipulator_msgs/srv) by extension 'python'
[0.136s] Level 1:colcon.colcon_core.package_identification:_identify(manipulator_msgs/srv) by extensions ['python_setup_py']
[0.136s] Level 1:colcon.colcon_core.package_identification:_identify(manipulator_msgs/srv) by extension 'python_setup_py'
[0.136s] Level 1:colcon.colcon_core.package_identification:_identify(manipulator_utils) by extensions ['ignore', 'ignore_ament_install']
[0.136s] Level 1:colcon.colcon_core.package_identification:_identify(manipulator_utils) by extension 'ignore'
[0.136s] Level 1:colcon.colcon_core.package_identification:_identify(manipulator_utils) by extension 'ignore_ament_install'
[0.136s] Level 1:colcon.colcon_core.package_identification:_identify(manipulator_utils) by extensions ['colcon_pkg']
[0.136s] Level 1:colcon.colcon_core.package_identification:_identify(manipulator_utils) by extension 'colcon_pkg'
[0.136s] Level 1:colcon.colcon_core.package_identification:_identify(manipulator_utils) by extensions ['colcon_meta']
[0.136s] Level 1:colcon.colcon_core.package_identification:_identify(manipulator_utils) by extension 'colcon_meta'
[0.136s] Level 1:colcon.colcon_core.package_identification:_identify(manipulator_utils) by extensions ['ros']
[0.136s] Level 1:colcon.colcon_core.package_identification:_identify(manipulator_utils) by extension 'ros'
[0.137s] DEBUG:colcon.colcon_core.package_identification:Package 'manipulator_utils' with type 'ros.ament_python' and name 'manipulator_utils'
[0.137s] Level 1:colcon.colcon_core.package_discovery:discover_packages(recursive) using defaults
[0.137s] Level 1:colcon.colcon_core.package_discovery:discover_packages(ignore) discover
[0.137s] Level 1:colcon.colcon_core.package_discovery:discover_packages(ignore) using defaults
[0.137s] Level 1:colcon.colcon_core.package_discovery:discover_packages(path) discover
[0.137s] Level 1:colcon.colcon_core.package_discovery:discover_packages(path) using defaults
[0.149s] INFO:colcon.colcon_core.package_selection:Skipping not selected package 'manipulator_controller' in 'manipulator_controller'
[0.149s] INFO:colcon.colcon_core.package_selection:Skipping not selected package 'manipulator_description' in 'manipulator_description'
[0.150s] Level 1:colcon.colcon_core.package_discovery:discover_packages(prefix_path) check parameters
[0.150s] Level 1:colcon.colcon_core.package_discovery:discover_packages(prefix_path) discover
[0.153s] DEBUG:colcon.colcon_installed_package_information.package_discovery:Found 442 installed packages in /opt/ros/jazzy
[0.154s] Level 1:colcon.colcon_core.package_discovery:discover_packages(prefix_path) using defaults
[0.194s] Level 5:colcon.colcon_core.verb:set package 'manipulator_utils' build argument 'cmake_args' from command line to 'None'
[0.194s] Level 5:colcon.colcon_core.verb:set package 'manipulator_utils' build argument 'cmake_target' from command line to 'None'
[0.194s] Level 5:colcon.colcon_core.verb:set package 'manipulator_utils' build argument 'cmake_target_skip_unavailable' from command line to 'False'
[0.194s] Level 5:colcon.colcon_core.verb:set package 'manipulator_utils' build argument 'cmake_clean_cache' from command line to 'False'
[0.194s] Level 5:colcon.colcon_core.verb:set package 'manipulator_utils' build argument 'cmake_clean_first' from command line to 'False'
[0.194s] Level 5:colcon.colcon_core.verb:set package 'manipulator_utils' build argument 'cmake_force_configure' from command line to 'False'
[0.194s] Level 5:colcon.colcon_core.verb:set package 'manipulator_utils' build argument 'ament_cmake_args' from command line to 'None'
[0.194s] Level 5:colcon.colcon_core.verb:set package 'manipulator_utils' build argument 'catkin_cmake_args' from command line to 'None'
[0.194s] Level 5:colcon.colcon_core.verb:set package 'manipulator_utils' build argument 'catkin_skip_building_tests' from command line to 'False'
[0.194s] DEBUG:colcon.colcon_core.verb:Building package 'manipulator_utils' with the following arguments: {'ament_cmake_args': None, 'build_base': '/home/raj/robotic_arm/src/build/manipulator_utils', 'catkin_cmake_args': None, 'catkin_skip_building_tests': False, 'cmake_args': None, 'cmake_clean_cache': False, 'cmake_clean_first': False, 'cmake_force_configure': False, 'cmake_target': None, 'cmake_target_skip_unavailable': False, 'install_base': '/home/raj/robotic_arm/src/install/manipulator_utils', 'merge_install': False, 'path': '/home/raj/robotic_arm/src/manipulator_utils', 'symlink_install': False, 'test_result_base': None}
[0.194s] INFO:colcon.colcon_core.executor:Executing jobs using 'parallel' executor
[0.195s] DEBUG:colcon.colcon_parallel_executor.executor.parallel:run_until_complete
[0.195s] INFO:colcon.colcon_ros.task.ament_python.build:Building ROS package in '/home/raj/robotic_arm/src/manipulator_utils' with build type 'ament_python'
[0.195s] Level 1:colcon.colcon_core.shell:create_environment_hook('manipulator_utils', 'ament_prefix_path')
[0.197s] INFO:colcon.colcon_core.plugin_system:Skipping extension 'colcon_core.shell.bat': Not used on non-Windows systems
[0.197s] INFO:colcon.colcon_core.shell:Creating environment hook '/home/raj/robotic_arm/src/install/manipulator_utils/share/manipulator_utils/hook/ament_prefix_path.ps1'
[0.197s] INFO:colcon.colcon_core.shell:Creating environment descriptor '/home/raj/robotic_arm/src/install/manipulator_utils/share/manipulator_utils/hook/ament_prefix_path.dsv'
[0.198s] INFO:colcon.colcon_core.shell:Creating environment hook '/home/raj/robotic_arm/src/install/manipulator_utils/share/manipulator_utils/hook/ament_prefix_path.sh'
[0.198s] INFO:colcon.colcon_core.shell:Skip shell extension 'powershell' for command environment: Not usable outside of PowerShell
[0.198s] DEBUG:colcon.colcon_core.shell:Skip shell extension 'dsv' for command environment
[0.360s] INFO:colcon.colcon_core.task.python.build:Building Python package in '/home/raj/robotic_arm/src/manipulator_utils'
[0.360s] INFO:colcon.colcon_core.shell:Skip shell extension 'powershell' for command environment: Not usable outside of PowerShell
[0.360s] DEBUG:colcon.colcon_core.shell:Skip shell extension 'dsv' for command environment
[0.705s] DEBUG:colcon.colcon_core.event_handler.log_command:Invoking command in '/home/raj/robotic_arm/src/manipulator_utils': DEBUGINFOD_URLS=https://debuginfod.ubuntu.com PYTHONPATH=/home/raj/robotic_arm/src/build/manipulator_utils/prefix_override:/usr/lib/python3/dist-packages/colcon_core/task/python/colcon_distutils_commands:/home/raj/robotic_arm/src/install/manipulator_utils/lib/python3.12/site-packages:${PYTHONPATH} /usr/bin/python3 -W ignore:setup.py install is deprecated -W ignore:easy_install command is deprecated setup.py egg_info --egg-base ../build/manipulator_utils build --build-base /home/raj/robotic_arm/src/build/manipulator_utils/build install --record /home/raj/robotic_arm/src/build/manipulator_utils/install.log --single-version-externally-managed install_data
[0.978s] DEBUG:colcon.colcon_core.event_handler.log_command:Invoked command in '/home/raj/robotic_arm/src/manipulator_utils' returned '0': DEBUGINFOD_URLS=https://debuginfod.ubuntu.com PYTHONPATH=/home/raj/robotic_arm/src/build/manipulator_utils/prefix_override:/usr/lib/python3/dist-packages/colcon_core/task/python/colcon_distutils_commands:/home/raj/robotic_arm/src/install/manipulator_utils/lib/python3.12/site-packages:${PYTHONPATH} /usr/bin/python3 -W ignore:setup.py install is deprecated -W ignore:easy_install command is deprecated setup.py egg_info --egg-base ../build/manipulator_utils build --build-base /home/raj/robotic_arm/src/build/manipulator_utils/build install --record /home/raj/robotic_arm/src/build/manipulator_utils/install.log --single-version-externally-managed install_data
[0.979s] Level 1:colcon.colcon_core.environment:checking '/home/raj/robotic_arm/src/install/manipulator_utils' for CMake module files
[0.980s] Level 1:colcon.colcon_core.environment:checking '/home/raj/robotic_arm/src/install/manipulator_utils' for CMake config files
[0.980s] Level 1:colcon.colcon_core.environment:checking '/home/raj/robotic_arm/src/install/manipulator_utils/lib'
[0.980s] Level 1:colcon.colcon_core.environment:checking '/home/raj/robotic_arm/src/install/manipulator_utils/bin'
[0.980s] Level 1:colcon.colcon_core.environment:checking '/home/raj/robotic_arm/src/install/manipulator_utils/lib/pkgconfig/manipulator_utils.pc'
[0.980s] Level 1:colcon.colcon_core.environment:checking '/home/raj/robotic_arm/src/install/manipulator_utils/lib/python3.12/site-packages'
[0.980s] Level 1:colcon.colcon_core.shell:create_environment_hook('manipulator_utils', 'pythonpath')
[0.980s] INFO:colcon.colcon_core.shell:Creating environment hook '/home/raj/robotic_arm/src/install/manipulator_utils/share/manipulator_utils/hook/pythonpath.ps1'
[0.981s] INFO:colcon.colcon_core.shell:Creating environment descriptor '/home/raj/robotic_arm/src/install/manipulator_utils/share/manipulator_utils/hook/pythonpath.dsv'
[0.981s] INFO:colcon.colcon_core.shell:Creating environment hook '/home/raj/robotic_arm/src/install/manipulator_utils/share/manipulator_utils/hook/pythonpath.sh'
[0.981s] Level 1:colcon.colcon_core.environment:checking '/home/raj/robotic_arm/src/install/manipulator_utils/bin'
[0.981s] Level 1:colcon.colcon_core.environment:create_environment_scripts_only(manipulator_utils)
[0.981s] INFO:colcon.colcon_core.shell:Creating package script '/home/raj/robotic_arm/src/install/manipulator_utils/share/manipulator_utils/package.ps1'
[0.982s] INFO:colcon.colcon_core.shell:Creating package descriptor '/home/raj/robotic_arm/src/install/manipulator_utils/share/manipulator_utils/package.dsv'
[0.982s] INFO:colcon.colcon_core.shell:Creating package script '/home/raj/robotic_arm/src/install/manipulator_utils/share/manipulator_utils/package.sh'
[0.982s] INFO:colcon.colcon_core.shell:Creating package script '/home/raj/robotic_arm/src/install/manipulator_utils/share/manipulator_utils/package.bash'
[0.983s] INFO:colcon.colcon_core.shell:Creating package script '/home/raj/robotic_arm/src/install/manipulator_utils/share/manipulator_utils/package.zsh'
[0.983s] Level 1:colcon.colcon_core.environment:create_file_with_runtime_dependencies(/home/raj/robotic_arm/src/install/manipulator_utils/share/colcon-core/packages/manipulator_utils)
[0.983s] DEBUG:colcon.colcon_parallel_executor.executor.parallel:closing loop
[0.984s] DEBUG:colcon.colcon_parallel_executor.executor.parallel:loop closed
[0.984s] DEBUG:colcon.colcon_parallel_executor.executor.parallel:run_until_complete finished with '0'
[0.984s] DEBUG:colcon.colcon_core.event_reactor:joining thread
[0.987s] INFO:colcon.colcon_core.plugin_system:Skipping extension 'colcon_notification.desktop_notification.terminal_notifier': Not used on non-Darwin systems
[0.987s] INFO:colcon.colcon_core.plugin_system:Skipping extension 'colcon_notification.desktop_notification.win32': Not used on non-Windows systems
[0.987s] INFO:colcon.colcon_notification.desktop_notification:Sending desktop notification using 'notify2'
[0.992s] DEBUG:colcon.colcon_core.event_reactor:joined thread
[0.992s] INFO:colcon.colcon_core.shell:Creating prefix script '/home/raj/robotic_arm/src/install/local_setup.ps1'
[0.993s] INFO:colcon.colcon_core.shell:Creating prefix util module '/home/raj/robotic_arm/src/install/_local_setup_util_ps1.py'
[0.993s] INFO:colcon.colcon_core.shell:Creating prefix chain script '/home/raj/robotic_arm/src/install/setup.ps1'
[0.994s] INFO:colcon.colcon_core.shell:Creating prefix script '/home/raj/robotic_arm/src/install/local_setup.sh'
[0.994s] INFO:colcon.colcon_core.shell:Creating prefix util module '/home/raj/robotic_arm/src/install/_local_setup_util_sh.py'
[0.994s] INFO:colcon.colcon_core.shell:Creating prefix chain script '/home/raj/robotic_arm/src/install/setup.sh'
[0.995s] INFO:colcon.colcon_core.shell:Creating prefix script '/home/raj/robotic_arm/src/install/local_setup.bash'
[0.995s] INFO:colcon.colcon_core.shell:Creating prefix chain script '/home/raj/robotic_arm/src/install/setup.bash'
[0.996s] INFO:colcon.colcon_core.shell:Creating prefix script '/home/raj/robotic_arm/src/install/local_setup.zsh'
[0.996s] INFO:colcon.colcon_core.shell:Creating prefix chain script '/home/raj/robotic_arm/src/install/setup.zsh'
