[0.018s] Invoking command in '/home/raj/robotic_arm/build/manipulator_bringup': CMAKE_PREFIX_PATH=${CMAKE_PREFIX_PATH}:/opt/ros/jazzy DEBUGINFOD_URLS=https://debuginfod.ubuntu.com /usr/bin/cmake /home/raj/robotic_arm/src/manipulator_bringup -DCMAKE_INSTALL_PREFIX=/home/raj/robotic_arm/install/manipulator_bringup
[0.183s] -- The C compiler identification is GNU 13.3.0
[0.197s] -- The CXX compiler identification is GNU 13.3.0
[0.216s] -- Detecting C compiler ABI info
[0.306s] -- Detecting C compiler ABI info - done
[0.313s] -- Check for working C compiler: /usr/bin/cc - skipped
[0.314s] -- Detecting C compile features
[0.314s] -- Detecting C compile features - done
[0.324s] -- Detecting CXX compiler ABI info
[0.424s] -- Detecting CXX compiler ABI info - done
[0.430s] -- Check for working CXX compiler: /usr/bin/c++ - skipped
[0.430s] -- Detecting CXX compile features
[0.431s] -- Detecting CXX compile features - done
[0.436s] -- Found ament_cmake: 2.5.5 (/opt/ros/jazzy/share/ament_cmake/cmake)
[0.554s] -- Found Python3: /usr/bin/python3 (found version "3.12.3") found components: Interpreter 
[0.648s] -- Found ament_lint_auto: 0.17.4 (/opt/ros/jazzy/share/ament_lint_auto/cmake)
[0.728s] -- Added test 'lint_cmake' to check CMake code style
[0.729s] -- Added test 'xmllint' to check XML markup files
[0.731s] -- Configuring done (0.7s)
[0.733s] -- Generating done (0.0s)
[0.734s] -- Build files have been written to: /home/raj/robotic_arm/build/manipulator_bringup
[0.739s] Invoked command in '/home/raj/robotic_arm/build/manipulator_bringup' returned '0': CMAKE_PREFIX_PATH=${CMAKE_PREFIX_PATH}:/opt/ros/jazzy DEBUGINFOD_URLS=https://debuginfod.ubuntu.com /usr/bin/cmake /home/raj/robotic_arm/src/manipulator_bringup -DCMAKE_INSTALL_PREFIX=/home/raj/robotic_arm/install/manipulator_bringup
[0.740s] Invoking command in '/home/raj/robotic_arm/build/manipulator_bringup': CMAKE_PREFIX_PATH=${CMAKE_PREFIX_PATH}:/opt/ros/jazzy DEBUGINFOD_URLS=https://debuginfod.ubuntu.com /usr/bin/cmake --build /home/raj/robotic_arm/build/manipulator_bringup -- -j32 -l32
[0.775s] Invoked command in '/home/raj/robotic_arm/build/manipulator_bringup' returned '0': CMAKE_PREFIX_PATH=${CMAKE_PREFIX_PATH}:/opt/ros/jazzy DEBUGINFOD_URLS=https://debuginfod.ubuntu.com /usr/bin/cmake --build /home/raj/robotic_arm/build/manipulator_bringup -- -j32 -l32
[0.775s] Invoking command in '/home/raj/robotic_arm/build/manipulator_bringup': CMAKE_PREFIX_PATH=${CMAKE_PREFIX_PATH}:/opt/ros/jazzy DEBUGINFOD_URLS=https://debuginfod.ubuntu.com /usr/bin/cmake --install /home/raj/robotic_arm/build/manipulator_bringup
[0.782s] -- Install configuration: ""
[0.782s] -- Installing: /home/raj/robotic_arm/install/manipulator_bringup/share/ament_index/resource_index/package_run_dependencies/manipulator_bringup
[0.782s] -- Installing: /home/raj/robotic_arm/install/manipulator_bringup/share/ament_index/resource_index/parent_prefix_path/manipulator_bringup
[0.782s] -- Installing: /home/raj/robotic_arm/install/manipulator_bringup/share/manipulator_bringup/environment/ament_prefix_path.sh
[0.782s] -- Installing: /home/raj/robotic_arm/install/manipulator_bringup/share/manipulator_bringup/environment/ament_prefix_path.dsv
[0.782s] -- Installing: /home/raj/robotic_arm/install/manipulator_bringup/share/manipulator_bringup/environment/path.sh
[0.783s] -- Installing: /home/raj/robotic_arm/install/manipulator_bringup/share/manipulator_bringup/environment/path.dsv
[0.783s] -- Installing: /home/raj/robotic_arm/install/manipulator_bringup/share/manipulator_bringup/local_setup.bash
[0.783s] -- Installing: /home/raj/robotic_arm/install/manipulator_bringup/share/manipulator_bringup/local_setup.sh
[0.783s] -- Installing: /home/raj/robotic_arm/install/manipulator_bringup/share/manipulator_bringup/local_setup.zsh
[0.783s] -- Installing: /home/raj/robotic_arm/install/manipulator_bringup/share/manipulator_bringup/local_setup.dsv
[0.783s] -- Installing: /home/raj/robotic_arm/install/manipulator_bringup/share/manipulator_bringup/package.dsv
[0.783s] -- Installing: /home/raj/robotic_arm/install/manipulator_bringup/share/ament_index/resource_index/packages/manipulator_bringup
[0.784s] -- Installing: /home/raj/robotic_arm/install/manipulator_bringup/share/manipulator_bringup/cmake/manipulator_bringupConfig.cmake
[0.784s] -- Installing: /home/raj/robotic_arm/install/manipulator_bringup/share/manipulator_bringup/cmake/manipulator_bringupConfig-version.cmake
[0.784s] -- Installing: /home/raj/robotic_arm/install/manipulator_bringup/share/manipulator_bringup/package.xml
[0.785s] Invoked command in '/home/raj/robotic_arm/build/manipulator_bringup' returned '0': CMAKE_PREFIX_PATH=${CMAKE_PREFIX_PATH}:/opt/ros/jazzy DEBUGINFOD_URLS=https://debuginfod.ubuntu.com /usr/bin/cmake --install /home/raj/robotic_arm/build/manipulator_bringup
