[0.088s] DEBUG:colcon:Command line arguments: ['/usr/bin/colcon', 'build']
[0.088s] DEBUG:colcon:Parsed command line arguments: Namespace(log_base=None, log_level=None, verb_name='build', build_base='build', install_base='install', merge_install=False, symlink_install=False, test_result_base=None, continue_on_error=False, executor='parallel', parallel_workers=32, event_handlers=None, ignore_user_meta=False, metas=['./colcon.meta'], base_paths=['.'], packages_ignore=None, packages_ignore_regex=None, paths=None, packages_up_to=None, packages_up_to_regex=None, packages_above=None, packages_above_and_dependencies=None, packages_above_depth=None, packages_select_by_dep=None, packages_skip_by_dep=None, packages_skip_up_to=None, packages_select_build_failed=False, packages_skip_build_finished=False, packages_select_test_failures=False, packages_skip_test_passed=False, packages_select=None, packages_skip=None, packages_select_regex=None, packages_skip_regex=None, packages_start=None, packages_end=None, allow_overriding=[], cmake_args=None, cmake_target=None, cmake_target_skip_unavailable=False, cmake_clean_cache=False, cmake_clean_first=False, cmake_force_configure=False, ament_cmake_args=None, catkin_cmake_args=None, catkin_skip_building_tests=False, mixin_files=None, mixin=None, verb_parser=<colcon_mixin.mixin.mixin_argument.MixinArgumentDecorator object at 0x75b105eb8c20>, verb_extension=<colcon_core.verb.build.BuildVerb object at 0x75b105fd89e0>, main=<bound method BuildVerb.main of <colcon_core.verb.build.BuildVerb object at 0x75b105fd89e0>>, mixin_verb=('build',))
[0.118s] Level 1:colcon.colcon_core.package_discovery:discover_packages(colcon_meta) check parameters
[0.118s] Level 1:colcon.colcon_core.package_discovery:discover_packages(recursive) check parameters
[0.118s] Level 1:colcon.colcon_core.package_discovery:discover_packages(ignore) check parameters
[0.118s] Level 1:colcon.colcon_core.package_discovery:discover_packages(path) check parameters
[0.118s] Level 1:colcon.colcon_core.package_discovery:discover_packages(colcon_meta) discover
[0.118s] Level 1:colcon.colcon_core.package_discovery:discover_packages(recursive) discover
[0.119s] INFO:colcon.colcon_core.package_discovery:Crawling recursively for packages in '/home/raj/robotic_arm/src'
[0.119s] Level 1:colcon.colcon_core.package_identification:_identify(.) by extensions ['ignore', 'ignore_ament_install']
[0.119s] Level 1:colcon.colcon_core.package_identification:_identify(.) by extension 'ignore'
[0.119s] Level 1:colcon.colcon_core.package_identification:_identify(.) by extension 'ignore_ament_install'
[0.119s] Level 1:colcon.colcon_core.package_identification:_identify(.) by extensions ['colcon_pkg']
[0.119s] Level 1:colcon.colcon_core.package_identification:_identify(.) by extension 'colcon_pkg'
[0.119s] Level 1:colcon.colcon_core.package_identification:_identify(.) by extensions ['colcon_meta']
[0.119s] Level 1:colcon.colcon_core.package_identification:_identify(.) by extension 'colcon_meta'
[0.119s] Level 1:colcon.colcon_core.package_identification:_identify(.) by extensions ['ros']
[0.119s] Level 1:colcon.colcon_core.package_identification:_identify(.) by extension 'ros'
[0.138s] Level 1:colcon.colcon_core.package_identification:_identify(.) by extensions ['cmake', 'python']
[0.138s] Level 1:colcon.colcon_core.package_identification:_identify(.) by extension 'cmake'
[0.138s] Level 1:colcon.colcon_core.package_identification:_identify(.) by extension 'python'
[0.138s] Level 1:colcon.colcon_core.package_identification:_identify(.) by extensions ['python_setup_py']
[0.138s] Level 1:colcon.colcon_core.package_identification:_identify(.) by extension 'python_setup_py'
[0.139s] Level 1:colcon.colcon_core.package_identification:_identify(build) by extensions ['ignore', 'ignore_ament_install']
[0.139s] Level 1:colcon.colcon_core.package_identification:_identify(build) by extension 'ignore'
[0.139s] Level 1:colcon.colcon_core.package_identification:_identify(build) ignored
[0.139s] Level 1:colcon.colcon_core.package_identification:_identify(install) by extensions ['ignore', 'ignore_ament_install']
[0.139s] Level 1:colcon.colcon_core.package_identification:_identify(install) by extension 'ignore'
[0.139s] Level 1:colcon.colcon_core.package_identification:_identify(install) ignored
[0.139s] Level 1:colcon.colcon_core.package_identification:_identify(log) by extensions ['ignore', 'ignore_ament_install']
[0.139s] Level 1:colcon.colcon_core.package_identification:_identify(log) by extension 'ignore'
[0.139s] Level 1:colcon.colcon_core.package_identification:_identify(log) ignored
[0.139s] Level 1:colcon.colcon_core.package_identification:_identify(manipulator_controller) by extensions ['ignore', 'ignore_ament_install']
[0.139s] Level 1:colcon.colcon_core.package_identification:_identify(manipulator_controller) by extension 'ignore'
[0.139s] Level 1:colcon.colcon_core.package_identification:_identify(manipulator_controller) by extension 'ignore_ament_install'
[0.139s] Level 1:colcon.colcon_core.package_identification:_identify(manipulator_controller) by extensions ['colcon_pkg']
[0.139s] Level 1:colcon.colcon_core.package_identification:_identify(manipulator_controller) by extension 'colcon_pkg'
[0.139s] Level 1:colcon.colcon_core.package_identification:_identify(manipulator_controller) by extensions ['colcon_meta']
[0.139s] Level 1:colcon.colcon_core.package_identification:_identify(manipulator_controller) by extension 'colcon_meta'
[0.139s] Level 1:colcon.colcon_core.package_identification:_identify(manipulator_controller) by extensions ['ros']
[0.139s] Level 1:colcon.colcon_core.package_identification:_identify(manipulator_controller) by extension 'ros'
[0.141s] DEBUG:colcon.colcon_core.package_identification:Package 'manipulator_controller' with type 'ros.ament_python' and name 'manipulator_controller'
[0.141s] Level 1:colcon.colcon_core.package_identification:_identify(manipulator_description) by extensions ['ignore', 'ignore_ament_install']
[0.141s] Level 1:colcon.colcon_core.package_identification:_identify(manipulator_description) by extension 'ignore'
[0.141s] Level 1:colcon.colcon_core.package_identification:_identify(manipulator_description) by extension 'ignore_ament_install'
[0.141s] Level 1:colcon.colcon_core.package_identification:_identify(manipulator_description) by extensions ['colcon_pkg']
[0.141s] Level 1:colcon.colcon_core.package_identification:_identify(manipulator_description) by extension 'colcon_pkg'
[0.141s] Level 1:colcon.colcon_core.package_identification:_identify(manipulator_description) by extensions ['colcon_meta']
[0.141s] Level 1:colcon.colcon_core.package_identification:_identify(manipulator_description) by extension 'colcon_meta'
[0.141s] Level 1:colcon.colcon_core.package_identification:_identify(manipulator_description) by extensions ['ros']
[0.141s] Level 1:colcon.colcon_core.package_identification:_identify(manipulator_description) by extension 'ros'
[0.144s] DEBUG:colcon.colcon_core.package_identification:Package 'manipulator_description' with type 'ros.ament_python' and name 'manipulator_description'
[0.144s] Level 1:colcon.colcon_core.package_identification:_identify(manipulator_msgs) by extensions ['ignore', 'ignore_ament_install']
[0.144s] Level 1:colcon.colcon_core.package_identification:_identify(manipulator_msgs) by extension 'ignore'
[0.144s] Level 1:colcon.colcon_core.package_identification:_identify(manipulator_msgs) by extension 'ignore_ament_install'
[0.144s] Level 1:colcon.colcon_core.package_identification:_identify(manipulator_msgs) by extensions ['colcon_pkg']
[0.144s] Level 1:colcon.colcon_core.package_identification:_identify(manipulator_msgs) by extension 'colcon_pkg'
[0.144s] Level 1:colcon.colcon_core.package_identification:_identify(manipulator_msgs) by extensions ['colcon_meta']
[0.144s] Level 1:colcon.colcon_core.package_identification:_identify(manipulator_msgs) by extension 'colcon_meta'
[0.144s] Level 1:colcon.colcon_core.package_identification:_identify(manipulator_msgs) by extensions ['ros']
[0.144s] Level 1:colcon.colcon_core.package_identification:_identify(manipulator_msgs) by extension 'ros'
[0.144s] DEBUG:colcon.colcon_core.package_identification:Package 'manipulator_msgs' with type 'ros.ament_cmake' and name 'manipulator_msgs'
[0.144s] Level 1:colcon.colcon_core.package_identification:_identify(manipulator_utils) by extensions ['ignore', 'ignore_ament_install']
[0.144s] Level 1:colcon.colcon_core.package_identification:_identify(manipulator_utils) by extension 'ignore'
[0.144s] Level 1:colcon.colcon_core.package_identification:_identify(manipulator_utils) by extension 'ignore_ament_install'
[0.144s] Level 1:colcon.colcon_core.package_identification:_identify(manipulator_utils) by extensions ['colcon_pkg']
[0.145s] Level 1:colcon.colcon_core.package_identification:_identify(manipulator_utils) by extension 'colcon_pkg'
[0.145s] Level 1:colcon.colcon_core.package_identification:_identify(manipulator_utils) by extensions ['colcon_meta']
[0.145s] Level 1:colcon.colcon_core.package_identification:_identify(manipulator_utils) by extension 'colcon_meta'
[0.145s] Level 1:colcon.colcon_core.package_identification:_identify(manipulator_utils) by extensions ['ros']
[0.145s] Level 1:colcon.colcon_core.package_identification:_identify(manipulator_utils) by extension 'ros'
[0.145s] DEBUG:colcon.colcon_core.package_identification:Package 'manipulator_utils' with type 'ros.ament_python' and name 'manipulator_utils'
[0.145s] Level 1:colcon.colcon_core.package_discovery:discover_packages(recursive) using defaults
[0.145s] Level 1:colcon.colcon_core.package_discovery:discover_packages(ignore) discover
[0.145s] Level 1:colcon.colcon_core.package_discovery:discover_packages(ignore) using defaults
[0.145s] Level 1:colcon.colcon_core.package_discovery:discover_packages(path) discover
[0.145s] Level 1:colcon.colcon_core.package_discovery:discover_packages(path) using defaults
[0.158s] Level 1:colcon.colcon_core.package_discovery:discover_packages(prefix_path) check parameters
[0.158s] Level 1:colcon.colcon_core.package_discovery:discover_packages(prefix_path) discover
[0.162s] DEBUG:colcon.colcon_installed_package_information.package_discovery:Found 442 installed packages in /opt/ros/jazzy
[0.162s] Level 1:colcon.colcon_core.package_discovery:discover_packages(prefix_path) using defaults
[0.202s] Level 5:colcon.colcon_core.verb:set package 'manipulator_controller' build argument 'cmake_args' from command line to 'None'
[0.202s] Level 5:colcon.colcon_core.verb:set package 'manipulator_controller' build argument 'cmake_target' from command line to 'None'
[0.202s] Level 5:colcon.colcon_core.verb:set package 'manipulator_controller' build argument 'cmake_target_skip_unavailable' from command line to 'False'
[0.202s] Level 5:colcon.colcon_core.verb:set package 'manipulator_controller' build argument 'cmake_clean_cache' from command line to 'False'
[0.202s] Level 5:colcon.colcon_core.verb:set package 'manipulator_controller' build argument 'cmake_clean_first' from command line to 'False'
[0.202s] Level 5:colcon.colcon_core.verb:set package 'manipulator_controller' build argument 'cmake_force_configure' from command line to 'False'
[0.202s] Level 5:colcon.colcon_core.verb:set package 'manipulator_controller' build argument 'ament_cmake_args' from command line to 'None'
[0.202s] Level 5:colcon.colcon_core.verb:set package 'manipulator_controller' build argument 'catkin_cmake_args' from command line to 'None'
[0.202s] Level 5:colcon.colcon_core.verb:set package 'manipulator_controller' build argument 'catkin_skip_building_tests' from command line to 'False'
[0.202s] DEBUG:colcon.colcon_core.verb:Building package 'manipulator_controller' with the following arguments: {'ament_cmake_args': None, 'build_base': '/home/raj/robotic_arm/src/build/manipulator_controller', 'catkin_cmake_args': None, 'catkin_skip_building_tests': False, 'cmake_args': None, 'cmake_clean_cache': False, 'cmake_clean_first': False, 'cmake_force_configure': False, 'cmake_target': None, 'cmake_target_skip_unavailable': False, 'install_base': '/home/raj/robotic_arm/src/install/manipulator_controller', 'merge_install': False, 'path': '/home/raj/robotic_arm/src/manipulator_controller', 'symlink_install': False, 'test_result_base': None}
[0.202s] Level 5:colcon.colcon_core.verb:set package 'manipulator_description' build argument 'cmake_args' from command line to 'None'
[0.202s] Level 5:colcon.colcon_core.verb:set package 'manipulator_description' build argument 'cmake_target' from command line to 'None'
[0.202s] Level 5:colcon.colcon_core.verb:set package 'manipulator_description' build argument 'cmake_target_skip_unavailable' from command line to 'False'
[0.202s] Level 5:colcon.colcon_core.verb:set package 'manipulator_description' build argument 'cmake_clean_cache' from command line to 'False'
[0.202s] Level 5:colcon.colcon_core.verb:set package 'manipulator_description' build argument 'cmake_clean_first' from command line to 'False'
[0.202s] Level 5:colcon.colcon_core.verb:set package 'manipulator_description' build argument 'cmake_force_configure' from command line to 'False'
[0.202s] Level 5:colcon.colcon_core.verb:set package 'manipulator_description' build argument 'ament_cmake_args' from command line to 'None'
[0.202s] Level 5:colcon.colcon_core.verb:set package 'manipulator_description' build argument 'catkin_cmake_args' from command line to 'None'
[0.202s] Level 5:colcon.colcon_core.verb:set package 'manipulator_description' build argument 'catkin_skip_building_tests' from command line to 'False'
[0.202s] DEBUG:colcon.colcon_core.verb:Building package 'manipulator_description' with the following arguments: {'ament_cmake_args': None, 'build_base': '/home/raj/robotic_arm/src/build/manipulator_description', 'catkin_cmake_args': None, 'catkin_skip_building_tests': False, 'cmake_args': None, 'cmake_clean_cache': False, 'cmake_clean_first': False, 'cmake_force_configure': False, 'cmake_target': None, 'cmake_target_skip_unavailable': False, 'install_base': '/home/raj/robotic_arm/src/install/manipulator_description', 'merge_install': False, 'path': '/home/raj/robotic_arm/src/manipulator_description', 'symlink_install': False, 'test_result_base': None}
[0.202s] Level 5:colcon.colcon_core.verb:set package 'manipulator_msgs' build argument 'cmake_args' from command line to 'None'
[0.202s] Level 5:colcon.colcon_core.verb:set package 'manipulator_msgs' build argument 'cmake_target' from command line to 'None'
[0.202s] Level 5:colcon.colcon_core.verb:set package 'manipulator_msgs' build argument 'cmake_target_skip_unavailable' from command line to 'False'
[0.202s] Level 5:colcon.colcon_core.verb:set package 'manipulator_msgs' build argument 'cmake_clean_cache' from command line to 'False'
[0.202s] Level 5:colcon.colcon_core.verb:set package 'manipulator_msgs' build argument 'cmake_clean_first' from command line to 'False'
[0.202s] Level 5:colcon.colcon_core.verb:set package 'manipulator_msgs' build argument 'cmake_force_configure' from command line to 'False'
[0.202s] Level 5:colcon.colcon_core.verb:set package 'manipulator_msgs' build argument 'ament_cmake_args' from command line to 'None'
[0.202s] Level 5:colcon.colcon_core.verb:set package 'manipulator_msgs' build argument 'catkin_cmake_args' from command line to 'None'
[0.202s] Level 5:colcon.colcon_core.verb:set package 'manipulator_msgs' build argument 'catkin_skip_building_tests' from command line to 'False'
[0.202s] DEBUG:colcon.colcon_core.verb:Building package 'manipulator_msgs' with the following arguments: {'ament_cmake_args': None, 'build_base': '/home/raj/robotic_arm/src/build/manipulator_msgs', 'catkin_cmake_args': None, 'catkin_skip_building_tests': False, 'cmake_args': None, 'cmake_clean_cache': False, 'cmake_clean_first': False, 'cmake_force_configure': False, 'cmake_target': None, 'cmake_target_skip_unavailable': False, 'install_base': '/home/raj/robotic_arm/src/install/manipulator_msgs', 'merge_install': False, 'path': '/home/raj/robotic_arm/src/manipulator_msgs', 'symlink_install': False, 'test_result_base': None}
[0.202s] Level 5:colcon.colcon_core.verb:set package 'manipulator_utils' build argument 'cmake_args' from command line to 'None'
[0.202s] Level 5:colcon.colcon_core.verb:set package 'manipulator_utils' build argument 'cmake_target' from command line to 'None'
[0.202s] Level 5:colcon.colcon_core.verb:set package 'manipulator_utils' build argument 'cmake_target_skip_unavailable' from command line to 'False'
[0.203s] Level 5:colcon.colcon_core.verb:set package 'manipulator_utils' build argument 'cmake_clean_cache' from command line to 'False'
[0.203s] Level 5:colcon.colcon_core.verb:set package 'manipulator_utils' build argument 'cmake_clean_first' from command line to 'False'
[0.203s] Level 5:colcon.colcon_core.verb:set package 'manipulator_utils' build argument 'cmake_force_configure' from command line to 'False'
[0.203s] Level 5:colcon.colcon_core.verb:set package 'manipulator_utils' build argument 'ament_cmake_args' from command line to 'None'
[0.203s] Level 5:colcon.colcon_core.verb:set package 'manipulator_utils' build argument 'catkin_cmake_args' from command line to 'None'
[0.203s] Level 5:colcon.colcon_core.verb:set package 'manipulator_utils' build argument 'catkin_skip_building_tests' from command line to 'False'
[0.203s] DEBUG:colcon.colcon_core.verb:Building package 'manipulator_utils' with the following arguments: {'ament_cmake_args': None, 'build_base': '/home/raj/robotic_arm/src/build/manipulator_utils', 'catkin_cmake_args': None, 'catkin_skip_building_tests': False, 'cmake_args': None, 'cmake_clean_cache': False, 'cmake_clean_first': False, 'cmake_force_configure': False, 'cmake_target': None, 'cmake_target_skip_unavailable': False, 'install_base': '/home/raj/robotic_arm/src/install/manipulator_utils', 'merge_install': False, 'path': '/home/raj/robotic_arm/src/manipulator_utils', 'symlink_install': False, 'test_result_base': None}
[0.203s] INFO:colcon.colcon_core.executor:Executing jobs using 'parallel' executor
[0.203s] DEBUG:colcon.colcon_parallel_executor.executor.parallel:run_until_complete
[0.204s] INFO:colcon.colcon_ros.task.ament_cmake.build:Building ROS package in '/home/raj/robotic_arm/src/manipulator_msgs' with build type 'ament_cmake'
[0.204s] INFO:colcon.colcon_cmake.task.cmake.build:Building CMake package in '/home/raj/robotic_arm/src/manipulator_msgs'
[0.205s] INFO:colcon.colcon_core.plugin_system:Skipping extension 'colcon_core.shell.bat': Not used on non-Windows systems
[0.205s] INFO:colcon.colcon_core.shell:Skip shell extension 'powershell' for command environment: Not usable outside of PowerShell
[0.205s] DEBUG:colcon.colcon_core.shell:Skip shell extension 'dsv' for command environment
[0.208s] INFO:colcon.colcon_ros.task.ament_python.build:Building ROS package in '/home/raj/robotic_arm/src/manipulator_controller' with build type 'ament_python'
[0.208s] Level 1:colcon.colcon_core.shell:create_environment_hook('manipulator_controller', 'ament_prefix_path')
[0.208s] INFO:colcon.colcon_core.shell:Creating environment hook '/home/raj/robotic_arm/src/install/manipulator_controller/share/manipulator_controller/hook/ament_prefix_path.ps1'
[0.209s] INFO:colcon.colcon_core.shell:Creating environment descriptor '/home/raj/robotic_arm/src/install/manipulator_controller/share/manipulator_controller/hook/ament_prefix_path.dsv'
[0.209s] INFO:colcon.colcon_core.shell:Creating environment hook '/home/raj/robotic_arm/src/install/manipulator_controller/share/manipulator_controller/hook/ament_prefix_path.sh'
[0.210s] INFO:colcon.colcon_core.shell:Skip shell extension 'powershell' for command environment: Not usable outside of PowerShell
[0.210s] DEBUG:colcon.colcon_core.shell:Skip shell extension 'dsv' for command environment
[0.212s] INFO:colcon.colcon_ros.task.ament_python.build:Building ROS package in '/home/raj/robotic_arm/src/manipulator_description' with build type 'ament_python'
[0.213s] Level 1:colcon.colcon_core.shell:create_environment_hook('manipulator_description', 'ament_prefix_path')
[0.213s] INFO:colcon.colcon_core.shell:Creating environment hook '/home/raj/robotic_arm/src/install/manipulator_description/share/manipulator_description/hook/ament_prefix_path.ps1'
[0.213s] INFO:colcon.colcon_core.shell:Creating environment descriptor '/home/raj/robotic_arm/src/install/manipulator_description/share/manipulator_description/hook/ament_prefix_path.dsv'
[0.213s] INFO:colcon.colcon_core.shell:Creating environment hook '/home/raj/robotic_arm/src/install/manipulator_description/share/manipulator_description/hook/ament_prefix_path.sh'
[0.214s] INFO:colcon.colcon_core.shell:Skip shell extension 'powershell' for command environment: Not usable outside of PowerShell
[0.214s] DEBUG:colcon.colcon_core.shell:Skip shell extension 'dsv' for command environment
[0.219s] DEBUG:colcon.colcon_core.event_handler.log_command:Invoking command in '/home/raj/robotic_arm/src/build/manipulator_msgs': CMAKE_PREFIX_PATH=${CMAKE_PREFIX_PATH}:/opt/ros/jazzy DEBUGINFOD_URLS=https://debuginfod.ubuntu.com /usr/bin/cmake /home/raj/robotic_arm/src/manipulator_msgs -DCMAKE_INSTALL_PREFIX=/home/raj/robotic_arm/src/install/manipulator_msgs
[0.374s] INFO:colcon.colcon_core.task.python.build:Building Python package in '/home/raj/robotic_arm/src/manipulator_controller'
[0.374s] INFO:colcon.colcon_core.shell:Skip shell extension 'powershell' for command environment: Not usable outside of PowerShell
[0.374s] DEBUG:colcon.colcon_core.shell:Skip shell extension 'dsv' for command environment
[0.494s] INFO:colcon.colcon_core.task.python.build:Building Python package in '/home/raj/robotic_arm/src/manipulator_description'
[0.494s] INFO:colcon.colcon_core.shell:Skip shell extension 'powershell' for command environment: Not usable outside of PowerShell
[0.495s] DEBUG:colcon.colcon_core.shell:Skip shell extension 'dsv' for command environment
[0.807s] DEBUG:colcon.colcon_core.event_handler.log_command:Invoking command in '/home/raj/robotic_arm/src/manipulator_controller': DEBUGINFOD_URLS=https://debuginfod.ubuntu.com PYTHONPATH=/home/raj/robotic_arm/src/build/manipulator_controller/prefix_override:/usr/lib/python3/dist-packages/colcon_core/task/python/colcon_distutils_commands:/home/raj/robotic_arm/src/install/manipulator_controller/lib/python3.12/site-packages:${PYTHONPATH} /usr/bin/python3 -W ignore:setup.py install is deprecated -W ignore:easy_install command is deprecated setup.py egg_info --egg-base ../build/manipulator_controller build --build-base /home/raj/robotic_arm/src/build/manipulator_controller/build install --record /home/raj/robotic_arm/src/build/manipulator_controller/install.log --single-version-externally-managed install_data
[0.808s] DEBUG:colcon.colcon_core.event_handler.log_command:Invoking command in '/home/raj/robotic_arm/src/manipulator_description': DEBUGINFOD_URLS=https://debuginfod.ubuntu.com PYTHONPATH=/home/raj/robotic_arm/src/build/manipulator_description/prefix_override:/usr/lib/python3/dist-packages/colcon_core/task/python/colcon_distutils_commands:/home/raj/robotic_arm/src/install/manipulator_description/lib/python3.12/site-packages:${PYTHONPATH} /usr/bin/python3 -W ignore:setup.py install is deprecated -W ignore:easy_install command is deprecated setup.py egg_info --egg-base ../build/manipulator_description build --build-base /home/raj/robotic_arm/src/build/manipulator_description/build install --record /home/raj/robotic_arm/src/build/manipulator_description/install.log --single-version-externally-managed install_data
[1.091s] DEBUG:colcon.colcon_core.event_handler.log_command:Invoked command in '/home/raj/robotic_arm/src/manipulator_controller' returned '0': DEBUGINFOD_URLS=https://debuginfod.ubuntu.com PYTHONPATH=/home/raj/robotic_arm/src/build/manipulator_controller/prefix_override:/usr/lib/python3/dist-packages/colcon_core/task/python/colcon_distutils_commands:/home/raj/robotic_arm/src/install/manipulator_controller/lib/python3.12/site-packages:${PYTHONPATH} /usr/bin/python3 -W ignore:setup.py install is deprecated -W ignore:easy_install command is deprecated setup.py egg_info --egg-base ../build/manipulator_controller build --build-base /home/raj/robotic_arm/src/build/manipulator_controller/build install --record /home/raj/robotic_arm/src/build/manipulator_controller/install.log --single-version-externally-managed install_data
[1.092s] Level 1:colcon.colcon_core.environment:checking '/home/raj/robotic_arm/src/install/manipulator_controller' for CMake module files
[1.092s] Level 1:colcon.colcon_core.environment:checking '/home/raj/robotic_arm/src/install/manipulator_controller' for CMake config files
[1.093s] Level 1:colcon.colcon_core.environment:checking '/home/raj/robotic_arm/src/install/manipulator_controller/lib'
[1.093s] Level 1:colcon.colcon_core.environment:checking '/home/raj/robotic_arm/src/install/manipulator_controller/bin'
[1.093s] Level 1:colcon.colcon_core.environment:checking '/home/raj/robotic_arm/src/install/manipulator_controller/lib/pkgconfig/manipulator_controller.pc'
[1.093s] Level 1:colcon.colcon_core.environment:checking '/home/raj/robotic_arm/src/install/manipulator_controller/lib/python3.12/site-packages'
[1.093s] Level 1:colcon.colcon_core.shell:create_environment_hook('manipulator_controller', 'pythonpath')
[1.093s] INFO:colcon.colcon_core.shell:Creating environment hook '/home/raj/robotic_arm/src/install/manipulator_controller/share/manipulator_controller/hook/pythonpath.ps1'
[1.093s] INFO:colcon.colcon_core.shell:Creating environment descriptor '/home/raj/robotic_arm/src/install/manipulator_controller/share/manipulator_controller/hook/pythonpath.dsv'
[1.094s] INFO:colcon.colcon_core.shell:Creating environment hook '/home/raj/robotic_arm/src/install/manipulator_controller/share/manipulator_controller/hook/pythonpath.sh'
[1.094s] Level 1:colcon.colcon_core.environment:checking '/home/raj/robotic_arm/src/install/manipulator_controller/bin'
[1.094s] Level 1:colcon.colcon_core.environment:create_environment_scripts_only(manipulator_controller)
[1.094s] INFO:colcon.colcon_core.shell:Creating package script '/home/raj/robotic_arm/src/install/manipulator_controller/share/manipulator_controller/package.ps1'
[1.102s] INFO:colcon.colcon_core.shell:Creating package descriptor '/home/raj/robotic_arm/src/install/manipulator_controller/share/manipulator_controller/package.dsv'
[1.103s] INFO:colcon.colcon_core.shell:Creating package script '/home/raj/robotic_arm/src/install/manipulator_controller/share/manipulator_controller/package.sh'
[1.103s] INFO:colcon.colcon_core.shell:Creating package script '/home/raj/robotic_arm/src/install/manipulator_controller/share/manipulator_controller/package.bash'
[1.103s] INFO:colcon.colcon_core.shell:Creating package script '/home/raj/robotic_arm/src/install/manipulator_controller/share/manipulator_controller/package.zsh'
[1.104s] Level 1:colcon.colcon_core.environment:create_file_with_runtime_dependencies(/home/raj/robotic_arm/src/install/manipulator_controller/share/colcon-core/packages/manipulator_controller)
[1.104s] Level 1:colcon.colcon_core.environment:checking '/home/raj/robotic_arm/src/install/manipulator_description' for CMake module files
[1.105s] DEBUG:colcon.colcon_core.event_handler.log_command:Invoked command in '/home/raj/robotic_arm/src/manipulator_description' returned '0': DEBUGINFOD_URLS=https://debuginfod.ubuntu.com PYTHONPATH=/home/raj/robotic_arm/src/build/manipulator_description/prefix_override:/usr/lib/python3/dist-packages/colcon_core/task/python/colcon_distutils_commands:/home/raj/robotic_arm/src/install/manipulator_description/lib/python3.12/site-packages:${PYTHONPATH} /usr/bin/python3 -W ignore:setup.py install is deprecated -W ignore:easy_install command is deprecated setup.py egg_info --egg-base ../build/manipulator_description build --build-base /home/raj/robotic_arm/src/build/manipulator_description/build install --record /home/raj/robotic_arm/src/build/manipulator_description/install.log --single-version-externally-managed install_data
[1.105s] Level 1:colcon.colcon_core.environment:checking '/home/raj/robotic_arm/src/install/manipulator_description' for CMake config files
[1.105s] Level 1:colcon.colcon_core.environment:checking '/home/raj/robotic_arm/src/install/manipulator_description/lib'
[1.105s] Level 1:colcon.colcon_core.environment:checking '/home/raj/robotic_arm/src/install/manipulator_description/bin'
[1.105s] Level 1:colcon.colcon_core.environment:checking '/home/raj/robotic_arm/src/install/manipulator_description/lib/pkgconfig/manipulator_description.pc'
[1.105s] Level 1:colcon.colcon_core.environment:checking '/home/raj/robotic_arm/src/install/manipulator_description/lib/python3.12/site-packages'
[1.106s] Level 1:colcon.colcon_core.shell:create_environment_hook('manipulator_description', 'pythonpath')
[1.106s] INFO:colcon.colcon_core.shell:Creating environment hook '/home/raj/robotic_arm/src/install/manipulator_description/share/manipulator_description/hook/pythonpath.ps1'
[1.106s] INFO:colcon.colcon_core.shell:Creating environment descriptor '/home/raj/robotic_arm/src/install/manipulator_description/share/manipulator_description/hook/pythonpath.dsv'
[1.106s] INFO:colcon.colcon_core.shell:Creating environment hook '/home/raj/robotic_arm/src/install/manipulator_description/share/manipulator_description/hook/pythonpath.sh'
[1.106s] Level 1:colcon.colcon_core.environment:checking '/home/raj/robotic_arm/src/install/manipulator_description/bin'
[1.106s] Level 1:colcon.colcon_core.environment:create_environment_scripts_only(manipulator_description)
[1.107s] INFO:colcon.colcon_core.shell:Creating package script '/home/raj/robotic_arm/src/install/manipulator_description/share/manipulator_description/package.ps1'
[1.107s] INFO:colcon.colcon_core.shell:Creating package descriptor '/home/raj/robotic_arm/src/install/manipulator_description/share/manipulator_description/package.dsv'
[1.107s] INFO:colcon.colcon_core.shell:Creating package script '/home/raj/robotic_arm/src/install/manipulator_description/share/manipulator_description/package.sh'
[1.107s] INFO:colcon.colcon_core.shell:Creating package script '/home/raj/robotic_arm/src/install/manipulator_description/share/manipulator_description/package.bash'
[1.107s] INFO:colcon.colcon_core.shell:Creating package script '/home/raj/robotic_arm/src/install/manipulator_description/share/manipulator_description/package.zsh'
[1.108s] Level 1:colcon.colcon_core.environment:create_file_with_runtime_dependencies(/home/raj/robotic_arm/src/install/manipulator_description/share/colcon-core/packages/manipulator_description)
[1.890s] DEBUG:colcon.colcon_core.event_handler.log_command:Invoked command in '/home/raj/robotic_arm/src/build/manipulator_msgs' returned '0': CMAKE_PREFIX_PATH=${CMAKE_PREFIX_PATH}:/opt/ros/jazzy DEBUGINFOD_URLS=https://debuginfod.ubuntu.com /usr/bin/cmake /home/raj/robotic_arm/src/manipulator_msgs -DCMAKE_INSTALL_PREFIX=/home/raj/robotic_arm/src/install/manipulator_msgs
[1.890s] DEBUG:colcon.colcon_core.event_handler.log_command:Invoking command in '/home/raj/robotic_arm/src/build/manipulator_msgs': CMAKE_PREFIX_PATH=${CMAKE_PREFIX_PATH}:/opt/ros/jazzy DEBUGINFOD_URLS=https://debuginfod.ubuntu.com /usr/bin/cmake --build /home/raj/robotic_arm/src/build/manipulator_msgs -- -j32 -l32
[3.696s] DEBUG:colcon.colcon_core.event_handler.log_command:Invoked command in '/home/raj/robotic_arm/src/build/manipulator_msgs' returned '0': CMAKE_PREFIX_PATH=${CMAKE_PREFIX_PATH}:/opt/ros/jazzy DEBUGINFOD_URLS=https://debuginfod.ubuntu.com /usr/bin/cmake --build /home/raj/robotic_arm/src/build/manipulator_msgs -- -j32 -l32
[3.704s] DEBUG:colcon.colcon_core.event_handler.log_command:Invoking command in '/home/raj/robotic_arm/src/build/manipulator_msgs': CMAKE_PREFIX_PATH=${CMAKE_PREFIX_PATH}:/opt/ros/jazzy DEBUGINFOD_URLS=https://debuginfod.ubuntu.com /usr/bin/cmake --install /home/raj/robotic_arm/src/build/manipulator_msgs
[3.758s] Level 1:colcon.colcon_core.environment:create_environment_scripts_only(manipulator_msgs)
[3.758s] Level 1:colcon.colcon_core.environment:checking '/home/raj/robotic_arm/src/install/manipulator_msgs' for CMake module files
[3.759s] DEBUG:colcon.colcon_core.event_handler.log_command:Invoked command in '/home/raj/robotic_arm/src/build/manipulator_msgs' returned '0': CMAKE_PREFIX_PATH=${CMAKE_PREFIX_PATH}:/opt/ros/jazzy DEBUGINFOD_URLS=https://debuginfod.ubuntu.com /usr/bin/cmake --install /home/raj/robotic_arm/src/build/manipulator_msgs
[3.759s] Level 1:colcon.colcon_core.environment:checking '/home/raj/robotic_arm/src/install/manipulator_msgs' for CMake config files
[3.759s] Level 1:colcon.colcon_core.shell:create_environment_hook('manipulator_msgs', 'cmake_prefix_path')
[3.759s] INFO:colcon.colcon_core.shell:Creating environment hook '/home/raj/robotic_arm/src/install/manipulator_msgs/share/manipulator_msgs/hook/cmake_prefix_path.ps1'
[3.759s] INFO:colcon.colcon_core.shell:Creating environment descriptor '/home/raj/robotic_arm/src/install/manipulator_msgs/share/manipulator_msgs/hook/cmake_prefix_path.dsv'
[3.760s] INFO:colcon.colcon_core.shell:Creating environment hook '/home/raj/robotic_arm/src/install/manipulator_msgs/share/manipulator_msgs/hook/cmake_prefix_path.sh'
[3.760s] Level 1:colcon.colcon_core.environment:checking '/home/raj/robotic_arm/src/install/manipulator_msgs/lib'
[3.760s] Level 1:colcon.colcon_core.shell:create_environment_hook('manipulator_msgs', 'ld_library_path_lib')
[3.760s] INFO:colcon.colcon_core.shell:Creating environment hook '/home/raj/robotic_arm/src/install/manipulator_msgs/share/manipulator_msgs/hook/ld_library_path_lib.ps1'
[3.760s] INFO:colcon.colcon_core.shell:Creating environment descriptor '/home/raj/robotic_arm/src/install/manipulator_msgs/share/manipulator_msgs/hook/ld_library_path_lib.dsv'
[3.760s] INFO:colcon.colcon_core.shell:Creating environment hook '/home/raj/robotic_arm/src/install/manipulator_msgs/share/manipulator_msgs/hook/ld_library_path_lib.sh'
[3.760s] Level 1:colcon.colcon_core.environment:checking '/home/raj/robotic_arm/src/install/manipulator_msgs/bin'
[3.760s] Level 1:colcon.colcon_core.environment:checking '/home/raj/robotic_arm/src/install/manipulator_msgs/lib/pkgconfig/manipulator_msgs.pc'
[3.761s] Level 1:colcon.colcon_core.environment:checking '/home/raj/robotic_arm/src/install/manipulator_msgs/lib/python3.12/site-packages'
[3.761s] Level 1:colcon.colcon_core.shell:create_environment_hook('manipulator_msgs', 'pythonpath')
[3.761s] INFO:colcon.colcon_core.shell:Creating environment hook '/home/raj/robotic_arm/src/install/manipulator_msgs/share/manipulator_msgs/hook/pythonpath.ps1'
[3.761s] INFO:colcon.colcon_core.shell:Creating environment descriptor '/home/raj/robotic_arm/src/install/manipulator_msgs/share/manipulator_msgs/hook/pythonpath.dsv'
[3.761s] INFO:colcon.colcon_core.shell:Creating environment hook '/home/raj/robotic_arm/src/install/manipulator_msgs/share/manipulator_msgs/hook/pythonpath.sh'
[3.761s] Level 1:colcon.colcon_core.environment:checking '/home/raj/robotic_arm/src/install/manipulator_msgs/bin'
[3.761s] INFO:colcon.colcon_core.shell:Creating package script '/home/raj/robotic_arm/src/install/manipulator_msgs/share/manipulator_msgs/package.ps1'
[3.762s] INFO:colcon.colcon_core.shell:Creating package descriptor '/home/raj/robotic_arm/src/install/manipulator_msgs/share/manipulator_msgs/package.dsv'
[3.762s] INFO:colcon.colcon_core.shell:Creating package script '/home/raj/robotic_arm/src/install/manipulator_msgs/share/manipulator_msgs/package.sh'
[3.762s] INFO:colcon.colcon_core.shell:Creating package script '/home/raj/robotic_arm/src/install/manipulator_msgs/share/manipulator_msgs/package.bash'
[3.762s] INFO:colcon.colcon_core.shell:Creating package script '/home/raj/robotic_arm/src/install/manipulator_msgs/share/manipulator_msgs/package.zsh'
[3.762s] Level 1:colcon.colcon_core.environment:create_file_with_runtime_dependencies(/home/raj/robotic_arm/src/install/manipulator_msgs/share/colcon-core/packages/manipulator_msgs)
[3.763s] Level 1:colcon.colcon_core.environment:create_environment_scripts_only(manipulator_msgs)
[3.763s] Level 1:colcon.colcon_core.environment:checking '/home/raj/robotic_arm/src/install/manipulator_msgs' for CMake module files
[3.763s] Level 1:colcon.colcon_core.environment:checking '/home/raj/robotic_arm/src/install/manipulator_msgs' for CMake config files
[3.763s] Level 1:colcon.colcon_core.shell:create_environment_hook('manipulator_msgs', 'cmake_prefix_path')
[3.763s] INFO:colcon.colcon_core.shell:Creating environment hook '/home/raj/robotic_arm/src/install/manipulator_msgs/share/manipulator_msgs/hook/cmake_prefix_path.ps1'
[3.763s] INFO:colcon.colcon_core.shell:Creating environment descriptor '/home/raj/robotic_arm/src/install/manipulator_msgs/share/manipulator_msgs/hook/cmake_prefix_path.dsv'
[3.764s] INFO:colcon.colcon_core.shell:Creating environment hook '/home/raj/robotic_arm/src/install/manipulator_msgs/share/manipulator_msgs/hook/cmake_prefix_path.sh'
[3.764s] Level 1:colcon.colcon_core.environment:checking '/home/raj/robotic_arm/src/install/manipulator_msgs/lib'
[3.764s] Level 1:colcon.colcon_core.shell:create_environment_hook('manipulator_msgs', 'ld_library_path_lib')
[3.764s] INFO:colcon.colcon_core.shell:Creating environment hook '/home/raj/robotic_arm/src/install/manipulator_msgs/share/manipulator_msgs/hook/ld_library_path_lib.ps1'
[3.764s] INFO:colcon.colcon_core.shell:Creating environment descriptor '/home/raj/robotic_arm/src/install/manipulator_msgs/share/manipulator_msgs/hook/ld_library_path_lib.dsv'
[3.764s] INFO:colcon.colcon_core.shell:Creating environment hook '/home/raj/robotic_arm/src/install/manipulator_msgs/share/manipulator_msgs/hook/ld_library_path_lib.sh'
[3.765s] Level 1:colcon.colcon_core.environment:checking '/home/raj/robotic_arm/src/install/manipulator_msgs/bin'
[3.765s] Level 1:colcon.colcon_core.environment:checking '/home/raj/robotic_arm/src/install/manipulator_msgs/lib/pkgconfig/manipulator_msgs.pc'
[3.765s] Level 1:colcon.colcon_core.environment:checking '/home/raj/robotic_arm/src/install/manipulator_msgs/lib/python3.12/site-packages'
[3.765s] Level 1:colcon.colcon_core.shell:create_environment_hook('manipulator_msgs', 'pythonpath')
[3.765s] INFO:colcon.colcon_core.shell:Creating environment hook '/home/raj/robotic_arm/src/install/manipulator_msgs/share/manipulator_msgs/hook/pythonpath.ps1'
[3.765s] INFO:colcon.colcon_core.shell:Creating environment descriptor '/home/raj/robotic_arm/src/install/manipulator_msgs/share/manipulator_msgs/hook/pythonpath.dsv'
[3.765s] INFO:colcon.colcon_core.shell:Creating environment hook '/home/raj/robotic_arm/src/install/manipulator_msgs/share/manipulator_msgs/hook/pythonpath.sh'
[3.766s] Level 1:colcon.colcon_core.environment:checking '/home/raj/robotic_arm/src/install/manipulator_msgs/bin'
[3.766s] INFO:colcon.colcon_core.shell:Creating package script '/home/raj/robotic_arm/src/install/manipulator_msgs/share/manipulator_msgs/package.ps1'
[3.766s] INFO:colcon.colcon_core.shell:Creating package descriptor '/home/raj/robotic_arm/src/install/manipulator_msgs/share/manipulator_msgs/package.dsv'
[3.766s] INFO:colcon.colcon_core.shell:Creating package script '/home/raj/robotic_arm/src/install/manipulator_msgs/share/manipulator_msgs/package.sh'
[3.766s] INFO:colcon.colcon_core.shell:Creating package script '/home/raj/robotic_arm/src/install/manipulator_msgs/share/manipulator_msgs/package.bash'
[3.767s] INFO:colcon.colcon_core.shell:Creating package script '/home/raj/robotic_arm/src/install/manipulator_msgs/share/manipulator_msgs/package.zsh'
[3.767s] Level 1:colcon.colcon_core.environment:create_file_with_runtime_dependencies(/home/raj/robotic_arm/src/install/manipulator_msgs/share/colcon-core/packages/manipulator_msgs)
[3.767s] INFO:colcon.colcon_ros.task.ament_python.build:Building ROS package in '/home/raj/robotic_arm/src/manipulator_utils' with build type 'ament_python'
[3.767s] Level 1:colcon.colcon_core.shell:create_environment_hook('manipulator_utils', 'ament_prefix_path')
[3.767s] INFO:colcon.colcon_core.shell:Creating environment hook '/home/raj/robotic_arm/src/install/manipulator_utils/share/manipulator_utils/hook/ament_prefix_path.ps1'
[3.767s] INFO:colcon.colcon_core.shell:Creating environment descriptor '/home/raj/robotic_arm/src/install/manipulator_utils/share/manipulator_utils/hook/ament_prefix_path.dsv'
[3.768s] INFO:colcon.colcon_core.shell:Creating environment hook '/home/raj/robotic_arm/src/install/manipulator_utils/share/manipulator_utils/hook/ament_prefix_path.sh'
[3.768s] INFO:colcon.colcon_core.shell:Skip shell extension 'powershell' for command environment: Not usable outside of PowerShell
[3.768s] DEBUG:colcon.colcon_core.shell:Skip shell extension 'dsv' for command environment
[3.892s] INFO:colcon.colcon_core.task.python.build:Building Python package in '/home/raj/robotic_arm/src/manipulator_utils'
[3.892s] INFO:colcon.colcon_core.shell:Skip shell extension 'powershell' for command environment: Not usable outside of PowerShell
[3.892s] DEBUG:colcon.colcon_core.shell:Skip shell extension 'dsv' for command environment
[4.201s] DEBUG:colcon.colcon_core.event_handler.log_command:Invoking command in '/home/raj/robotic_arm/src/manipulator_utils': AMENT_PREFIX_PATH=/home/raj/robotic_arm/src/install/manipulator_msgs:${AMENT_PREFIX_PATH} CMAKE_PREFIX_PATH=/home/raj/robotic_arm/src/install/manipulator_msgs:${CMAKE_PREFIX_PATH} DEBUGINFOD_URLS=https://debuginfod.ubuntu.com LD_LIBRARY_PATH=/home/raj/robotic_arm/src/install/manipulator_msgs/lib:${LD_LIBRARY_PATH} PYTHONPATH=/home/raj/robotic_arm/src/build/manipulator_utils/prefix_override:/usr/lib/python3/dist-packages/colcon_core/task/python/colcon_distutils_commands:/home/raj/robotic_arm/src/install/manipulator_utils/lib/python3.12/site-packages:/home/raj/robotic_arm/src/install/manipulator_msgs/lib/python3.12/site-packages:${PYTHONPATH} /usr/bin/python3 -W ignore:setup.py install is deprecated -W ignore:easy_install command is deprecated setup.py egg_info --egg-base ../build/manipulator_utils build --build-base /home/raj/robotic_arm/src/build/manipulator_utils/build install --record /home/raj/robotic_arm/src/build/manipulator_utils/install.log --single-version-externally-managed install_data
[4.476s] Level 1:colcon.colcon_core.environment:checking '/home/raj/robotic_arm/src/install/manipulator_utils' for CMake module files
[4.476s] DEBUG:colcon.colcon_core.event_handler.log_command:Invoked command in '/home/raj/robotic_arm/src/manipulator_utils' returned '0': AMENT_PREFIX_PATH=/home/raj/robotic_arm/src/install/manipulator_msgs:${AMENT_PREFIX_PATH} CMAKE_PREFIX_PATH=/home/raj/robotic_arm/src/install/manipulator_msgs:${CMAKE_PREFIX_PATH} DEBUGINFOD_URLS=https://debuginfod.ubuntu.com LD_LIBRARY_PATH=/home/raj/robotic_arm/src/install/manipulator_msgs/lib:${LD_LIBRARY_PATH} PYTHONPATH=/home/raj/robotic_arm/src/build/manipulator_utils/prefix_override:/usr/lib/python3/dist-packages/colcon_core/task/python/colcon_distutils_commands:/home/raj/robotic_arm/src/install/manipulator_utils/lib/python3.12/site-packages:/home/raj/robotic_arm/src/install/manipulator_msgs/lib/python3.12/site-packages:${PYTHONPATH} /usr/bin/python3 -W ignore:setup.py install is deprecated -W ignore:easy_install command is deprecated setup.py egg_info --egg-base ../build/manipulator_utils build --build-base /home/raj/robotic_arm/src/build/manipulator_utils/build install --record /home/raj/robotic_arm/src/build/manipulator_utils/install.log --single-version-externally-managed install_data
[4.477s] Level 1:colcon.colcon_core.environment:checking '/home/raj/robotic_arm/src/install/manipulator_utils' for CMake config files
[4.477s] Level 1:colcon.colcon_core.environment:checking '/home/raj/robotic_arm/src/install/manipulator_utils/lib'
[4.477s] Level 1:colcon.colcon_core.environment:checking '/home/raj/robotic_arm/src/install/manipulator_utils/bin'
[4.477s] Level 1:colcon.colcon_core.environment:checking '/home/raj/robotic_arm/src/install/manipulator_utils/lib/pkgconfig/manipulator_utils.pc'
[4.477s] Level 1:colcon.colcon_core.environment:checking '/home/raj/robotic_arm/src/install/manipulator_utils/lib/python3.12/site-packages'
[4.477s] Level 1:colcon.colcon_core.shell:create_environment_hook('manipulator_utils', 'pythonpath')
[4.477s] INFO:colcon.colcon_core.shell:Creating environment hook '/home/raj/robotic_arm/src/install/manipulator_utils/share/manipulator_utils/hook/pythonpath.ps1'
[4.478s] INFO:colcon.colcon_core.shell:Creating environment descriptor '/home/raj/robotic_arm/src/install/manipulator_utils/share/manipulator_utils/hook/pythonpath.dsv'
[4.478s] INFO:colcon.colcon_core.shell:Creating environment hook '/home/raj/robotic_arm/src/install/manipulator_utils/share/manipulator_utils/hook/pythonpath.sh'
[4.478s] Level 1:colcon.colcon_core.environment:checking '/home/raj/robotic_arm/src/install/manipulator_utils/bin'
[4.478s] Level 1:colcon.colcon_core.environment:create_environment_scripts_only(manipulator_utils)
[4.478s] INFO:colcon.colcon_core.shell:Creating package script '/home/raj/robotic_arm/src/install/manipulator_utils/share/manipulator_utils/package.ps1'
[4.479s] INFO:colcon.colcon_core.shell:Creating package descriptor '/home/raj/robotic_arm/src/install/manipulator_utils/share/manipulator_utils/package.dsv'
[4.479s] INFO:colcon.colcon_core.shell:Creating package script '/home/raj/robotic_arm/src/install/manipulator_utils/share/manipulator_utils/package.sh'
[4.479s] INFO:colcon.colcon_core.shell:Creating package script '/home/raj/robotic_arm/src/install/manipulator_utils/share/manipulator_utils/package.bash'
[4.479s] INFO:colcon.colcon_core.shell:Creating package script '/home/raj/robotic_arm/src/install/manipulator_utils/share/manipulator_utils/package.zsh'
[4.479s] Level 1:colcon.colcon_core.environment:create_file_with_runtime_dependencies(/home/raj/robotic_arm/src/install/manipulator_utils/share/colcon-core/packages/manipulator_utils)
[4.479s] DEBUG:colcon.colcon_parallel_executor.executor.parallel:closing loop
[4.480s] DEBUG:colcon.colcon_parallel_executor.executor.parallel:loop closed
[4.480s] DEBUG:colcon.colcon_parallel_executor.executor.parallel:run_until_complete finished with '0'
[4.480s] DEBUG:colcon.colcon_core.event_reactor:joining thread
[4.483s] INFO:colcon.colcon_core.plugin_system:Skipping extension 'colcon_notification.desktop_notification.terminal_notifier': Not used on non-Darwin systems
[4.483s] INFO:colcon.colcon_core.plugin_system:Skipping extension 'colcon_notification.desktop_notification.win32': Not used on non-Windows systems
[4.483s] INFO:colcon.colcon_notification.desktop_notification:Sending desktop notification using 'notify2'
[4.491s] DEBUG:colcon.colcon_core.event_reactor:joined thread
[4.491s] INFO:colcon.colcon_core.shell:Creating prefix script '/home/raj/robotic_arm/src/install/local_setup.ps1'
[4.492s] INFO:colcon.colcon_core.shell:Creating prefix util module '/home/raj/robotic_arm/src/install/_local_setup_util_ps1.py'
[4.492s] INFO:colcon.colcon_core.shell:Creating prefix chain script '/home/raj/robotic_arm/src/install/setup.ps1'
[4.493s] INFO:colcon.colcon_core.shell:Creating prefix script '/home/raj/robotic_arm/src/install/local_setup.sh'
[4.493s] INFO:colcon.colcon_core.shell:Creating prefix util module '/home/raj/robotic_arm/src/install/_local_setup_util_sh.py'
[4.493s] INFO:colcon.colcon_core.shell:Creating prefix chain script '/home/raj/robotic_arm/src/install/setup.sh'
[4.494s] INFO:colcon.colcon_core.shell:Creating prefix script '/home/raj/robotic_arm/src/install/local_setup.bash'
[4.494s] INFO:colcon.colcon_core.shell:Creating prefix chain script '/home/raj/robotic_arm/src/install/setup.bash'
[4.494s] INFO:colcon.colcon_core.shell:Creating prefix script '/home/raj/robotic_arm/src/install/local_setup.zsh'
[4.495s] INFO:colcon.colcon_core.shell:Creating prefix chain script '/home/raj/robotic_arm/src/install/setup.zsh'
