[0.019s] Invoking command in '/home/raj/robotic_arm/build/manipulator_moveit': CMAKE_PREFIX_PATH=${CMAKE_PREFIX_PATH}:/opt/ros/jazzy DEBUGINFOD_URLS=https://debuginfod.ubuntu.com /usr/bin/cmake --build /home/raj/robotic_arm/build/manipulator_moveit -- -j32 -l32
[0.186s] Invoked command in '/home/raj/robotic_arm/build/manipulator_moveit' returned '0': CMAKE_PREFIX_PATH=${CMAKE_PREFIX_PATH}:/opt/ros/jazzy DEBUGINFOD_URLS=https://debuginfod.ubuntu.com /usr/bin/cmake --build /home/raj/robotic_arm/build/manipulator_moveit -- -j32 -l32
[0.197s] Invoking command in '/home/raj/robotic_arm/build/manipulator_moveit': CMAKE_PREFIX_PATH=${CMAKE_PREFIX_PATH}:/opt/ros/jazzy DEBUGINFOD_URLS=https://debuginfod.ubuntu.com /usr/bin/cmake --install /home/raj/robotic_arm/build/manipulator_moveit
[0.366s] -- Install configuration: ""
[0.366s] -- Up-to-date: /home/raj/robotic_arm/install/manipulator_moveit/share/manipulator_moveit/launch
[0.366s] -- Up-to-date: /home/raj/robotic_arm/install/manipulator_moveit/share/manipulator_moveit/launch/moveit.launch.py
[0.366s] -- Up-to-date: /home/raj/robotic_arm/install/manipulator_moveit/share/manipulator_moveit/config
[0.366s] -- Up-to-date: /home/raj/robotic_arm/install/manipulator_moveit/share/manipulator_moveit/config/moveit_controllers.yaml
[0.366s] -- Up-to-date: /home/raj/robotic_arm/install/manipulator_moveit/share/manipulator_moveit/config/moveit_controller.yaml
[0.366s] -- Up-to-date: /home/raj/robotic_arm/install/manipulator_moveit/share/manipulator_moveit/config/joint_limits.yaml
[0.366s] -- Up-to-date: /home/raj/robotic_arm/install/manipulator_moveit/share/manipulator_moveit/config/planning_python_api.yaml
[0.366s] -- Up-to-date: /home/raj/robotic_arm/install/manipulator_moveit/share/manipulator_moveit/config/pilz_cartesian_limits.yaml
[0.366s] -- Up-to-date: /home/raj/robotic_arm/install/manipulator_moveit/share/manipulator_moveit/config/initial_position.yaml
[0.366s] -- Up-to-date: /home/raj/robotic_arm/install/manipulator_moveit/share/manipulator_moveit/config/trajectory_execution.yaml
[0.366s] -- Up-to-date: /home/raj/robotic_arm/install/manipulator_moveit/share/manipulator_moveit/config/manipulator.srdf
[0.366s] -- Up-to-date: /home/raj/robotic_arm/install/manipulator_moveit/share/manipulator_moveit/config/kinematics.yaml
[0.366s] -- Up-to-date: /home/raj/robotic_arm/install/manipulator_moveit/share/ament_index/resource_index/package_run_dependencies/manipulator_moveit
[0.367s] -- Up-to-date: /home/raj/robotic_arm/install/manipulator_moveit/share/ament_index/resource_index/parent_prefix_path/manipulator_moveit
[0.367s] -- Up-to-date: /home/raj/robotic_arm/install/manipulator_moveit/share/manipulator_moveit/environment/ament_prefix_path.sh
[0.367s] -- Up-to-date: /home/raj/robotic_arm/install/manipulator_moveit/share/manipulator_moveit/environment/ament_prefix_path.dsv
[0.367s] -- Up-to-date: /home/raj/robotic_arm/install/manipulator_moveit/share/manipulator_moveit/environment/path.sh
[0.367s] -- Up-to-date: /home/raj/robotic_arm/install/manipulator_moveit/share/manipulator_moveit/environment/path.dsv
[0.367s] -- Up-to-date: /home/raj/robotic_arm/install/manipulator_moveit/share/manipulator_moveit/local_setup.bash
[0.367s] -- Up-to-date: /home/raj/robotic_arm/install/manipulator_moveit/share/manipulator_moveit/local_setup.sh
[0.367s] -- Up-to-date: /home/raj/robotic_arm/install/manipulator_moveit/share/manipulator_moveit/local_setup.zsh
[0.367s] -- Up-to-date: /home/raj/robotic_arm/install/manipulator_moveit/share/manipulator_moveit/local_setup.dsv
[0.367s] -- Installing: /home/raj/robotic_arm/install/manipulator_moveit/share/manipulator_moveit/package.dsv
[0.367s] -- Up-to-date: /home/raj/robotic_arm/install/manipulator_moveit/share/ament_index/resource_index/packages/manipulator_moveit
[0.368s] -- Up-to-date: /home/raj/robotic_arm/install/manipulator_moveit/share/manipulator_moveit/cmake/manipulator_moveitConfig.cmake
[0.368s] -- Up-to-date: /home/raj/robotic_arm/install/manipulator_moveit/share/manipulator_moveit/cmake/manipulator_moveitConfig-version.cmake
[0.368s] -- Up-to-date: /home/raj/robotic_arm/install/manipulator_moveit/share/manipulator_moveit/package.xml
[0.370s] Invoked command in '/home/raj/robotic_arm/build/manipulator_moveit' returned '0': CMAKE_PREFIX_PATH=${CMAKE_PREFIX_PATH}:/opt/ros/jazzy DEBUGINFOD_URLS=https://debuginfod.ubuntu.com /usr/bin/cmake --install /home/raj/robotic_arm/build/manipulator_moveit
