[0.019s] Invoking command in '/home/raj/robotic_arm/build/manipulator_bringup': CMAKE_PREFIX_PATH=${CMAKE_PREFIX_PATH}:/home/raj/robotic_arm/install/simple_task:/home/raj/robotic_arm/install/manipulator_utils:/home/raj/robotic_arm/install/manipulator_description:/home/raj/robotic_arm/install/manipulator_controller:/opt/ros/jazzy DEBUGINFOD_URLS=https://debuginfod.ubuntu.com /usr/bin/cmake --build /home/raj/robotic_arm/build/manipulator_bringup -- -j32 -l32
[0.213s] Invoked command in '/home/raj/robotic_arm/build/manipulator_bringup' returned '0': CMAKE_PREFIX_PATH=${CMAKE_PREFIX_PATH}:/home/raj/robotic_arm/install/simple_task:/home/raj/robotic_arm/install/manipulator_utils:/home/raj/robotic_arm/install/manipulator_description:/home/raj/robotic_arm/install/manipulator_controller:/opt/ros/jazzy DEBUGINFOD_URLS=https://debuginfod.ubuntu.com /usr/bin/cmake --build /home/raj/robotic_arm/build/manipulator_bringup -- -j32 -l32
[0.214s] Invoking command in '/home/raj/robotic_arm/build/manipulator_bringup': CMAKE_PREFIX_PATH=${CMAKE_PREFIX_PATH}:/home/raj/robotic_arm/install/simple_task:/home/raj/robotic_arm/install/manipulator_utils:/home/raj/robotic_arm/install/manipulator_description:/home/raj/robotic_arm/install/manipulator_controller:/opt/ros/jazzy DEBUGINFOD_URLS=https://debuginfod.ubuntu.com /usr/bin/cmake --install /home/raj/robotic_arm/build/manipulator_bringup
[0.379s] -- Install configuration: ""
[0.379s] -- Up-to-date: /home/raj/robotic_arm/install/manipulator_bringup/share/manipulator_bringup/launch
[0.379s] -- Up-to-date: /home/raj/robotic_arm/install/manipulator_bringup/share/manipulator_bringup/launch/simulatated_robot.launch.py
[0.379s] -- Up-to-date: /home/raj/robotic_arm/install/manipulator_bringup/share/ament_index/resource_index/package_run_dependencies/manipulator_bringup
[0.379s] -- Up-to-date: /home/raj/robotic_arm/install/manipulator_bringup/share/ament_index/resource_index/parent_prefix_path/manipulator_bringup
[0.380s] -- Up-to-date: /home/raj/robotic_arm/install/manipulator_bringup/share/manipulator_bringup/environment/ament_prefix_path.sh
[0.380s] -- Up-to-date: /home/raj/robotic_arm/install/manipulator_bringup/share/manipulator_bringup/environment/ament_prefix_path.dsv
[0.380s] -- Up-to-date: /home/raj/robotic_arm/install/manipulator_bringup/share/manipulator_bringup/environment/path.sh
[0.380s] -- Up-to-date: /home/raj/robotic_arm/install/manipulator_bringup/share/manipulator_bringup/environment/path.dsv
[0.380s] -- Up-to-date: /home/raj/robotic_arm/install/manipulator_bringup/share/manipulator_bringup/local_setup.bash
[0.380s] -- Up-to-date: /home/raj/robotic_arm/install/manipulator_bringup/share/manipulator_bringup/local_setup.sh
[0.380s] -- Up-to-date: /home/raj/robotic_arm/install/manipulator_bringup/share/manipulator_bringup/local_setup.zsh
[0.380s] -- Up-to-date: /home/raj/robotic_arm/install/manipulator_bringup/share/manipulator_bringup/local_setup.dsv
[0.380s] -- Installing: /home/raj/robotic_arm/install/manipulator_bringup/share/manipulator_bringup/package.dsv
[0.380s] -- Up-to-date: /home/raj/robotic_arm/install/manipulator_bringup/share/ament_index/resource_index/packages/manipulator_bringup
[0.380s] -- Up-to-date: /home/raj/robotic_arm/install/manipulator_bringup/share/manipulator_bringup/cmake/manipulator_bringupConfig.cmake
[0.380s] -- Up-to-date: /home/raj/robotic_arm/install/manipulator_bringup/share/manipulator_bringup/cmake/manipulator_bringupConfig-version.cmake
[0.380s] -- Up-to-date: /home/raj/robotic_arm/install/manipulator_bringup/share/manipulator_bringup/package.xml
[0.394s] Invoked command in '/home/raj/robotic_arm/build/manipulator_bringup' returned '0': CMAKE_PREFIX_PATH=${CMAKE_PREFIX_PATH}:/home/raj/robotic_arm/install/simple_task:/home/raj/robotic_arm/install/manipulator_utils:/home/raj/robotic_arm/install/manipulator_description:/home/raj/robotic_arm/install/manipulator_controller:/opt/ros/jazzy DEBUGINFOD_URLS=https://debuginfod.ubuntu.com /usr/bin/cmake --install /home/raj/robotic_arm/build/manipulator_bringup
