[0.219s] DEBUG:colcon:Command line arguments: ['/usr/bin/colcon', 'build', '--packages-select', 'manipulator_msgs']
[0.219s] DEBUG:colcon:Parsed command line arguments: Namespace(log_base=None, log_level=None, verb_name='build', build_base='build', install_base='install', merge_install=False, symlink_install=False, test_result_base=None, continue_on_error=False, executor='parallel', parallel_workers=32, event_handlers=None, ignore_user_meta=False, metas=['./colcon.meta'], base_paths=['.'], packages_ignore=None, packages_ignore_regex=None, paths=None, packages_up_to=None, packages_up_to_regex=None, packages_above=None, packages_above_and_dependencies=None, packages_above_depth=None, packages_select_by_dep=None, packages_skip_by_dep=None, packages_skip_up_to=None, packages_select_build_failed=False, packages_skip_build_finished=False, packages_select_test_failures=False, packages_skip_test_passed=False, packages_select=['manipulator_msgs'], packages_skip=None, packages_select_regex=None, packages_skip_regex=None, packages_start=None, packages_end=None, allow_overriding=[], cmake_args=None, cmake_target=None, cmake_target_skip_unavailable=False, cmake_clean_cache=False, cmake_clean_first=False, cmake_force_configure=False, ament_cmake_args=None, catkin_cmake_args=None, catkin_skip_building_tests=False, mixin_files=None, mixin=None, verb_parser=<colcon_mixin.mixin.mixin_argument.MixinArgumentDecorator object at 0x7bb7280a0f20>, verb_extension=<colcon_core.verb.build.BuildVerb object at 0x7bb72811e4b0>, main=<bound method BuildVerb.main of <colcon_core.verb.build.BuildVerb object at 0x7bb72811e4b0>>, mixin_verb=('build',))
[0.312s] Level 1:colcon.colcon_core.package_discovery:discover_packages(colcon_meta) check parameters
[0.312s] Level 1:colcon.colcon_core.package_discovery:discover_packages(recursive) check parameters
[0.312s] Level 1:colcon.colcon_core.package_discovery:discover_packages(ignore) check parameters
[0.312s] Level 1:colcon.colcon_core.package_discovery:discover_packages(path) check parameters
[0.312s] Level 1:colcon.colcon_core.package_discovery:discover_packages(colcon_meta) discover
[0.312s] Level 1:colcon.colcon_core.package_discovery:discover_packages(recursive) discover
[0.312s] INFO:colcon.colcon_core.package_discovery:Crawling recursively for packages in '/home/raj/robotic_arm'
[0.313s] Level 1:colcon.colcon_core.package_identification:_identify(.) by extensions ['ignore', 'ignore_ament_install']
[0.313s] Level 1:colcon.colcon_core.package_identification:_identify(.) by extension 'ignore'
[0.313s] Level 1:colcon.colcon_core.package_identification:_identify(.) by extension 'ignore_ament_install'
[0.313s] Level 1:colcon.colcon_core.package_identification:_identify(.) by extensions ['colcon_pkg']
[0.313s] Level 1:colcon.colcon_core.package_identification:_identify(.) by extension 'colcon_pkg'
[0.313s] Level 1:colcon.colcon_core.package_identification:_identify(.) by extensions ['colcon_meta']
[0.313s] Level 1:colcon.colcon_core.package_identification:_identify(.) by extension 'colcon_meta'
[0.313s] Level 1:colcon.colcon_core.package_identification:_identify(.) by extensions ['ros']
[0.313s] Level 1:colcon.colcon_core.package_identification:_identify(.) by extension 'ros'
[0.363s] Level 1:colcon.colcon_core.package_identification:_identify(.) by extensions ['cmake', 'python']
[0.363s] Level 1:colcon.colcon_core.package_identification:_identify(.) by extension 'cmake'
[0.363s] Level 1:colcon.colcon_core.package_identification:_identify(.) by extension 'python'
[0.363s] Level 1:colcon.colcon_core.package_identification:_identify(.) by extensions ['python_setup_py']
[0.364s] Level 1:colcon.colcon_core.package_identification:_identify(.) by extension 'python_setup_py'
[0.364s] Level 1:colcon.colcon_core.package_identification:_identify(build) by extensions ['ignore', 'ignore_ament_install']
[0.364s] Level 1:colcon.colcon_core.package_identification:_identify(build) by extension 'ignore'
[0.364s] Level 1:colcon.colcon_core.package_identification:_identify(build) ignored
[0.364s] Level 1:colcon.colcon_core.package_identification:_identify(install) by extensions ['ignore', 'ignore_ament_install']
[0.365s] Level 1:colcon.colcon_core.package_identification:_identify(install) by extension 'ignore'
[0.365s] Level 1:colcon.colcon_core.package_identification:_identify(install) ignored
[0.365s] Level 1:colcon.colcon_core.package_identification:_identify(log) by extensions ['ignore', 'ignore_ament_install']
[0.365s] Level 1:colcon.colcon_core.package_identification:_identify(log) by extension 'ignore'
[0.365s] Level 1:colcon.colcon_core.package_identification:_identify(log) ignored
[0.365s] Level 1:colcon.colcon_core.package_identification:_identify(src) by extensions ['ignore', 'ignore_ament_install']
[0.365s] Level 1:colcon.colcon_core.package_identification:_identify(src) by extension 'ignore'
[0.366s] Level 1:colcon.colcon_core.package_identification:_identify(src) by extension 'ignore_ament_install'
[0.366s] Level 1:colcon.colcon_core.package_identification:_identify(src) by extensions ['colcon_pkg']
[0.366s] Level 1:colcon.colcon_core.package_identification:_identify(src) by extension 'colcon_pkg'
[0.366s] Level 1:colcon.colcon_core.package_identification:_identify(src) by extensions ['colcon_meta']
[0.366s] Level 1:colcon.colcon_core.package_identification:_identify(src) by extension 'colcon_meta'
[0.366s] Level 1:colcon.colcon_core.package_identification:_identify(src) by extensions ['ros']
[0.366s] Level 1:colcon.colcon_core.package_identification:_identify(src) by extension 'ros'
[0.366s] Level 1:colcon.colcon_core.package_identification:_identify(src) by extensions ['cmake', 'python']
[0.366s] Level 1:colcon.colcon_core.package_identification:_identify(src) by extension 'cmake'
[0.366s] Level 1:colcon.colcon_core.package_identification:_identify(src) by extension 'python'
[0.366s] Level 1:colcon.colcon_core.package_identification:_identify(src) by extensions ['python_setup_py']
[0.366s] Level 1:colcon.colcon_core.package_identification:_identify(src) by extension 'python_setup_py'
[0.366s] Level 1:colcon.colcon_core.package_identification:_identify(src/build) by extensions ['ignore', 'ignore_ament_install']
[0.367s] Level 1:colcon.colcon_core.package_identification:_identify(src/build) by extension 'ignore'
[0.367s] Level 1:colcon.colcon_core.package_identification:_identify(src/build) ignored
[0.367s] Level 1:colcon.colcon_core.package_identification:_identify(src/install) by extensions ['ignore', 'ignore_ament_install']
[0.367s] Level 1:colcon.colcon_core.package_identification:_identify(src/install) by extension 'ignore'
[0.367s] Level 1:colcon.colcon_core.package_identification:_identify(src/install) ignored
[0.367s] Level 1:colcon.colcon_core.package_identification:_identify(src/log) by extensions ['ignore', 'ignore_ament_install']
[0.367s] Level 1:colcon.colcon_core.package_identification:_identify(src/log) by extension 'ignore'
[0.367s] Level 1:colcon.colcon_core.package_identification:_identify(src/log) ignored
[0.367s] Level 1:colcon.colcon_core.package_identification:_identify(src/manipulator_bringup) by extensions ['ignore', 'ignore_ament_install']
[0.367s] Level 1:colcon.colcon_core.package_identification:_identify(src/manipulator_bringup) by extension 'ignore'
[0.367s] Level 1:colcon.colcon_core.package_identification:_identify(src/manipulator_bringup) by extension 'ignore_ament_install'
[0.368s] Level 1:colcon.colcon_core.package_identification:_identify(src/manipulator_bringup) by extensions ['colcon_pkg']
[0.368s] Level 1:colcon.colcon_core.package_identification:_identify(src/manipulator_bringup) by extension 'colcon_pkg'
[0.368s] Level 1:colcon.colcon_core.package_identification:_identify(src/manipulator_bringup) by extensions ['colcon_meta']
[0.368s] Level 1:colcon.colcon_core.package_identification:_identify(src/manipulator_bringup) by extension 'colcon_meta'
[0.368s] Level 1:colcon.colcon_core.package_identification:_identify(src/manipulator_bringup) by extensions ['ros']
[0.368s] Level 1:colcon.colcon_core.package_identification:_identify(src/manipulator_bringup) by extension 'ros'
[0.372s] DEBUG:colcon.colcon_core.package_identification:Package 'src/manipulator_bringup' with type 'ros.ament_cmake' and name 'manipulator_bringup'
[0.373s] Level 1:colcon.colcon_core.package_identification:_identify(src/manipulator_controller) by extensions ['ignore', 'ignore_ament_install']
[0.373s] Level 1:colcon.colcon_core.package_identification:_identify(src/manipulator_controller) by extension 'ignore'
[0.373s] Level 1:colcon.colcon_core.package_identification:_identify(src/manipulator_controller) by extension 'ignore_ament_install'
[0.373s] Level 1:colcon.colcon_core.package_identification:_identify(src/manipulator_controller) by extensions ['colcon_pkg']
[0.373s] Level 1:colcon.colcon_core.package_identification:_identify(src/manipulator_controller) by extension 'colcon_pkg'
[0.373s] Level 1:colcon.colcon_core.package_identification:_identify(src/manipulator_controller) by extensions ['colcon_meta']
[0.373s] Level 1:colcon.colcon_core.package_identification:_identify(src/manipulator_controller) by extension 'colcon_meta'
[0.373s] Level 1:colcon.colcon_core.package_identification:_identify(src/manipulator_controller) by extensions ['ros']
[0.373s] Level 1:colcon.colcon_core.package_identification:_identify(src/manipulator_controller) by extension 'ros'
[0.375s] DEBUG:colcon.colcon_core.package_identification:Package 'src/manipulator_controller' with type 'ros.ament_python' and name 'manipulator_controller'
[0.375s] Level 1:colcon.colcon_core.package_identification:_identify(src/manipulator_description) by extensions ['ignore', 'ignore_ament_install']
[0.375s] Level 1:colcon.colcon_core.package_identification:_identify(src/manipulator_description) by extension 'ignore'
[0.376s] Level 1:colcon.colcon_core.package_identification:_identify(src/manipulator_description) by extension 'ignore_ament_install'
[0.376s] Level 1:colcon.colcon_core.package_identification:_identify(src/manipulator_description) by extensions ['colcon_pkg']
[0.376s] Level 1:colcon.colcon_core.package_identification:_identify(src/manipulator_description) by extension 'colcon_pkg'
[0.376s] Level 1:colcon.colcon_core.package_identification:_identify(src/manipulator_description) by extensions ['colcon_meta']
[0.376s] Level 1:colcon.colcon_core.package_identification:_identify(src/manipulator_description) by extension 'colcon_meta'
[0.376s] Level 1:colcon.colcon_core.package_identification:_identify(src/manipulator_description) by extensions ['ros']
[0.376s] Level 1:colcon.colcon_core.package_identification:_identify(src/manipulator_description) by extension 'ros'
[0.382s] DEBUG:colcon.colcon_core.package_identification:Package 'src/manipulator_description' with type 'ros.ament_python' and name 'manipulator_description'
[0.382s] Level 1:colcon.colcon_core.package_identification:_identify(src/manipulator_moveit) by extensions ['ignore', 'ignore_ament_install']
[0.382s] Level 1:colcon.colcon_core.package_identification:_identify(src/manipulator_moveit) by extension 'ignore'
[0.382s] Level 1:colcon.colcon_core.package_identification:_identify(src/manipulator_moveit) by extension 'ignore_ament_install'
[0.382s] Level 1:colcon.colcon_core.package_identification:_identify(src/manipulator_moveit) by extensions ['colcon_pkg']
[0.383s] Level 1:colcon.colcon_core.package_identification:_identify(src/manipulator_moveit) by extension 'colcon_pkg'
[0.383s] Level 1:colcon.colcon_core.package_identification:_identify(src/manipulator_moveit) by extensions ['colcon_meta']
[0.383s] Level 1:colcon.colcon_core.package_identification:_identify(src/manipulator_moveit) by extension 'colcon_meta'
[0.383s] Level 1:colcon.colcon_core.package_identification:_identify(src/manipulator_moveit) by extensions ['ros']
[0.383s] Level 1:colcon.colcon_core.package_identification:_identify(src/manipulator_moveit) by extension 'ros'
[0.384s] DEBUG:colcon.colcon_core.package_identification:Package 'src/manipulator_moveit' with type 'ros.ament_cmake' and name 'manipulator_moveit'
[0.384s] Level 1:colcon.colcon_core.package_identification:_identify(src/manipulator_msgs) by extensions ['ignore', 'ignore_ament_install']
[0.384s] Level 1:colcon.colcon_core.package_identification:_identify(src/manipulator_msgs) by extension 'ignore'
[0.384s] Level 1:colcon.colcon_core.package_identification:_identify(src/manipulator_msgs) by extension 'ignore_ament_install'
[0.384s] Level 1:colcon.colcon_core.package_identification:_identify(src/manipulator_msgs) by extensions ['colcon_pkg']
[0.384s] Level 1:colcon.colcon_core.package_identification:_identify(src/manipulator_msgs) by extension 'colcon_pkg'
[0.384s] Level 1:colcon.colcon_core.package_identification:_identify(src/manipulator_msgs) by extensions ['colcon_meta']
[0.384s] Level 1:colcon.colcon_core.package_identification:_identify(src/manipulator_msgs) by extension 'colcon_meta'
[0.384s] Level 1:colcon.colcon_core.package_identification:_identify(src/manipulator_msgs) by extensions ['ros']
[0.384s] Level 1:colcon.colcon_core.package_identification:_identify(src/manipulator_msgs) by extension 'ros'
[0.385s] DEBUG:colcon.colcon_core.package_identification:Package 'src/manipulator_msgs' with type 'ros.ament_cmake' and name 'manipulator_msgs'
[0.385s] Level 1:colcon.colcon_core.package_identification:_identify(src/manipulator_remote) by extensions ['ignore', 'ignore_ament_install']
[0.386s] Level 1:colcon.colcon_core.package_identification:_identify(src/manipulator_remote) by extension 'ignore'
[0.386s] Level 1:colcon.colcon_core.package_identification:_identify(src/manipulator_remote) by extension 'ignore_ament_install'
[0.386s] Level 1:colcon.colcon_core.package_identification:_identify(src/manipulator_remote) by extensions ['colcon_pkg']
[0.386s] Level 1:colcon.colcon_core.package_identification:_identify(src/manipulator_remote) by extension 'colcon_pkg'
[0.386s] Level 1:colcon.colcon_core.package_identification:_identify(src/manipulator_remote) by extensions ['colcon_meta']
[0.386s] Level 1:colcon.colcon_core.package_identification:_identify(src/manipulator_remote) by extension 'colcon_meta'
[0.386s] Level 1:colcon.colcon_core.package_identification:_identify(src/manipulator_remote) by extensions ['ros']
[0.386s] Level 1:colcon.colcon_core.package_identification:_identify(src/manipulator_remote) by extension 'ros'
[0.388s] DEBUG:colcon.colcon_core.package_identification:Package 'src/manipulator_remote' with type 'ros.ament_cmake' and name 'manipulator_remote'
[0.388s] Level 1:colcon.colcon_core.package_identification:_identify(src/manipulator_utils) by extensions ['ignore', 'ignore_ament_install']
[0.388s] Level 1:colcon.colcon_core.package_identification:_identify(src/manipulator_utils) by extension 'ignore'
[0.388s] Level 1:colcon.colcon_core.package_identification:_identify(src/manipulator_utils) by extension 'ignore_ament_install'
[0.388s] Level 1:colcon.colcon_core.package_identification:_identify(src/manipulator_utils) by extensions ['colcon_pkg']
[0.388s] Level 1:colcon.colcon_core.package_identification:_identify(src/manipulator_utils) by extension 'colcon_pkg'
[0.388s] Level 1:colcon.colcon_core.package_identification:_identify(src/manipulator_utils) by extensions ['colcon_meta']
[0.388s] Level 1:colcon.colcon_core.package_identification:_identify(src/manipulator_utils) by extension 'colcon_meta'
[0.389s] Level 1:colcon.colcon_core.package_identification:_identify(src/manipulator_utils) by extensions ['ros']
[0.389s] Level 1:colcon.colcon_core.package_identification:_identify(src/manipulator_utils) by extension 'ros'
[0.390s] DEBUG:colcon.colcon_core.package_identification:Package 'src/manipulator_utils' with type 'ros.ament_python' and name 'manipulator_utils'
[0.390s] Level 1:colcon.colcon_core.package_identification:_identify(src/simple_task) by extensions ['ignore', 'ignore_ament_install']
[0.390s] Level 1:colcon.colcon_core.package_identification:_identify(src/simple_task) by extension 'ignore'
[0.390s] Level 1:colcon.colcon_core.package_identification:_identify(src/simple_task) by extension 'ignore_ament_install'
[0.390s] Level 1:colcon.colcon_core.package_identification:_identify(src/simple_task) by extensions ['colcon_pkg']
[0.390s] Level 1:colcon.colcon_core.package_identification:_identify(src/simple_task) by extension 'colcon_pkg'
[0.390s] Level 1:colcon.colcon_core.package_identification:_identify(src/simple_task) by extensions ['colcon_meta']
[0.390s] Level 1:colcon.colcon_core.package_identification:_identify(src/simple_task) by extension 'colcon_meta'
[0.390s] Level 1:colcon.colcon_core.package_identification:_identify(src/simple_task) by extensions ['ros']
[0.390s] Level 1:colcon.colcon_core.package_identification:_identify(src/simple_task) by extension 'ros'
[0.391s] DEBUG:colcon.colcon_core.package_identification:Package 'src/simple_task' with type 'ros.ament_python' and name 'simple_task'
[0.391s] Level 1:colcon.colcon_core.package_discovery:discover_packages(recursive) using defaults
[0.392s] Level 1:colcon.colcon_core.package_discovery:discover_packages(ignore) discover
[0.392s] Level 1:colcon.colcon_core.package_discovery:discover_packages(ignore) using defaults
[0.392s] Level 1:colcon.colcon_core.package_discovery:discover_packages(path) discover
[0.392s] Level 1:colcon.colcon_core.package_discovery:discover_packages(path) using defaults
[0.428s] INFO:colcon.colcon_core.package_selection:Skipping not selected package 'manipulator_controller' in 'src/manipulator_controller'
[0.428s] INFO:colcon.colcon_core.package_selection:Skipping not selected package 'manipulator_description' in 'src/manipulator_description'
[0.428s] INFO:colcon.colcon_core.package_selection:Skipping not selected package 'manipulator_moveit' in 'src/manipulator_moveit'
[0.429s] INFO:colcon.colcon_core.package_selection:Skipping not selected package 'manipulator_remote' in 'src/manipulator_remote'
[0.429s] INFO:colcon.colcon_core.package_selection:Skipping not selected package 'manipulator_utils' in 'src/manipulator_utils'
[0.429s] INFO:colcon.colcon_core.package_selection:Skipping not selected package 'simple_task' in 'src/simple_task'
[0.429s] INFO:colcon.colcon_core.package_selection:Skipping not selected package 'manipulator_bringup' in 'src/manipulator_bringup'
[0.429s] Level 1:colcon.colcon_core.package_discovery:discover_packages(prefix_path) check parameters
[0.429s] Level 1:colcon.colcon_core.package_discovery:discover_packages(prefix_path) discover
[0.435s] DEBUG:colcon.colcon_installed_package_information.package_discovery:Found 443 installed packages in /opt/ros/jazzy
[0.437s] Level 1:colcon.colcon_core.package_discovery:discover_packages(prefix_path) using defaults
[0.513s] Level 5:colcon.colcon_core.verb:set package 'manipulator_msgs' build argument 'cmake_args' from command line to 'None'
[0.513s] Level 5:colcon.colcon_core.verb:set package 'manipulator_msgs' build argument 'cmake_target' from command line to 'None'
[0.513s] Level 5:colcon.colcon_core.verb:set package 'manipulator_msgs' build argument 'cmake_target_skip_unavailable' from command line to 'False'
[0.513s] Level 5:colcon.colcon_core.verb:set package 'manipulator_msgs' build argument 'cmake_clean_cache' from command line to 'False'
[0.513s] Level 5:colcon.colcon_core.verb:set package 'manipulator_msgs' build argument 'cmake_clean_first' from command line to 'False'
[0.513s] Level 5:colcon.colcon_core.verb:set package 'manipulator_msgs' build argument 'cmake_force_configure' from command line to 'False'
[0.513s] Level 5:colcon.colcon_core.verb:set package 'manipulator_msgs' build argument 'ament_cmake_args' from command line to 'None'
[0.513s] Level 5:colcon.colcon_core.verb:set package 'manipulator_msgs' build argument 'catkin_cmake_args' from command line to 'None'
[0.513s] Level 5:colcon.colcon_core.verb:set package 'manipulator_msgs' build argument 'catkin_skip_building_tests' from command line to 'False'
[0.513s] DEBUG:colcon.colcon_core.verb:Building package 'manipulator_msgs' with the following arguments: {'ament_cmake_args': None, 'build_base': '/home/raj/robotic_arm/build/manipulator_msgs', 'catkin_cmake_args': None, 'catkin_skip_building_tests': False, 'cmake_args': None, 'cmake_clean_cache': False, 'cmake_clean_first': False, 'cmake_force_configure': False, 'cmake_target': None, 'cmake_target_skip_unavailable': False, 'install_base': '/home/raj/robotic_arm/install/manipulator_msgs', 'merge_install': False, 'path': '/home/raj/robotic_arm/src/manipulator_msgs', 'symlink_install': False, 'test_result_base': None}
[0.513s] INFO:colcon.colcon_core.executor:Executing jobs using 'parallel' executor
[0.515s] DEBUG:colcon.colcon_parallel_executor.executor.parallel:run_until_complete
[0.515s] INFO:colcon.colcon_ros.task.ament_cmake.build:Building ROS package in '/home/raj/robotic_arm/src/manipulator_msgs' with build type 'ament_cmake'
[0.516s] INFO:colcon.colcon_cmake.task.cmake.build:Building CMake package in '/home/raj/robotic_arm/src/manipulator_msgs'
[0.519s] INFO:colcon.colcon_core.plugin_system:Skipping extension 'colcon_core.shell.bat': Not used on non-Windows systems
[0.519s] INFO:colcon.colcon_core.shell:Skip shell extension 'powershell' for command environment: Not usable outside of PowerShell
[0.519s] DEBUG:colcon.colcon_core.shell:Skip shell extension 'dsv' for command environment
[0.534s] DEBUG:colcon.colcon_core.event_handler.log_command:Invoking command in '/home/raj/robotic_arm/build/manipulator_msgs': CMAKE_PREFIX_PATH=${CMAKE_PREFIX_PATH}:/opt/ros/jazzy DEBUGINFOD_URLS=https://debuginfod.ubuntu.com /usr/bin/cmake --build /home/raj/robotic_arm/build/manipulator_msgs -- -j32 -l32
[1.446s] DEBUG:colcon.colcon_core.event_handler.log_command:Invoked command in '/home/raj/robotic_arm/build/manipulator_msgs' returned '0': CMAKE_PREFIX_PATH=${CMAKE_PREFIX_PATH}:/opt/ros/jazzy DEBUGINFOD_URLS=https://debuginfod.ubuntu.com /usr/bin/cmake --build /home/raj/robotic_arm/build/manipulator_msgs -- -j32 -l32
[1.474s] DEBUG:colcon.colcon_core.event_handler.log_command:Invoking command in '/home/raj/robotic_arm/build/manipulator_msgs': CMAKE_PREFIX_PATH=${CMAKE_PREFIX_PATH}:/opt/ros/jazzy DEBUGINFOD_URLS=https://debuginfod.ubuntu.com /usr/bin/cmake --install /home/raj/robotic_arm/build/manipulator_msgs
[1.609s] Level 1:colcon.colcon_core.environment:create_environment_scripts_only(manipulator_msgs)
[1.610s] DEBUG:colcon.colcon_core.event_handler.log_command:Invoked command in '/home/raj/robotic_arm/build/manipulator_msgs' returned '0': CMAKE_PREFIX_PATH=${CMAKE_PREFIX_PATH}:/opt/ros/jazzy DEBUGINFOD_URLS=https://debuginfod.ubuntu.com /usr/bin/cmake --install /home/raj/robotic_arm/build/manipulator_msgs
[1.613s] Level 1:colcon.colcon_core.environment:checking '/home/raj/robotic_arm/install/manipulator_msgs' for CMake module files
[1.614s] Level 1:colcon.colcon_core.environment:checking '/home/raj/robotic_arm/install/manipulator_msgs' for CMake config files
[1.615s] Level 1:colcon.colcon_core.shell:create_environment_hook('manipulator_msgs', 'cmake_prefix_path')
[1.615s] INFO:colcon.colcon_core.shell:Creating environment hook '/home/raj/robotic_arm/install/manipulator_msgs/share/manipulator_msgs/hook/cmake_prefix_path.ps1'
[1.616s] INFO:colcon.colcon_core.shell:Creating environment descriptor '/home/raj/robotic_arm/install/manipulator_msgs/share/manipulator_msgs/hook/cmake_prefix_path.dsv'
[1.617s] INFO:colcon.colcon_core.shell:Creating environment hook '/home/raj/robotic_arm/install/manipulator_msgs/share/manipulator_msgs/hook/cmake_prefix_path.sh'
[1.618s] Level 1:colcon.colcon_core.environment:checking '/home/raj/robotic_arm/install/manipulator_msgs/lib'
[1.618s] Level 1:colcon.colcon_core.shell:create_environment_hook('manipulator_msgs', 'ld_library_path_lib')
[1.618s] INFO:colcon.colcon_core.shell:Creating environment hook '/home/raj/robotic_arm/install/manipulator_msgs/share/manipulator_msgs/hook/ld_library_path_lib.ps1'
[1.619s] INFO:colcon.colcon_core.shell:Creating environment descriptor '/home/raj/robotic_arm/install/manipulator_msgs/share/manipulator_msgs/hook/ld_library_path_lib.dsv'
[1.619s] INFO:colcon.colcon_core.shell:Creating environment hook '/home/raj/robotic_arm/install/manipulator_msgs/share/manipulator_msgs/hook/ld_library_path_lib.sh'
[1.620s] Level 1:colcon.colcon_core.environment:checking '/home/raj/robotic_arm/install/manipulator_msgs/bin'
[1.620s] Level 1:colcon.colcon_core.environment:checking '/home/raj/robotic_arm/install/manipulator_msgs/lib/pkgconfig/manipulator_msgs.pc'
[1.620s] Level 1:colcon.colcon_core.environment:checking '/home/raj/robotic_arm/install/manipulator_msgs/lib/python3.12/site-packages'
[1.621s] Level 1:colcon.colcon_core.shell:create_environment_hook('manipulator_msgs', 'pythonpath')
[1.621s] INFO:colcon.colcon_core.shell:Creating environment hook '/home/raj/robotic_arm/install/manipulator_msgs/share/manipulator_msgs/hook/pythonpath.ps1'
[1.621s] INFO:colcon.colcon_core.shell:Creating environment descriptor '/home/raj/robotic_arm/install/manipulator_msgs/share/manipulator_msgs/hook/pythonpath.dsv'
[1.622s] INFO:colcon.colcon_core.shell:Creating environment hook '/home/raj/robotic_arm/install/manipulator_msgs/share/manipulator_msgs/hook/pythonpath.sh'
[1.624s] Level 1:colcon.colcon_core.environment:checking '/home/raj/robotic_arm/install/manipulator_msgs/bin'
[1.624s] INFO:colcon.colcon_core.shell:Creating package script '/home/raj/robotic_arm/install/manipulator_msgs/share/manipulator_msgs/package.ps1'
[1.625s] INFO:colcon.colcon_core.shell:Creating package descriptor '/home/raj/robotic_arm/install/manipulator_msgs/share/manipulator_msgs/package.dsv'
[1.626s] INFO:colcon.colcon_core.shell:Creating package script '/home/raj/robotic_arm/install/manipulator_msgs/share/manipulator_msgs/package.sh'
[1.627s] INFO:colcon.colcon_core.shell:Creating package script '/home/raj/robotic_arm/install/manipulator_msgs/share/manipulator_msgs/package.bash'
[1.628s] INFO:colcon.colcon_core.shell:Creating package script '/home/raj/robotic_arm/install/manipulator_msgs/share/manipulator_msgs/package.zsh'
[1.628s] Level 1:colcon.colcon_core.environment:create_file_with_runtime_dependencies(/home/raj/robotic_arm/install/manipulator_msgs/share/colcon-core/packages/manipulator_msgs)
[1.629s] Level 1:colcon.colcon_core.environment:create_environment_scripts_only(manipulator_msgs)
[1.629s] Level 1:colcon.colcon_core.environment:checking '/home/raj/robotic_arm/install/manipulator_msgs' for CMake module files
[1.630s] Level 1:colcon.colcon_core.environment:checking '/home/raj/robotic_arm/install/manipulator_msgs' for CMake config files
[1.630s] Level 1:colcon.colcon_core.shell:create_environment_hook('manipulator_msgs', 'cmake_prefix_path')
[1.630s] INFO:colcon.colcon_core.shell:Creating environment hook '/home/raj/robotic_arm/install/manipulator_msgs/share/manipulator_msgs/hook/cmake_prefix_path.ps1'
[1.631s] INFO:colcon.colcon_core.shell:Creating environment descriptor '/home/raj/robotic_arm/install/manipulator_msgs/share/manipulator_msgs/hook/cmake_prefix_path.dsv'
[1.631s] INFO:colcon.colcon_core.shell:Creating environment hook '/home/raj/robotic_arm/install/manipulator_msgs/share/manipulator_msgs/hook/cmake_prefix_path.sh'
[1.632s] Level 1:colcon.colcon_core.environment:checking '/home/raj/robotic_arm/install/manipulator_msgs/lib'
[1.632s] Level 1:colcon.colcon_core.shell:create_environment_hook('manipulator_msgs', 'ld_library_path_lib')
[1.633s] INFO:colcon.colcon_core.shell:Creating environment hook '/home/raj/robotic_arm/install/manipulator_msgs/share/manipulator_msgs/hook/ld_library_path_lib.ps1'
[1.633s] INFO:colcon.colcon_core.shell:Creating environment descriptor '/home/raj/robotic_arm/install/manipulator_msgs/share/manipulator_msgs/hook/ld_library_path_lib.dsv'
[1.634s] INFO:colcon.colcon_core.shell:Creating environment hook '/home/raj/robotic_arm/install/manipulator_msgs/share/manipulator_msgs/hook/ld_library_path_lib.sh'
[1.634s] Level 1:colcon.colcon_core.environment:checking '/home/raj/robotic_arm/install/manipulator_msgs/bin'
[1.635s] Level 1:colcon.colcon_core.environment:checking '/home/raj/robotic_arm/install/manipulator_msgs/lib/pkgconfig/manipulator_msgs.pc'
[1.635s] Level 1:colcon.colcon_core.environment:checking '/home/raj/robotic_arm/install/manipulator_msgs/lib/python3.12/site-packages'
[1.635s] Level 1:colcon.colcon_core.shell:create_environment_hook('manipulator_msgs', 'pythonpath')
[1.635s] INFO:colcon.colcon_core.shell:Creating environment hook '/home/raj/robotic_arm/install/manipulator_msgs/share/manipulator_msgs/hook/pythonpath.ps1'
[1.636s] INFO:colcon.colcon_core.shell:Creating environment descriptor '/home/raj/robotic_arm/install/manipulator_msgs/share/manipulator_msgs/hook/pythonpath.dsv'
[1.637s] INFO:colcon.colcon_core.shell:Creating environment hook '/home/raj/robotic_arm/install/manipulator_msgs/share/manipulator_msgs/hook/pythonpath.sh'
[1.638s] Level 1:colcon.colcon_core.environment:checking '/home/raj/robotic_arm/install/manipulator_msgs/bin'
[1.638s] INFO:colcon.colcon_core.shell:Creating package script '/home/raj/robotic_arm/install/manipulator_msgs/share/manipulator_msgs/package.ps1'
[1.639s] INFO:colcon.colcon_core.shell:Creating package descriptor '/home/raj/robotic_arm/install/manipulator_msgs/share/manipulator_msgs/package.dsv'
[1.639s] INFO:colcon.colcon_core.shell:Creating package script '/home/raj/robotic_arm/install/manipulator_msgs/share/manipulator_msgs/package.sh'
[1.640s] INFO:colcon.colcon_core.shell:Creating package script '/home/raj/robotic_arm/install/manipulator_msgs/share/manipulator_msgs/package.bash'
[1.641s] INFO:colcon.colcon_core.shell:Creating package script '/home/raj/robotic_arm/install/manipulator_msgs/share/manipulator_msgs/package.zsh'
[1.641s] Level 1:colcon.colcon_core.environment:create_file_with_runtime_dependencies(/home/raj/robotic_arm/install/manipulator_msgs/share/colcon-core/packages/manipulator_msgs)
[1.641s] DEBUG:colcon.colcon_parallel_executor.executor.parallel:closing loop
[1.642s] DEBUG:colcon.colcon_parallel_executor.executor.parallel:loop closed
[1.642s] DEBUG:colcon.colcon_parallel_executor.executor.parallel:run_until_complete finished with '0'
[1.642s] DEBUG:colcon.colcon_core.event_reactor:joining thread
[1.672s] INFO:colcon.colcon_core.plugin_system:Skipping extension 'colcon_notification.desktop_notification.terminal_notifier': Not used on non-Darwin systems
[1.672s] INFO:colcon.colcon_core.plugin_system:Skipping extension 'colcon_notification.desktop_notification.win32': Not used on non-Windows systems
[1.673s] INFO:colcon.colcon_notification.desktop_notification:Sending desktop notification using 'notify2'
[1.695s] DEBUG:colcon.colcon_core.event_reactor:joined thread
[1.695s] INFO:colcon.colcon_core.shell:Creating prefix script '/home/raj/robotic_arm/install/local_setup.ps1'
[1.696s] INFO:colcon.colcon_core.shell:Creating prefix util module '/home/raj/robotic_arm/install/_local_setup_util_ps1.py'
[1.699s] INFO:colcon.colcon_core.shell:Creating prefix chain script '/home/raj/robotic_arm/install/setup.ps1'
[1.700s] INFO:colcon.colcon_core.shell:Creating prefix script '/home/raj/robotic_arm/install/local_setup.sh'
[1.701s] INFO:colcon.colcon_core.shell:Creating prefix util module '/home/raj/robotic_arm/install/_local_setup_util_sh.py'
[1.701s] INFO:colcon.colcon_core.shell:Creating prefix chain script '/home/raj/robotic_arm/install/setup.sh'
[1.703s] INFO:colcon.colcon_core.shell:Creating prefix script '/home/raj/robotic_arm/install/local_setup.bash'
[1.704s] INFO:colcon.colcon_core.shell:Creating prefix chain script '/home/raj/robotic_arm/install/setup.bash'
[1.705s] INFO:colcon.colcon_core.shell:Creating prefix script '/home/raj/robotic_arm/install/local_setup.zsh'
[1.706s] INFO:colcon.colcon_core.shell:Creating prefix chain script '/home/raj/robotic_arm/install/setup.zsh'
