[0.463s] Invoking command in '/home/raj/robotic_arm/src/manipulator_utils': DEBUGINFOD_URLS=https://debuginfod.ubuntu.com PYTHONPATH=/home/raj/robotic_arm/src/build/manipulator_utils/prefix_override:/usr/lib/python3/dist-packages/colcon_core/task/python/colcon_distutils_commands:/home/raj/robotic_arm/src/install/manipulator_utils/lib/python3.12/site-packages:${PYTHONPATH} /usr/bin/python3 -W ignore:setup.py install is deprecated -W ignore:easy_install command is deprecated setup.py egg_info --egg-base ../build/manipulator_utils build --build-base /home/raj/robotic_arm/src/build/manipulator_utils/build install --record /home/raj/robotic_arm/src/build/manipulator_utils/install.log --single-version-externally-managed install_data
[0.600s] running egg_info
[0.600s] creating ../build/manipulator_utils/manipulator_utils.egg-info
[0.609s] writing ../build/manipulator_utils/manipulator_utils.egg-info/PKG-INFO
[0.609s] writing dependency_links to ../build/manipulator_utils/manipulator_utils.egg-info/dependency_links.txt
[0.609s] writing requirements to ../build/manipulator_utils/manipulator_utils.egg-info/requires.txt
[0.609s] writing top-level names to ../build/manipulator_utils/manipulator_utils.egg-info/top_level.txt
[0.609s] writing manifest file '../build/manipulator_utils/manipulator_utils.egg-info/SOURCES.txt'
[0.628s] reading manifest file '../build/manipulator_utils/manipulator_utils.egg-info/SOURCES.txt'
[0.629s] writing manifest file '../build/manipulator_utils/manipulator_utils.egg-info/SOURCES.txt'
[0.629s] running build
[0.629s] running build_py
[0.629s] creating /home/raj/robotic_arm/src/build/manipulator_utils/build
[0.629s] creating /home/raj/robotic_arm/src/build/manipulator_utils/build/lib
[0.629s] creating /home/raj/robotic_arm/src/build/manipulator_utils/build/lib/manipulator_utils
[0.629s] copying manipulator_utils/__init__.py -> /home/raj/robotic_arm/src/build/manipulator_utils/build/lib/manipulator_utils
[0.629s] copying manipulator_utils/angle_conversion.py -> /home/raj/robotic_arm/src/build/manipulator_utils/build/lib/manipulator_utils
[0.629s] running install
[0.632s] running install_lib
[0.642s] creating /home/raj/robotic_arm/src/install/manipulator_utils/lib/python3.12/site-packages/manipulator_utils
[0.642s] copying /home/raj/robotic_arm/src/build/manipulator_utils/build/lib/manipulator_utils/__init__.py -> /home/raj/robotic_arm/src/install/manipulator_utils/lib/python3.12/site-packages/manipulator_utils
[0.642s] copying /home/raj/robotic_arm/src/build/manipulator_utils/build/lib/manipulator_utils/angle_conversion.py -> /home/raj/robotic_arm/src/install/manipulator_utils/lib/python3.12/site-packages/manipulator_utils
[0.642s] byte-compiling /home/raj/robotic_arm/src/install/manipulator_utils/lib/python3.12/site-packages/manipulator_utils/__init__.py to __init__.cpython-312.pyc
[0.642s] byte-compiling /home/raj/robotic_arm/src/install/manipulator_utils/lib/python3.12/site-packages/manipulator_utils/angle_conversion.py to angle_conversion.cpython-312.pyc
[0.642s] running install_data
[0.643s] creating /home/raj/robotic_arm/src/install/manipulator_utils/share/ament_index
[0.643s] creating /home/raj/robotic_arm/src/install/manipulator_utils/share/ament_index/resource_index
[0.643s] creating /home/raj/robotic_arm/src/install/manipulator_utils/share/ament_index/resource_index/packages
[0.643s] copying resource/manipulator_utils -> /home/raj/robotic_arm/src/install/manipulator_utils/share/ament_index/resource_index/packages
[0.643s] copying package.xml -> /home/raj/robotic_arm/src/install/manipulator_utils/share/manipulator_utils
[0.643s] creating /home/raj/robotic_arm/src/install/manipulator_utils/share/manipulator_utils/srv
[0.643s] error: can't copy 'srv/EulerToQuaternion.srv': doesn't exist or not a regular file
[0.653s] Invoked command in '/home/raj/robotic_arm/src/manipulator_utils' returned '1': DEBUGINFOD_URLS=https://debuginfod.ubuntu.com PYTHONPATH=/home/raj/robotic_arm/src/build/manipulator_utils/prefix_override:/usr/lib/python3/dist-packages/colcon_core/task/python/colcon_distutils_commands:/home/raj/robotic_arm/src/install/manipulator_utils/lib/python3.12/site-packages:${PYTHONPATH} /usr/bin/python3 -W ignore:setup.py install is deprecated -W ignore:easy_install command is deprecated setup.py egg_info --egg-base ../build/manipulator_utils build --build-base /home/raj/robotic_arm/src/build/manipulator_utils/build install --record /home/raj/robotic_arm/src/build/manipulator_utils/install.log --single-version-externally-managed install_data
