[0.018s] Invoking command in '/home/raj/robotic_arm/build/manipulator_bringup': CMAKE_PREFIX_PATH=${CMAKE_PREFIX_PATH}:/opt/ros/jazzy DEBUGINFOD_URLS=https://debuginfod.ubuntu.com /usr/bin/cmake --build /home/raj/robotic_arm/build/manipulator_bringup -- -j32 -l32
[0.182s] -- Found ament_cmake: 2.5.5 (/opt/ros/jazzy/share/ament_cmake/cmake)
[0.230s] -- Found ament_lint_auto: 0.17.4 (/opt/ros/jazzy/share/ament_lint_auto/cmake)
[0.303s] -- Added test 'flake8' to check Python code syntax and style conventions
[0.303s] -- Configured 'flake8' exclude dirs and/or files: 
[0.304s] -- Added test 'lint_cmake' to check CMake code style
[0.304s] -- Added test 'pep257' to check Python code against some of the docstring style conventions in PEP 257
[0.306s] -- Added test 'xmllint' to check XML markup files
[0.306s] -- Configuring done (0.3s)
[0.309s] -- Generating done (0.0s)
[0.311s] -- Build files have been written to: /home/raj/robotic_arm/build/manipulator_bringup
[0.366s] Invoked command in '/home/raj/robotic_arm/build/manipulator_bringup' returned '0': CMAKE_PREFIX_PATH=${CMAKE_PREFIX_PATH}:/opt/ros/jazzy DEBUGINFOD_URLS=https://debuginfod.ubuntu.com /usr/bin/cmake --build /home/raj/robotic_arm/build/manipulator_bringup -- -j32 -l32
[0.366s] Invoking command in '/home/raj/robotic_arm/build/manipulator_bringup': CMAKE_PREFIX_PATH=${CMAKE_PREFIX_PATH}:/opt/ros/jazzy DEBUGINFOD_URLS=https://debuginfod.ubuntu.com /usr/bin/cmake --install /home/raj/robotic_arm/build/manipulator_bringup
[0.379s] -- Install configuration: ""
[0.379s] -- Installing: /home/raj/robotic_arm/install/manipulator_bringup/share/manipulator_bringup/launch
[0.379s] -- Installing: /home/raj/robotic_arm/install/manipulator_bringup/share/manipulator_bringup/launch/simulatated_robot.launch.py
[0.379s] -- Installing: /home/raj/robotic_arm/install/manipulator_bringup/share/ament_index/resource_index/package_run_dependencies/manipulator_bringup
[0.379s] -- Up-to-date: /home/raj/robotic_arm/install/manipulator_bringup/share/ament_index/resource_index/parent_prefix_path/manipulator_bringup
[0.379s] -- Up-to-date: /home/raj/robotic_arm/install/manipulator_bringup/share/manipulator_bringup/environment/ament_prefix_path.sh
[0.379s] -- Up-to-date: /home/raj/robotic_arm/install/manipulator_bringup/share/manipulator_bringup/environment/ament_prefix_path.dsv
[0.379s] -- Up-to-date: /home/raj/robotic_arm/install/manipulator_bringup/share/manipulator_bringup/environment/path.sh
[0.379s] -- Up-to-date: /home/raj/robotic_arm/install/manipulator_bringup/share/manipulator_bringup/environment/path.dsv
[0.379s] -- Up-to-date: /home/raj/robotic_arm/install/manipulator_bringup/share/manipulator_bringup/local_setup.bash
[0.379s] -- Up-to-date: /home/raj/robotic_arm/install/manipulator_bringup/share/manipulator_bringup/local_setup.sh
[0.380s] -- Up-to-date: /home/raj/robotic_arm/install/manipulator_bringup/share/manipulator_bringup/local_setup.zsh
[0.380s] -- Up-to-date: /home/raj/robotic_arm/install/manipulator_bringup/share/manipulator_bringup/local_setup.dsv
[0.380s] -- Up-to-date: /home/raj/robotic_arm/install/manipulator_bringup/share/manipulator_bringup/package.dsv
[0.380s] -- Up-to-date: /home/raj/robotic_arm/install/manipulator_bringup/share/ament_index/resource_index/packages/manipulator_bringup
[0.380s] -- Up-to-date: /home/raj/robotic_arm/install/manipulator_bringup/share/manipulator_bringup/cmake/manipulator_bringupConfig.cmake
[0.380s] -- Up-to-date: /home/raj/robotic_arm/install/manipulator_bringup/share/manipulator_bringup/cmake/manipulator_bringupConfig-version.cmake
[0.380s] -- Installing: /home/raj/robotic_arm/install/manipulator_bringup/share/manipulator_bringup/package.xml
[0.382s] Invoked command in '/home/raj/robotic_arm/build/manipulator_bringup' returned '0': CMAKE_PREFIX_PATH=${CMAKE_PREFIX_PATH}:/opt/ros/jazzy DEBUGINFOD_URLS=https://debuginfod.ubuntu.com /usr/bin/cmake --install /home/raj/robotic_arm/build/manipulator_bringup
