-- Found ament_cmake: 2.5.5 (/opt/ros/jazzy/share/ament_cmake/cmake)
-- Found rosidl_default_generators: 1.6.0 (/opt/ros/jazzy/share/rosidl_default_generators/cmake)
-- Using all available rosidl_typesupport_c: rosidl_typesupport_fastrtps_c;rosidl_typesupport_introspection_c
-- Using all available rosidl_typesupport_cpp: rosidl_typesupport_fastrtps_cpp;rosidl_typesupport_introspection_cpp
-- Found rosidl_adapter: 4.6.7 (/opt/ros/jazzy/share/rosidl_adapter/cmake)
-- Found ament_cmake_ros: 0.12.0 (/opt/ros/jazzy/share/ament_cmake_ros/cmake)
-- Using all available rosidl_typesupport_c: rosidl_typesupport_fastrtps_c;rosidl_typesupport_introspection_c
-- Using all available rosidl_typesupport_cpp: rosidl_typesupport_fastrtps_cpp;rosidl_typesupport_introspection_cpp
-- Found python_cmake_module: 0.11.1 (/opt/ros/jazzy/share/python_cmake_module/cmake)
-- Found PythonExtra: /usr/bin/python3  
-- Found Python3: /usr/bin/python3 (found version "3.12.3") found components: Interpreter Development NumPy Development.Module Development.Embed 
-- Configuring done (1.6s)
-- Generating done (0.0s)
-- Build files have been written to: /home/raj/robotic_arm/src/build/manipulator_msgs
[  2%] [34m[1mGenerating type hashes for ROS interfaces[0m
[  2%] Built target ament_cmake_python_copy_manipulator_msgs
running egg_info
creating manipulator_msgs.egg-info
writing manipulator_msgs.egg-info/PKG-INFO
writing dependency_links to manipulator_msgs.egg-info/dependency_links.txt
writing top-level names to manipulator_msgs.egg-info/top_level.txt
writing manifest file 'manipulator_msgs.egg-info/SOURCES.txt'
[  2%] Built target manipulator_msgs__rosidl_generator_type_description
[  4%] [34m[1mGenerating C code for ROS interfaces[0m
[  6%] [34m[1mGenerating C++ code for ROS interfaces[0m
reading manifest file 'manipulator_msgs.egg-info/SOURCES.txt'
writing manifest file 'manipulator_msgs.egg-info/SOURCES.txt'
[  6%] Built target ament_cmake_python_build_manipulator_msgs_egg
[  6%] Built target manipulator_msgs__cpp
[ 13%] [32mBuilding C object CMakeFiles/manipulator_msgs__rosidl_generator_c.dir/rosidl_generator_c/manipulator_msgs/srv/detail/euler_to_quaternion__type_support.c.o[0m
[ 13%] [32mBuilding C object CMakeFiles/manipulator_msgs__rosidl_generator_c.dir/rosidl_generator_c/manipulator_msgs/srv/detail/quaternion_to_euler__functions.c.o[0m
[ 13%] [32mBuilding C object CMakeFiles/manipulator_msgs__rosidl_generator_c.dir/rosidl_generator_c/manipulator_msgs/srv/detail/quaternion_to_euler__description.c.o[0m
[ 18%] [32mBuilding C object CMakeFiles/manipulator_msgs__rosidl_generator_c.dir/rosidl_generator_c/manipulator_msgs/srv/detail/euler_to_quaternion__description.c.o[0m
[ 18%] [32mBuilding C object CMakeFiles/manipulator_msgs__rosidl_generator_c.dir/rosidl_generator_c/manipulator_msgs/srv/detail/quaternion_to_euler__type_support.c.o[0m
[ 20%] [32mBuilding C object CMakeFiles/manipulator_msgs__rosidl_generator_c.dir/rosidl_generator_c/manipulator_msgs/srv/detail/euler_to_quaternion__functions.c.o[0m
[ 22%] [32m[1mLinking C shared library libmanipulator_msgs__rosidl_generator_c.so[0m
[ 22%] Built target manipulator_msgs__rosidl_generator_c
[ 25%] [34m[1mGenerating C++ type support for eProsima Fast-RTPS[0m
[ 31%] [34m[1mGenerating C type support dispatch for ROS interfaces[0m
[ 31%] [34m[1mGenerating C++ type support dispatch for ROS interfaces[0m
[ 31%] [34m[1mGenerating C type support for eProsima Fast-RTPS[0m
[ 36%] [34m[1mGenerating C introspection for ROS interfaces[0m
[ 36%] [34m[1mGenerating C++ introspection for ROS interfaces[0m
[ 38%] [32mBuilding CXX object CMakeFiles/manipulator_msgs__rosidl_typesupport_c.dir/rosidl_typesupport_c/manipulator_msgs/srv/quaternion_to_euler__type_support.cpp.o[0m
[ 40%] [32mBuilding CXX object CMakeFiles/manipulator_msgs__rosidl_typesupport_cpp.dir/rosidl_typesupport_cpp/manipulator_msgs/srv/quaternion_to_euler__type_support.cpp.o[0m
[ 45%] [32mBuilding CXX object CMakeFiles/manipulator_msgs__rosidl_typesupport_cpp.dir/rosidl_typesupport_cpp/manipulator_msgs/srv/euler_to_quaternion__type_support.cpp.o[0m
[ 45%] [32mBuilding CXX object CMakeFiles/manipulator_msgs__rosidl_typesupport_c.dir/rosidl_typesupport_c/manipulator_msgs/srv/euler_to_quaternion__type_support.cpp.o[0m
[ 50%] [32mBuilding CXX object CMakeFiles/manipulator_msgs__rosidl_typesupport_introspection_cpp.dir/rosidl_typesupport_introspection_cpp/manipulator_msgs/srv/detail/euler_to_quaternion__type_support.cpp.o[0m
[ 50%] [32mBuilding CXX object CMakeFiles/manipulator_msgs__rosidl_typesupport_introspection_cpp.dir/rosidl_typesupport_introspection_cpp/manipulator_msgs/srv/detail/quaternion_to_euler__type_support.cpp.o[0m
[ 52%] [32mBuilding C object CMakeFiles/manipulator_msgs__rosidl_typesupport_introspection_c.dir/rosidl_typesupport_introspection_c/manipulator_msgs/srv/detail/quaternion_to_euler__type_support.c.o[0m
[ 54%] [32mBuilding C object CMakeFiles/manipulator_msgs__rosidl_typesupport_introspection_c.dir/rosidl_typesupport_introspection_c/manipulator_msgs/srv/detail/euler_to_quaternion__type_support.c.o[0m
[ 56%] [32m[1mLinking CXX shared library libmanipulator_msgs__rosidl_typesupport_c.so[0m
[ 59%] [32m[1mLinking C shared library libmanipulator_msgs__rosidl_typesupport_introspection_c.so[0m
[ 59%] Built target manipulator_msgs__rosidl_typesupport_c
[ 61%] [32mBuilding CXX object CMakeFiles/manipulator_msgs__rosidl_typesupport_fastrtps_cpp.dir/rosidl_typesupport_fastrtps_cpp/manipulator_msgs/srv/detail/dds_fastrtps/quaternion_to_euler__type_support.cpp.o[0m
[ 63%] [32mBuilding CXX object CMakeFiles/manipulator_msgs__rosidl_typesupport_fastrtps_cpp.dir/rosidl_typesupport_fastrtps_cpp/manipulator_msgs/srv/detail/dds_fastrtps/euler_to_quaternion__type_support.cpp.o[0m
[ 65%] [32mBuilding CXX object CMakeFiles/manipulator_msgs__rosidl_typesupport_fastrtps_c.dir/rosidl_typesupport_fastrtps_c/manipulator_msgs/srv/detail/quaternion_to_euler__type_support_c.cpp.o[0m
[ 68%] [32mBuilding CXX object CMakeFiles/manipulator_msgs__rosidl_typesupport_fastrtps_c.dir/rosidl_typesupport_fastrtps_c/manipulator_msgs/srv/detail/euler_to_quaternion__type_support_c.cpp.o[0m
[ 68%] Built target manipulator_msgs__rosidl_typesupport_introspection_c
[ 70%] [32m[1mLinking CXX shared library libmanipulator_msgs__rosidl_typesupport_cpp.so[0m
[ 72%] [32m[1mLinking CXX shared library libmanipulator_msgs__rosidl_typesupport_introspection_cpp.so[0m
[ 72%] Built target manipulator_msgs__rosidl_typesupport_cpp
[ 72%] Built target manipulator_msgs__rosidl_typesupport_introspection_cpp
[ 75%] [32m[1mLinking CXX shared library libmanipulator_msgs__rosidl_typesupport_fastrtps_c.so[0m
[ 75%] Built target manipulator_msgs__rosidl_typesupport_fastrtps_c
[ 77%] [32m[1mLinking CXX shared library libmanipulator_msgs__rosidl_typesupport_fastrtps_cpp.so[0m
[ 77%] Built target manipulator_msgs__rosidl_typesupport_fastrtps_cpp
[ 77%] Built target manipulator_msgs
[ 79%] [34m[1mGenerating Python code for ROS interfaces[0m
[ 79%] Built target manipulator_msgs__py
[ 81%] [32mBuilding C object CMakeFiles/manipulator_msgs__rosidl_generator_py.dir/rosidl_generator_py/manipulator_msgs/srv/_euler_to_quaternion_s.c.o[0m
[ 84%] [32mBuilding C object CMakeFiles/manipulator_msgs__rosidl_generator_py.dir/rosidl_generator_py/manipulator_msgs/srv/_quaternion_to_euler_s.c.o[0m
[ 86%] [32m[1mLinking C shared library libmanipulator_msgs__rosidl_generator_py.so[0m
[ 86%] Built target manipulator_msgs__rosidl_generator_py
[ 90%] [32mBuilding C object CMakeFiles/manipulator_msgs_s__rosidl_typesupport_c.dir/rosidl_generator_py/manipulator_msgs/_manipulator_msgs_s.ep.rosidl_typesupport_c.c.o[0m
[ 90%] [32mBuilding C object CMakeFiles/manipulator_msgs_s__rosidl_typesupport_introspection_c.dir/rosidl_generator_py/manipulator_msgs/_manipulator_msgs_s.ep.rosidl_typesupport_introspection_c.c.o[0m
[ 93%] [32mBuilding C object CMakeFiles/manipulator_msgs_s__rosidl_typesupport_fastrtps_c.dir/rosidl_generator_py/manipulator_msgs/_manipulator_msgs_s.ep.rosidl_typesupport_fastrtps_c.c.o[0m
[ 95%] [32m[1mLinking C shared module rosidl_generator_py/manipulator_msgs/manipulator_msgs_s__rosidl_typesupport_introspection_c.so[0m
[ 97%] [32m[1mLinking C shared module rosidl_generator_py/manipulator_msgs/manipulator_msgs_s__rosidl_typesupport_c.so[0m
[100%] [32m[1mLinking C shared module rosidl_generator_py/manipulator_msgs/manipulator_msgs_s__rosidl_typesupport_fastrtps_c.so[0m
[100%] Built target manipulator_msgs_s__rosidl_typesupport_introspection_c
[100%] Built target manipulator_msgs_s__rosidl_typesupport_c
[100%] Built target manipulator_msgs_s__rosidl_typesupport_fastrtps_c
-- Install configuration: ""
-- Installing: /home/raj/robotic_arm/src/install/manipulator_msgs/share/ament_index/resource_index/rosidl_interfaces/manipulator_msgs
-- Installing: /home/raj/robotic_arm/src/install/manipulator_msgs/share/manipulator_msgs/srv/EulerToQuaternion.json
-- Installing: /home/raj/robotic_arm/src/install/manipulator_msgs/share/manipulator_msgs/srv/QuaternionToEuler.json
-- Installing: /home/raj/robotic_arm/src/install/manipulator_msgs/include/manipulator_msgs/manipulator_msgs
-- Installing: /home/raj/robotic_arm/src/install/manipulator_msgs/include/manipulator_msgs/manipulator_msgs/srv
-- Installing: /home/raj/robotic_arm/src/install/manipulator_msgs/include/manipulator_msgs/manipulator_msgs/srv/euler_to_quaternion.h
-- Installing: /home/raj/robotic_arm/src/install/manipulator_msgs/include/manipulator_msgs/manipulator_msgs/srv/quaternion_to_euler.h
-- Installing: /home/raj/robotic_arm/src/install/manipulator_msgs/include/manipulator_msgs/manipulator_msgs/srv/detail
-- Installing: /home/raj/robotic_arm/src/install/manipulator_msgs/include/manipulator_msgs/manipulator_msgs/srv/detail/quaternion_to_euler__functions.c
-- Installing: /home/raj/robotic_arm/src/install/manipulator_msgs/include/manipulator_msgs/manipulator_msgs/srv/detail/euler_to_quaternion__type_support.c
-- Installing: /home/raj/robotic_arm/src/install/manipulator_msgs/include/manipulator_msgs/manipulator_msgs/srv/detail/euler_to_quaternion__functions.c
-- Installing: /home/raj/robotic_arm/src/install/manipulator_msgs/include/manipulator_msgs/manipulator_msgs/srv/detail/quaternion_to_euler__struct.h
-- Installing: /home/raj/robotic_arm/src/install/manipulator_msgs/include/manipulator_msgs/manipulator_msgs/srv/detail/quaternion_to_euler__type_support.c
-- Installing: /home/raj/robotic_arm/src/install/manipulator_msgs/include/manipulator_msgs/manipulator_msgs/srv/detail/quaternion_to_euler__type_support.h
-- Installing: /home/raj/robotic_arm/src/install/manipulator_msgs/include/manipulator_msgs/manipulator_msgs/srv/detail/quaternion_to_euler__functions.h
-- Installing: /home/raj/robotic_arm/src/install/manipulator_msgs/include/manipulator_msgs/manipulator_msgs/srv/detail/euler_to_quaternion__type_support.h
-- Installing: /home/raj/robotic_arm/src/install/manipulator_msgs/include/manipulator_msgs/manipulator_msgs/srv/detail/euler_to_quaternion__functions.h
-- Installing: /home/raj/robotic_arm/src/install/manipulator_msgs/include/manipulator_msgs/manipulator_msgs/srv/detail/euler_to_quaternion__description.c
-- Installing: /home/raj/robotic_arm/src/install/manipulator_msgs/include/manipulator_msgs/manipulator_msgs/srv/detail/quaternion_to_euler__description.c
-- Installing: /home/raj/robotic_arm/src/install/manipulator_msgs/include/manipulator_msgs/manipulator_msgs/srv/detail/euler_to_quaternion__struct.h
-- Installing: /home/raj/robotic_arm/src/install/manipulator_msgs/include/manipulator_msgs/manipulator_msgs/msg
-- Installing: /home/raj/robotic_arm/src/install/manipulator_msgs/include/manipulator_msgs/manipulator_msgs/msg/rosidl_generator_c__visibility_control.h
-- Installing: /home/raj/robotic_arm/src/install/manipulator_msgs/share/manipulator_msgs/environment/library_path.sh
-- Installing: /home/raj/robotic_arm/src/install/manipulator_msgs/share/manipulator_msgs/environment/library_path.dsv
-- Installing: /home/raj/robotic_arm/src/install/manipulator_msgs/lib/libmanipulator_msgs__rosidl_generator_c.so
-- Set non-toolchain portion of runtime path of "/home/raj/robotic_arm/src/install/manipulator_msgs/lib/libmanipulator_msgs__rosidl_generator_c.so" to ""
-- Up-to-date: /home/raj/robotic_arm/src/install/manipulator_msgs/include/manipulator_msgs/manipulator_msgs
-- Up-to-date: /home/raj/robotic_arm/src/install/manipulator_msgs/include/manipulator_msgs/manipulator_msgs/srv
-- Up-to-date: /home/raj/robotic_arm/src/install/manipulator_msgs/include/manipulator_msgs/manipulator_msgs/srv/detail
-- Installing: /home/raj/robotic_arm/src/install/manipulator_msgs/include/manipulator_msgs/manipulator_msgs/srv/detail/quaternion_to_euler__rosidl_typesupport_fastrtps_c.h
-- Installing: /home/raj/robotic_arm/src/install/manipulator_msgs/include/manipulator_msgs/manipulator_msgs/srv/detail/euler_to_quaternion__rosidl_typesupport_fastrtps_c.h
-- Up-to-date: /home/raj/robotic_arm/src/install/manipulator_msgs/include/manipulator_msgs/manipulator_msgs/msg
-- Installing: /home/raj/robotic_arm/src/install/manipulator_msgs/include/manipulator_msgs/manipulator_msgs/msg/rosidl_typesupport_fastrtps_c__visibility_control.h
-- Installing: /home/raj/robotic_arm/src/install/manipulator_msgs/lib/libmanipulator_msgs__rosidl_typesupport_fastrtps_c.so
-- Set non-toolchain portion of runtime path of "/home/raj/robotic_arm/src/install/manipulator_msgs/lib/libmanipulator_msgs__rosidl_typesupport_fastrtps_c.so" to ""
-- Up-to-date: /home/raj/robotic_arm/src/install/manipulator_msgs/include/manipulator_msgs/manipulator_msgs
-- Up-to-date: /home/raj/robotic_arm/src/install/manipulator_msgs/include/manipulator_msgs/manipulator_msgs/srv
-- Up-to-date: /home/raj/robotic_arm/src/install/manipulator_msgs/include/manipulator_msgs/manipulator_msgs/srv/detail
-- Up-to-date: /home/raj/robotic_arm/src/install/manipulator_msgs/include/manipulator_msgs/manipulator_msgs/srv/detail/euler_to_quaternion__type_support.c
-- Installing: /home/raj/robotic_arm/src/install/manipulator_msgs/include/manipulator_msgs/manipulator_msgs/srv/detail/euler_to_quaternion__rosidl_typesupport_introspection_c.h
-- Up-to-date: /home/raj/robotic_arm/src/install/manipulator_msgs/include/manipulator_msgs/manipulator_msgs/srv/detail/quaternion_to_euler__type_support.c
-- Installing: /home/raj/robotic_arm/src/install/manipulator_msgs/include/manipulator_msgs/manipulator_msgs/srv/detail/quaternion_to_euler__rosidl_typesupport_introspection_c.h
-- Up-to-date: /home/raj/robotic_arm/src/install/manipulator_msgs/include/manipulator_msgs/manipulator_msgs/msg
-- Installing: /home/raj/robotic_arm/src/install/manipulator_msgs/include/manipulator_msgs/manipulator_msgs/msg/rosidl_typesupport_introspection_c__visibility_control.h
-- Installing: /home/raj/robotic_arm/src/install/manipulator_msgs/lib/libmanipulator_msgs__rosidl_typesupport_introspection_c.so
-- Set non-toolchain portion of runtime path of "/home/raj/robotic_arm/src/install/manipulator_msgs/lib/libmanipulator_msgs__rosidl_typesupport_introspection_c.so" to ""
-- Installing: /home/raj/robotic_arm/src/install/manipulator_msgs/lib/libmanipulator_msgs__rosidl_typesupport_c.so
-- Set non-toolchain portion of runtime path of "/home/raj/robotic_arm/src/install/manipulator_msgs/lib/libmanipulator_msgs__rosidl_typesupport_c.so" to ""
-- Up-to-date: /home/raj/robotic_arm/src/install/manipulator_msgs/include/manipulator_msgs/manipulator_msgs
-- Up-to-date: /home/raj/robotic_arm/src/install/manipulator_msgs/include/manipulator_msgs/manipulator_msgs/srv
-- Installing: /home/raj/robotic_arm/src/install/manipulator_msgs/include/manipulator_msgs/manipulator_msgs/srv/euler_to_quaternion.hpp
-- Up-to-date: /home/raj/robotic_arm/src/install/manipulator_msgs/include/manipulator_msgs/manipulator_msgs/srv/detail
-- Installing: /home/raj/robotic_arm/src/install/manipulator_msgs/include/manipulator_msgs/manipulator_msgs/srv/detail/euler_to_quaternion__type_support.hpp
-- Installing: /home/raj/robotic_arm/src/install/manipulator_msgs/include/manipulator_msgs/manipulator_msgs/srv/detail/quaternion_to_euler__traits.hpp
-- Installing: /home/raj/robotic_arm/src/install/manipulator_msgs/include/manipulator_msgs/manipulator_msgs/srv/detail/euler_to_quaternion__traits.hpp
-- Installing: /home/raj/robotic_arm/src/install/manipulator_msgs/include/manipulator_msgs/manipulator_msgs/srv/detail/euler_to_quaternion__struct.hpp
-- Installing: /home/raj/robotic_arm/src/install/manipulator_msgs/include/manipulator_msgs/manipulator_msgs/srv/detail/euler_to_quaternion__builder.hpp
-- Installing: /home/raj/robotic_arm/src/install/manipulator_msgs/include/manipulator_msgs/manipulator_msgs/srv/detail/quaternion_to_euler__struct.hpp
-- Installing: /home/raj/robotic_arm/src/install/manipulator_msgs/include/manipulator_msgs/manipulator_msgs/srv/detail/quaternion_to_euler__type_support.hpp
-- Installing: /home/raj/robotic_arm/src/install/manipulator_msgs/include/manipulator_msgs/manipulator_msgs/srv/detail/quaternion_to_euler__builder.hpp
-- Installing: /home/raj/robotic_arm/src/install/manipulator_msgs/include/manipulator_msgs/manipulator_msgs/srv/quaternion_to_euler.hpp
-- Up-to-date: /home/raj/robotic_arm/src/install/manipulator_msgs/include/manipulator_msgs/manipulator_msgs/msg
-- Installing: /home/raj/robotic_arm/src/install/manipulator_msgs/include/manipulator_msgs/manipulator_msgs/msg/rosidl_generator_cpp__visibility_control.hpp
-- Up-to-date: /home/raj/robotic_arm/src/install/manipulator_msgs/include/manipulator_msgs/manipulator_msgs
-- Up-to-date: /home/raj/robotic_arm/src/install/manipulator_msgs/include/manipulator_msgs/manipulator_msgs/srv
-- Up-to-date: /home/raj/robotic_arm/src/install/manipulator_msgs/include/manipulator_msgs/manipulator_msgs/srv/detail
-- Installing: /home/raj/robotic_arm/src/install/manipulator_msgs/include/manipulator_msgs/manipulator_msgs/srv/detail/quaternion_to_euler__rosidl_typesupport_fastrtps_cpp.hpp
-- Installing: /home/raj/robotic_arm/src/install/manipulator_msgs/include/manipulator_msgs/manipulator_msgs/srv/detail/euler_to_quaternion__rosidl_typesupport_fastrtps_cpp.hpp
-- Installing: /home/raj/robotic_arm/src/install/manipulator_msgs/include/manipulator_msgs/manipulator_msgs/srv/detail/dds_fastrtps
-- Up-to-date: /home/raj/robotic_arm/src/install/manipulator_msgs/include/manipulator_msgs/manipulator_msgs/msg
-- Installing: /home/raj/robotic_arm/src/install/manipulator_msgs/include/manipulator_msgs/manipulator_msgs/msg/rosidl_typesupport_fastrtps_cpp__visibility_control.h
-- Installing: /home/raj/robotic_arm/src/install/manipulator_msgs/lib/libmanipulator_msgs__rosidl_typesupport_fastrtps_cpp.so
-- Set non-toolchain portion of runtime path of "/home/raj/robotic_arm/src/install/manipulator_msgs/lib/libmanipulator_msgs__rosidl_typesupport_fastrtps_cpp.so" to ""
-- Up-to-date: /home/raj/robotic_arm/src/install/manipulator_msgs/include/manipulator_msgs/manipulator_msgs
-- Up-to-date: /home/raj/robotic_arm/src/install/manipulator_msgs/include/manipulator_msgs/manipulator_msgs/srv
-- Up-to-date: /home/raj/robotic_arm/src/install/manipulator_msgs/include/manipulator_msgs/manipulator_msgs/srv/detail
-- Installing: /home/raj/robotic_arm/src/install/manipulator_msgs/include/manipulator_msgs/manipulator_msgs/srv/detail/quaternion_to_euler__rosidl_typesupport_introspection_cpp.hpp
-- Installing: /home/raj/robotic_arm/src/install/manipulator_msgs/include/manipulator_msgs/manipulator_msgs/srv/detail/euler_to_quaternion__type_support.cpp
-- Installing: /home/raj/robotic_arm/src/install/manipulator_msgs/include/manipulator_msgs/manipulator_msgs/srv/detail/euler_to_quaternion__rosidl_typesupport_introspection_cpp.hpp
-- Installing: /home/raj/robotic_arm/src/install/manipulator_msgs/include/manipulator_msgs/manipulator_msgs/srv/detail/quaternion_to_euler__type_support.cpp
-- Installing: /home/raj/robotic_arm/src/install/manipulator_msgs/lib/libmanipulator_msgs__rosidl_typesupport_introspection_cpp.so
-- Set non-toolchain portion of runtime path of "/home/raj/robotic_arm/src/install/manipulator_msgs/lib/libmanipulator_msgs__rosidl_typesupport_introspection_cpp.so" to ""
-- Installing: /home/raj/robotic_arm/src/install/manipulator_msgs/lib/libmanipulator_msgs__rosidl_typesupport_cpp.so
-- Set non-toolchain portion of runtime path of "/home/raj/robotic_arm/src/install/manipulator_msgs/lib/libmanipulator_msgs__rosidl_typesupport_cpp.so" to ""
-- Installing: /home/raj/robotic_arm/src/install/manipulator_msgs/share/manipulator_msgs/environment/pythonpath.sh
-- Installing: /home/raj/robotic_arm/src/install/manipulator_msgs/share/manipulator_msgs/environment/pythonpath.dsv
-- Installing: /home/raj/robotic_arm/src/install/manipulator_msgs/lib/python3.12/site-packages/manipulator_msgs-0.0.0-py3.12.egg-info
-- Installing: /home/raj/robotic_arm/src/install/manipulator_msgs/lib/python3.12/site-packages/manipulator_msgs-0.0.0-py3.12.egg-info/top_level.txt
-- Installing: /home/raj/robotic_arm/src/install/manipulator_msgs/lib/python3.12/site-packages/manipulator_msgs-0.0.0-py3.12.egg-info/PKG-INFO
-- Installing: /home/raj/robotic_arm/src/install/manipulator_msgs/lib/python3.12/site-packages/manipulator_msgs-0.0.0-py3.12.egg-info/dependency_links.txt
-- Installing: /home/raj/robotic_arm/src/install/manipulator_msgs/lib/python3.12/site-packages/manipulator_msgs-0.0.0-py3.12.egg-info/SOURCES.txt
-- Installing: /home/raj/robotic_arm/src/install/manipulator_msgs/lib/python3.12/site-packages/manipulator_msgs
-- Installing: /home/raj/robotic_arm/src/install/manipulator_msgs/lib/python3.12/site-packages/manipulator_msgs/__init__.py
-- Installing: /home/raj/robotic_arm/src/install/manipulator_msgs/lib/python3.12/site-packages/manipulator_msgs/srv
-- Installing: /home/raj/robotic_arm/src/install/manipulator_msgs/lib/python3.12/site-packages/manipulator_msgs/srv/__init__.py
-- Installing: /home/raj/robotic_arm/src/install/manipulator_msgs/lib/python3.12/site-packages/manipulator_msgs/srv/_euler_to_quaternion_s.c
-- Installing: /home/raj/robotic_arm/src/install/manipulator_msgs/lib/python3.12/site-packages/manipulator_msgs/srv/_quaternion_to_euler.py
-- Installing: /home/raj/robotic_arm/src/install/manipulator_msgs/lib/python3.12/site-packages/manipulator_msgs/srv/_quaternion_to_euler_s.c
-- Installing: /home/raj/robotic_arm/src/install/manipulator_msgs/lib/python3.12/site-packages/manipulator_msgs/srv/_euler_to_quaternion.py
-- Installing: /home/raj/robotic_arm/src/install/manipulator_msgs/lib/python3.12/site-packages/manipulator_msgs/_manipulator_msgs_s.ep.rosidl_typesupport_introspection_c.c
-- Installing: /home/raj/robotic_arm/src/install/manipulator_msgs/lib/python3.12/site-packages/manipulator_msgs/_manipulator_msgs_s.ep.rosidl_typesupport_c.c
-- Installing: /home/raj/robotic_arm/src/install/manipulator_msgs/lib/python3.12/site-packages/manipulator_msgs/manipulator_msgs_s__rosidl_typesupport_introspection_c.so
-- Installing: /home/raj/robotic_arm/src/install/manipulator_msgs/lib/python3.12/site-packages/manipulator_msgs/manipulator_msgs_s__rosidl_typesupport_c.so
-- Installing: /home/raj/robotic_arm/src/install/manipulator_msgs/lib/python3.12/site-packages/manipulator_msgs/_manipulator_msgs_s.ep.rosidl_typesupport_fastrtps_c.c
-- Installing: /home/raj/robotic_arm/src/install/manipulator_msgs/lib/python3.12/site-packages/manipulator_msgs/manipulator_msgs_s__rosidl_typesupport_fastrtps_c.so
Listing '/home/raj/robotic_arm/src/install/manipulator_msgs/lib/python3.12/site-packages/manipulator_msgs'...
Compiling '/home/raj/robotic_arm/src/install/manipulator_msgs/lib/python3.12/site-packages/manipulator_msgs/__init__.py'...
Listing '/home/raj/robotic_arm/src/install/manipulator_msgs/lib/python3.12/site-packages/manipulator_msgs/srv'...
Compiling '/home/raj/robotic_arm/src/install/manipulator_msgs/lib/python3.12/site-packages/manipulator_msgs/srv/__init__.py'...
Compiling '/home/raj/robotic_arm/src/install/manipulator_msgs/lib/python3.12/site-packages/manipulator_msgs/srv/_euler_to_quaternion.py'...
Compiling '/home/raj/robotic_arm/src/install/manipulator_msgs/lib/python3.12/site-packages/manipulator_msgs/srv/_quaternion_to_euler.py'...
-- Installing: /home/raj/robotic_arm/src/install/manipulator_msgs/lib/python3.12/site-packages/manipulator_msgs/manipulator_msgs_s__rosidl_typesupport_fastrtps_c.so
-- Set non-toolchain portion of runtime path of "/home/raj/robotic_arm/src/install/manipulator_msgs/lib/python3.12/site-packages/manipulator_msgs/manipulator_msgs_s__rosidl_typesupport_fastrtps_c.so" to ""
-- Installing: /home/raj/robotic_arm/src/install/manipulator_msgs/lib/python3.12/site-packages/manipulator_msgs/manipulator_msgs_s__rosidl_typesupport_introspection_c.so
-- Set non-toolchain portion of runtime path of "/home/raj/robotic_arm/src/install/manipulator_msgs/lib/python3.12/site-packages/manipulator_msgs/manipulator_msgs_s__rosidl_typesupport_introspection_c.so" to ""
-- Installing: /home/raj/robotic_arm/src/install/manipulator_msgs/lib/python3.12/site-packages/manipulator_msgs/manipulator_msgs_s__rosidl_typesupport_c.so
-- Set non-toolchain portion of runtime path of "/home/raj/robotic_arm/src/install/manipulator_msgs/lib/python3.12/site-packages/manipulator_msgs/manipulator_msgs_s__rosidl_typesupport_c.so" to ""
-- Installing: /home/raj/robotic_arm/src/install/manipulator_msgs/lib/libmanipulator_msgs__rosidl_generator_py.so
-- Set non-toolchain portion of runtime path of "/home/raj/robotic_arm/src/install/manipulator_msgs/lib/libmanipulator_msgs__rosidl_generator_py.so" to ""
-- Installing: /home/raj/robotic_arm/src/install/manipulator_msgs/share/manipulator_msgs/srv/EulerToQuaternion.idl
-- Installing: /home/raj/robotic_arm/src/install/manipulator_msgs/share/manipulator_msgs/srv/QuaternionToEuler.idl
-- Installing: /home/raj/robotic_arm/src/install/manipulator_msgs/share/manipulator_msgs/srv/EulerToQuaternion.srv
-- Installing: /home/raj/robotic_arm/src/install/manipulator_msgs/share/manipulator_msgs/srv/QuaternionToEuler.srv
-- Installing: /home/raj/robotic_arm/src/install/manipulator_msgs/share/ament_index/resource_index/package_run_dependencies/manipulator_msgs
-- Installing: /home/raj/robotic_arm/src/install/manipulator_msgs/share/ament_index/resource_index/parent_prefix_path/manipulator_msgs
-- Installing: /home/raj/robotic_arm/src/install/manipulator_msgs/share/manipulator_msgs/environment/ament_prefix_path.sh
-- Installing: /home/raj/robotic_arm/src/install/manipulator_msgs/share/manipulator_msgs/environment/ament_prefix_path.dsv
-- Installing: /home/raj/robotic_arm/src/install/manipulator_msgs/share/manipulator_msgs/environment/path.sh
-- Installing: /home/raj/robotic_arm/src/install/manipulator_msgs/share/manipulator_msgs/environment/path.dsv
-- Installing: /home/raj/robotic_arm/src/install/manipulator_msgs/share/manipulator_msgs/local_setup.bash
-- Installing: /home/raj/robotic_arm/src/install/manipulator_msgs/share/manipulator_msgs/local_setup.sh
-- Installing: /home/raj/robotic_arm/src/install/manipulator_msgs/share/manipulator_msgs/local_setup.zsh
-- Installing: /home/raj/robotic_arm/src/install/manipulator_msgs/share/manipulator_msgs/local_setup.dsv
-- Installing: /home/raj/robotic_arm/src/install/manipulator_msgs/share/manipulator_msgs/package.dsv
-- Installing: /home/raj/robotic_arm/src/install/manipulator_msgs/share/ament_index/resource_index/packages/manipulator_msgs
-- Installing: /home/raj/robotic_arm/src/install/manipulator_msgs/share/manipulator_msgs/cmake/export_manipulator_msgs__rosidl_generator_cExport.cmake
-- Installing: /home/raj/robotic_arm/src/install/manipulator_msgs/share/manipulator_msgs/cmake/export_manipulator_msgs__rosidl_generator_cExport-noconfig.cmake
-- Installing: /home/raj/robotic_arm/src/install/manipulator_msgs/share/manipulator_msgs/cmake/export_manipulator_msgs__rosidl_typesupport_fastrtps_cExport.cmake
-- Installing: /home/raj/robotic_arm/src/install/manipulator_msgs/share/manipulator_msgs/cmake/export_manipulator_msgs__rosidl_typesupport_fastrtps_cExport-noconfig.cmake
-- Installing: /home/raj/robotic_arm/src/install/manipulator_msgs/share/manipulator_msgs/cmake/manipulator_msgs__rosidl_typesupport_introspection_cExport.cmake
-- Installing: /home/raj/robotic_arm/src/install/manipulator_msgs/share/manipulator_msgs/cmake/manipulator_msgs__rosidl_typesupport_introspection_cExport-noconfig.cmake
-- Installing: /home/raj/robotic_arm/src/install/manipulator_msgs/share/manipulator_msgs/cmake/manipulator_msgs__rosidl_typesupport_cExport.cmake
-- Installing: /home/raj/robotic_arm/src/install/manipulator_msgs/share/manipulator_msgs/cmake/manipulator_msgs__rosidl_typesupport_cExport-noconfig.cmake
-- Installing: /home/raj/robotic_arm/src/install/manipulator_msgs/share/manipulator_msgs/cmake/export_manipulator_msgs__rosidl_generator_cppExport.cmake
-- Installing: /home/raj/robotic_arm/src/install/manipulator_msgs/share/manipulator_msgs/cmake/export_manipulator_msgs__rosidl_typesupport_fastrtps_cppExport.cmake
-- Installing: /home/raj/robotic_arm/src/install/manipulator_msgs/share/manipulator_msgs/cmake/export_manipulator_msgs__rosidl_typesupport_fastrtps_cppExport-noconfig.cmake
-- Installing: /home/raj/robotic_arm/src/install/manipulator_msgs/share/manipulator_msgs/cmake/manipulator_msgs__rosidl_typesupport_introspection_cppExport.cmake
-- Installing: /home/raj/robotic_arm/src/install/manipulator_msgs/share/manipulator_msgs/cmake/manipulator_msgs__rosidl_typesupport_introspection_cppExport-noconfig.cmake
-- Installing: /home/raj/robotic_arm/src/install/manipulator_msgs/share/manipulator_msgs/cmake/manipulator_msgs__rosidl_typesupport_cppExport.cmake
-- Installing: /home/raj/robotic_arm/src/install/manipulator_msgs/share/manipulator_msgs/cmake/manipulator_msgs__rosidl_typesupport_cppExport-noconfig.cmake
-- Installing: /home/raj/robotic_arm/src/install/manipulator_msgs/share/manipulator_msgs/cmake/export_manipulator_msgs__rosidl_generator_pyExport.cmake
-- Installing: /home/raj/robotic_arm/src/install/manipulator_msgs/share/manipulator_msgs/cmake/export_manipulator_msgs__rosidl_generator_pyExport-noconfig.cmake
-- Installing: /home/raj/robotic_arm/src/install/manipulator_msgs/share/manipulator_msgs/cmake/rosidl_cmake-extras.cmake
-- Installing: /home/raj/robotic_arm/src/install/manipulator_msgs/share/manipulator_msgs/cmake/ament_cmake_export_dependencies-extras.cmake
-- Installing: /home/raj/robotic_arm/src/install/manipulator_msgs/share/manipulator_msgs/cmake/ament_cmake_export_include_directories-extras.cmake
-- Installing: /home/raj/robotic_arm/src/install/manipulator_msgs/share/manipulator_msgs/cmake/ament_cmake_export_libraries-extras.cmake
-- Installing: /home/raj/robotic_arm/src/install/manipulator_msgs/share/manipulator_msgs/cmake/ament_cmake_export_targets-extras.cmake
-- Installing: /home/raj/robotic_arm/src/install/manipulator_msgs/share/manipulator_msgs/cmake/rosidl_cmake_export_typesupport_targets-extras.cmake
-- Installing: /home/raj/robotic_arm/src/install/manipulator_msgs/share/manipulator_msgs/cmake/rosidl_cmake_export_typesupport_libraries-extras.cmake
-- Installing: /home/raj/robotic_arm/src/install/manipulator_msgs/share/manipulator_msgs/cmake/manipulator_msgsConfig.cmake
-- Installing: /home/raj/robotic_arm/src/install/manipulator_msgs/share/manipulator_msgs/cmake/manipulator_msgsConfig-version.cmake
-- Installing: /home/raj/robotic_arm/src/install/manipulator_msgs/share/manipulator_msgs/package.xml
