[0.016s] Invoking command in '/home/raj/robotic_arm/src/build/manipulator_msgs': CMAKE_PREFIX_PATH=${CMAKE_PREFIX_PATH}:/opt/ros/jazzy DEBUGINFOD_URLS=https://debuginfod.ubuntu.com /usr/bin/cmake /home/raj/robotic_arm/src/manipulator_msgs -DCMAKE_INSTALL_PREFIX=/home/raj/robotic_arm/src/install/manipulator_msgs
[0.175s] -- Found ament_cmake: 2.5.5 (/opt/ros/jazzy/share/ament_cmake/cmake)
[0.201s] -- Found rosidl_default_generators: 1.6.0 (/opt/ros/jazzy/share/rosidl_default_generators/cmake)
[0.202s] -- Using all available rosidl_typesupport_c: rosidl_typesupport_fastrtps_c;rosidl_typesupport_introspection_c
[0.223s] -- Using all available rosidl_typesupport_cpp: rosidl_typesupport_fastrtps_cpp;rosidl_typesupport_introspection_cpp
[0.239s] -- Found rosidl_adapter: 4.6.7 (/opt/ros/jazzy/share/rosidl_adapter/cmake)
[0.630s] -- Found ament_cmake_ros: 0.12.0 (/opt/ros/jazzy/share/ament_cmake_ros/cmake)
[0.909s] -- Using all available rosidl_typesupport_c: rosidl_typesupport_fastrtps_c;rosidl_typesupport_introspection_c
[1.270s] -- Using all available rosidl_typesupport_cpp: rosidl_typesupport_fastrtps_cpp;rosidl_typesupport_introspection_cpp
[1.273s] -- Found python_cmake_module: 0.11.1 (/opt/ros/jazzy/share/python_cmake_module/cmake)
[1.358s] -- Found PythonExtra: /usr/bin/python3  
[1.628s] -- Found Python3: /usr/bin/python3 (found version "3.12.3") found components: Interpreter Development NumPy Development.Module Development.Embed 
[1.653s] -- Configuring done (1.6s)
[1.674s] -- Generating done (0.0s)
[1.681s] -- Build files have been written to: /home/raj/robotic_arm/src/build/manipulator_msgs
[1.686s] Invoked command in '/home/raj/robotic_arm/src/build/manipulator_msgs' returned '0': CMAKE_PREFIX_PATH=${CMAKE_PREFIX_PATH}:/opt/ros/jazzy DEBUGINFOD_URLS=https://debuginfod.ubuntu.com /usr/bin/cmake /home/raj/robotic_arm/src/manipulator_msgs -DCMAKE_INSTALL_PREFIX=/home/raj/robotic_arm/src/install/manipulator_msgs
[1.687s] Invoking command in '/home/raj/robotic_arm/src/build/manipulator_msgs': CMAKE_PREFIX_PATH=${CMAKE_PREFIX_PATH}:/opt/ros/jazzy DEBUGINFOD_URLS=https://debuginfod.ubuntu.com /usr/bin/cmake --build /home/raj/robotic_arm/src/build/manipulator_msgs -- -j32 -l32
[1.729s] [  2%] [34m[1mGenerating type hashes for ROS interfaces[0m
[1.734s] [  2%] Built target ament_cmake_python_copy_manipulator_msgs
[1.850s] running egg_info
[1.851s] creating manipulator_msgs.egg-info
[1.860s] writing manipulator_msgs.egg-info/PKG-INFO
[1.860s] writing dependency_links to manipulator_msgs.egg-info/dependency_links.txt
[1.860s] writing top-level names to manipulator_msgs.egg-info/top_level.txt
[1.860s] writing manifest file 'manipulator_msgs.egg-info/SOURCES.txt'
[1.863s] [  2%] Built target manipulator_msgs__rosidl_generator_type_description
[1.872s] [  4%] [34m[1mGenerating C code for ROS interfaces[0m
[1.881s] [  6%] [34m[1mGenerating C++ code for ROS interfaces[0m
[1.888s] reading manifest file 'manipulator_msgs.egg-info/SOURCES.txt'
[1.888s] writing manifest file 'manipulator_msgs.egg-info/SOURCES.txt'
[1.907s] [  6%] Built target ament_cmake_python_build_manipulator_msgs_egg
[2.092s] [  6%] Built target manipulator_msgs__cpp
[2.112s] [ 13%] [32mBuilding C object CMakeFiles/manipulator_msgs__rosidl_generator_c.dir/rosidl_generator_c/manipulator_msgs/srv/detail/euler_to_quaternion__type_support.c.o[0m
[2.112s] [ 13%] [32mBuilding C object CMakeFiles/manipulator_msgs__rosidl_generator_c.dir/rosidl_generator_c/manipulator_msgs/srv/detail/quaternion_to_euler__functions.c.o[0m
[2.112s] [ 13%] [32mBuilding C object CMakeFiles/manipulator_msgs__rosidl_generator_c.dir/rosidl_generator_c/manipulator_msgs/srv/detail/quaternion_to_euler__description.c.o[0m
[2.112s] [ 18%] [32mBuilding C object CMakeFiles/manipulator_msgs__rosidl_generator_c.dir/rosidl_generator_c/manipulator_msgs/srv/detail/euler_to_quaternion__description.c.o[0m
[2.112s] [ 18%] [32mBuilding C object CMakeFiles/manipulator_msgs__rosidl_generator_c.dir/rosidl_generator_c/manipulator_msgs/srv/detail/quaternion_to_euler__type_support.c.o[0m
[2.113s] [ 20%] [32mBuilding C object CMakeFiles/manipulator_msgs__rosidl_generator_c.dir/rosidl_generator_c/manipulator_msgs/srv/detail/euler_to_quaternion__functions.c.o[0m
[2.172s] [ 22%] [32m[1mLinking C shared library libmanipulator_msgs__rosidl_generator_c.so[0m
[2.202s] [ 22%] Built target manipulator_msgs__rosidl_generator_c
[2.210s] [ 25%] [34m[1mGenerating C++ type support for eProsima Fast-RTPS[0m
[2.211s] [ 31%] [34m[1mGenerating C type support dispatch for ROS interfaces[0m
[2.211s] [ 31%] [34m[1mGenerating C++ type support dispatch for ROS interfaces[0m
[2.211s] [ 31%] [34m[1mGenerating C type support for eProsima Fast-RTPS[0m
[2.211s] [ 36%] [34m[1mGenerating C introspection for ROS interfaces[0m
[2.212s] [ 36%] [34m[1mGenerating C++ introspection for ROS interfaces[0m
[2.388s] [ 38%] [32mBuilding CXX object CMakeFiles/manipulator_msgs__rosidl_typesupport_c.dir/rosidl_typesupport_c/manipulator_msgs/srv/quaternion_to_euler__type_support.cpp.o[0m
[2.389s] [ 40%] [32mBuilding CXX object CMakeFiles/manipulator_msgs__rosidl_typesupport_cpp.dir/rosidl_typesupport_cpp/manipulator_msgs/srv/quaternion_to_euler__type_support.cpp.o[0m
[2.389s] [ 45%] [32mBuilding CXX object CMakeFiles/manipulator_msgs__rosidl_typesupport_cpp.dir/rosidl_typesupport_cpp/manipulator_msgs/srv/euler_to_quaternion__type_support.cpp.o[0m
[2.389s] [ 45%] [32mBuilding CXX object CMakeFiles/manipulator_msgs__rosidl_typesupport_c.dir/rosidl_typesupport_c/manipulator_msgs/srv/euler_to_quaternion__type_support.cpp.o[0m
[2.410s] [ 50%] [32mBuilding CXX object CMakeFiles/manipulator_msgs__rosidl_typesupport_introspection_cpp.dir/rosidl_typesupport_introspection_cpp/manipulator_msgs/srv/detail/euler_to_quaternion__type_support.cpp.o[0m
[2.410s] [ 50%] [32mBuilding CXX object CMakeFiles/manipulator_msgs__rosidl_typesupport_introspection_cpp.dir/rosidl_typesupport_introspection_cpp/manipulator_msgs/srv/detail/quaternion_to_euler__type_support.cpp.o[0m
[2.418s] [ 52%] [32mBuilding C object CMakeFiles/manipulator_msgs__rosidl_typesupport_introspection_c.dir/rosidl_typesupport_introspection_c/manipulator_msgs/srv/detail/quaternion_to_euler__type_support.c.o[0m
[2.419s] [ 54%] [32mBuilding C object CMakeFiles/manipulator_msgs__rosidl_typesupport_introspection_c.dir/rosidl_typesupport_introspection_c/manipulator_msgs/srv/detail/euler_to_quaternion__type_support.c.o[0m
[2.426s] [ 56%] [32m[1mLinking CXX shared library libmanipulator_msgs__rosidl_typesupport_c.so[0m
[2.456s] [ 59%] [32m[1mLinking C shared library libmanipulator_msgs__rosidl_typesupport_introspection_c.so[0m
[2.463s] [ 59%] Built target manipulator_msgs__rosidl_typesupport_c
[2.465s] [ 61%] [32mBuilding CXX object CMakeFiles/manipulator_msgs__rosidl_typesupport_fastrtps_cpp.dir/rosidl_typesupport_fastrtps_cpp/manipulator_msgs/srv/detail/dds_fastrtps/quaternion_to_euler__type_support.cpp.o[0m
[2.465s] [ 63%] [32mBuilding CXX object CMakeFiles/manipulator_msgs__rosidl_typesupport_fastrtps_cpp.dir/rosidl_typesupport_fastrtps_cpp/manipulator_msgs/srv/detail/dds_fastrtps/euler_to_quaternion__type_support.cpp.o[0m
[2.472s] [ 65%] [32mBuilding CXX object CMakeFiles/manipulator_msgs__rosidl_typesupport_fastrtps_c.dir/rosidl_typesupport_fastrtps_c/manipulator_msgs/srv/detail/quaternion_to_euler__type_support_c.cpp.o[0m
[2.472s] [ 68%] [32mBuilding CXX object CMakeFiles/manipulator_msgs__rosidl_typesupport_fastrtps_c.dir/rosidl_typesupport_fastrtps_c/manipulator_msgs/srv/detail/euler_to_quaternion__type_support_c.cpp.o[0m
[2.483s] [ 68%] Built target manipulator_msgs__rosidl_typesupport_introspection_c
[2.634s] [ 70%] [32m[1mLinking CXX shared library libmanipulator_msgs__rosidl_typesupport_cpp.so[0m
[2.664s] [ 72%] [32m[1mLinking CXX shared library libmanipulator_msgs__rosidl_typesupport_introspection_cpp.so[0m
[2.697s] [ 72%] Built target manipulator_msgs__rosidl_typesupport_cpp
[2.719s] [ 72%] Built target manipulator_msgs__rosidl_typesupport_introspection_cpp
[2.769s] [ 75%] [32m[1mLinking CXX shared library libmanipulator_msgs__rosidl_typesupport_fastrtps_c.so[0m
[2.808s] [ 75%] Built target manipulator_msgs__rosidl_typesupport_fastrtps_c
[2.818s] [ 77%] [32m[1mLinking CXX shared library libmanipulator_msgs__rosidl_typesupport_fastrtps_cpp.so[0m
[2.871s] [ 77%] Built target manipulator_msgs__rosidl_typesupport_fastrtps_cpp
[2.887s] [ 77%] Built target manipulator_msgs
[2.904s] [ 79%] [34m[1mGenerating Python code for ROS interfaces[0m
[3.209s] [ 79%] Built target manipulator_msgs__py
[3.227s] [ 81%] [32mBuilding C object CMakeFiles/manipulator_msgs__rosidl_generator_py.dir/rosidl_generator_py/manipulator_msgs/srv/_euler_to_quaternion_s.c.o[0m
[3.227s] [ 84%] [32mBuilding C object CMakeFiles/manipulator_msgs__rosidl_generator_py.dir/rosidl_generator_py/manipulator_msgs/srv/_quaternion_to_euler_s.c.o[0m
[3.329s] [ 86%] [32m[1mLinking C shared library libmanipulator_msgs__rosidl_generator_py.so[0m
[3.361s] [ 86%] Built target manipulator_msgs__rosidl_generator_py
[3.378s] [ 90%] [32mBuilding C object CMakeFiles/manipulator_msgs_s__rosidl_typesupport_c.dir/rosidl_generator_py/manipulator_msgs/_manipulator_msgs_s.ep.rosidl_typesupport_c.c.o[0m
[3.378s] [ 90%] [32mBuilding C object CMakeFiles/manipulator_msgs_s__rosidl_typesupport_introspection_c.dir/rosidl_generator_py/manipulator_msgs/_manipulator_msgs_s.ep.rosidl_typesupport_introspection_c.c.o[0m
[3.379s] [ 93%] [32mBuilding C object CMakeFiles/manipulator_msgs_s__rosidl_typesupport_fastrtps_c.dir/rosidl_generator_py/manipulator_msgs/_manipulator_msgs_s.ep.rosidl_typesupport_fastrtps_c.c.o[0m
[3.453s] [ 95%] [32m[1mLinking C shared module rosidl_generator_py/manipulator_msgs/manipulator_msgs_s__rosidl_typesupport_introspection_c.so[0m
[3.453s] [ 97%] [32m[1mLinking C shared module rosidl_generator_py/manipulator_msgs/manipulator_msgs_s__rosidl_typesupport_c.so[0m
[3.457s] [100%] [32m[1mLinking C shared module rosidl_generator_py/manipulator_msgs/manipulator_msgs_s__rosidl_typesupport_fastrtps_c.so[0m
[3.478s] [100%] Built target manipulator_msgs_s__rosidl_typesupport_introspection_c
[3.478s] [100%] Built target manipulator_msgs_s__rosidl_typesupport_c
[3.482s] [100%] Built target manipulator_msgs_s__rosidl_typesupport_fastrtps_c
[3.493s] Invoked command in '/home/raj/robotic_arm/src/build/manipulator_msgs' returned '0': CMAKE_PREFIX_PATH=${CMAKE_PREFIX_PATH}:/opt/ros/jazzy DEBUGINFOD_URLS=https://debuginfod.ubuntu.com /usr/bin/cmake --build /home/raj/robotic_arm/src/build/manipulator_msgs -- -j32 -l32
[3.501s] Invoking command in '/home/raj/robotic_arm/src/build/manipulator_msgs': CMAKE_PREFIX_PATH=${CMAKE_PREFIX_PATH}:/opt/ros/jazzy DEBUGINFOD_URLS=https://debuginfod.ubuntu.com /usr/bin/cmake --install /home/raj/robotic_arm/src/build/manipulator_msgs
[3.507s] -- Install configuration: ""
[3.507s] -- Installing: /home/raj/robotic_arm/src/install/manipulator_msgs/share/ament_index/resource_index/rosidl_interfaces/manipulator_msgs
[3.507s] -- Installing: /home/raj/robotic_arm/src/install/manipulator_msgs/share/manipulator_msgs/srv/EulerToQuaternion.json
[3.507s] -- Installing: /home/raj/robotic_arm/src/install/manipulator_msgs/share/manipulator_msgs/srv/QuaternionToEuler.json
[3.507s] -- Installing: /home/raj/robotic_arm/src/install/manipulator_msgs/include/manipulator_msgs/manipulator_msgs
[3.508s] -- Installing: /home/raj/robotic_arm/src/install/manipulator_msgs/include/manipulator_msgs/manipulator_msgs/srv
[3.508s] -- Installing: /home/raj/robotic_arm/src/install/manipulator_msgs/include/manipulator_msgs/manipulator_msgs/srv/euler_to_quaternion.h
[3.508s] -- Installing: /home/raj/robotic_arm/src/install/manipulator_msgs/include/manipulator_msgs/manipulator_msgs/srv/quaternion_to_euler.h
[3.508s] -- Installing: /home/raj/robotic_arm/src/install/manipulator_msgs/include/manipulator_msgs/manipulator_msgs/srv/detail
[3.508s] -- Installing: /home/raj/robotic_arm/src/install/manipulator_msgs/include/manipulator_msgs/manipulator_msgs/srv/detail/quaternion_to_euler__functions.c
[3.508s] -- Installing: /home/raj/robotic_arm/src/install/manipulator_msgs/include/manipulator_msgs/manipulator_msgs/srv/detail/euler_to_quaternion__type_support.c
[3.508s] -- Installing: /home/raj/robotic_arm/src/install/manipulator_msgs/include/manipulator_msgs/manipulator_msgs/srv/detail/euler_to_quaternion__functions.c
[3.508s] -- Installing: /home/raj/robotic_arm/src/install/manipulator_msgs/include/manipulator_msgs/manipulator_msgs/srv/detail/quaternion_to_euler__struct.h
[3.508s] -- Installing: /home/raj/robotic_arm/src/install/manipulator_msgs/include/manipulator_msgs/manipulator_msgs/srv/detail/quaternion_to_euler__type_support.c
[3.509s] -- Installing: /home/raj/robotic_arm/src/install/manipulator_msgs/include/manipulator_msgs/manipulator_msgs/srv/detail/quaternion_to_euler__type_support.h
[3.509s] -- Installing: /home/raj/robotic_arm/src/install/manipulator_msgs/include/manipulator_msgs/manipulator_msgs/srv/detail/quaternion_to_euler__functions.h
[3.509s] -- Installing: /home/raj/robotic_arm/src/install/manipulator_msgs/include/manipulator_msgs/manipulator_msgs/srv/detail/euler_to_quaternion__type_support.h
[3.509s] -- Installing: /home/raj/robotic_arm/src/install/manipulator_msgs/include/manipulator_msgs/manipulator_msgs/srv/detail/euler_to_quaternion__functions.h
[3.509s] -- Installing: /home/raj/robotic_arm/src/install/manipulator_msgs/include/manipulator_msgs/manipulator_msgs/srv/detail/euler_to_quaternion__description.c
[3.509s] -- Installing: /home/raj/robotic_arm/src/install/manipulator_msgs/include/manipulator_msgs/manipulator_msgs/srv/detail/quaternion_to_euler__description.c
[3.509s] -- Installing: /home/raj/robotic_arm/src/install/manipulator_msgs/include/manipulator_msgs/manipulator_msgs/srv/detail/euler_to_quaternion__struct.h
[3.509s] -- Installing: /home/raj/robotic_arm/src/install/manipulator_msgs/include/manipulator_msgs/manipulator_msgs/msg
[3.509s] -- Installing: /home/raj/robotic_arm/src/install/manipulator_msgs/include/manipulator_msgs/manipulator_msgs/msg/rosidl_generator_c__visibility_control.h
[3.509s] -- Installing: /home/raj/robotic_arm/src/install/manipulator_msgs/share/manipulator_msgs/environment/library_path.sh
[3.509s] -- Installing: /home/raj/robotic_arm/src/install/manipulator_msgs/share/manipulator_msgs/environment/library_path.dsv
[3.509s] -- Installing: /home/raj/robotic_arm/src/install/manipulator_msgs/lib/libmanipulator_msgs__rosidl_generator_c.so
[3.510s] -- Set non-toolchain portion of runtime path of "/home/raj/robotic_arm/src/install/manipulator_msgs/lib/libmanipulator_msgs__rosidl_generator_c.so" to ""
[3.510s] -- Up-to-date: /home/raj/robotic_arm/src/install/manipulator_msgs/include/manipulator_msgs/manipulator_msgs
[3.510s] -- Up-to-date: /home/raj/robotic_arm/src/install/manipulator_msgs/include/manipulator_msgs/manipulator_msgs/srv
[3.510s] -- Up-to-date: /home/raj/robotic_arm/src/install/manipulator_msgs/include/manipulator_msgs/manipulator_msgs/srv/detail
[3.510s] -- Installing: /home/raj/robotic_arm/src/install/manipulator_msgs/include/manipulator_msgs/manipulator_msgs/srv/detail/quaternion_to_euler__rosidl_typesupport_fastrtps_c.h
[3.510s] -- Installing: /home/raj/robotic_arm/src/install/manipulator_msgs/include/manipulator_msgs/manipulator_msgs/srv/detail/euler_to_quaternion__rosidl_typesupport_fastrtps_c.h
[3.510s] -- Up-to-date: /home/raj/robotic_arm/src/install/manipulator_msgs/include/manipulator_msgs/manipulator_msgs/msg
[3.510s] -- Installing: /home/raj/robotic_arm/src/install/manipulator_msgs/include/manipulator_msgs/manipulator_msgs/msg/rosidl_typesupport_fastrtps_c__visibility_control.h
[3.510s] -- Installing: /home/raj/robotic_arm/src/install/manipulator_msgs/lib/libmanipulator_msgs__rosidl_typesupport_fastrtps_c.so
[3.511s] -- Set non-toolchain portion of runtime path of "/home/raj/robotic_arm/src/install/manipulator_msgs/lib/libmanipulator_msgs__rosidl_typesupport_fastrtps_c.so" to ""
[3.511s] -- Up-to-date: /home/raj/robotic_arm/src/install/manipulator_msgs/include/manipulator_msgs/manipulator_msgs
[3.511s] -- Up-to-date: /home/raj/robotic_arm/src/install/manipulator_msgs/include/manipulator_msgs/manipulator_msgs/srv
[3.511s] -- Up-to-date: /home/raj/robotic_arm/src/install/manipulator_msgs/include/manipulator_msgs/manipulator_msgs/srv/detail
[3.511s] -- Up-to-date: /home/raj/robotic_arm/src/install/manipulator_msgs/include/manipulator_msgs/manipulator_msgs/srv/detail/euler_to_quaternion__type_support.c
[3.511s] -- Installing: /home/raj/robotic_arm/src/install/manipulator_msgs/include/manipulator_msgs/manipulator_msgs/srv/detail/euler_to_quaternion__rosidl_typesupport_introspection_c.h
[3.511s] -- Up-to-date: /home/raj/robotic_arm/src/install/manipulator_msgs/include/manipulator_msgs/manipulator_msgs/srv/detail/quaternion_to_euler__type_support.c
[3.511s] -- Installing: /home/raj/robotic_arm/src/install/manipulator_msgs/include/manipulator_msgs/manipulator_msgs/srv/detail/quaternion_to_euler__rosidl_typesupport_introspection_c.h
[3.511s] -- Up-to-date: /home/raj/robotic_arm/src/install/manipulator_msgs/include/manipulator_msgs/manipulator_msgs/msg
[3.511s] -- Installing: /home/raj/robotic_arm/src/install/manipulator_msgs/include/manipulator_msgs/manipulator_msgs/msg/rosidl_typesupport_introspection_c__visibility_control.h
[3.511s] -- Installing: /home/raj/robotic_arm/src/install/manipulator_msgs/lib/libmanipulator_msgs__rosidl_typesupport_introspection_c.so
[3.511s] -- Set non-toolchain portion of runtime path of "/home/raj/robotic_arm/src/install/manipulator_msgs/lib/libmanipulator_msgs__rosidl_typesupport_introspection_c.so" to ""
[3.511s] -- Installing: /home/raj/robotic_arm/src/install/manipulator_msgs/lib/libmanipulator_msgs__rosidl_typesupport_c.so
[3.511s] -- Set non-toolchain portion of runtime path of "/home/raj/robotic_arm/src/install/manipulator_msgs/lib/libmanipulator_msgs__rosidl_typesupport_c.so" to ""
[3.512s] -- Up-to-date: /home/raj/robotic_arm/src/install/manipulator_msgs/include/manipulator_msgs/manipulator_msgs
[3.512s] -- Up-to-date: /home/raj/robotic_arm/src/install/manipulator_msgs/include/manipulator_msgs/manipulator_msgs/srv
[3.512s] -- Installing: /home/raj/robotic_arm/src/install/manipulator_msgs/include/manipulator_msgs/manipulator_msgs/srv/euler_to_quaternion.hpp
[3.512s] -- Up-to-date: /home/raj/robotic_arm/src/install/manipulator_msgs/include/manipulator_msgs/manipulator_msgs/srv/detail
[3.512s] -- Installing: /home/raj/robotic_arm/src/install/manipulator_msgs/include/manipulator_msgs/manipulator_msgs/srv/detail/euler_to_quaternion__type_support.hpp
[3.512s] -- Installing: /home/raj/robotic_arm/src/install/manipulator_msgs/include/manipulator_msgs/manipulator_msgs/srv/detail/quaternion_to_euler__traits.hpp
[3.512s] -- Installing: /home/raj/robotic_arm/src/install/manipulator_msgs/include/manipulator_msgs/manipulator_msgs/srv/detail/euler_to_quaternion__traits.hpp
[3.512s] -- Installing: /home/raj/robotic_arm/src/install/manipulator_msgs/include/manipulator_msgs/manipulator_msgs/srv/detail/euler_to_quaternion__struct.hpp
[3.512s] -- Installing: /home/raj/robotic_arm/src/install/manipulator_msgs/include/manipulator_msgs/manipulator_msgs/srv/detail/euler_to_quaternion__builder.hpp
[3.512s] -- Installing: /home/raj/robotic_arm/src/install/manipulator_msgs/include/manipulator_msgs/manipulator_msgs/srv/detail/quaternion_to_euler__struct.hpp
[3.512s] -- Installing: /home/raj/robotic_arm/src/install/manipulator_msgs/include/manipulator_msgs/manipulator_msgs/srv/detail/quaternion_to_euler__type_support.hpp
[3.512s] -- Installing: /home/raj/robotic_arm/src/install/manipulator_msgs/include/manipulator_msgs/manipulator_msgs/srv/detail/quaternion_to_euler__builder.hpp
[3.512s] -- Installing: /home/raj/robotic_arm/src/install/manipulator_msgs/include/manipulator_msgs/manipulator_msgs/srv/quaternion_to_euler.hpp
[3.512s] -- Up-to-date: /home/raj/robotic_arm/src/install/manipulator_msgs/include/manipulator_msgs/manipulator_msgs/msg
[3.512s] -- Installing: /home/raj/robotic_arm/src/install/manipulator_msgs/include/manipulator_msgs/manipulator_msgs/msg/rosidl_generator_cpp__visibility_control.hpp
[3.513s] -- Up-to-date: /home/raj/robotic_arm/src/install/manipulator_msgs/include/manipulator_msgs/manipulator_msgs
[3.513s] -- Up-to-date: /home/raj/robotic_arm/src/install/manipulator_msgs/include/manipulator_msgs/manipulator_msgs/srv
[3.513s] -- Up-to-date: /home/raj/robotic_arm/src/install/manipulator_msgs/include/manipulator_msgs/manipulator_msgs/srv/detail
[3.513s] -- Installing: /home/raj/robotic_arm/src/install/manipulator_msgs/include/manipulator_msgs/manipulator_msgs/srv/detail/quaternion_to_euler__rosidl_typesupport_fastrtps_cpp.hpp
[3.513s] -- Installing: /home/raj/robotic_arm/src/install/manipulator_msgs/include/manipulator_msgs/manipulator_msgs/srv/detail/euler_to_quaternion__rosidl_typesupport_fastrtps_cpp.hpp
[3.513s] -- Installing: /home/raj/robotic_arm/src/install/manipulator_msgs/include/manipulator_msgs/manipulator_msgs/srv/detail/dds_fastrtps
[3.513s] -- Up-to-date: /home/raj/robotic_arm/src/install/manipulator_msgs/include/manipulator_msgs/manipulator_msgs/msg
[3.513s] -- Installing: /home/raj/robotic_arm/src/install/manipulator_msgs/include/manipulator_msgs/manipulator_msgs/msg/rosidl_typesupport_fastrtps_cpp__visibility_control.h
[3.513s] -- Installing: /home/raj/robotic_arm/src/install/manipulator_msgs/lib/libmanipulator_msgs__rosidl_typesupport_fastrtps_cpp.so
[3.513s] -- Set non-toolchain portion of runtime path of "/home/raj/robotic_arm/src/install/manipulator_msgs/lib/libmanipulator_msgs__rosidl_typesupport_fastrtps_cpp.so" to ""
[3.513s] -- Up-to-date: /home/raj/robotic_arm/src/install/manipulator_msgs/include/manipulator_msgs/manipulator_msgs
[3.514s] -- Up-to-date: /home/raj/robotic_arm/src/install/manipulator_msgs/include/manipulator_msgs/manipulator_msgs/srv
[3.514s] -- Up-to-date: /home/raj/robotic_arm/src/install/manipulator_msgs/include/manipulator_msgs/manipulator_msgs/srv/detail
[3.514s] -- Installing: /home/raj/robotic_arm/src/install/manipulator_msgs/include/manipulator_msgs/manipulator_msgs/srv/detail/quaternion_to_euler__rosidl_typesupport_introspection_cpp.hpp
[3.514s] -- Installing: /home/raj/robotic_arm/src/install/manipulator_msgs/include/manipulator_msgs/manipulator_msgs/srv/detail/euler_to_quaternion__type_support.cpp
[3.514s] -- Installing: /home/raj/robotic_arm/src/install/manipulator_msgs/include/manipulator_msgs/manipulator_msgs/srv/detail/euler_to_quaternion__rosidl_typesupport_introspection_cpp.hpp
[3.514s] -- Installing: /home/raj/robotic_arm/src/install/manipulator_msgs/include/manipulator_msgs/manipulator_msgs/srv/detail/quaternion_to_euler__type_support.cpp
[3.514s] -- Installing: /home/raj/robotic_arm/src/install/manipulator_msgs/lib/libmanipulator_msgs__rosidl_typesupport_introspection_cpp.so
[3.514s] -- Set non-toolchain portion of runtime path of "/home/raj/robotic_arm/src/install/manipulator_msgs/lib/libmanipulator_msgs__rosidl_typesupport_introspection_cpp.so" to ""
[3.514s] -- Installing: /home/raj/robotic_arm/src/install/manipulator_msgs/lib/libmanipulator_msgs__rosidl_typesupport_cpp.so
[3.515s] -- Set non-toolchain portion of runtime path of "/home/raj/robotic_arm/src/install/manipulator_msgs/lib/libmanipulator_msgs__rosidl_typesupport_cpp.so" to ""
[3.515s] -- Installing: /home/raj/robotic_arm/src/install/manipulator_msgs/share/manipulator_msgs/environment/pythonpath.sh
[3.515s] -- Installing: /home/raj/robotic_arm/src/install/manipulator_msgs/share/manipulator_msgs/environment/pythonpath.dsv
[3.515s] -- Installing: /home/raj/robotic_arm/src/install/manipulator_msgs/lib/python3.12/site-packages/manipulator_msgs-0.0.0-py3.12.egg-info
[3.515s] -- Installing: /home/raj/robotic_arm/src/install/manipulator_msgs/lib/python3.12/site-packages/manipulator_msgs-0.0.0-py3.12.egg-info/top_level.txt
[3.515s] -- Installing: /home/raj/robotic_arm/src/install/manipulator_msgs/lib/python3.12/site-packages/manipulator_msgs-0.0.0-py3.12.egg-info/PKG-INFO
[3.515s] -- Installing: /home/raj/robotic_arm/src/install/manipulator_msgs/lib/python3.12/site-packages/manipulator_msgs-0.0.0-py3.12.egg-info/dependency_links.txt
[3.515s] -- Installing: /home/raj/robotic_arm/src/install/manipulator_msgs/lib/python3.12/site-packages/manipulator_msgs-0.0.0-py3.12.egg-info/SOURCES.txt
[3.515s] -- Installing: /home/raj/robotic_arm/src/install/manipulator_msgs/lib/python3.12/site-packages/manipulator_msgs
[3.515s] -- Installing: /home/raj/robotic_arm/src/install/manipulator_msgs/lib/python3.12/site-packages/manipulator_msgs/__init__.py
[3.516s] -- Installing: /home/raj/robotic_arm/src/install/manipulator_msgs/lib/python3.12/site-packages/manipulator_msgs/srv
[3.516s] -- Installing: /home/raj/robotic_arm/src/install/manipulator_msgs/lib/python3.12/site-packages/manipulator_msgs/srv/__init__.py
[3.516s] -- Installing: /home/raj/robotic_arm/src/install/manipulator_msgs/lib/python3.12/site-packages/manipulator_msgs/srv/_euler_to_quaternion_s.c
[3.516s] -- Installing: /home/raj/robotic_arm/src/install/manipulator_msgs/lib/python3.12/site-packages/manipulator_msgs/srv/_quaternion_to_euler.py
[3.516s] -- Installing: /home/raj/robotic_arm/src/install/manipulator_msgs/lib/python3.12/site-packages/manipulator_msgs/srv/_quaternion_to_euler_s.c
[3.516s] -- Installing: /home/raj/robotic_arm/src/install/manipulator_msgs/lib/python3.12/site-packages/manipulator_msgs/srv/_euler_to_quaternion.py
[3.516s] -- Installing: /home/raj/robotic_arm/src/install/manipulator_msgs/lib/python3.12/site-packages/manipulator_msgs/_manipulator_msgs_s.ep.rosidl_typesupport_introspection_c.c
[3.516s] -- Installing: /home/raj/robotic_arm/src/install/manipulator_msgs/lib/python3.12/site-packages/manipulator_msgs/_manipulator_msgs_s.ep.rosidl_typesupport_c.c
[3.516s] -- Installing: /home/raj/robotic_arm/src/install/manipulator_msgs/lib/python3.12/site-packages/manipulator_msgs/manipulator_msgs_s__rosidl_typesupport_introspection_c.so
[3.516s] -- Installing: /home/raj/robotic_arm/src/install/manipulator_msgs/lib/python3.12/site-packages/manipulator_msgs/manipulator_msgs_s__rosidl_typesupport_c.so
[3.516s] -- Installing: /home/raj/robotic_arm/src/install/manipulator_msgs/lib/python3.12/site-packages/manipulator_msgs/_manipulator_msgs_s.ep.rosidl_typesupport_fastrtps_c.c
[3.517s] -- Installing: /home/raj/robotic_arm/src/install/manipulator_msgs/lib/python3.12/site-packages/manipulator_msgs/manipulator_msgs_s__rosidl_typesupport_fastrtps_c.so
[3.543s] Listing '/home/raj/robotic_arm/src/install/manipulator_msgs/lib/python3.12/site-packages/manipulator_msgs'...
[3.543s] Compiling '/home/raj/robotic_arm/src/install/manipulator_msgs/lib/python3.12/site-packages/manipulator_msgs/__init__.py'...
[3.543s] Listing '/home/raj/robotic_arm/src/install/manipulator_msgs/lib/python3.12/site-packages/manipulator_msgs/srv'...
[3.544s] Compiling '/home/raj/robotic_arm/src/install/manipulator_msgs/lib/python3.12/site-packages/manipulator_msgs/srv/__init__.py'...
[3.544s] Compiling '/home/raj/robotic_arm/src/install/manipulator_msgs/lib/python3.12/site-packages/manipulator_msgs/srv/_euler_to_quaternion.py'...
[3.544s] Compiling '/home/raj/robotic_arm/src/install/manipulator_msgs/lib/python3.12/site-packages/manipulator_msgs/srv/_quaternion_to_euler.py'...
[3.547s] -- Installing: /home/raj/robotic_arm/src/install/manipulator_msgs/lib/python3.12/site-packages/manipulator_msgs/manipulator_msgs_s__rosidl_typesupport_fastrtps_c.so
[3.548s] -- Set non-toolchain portion of runtime path of "/home/raj/robotic_arm/src/install/manipulator_msgs/lib/python3.12/site-packages/manipulator_msgs/manipulator_msgs_s__rosidl_typesupport_fastrtps_c.so" to ""
[3.548s] -- Installing: /home/raj/robotic_arm/src/install/manipulator_msgs/lib/python3.12/site-packages/manipulator_msgs/manipulator_msgs_s__rosidl_typesupport_introspection_c.so
[3.548s] -- Set non-toolchain portion of runtime path of "/home/raj/robotic_arm/src/install/manipulator_msgs/lib/python3.12/site-packages/manipulator_msgs/manipulator_msgs_s__rosidl_typesupport_introspection_c.so" to ""
[3.548s] -- Installing: /home/raj/robotic_arm/src/install/manipulator_msgs/lib/python3.12/site-packages/manipulator_msgs/manipulator_msgs_s__rosidl_typesupport_c.so
[3.548s] -- Set non-toolchain portion of runtime path of "/home/raj/robotic_arm/src/install/manipulator_msgs/lib/python3.12/site-packages/manipulator_msgs/manipulator_msgs_s__rosidl_typesupport_c.so" to ""
[3.548s] -- Installing: /home/raj/robotic_arm/src/install/manipulator_msgs/lib/libmanipulator_msgs__rosidl_generator_py.so
[3.549s] -- Set non-toolchain portion of runtime path of "/home/raj/robotic_arm/src/install/manipulator_msgs/lib/libmanipulator_msgs__rosidl_generator_py.so" to ""
[3.549s] -- Installing: /home/raj/robotic_arm/src/install/manipulator_msgs/share/manipulator_msgs/srv/EulerToQuaternion.idl
[3.549s] -- Installing: /home/raj/robotic_arm/src/install/manipulator_msgs/share/manipulator_msgs/srv/QuaternionToEuler.idl
[3.549s] -- Installing: /home/raj/robotic_arm/src/install/manipulator_msgs/share/manipulator_msgs/srv/EulerToQuaternion.srv
[3.549s] -- Installing: /home/raj/robotic_arm/src/install/manipulator_msgs/share/manipulator_msgs/srv/QuaternionToEuler.srv
[3.549s] -- Installing: /home/raj/robotic_arm/src/install/manipulator_msgs/share/ament_index/resource_index/package_run_dependencies/manipulator_msgs
[3.549s] -- Installing: /home/raj/robotic_arm/src/install/manipulator_msgs/share/ament_index/resource_index/parent_prefix_path/manipulator_msgs
[3.549s] -- Installing: /home/raj/robotic_arm/src/install/manipulator_msgs/share/manipulator_msgs/environment/ament_prefix_path.sh
[3.549s] -- Installing: /home/raj/robotic_arm/src/install/manipulator_msgs/share/manipulator_msgs/environment/ament_prefix_path.dsv
[3.549s] -- Installing: /home/raj/robotic_arm/src/install/manipulator_msgs/share/manipulator_msgs/environment/path.sh
[3.550s] -- Installing: /home/raj/robotic_arm/src/install/manipulator_msgs/share/manipulator_msgs/environment/path.dsv
[3.550s] -- Installing: /home/raj/robotic_arm/src/install/manipulator_msgs/share/manipulator_msgs/local_setup.bash
[3.550s] -- Installing: /home/raj/robotic_arm/src/install/manipulator_msgs/share/manipulator_msgs/local_setup.sh
[3.550s] -- Installing: /home/raj/robotic_arm/src/install/manipulator_msgs/share/manipulator_msgs/local_setup.zsh
[3.550s] -- Installing: /home/raj/robotic_arm/src/install/manipulator_msgs/share/manipulator_msgs/local_setup.dsv
[3.550s] -- Installing: /home/raj/robotic_arm/src/install/manipulator_msgs/share/manipulator_msgs/package.dsv
[3.550s] -- Installing: /home/raj/robotic_arm/src/install/manipulator_msgs/share/ament_index/resource_index/packages/manipulator_msgs
[3.550s] -- Installing: /home/raj/robotic_arm/src/install/manipulator_msgs/share/manipulator_msgs/cmake/export_manipulator_msgs__rosidl_generator_cExport.cmake
[3.550s] -- Installing: /home/raj/robotic_arm/src/install/manipulator_msgs/share/manipulator_msgs/cmake/export_manipulator_msgs__rosidl_generator_cExport-noconfig.cmake
[3.550s] -- Installing: /home/raj/robotic_arm/src/install/manipulator_msgs/share/manipulator_msgs/cmake/export_manipulator_msgs__rosidl_typesupport_fastrtps_cExport.cmake
[3.551s] -- Installing: /home/raj/robotic_arm/src/install/manipulator_msgs/share/manipulator_msgs/cmake/export_manipulator_msgs__rosidl_typesupport_fastrtps_cExport-noconfig.cmake
[3.551s] -- Installing: /home/raj/robotic_arm/src/install/manipulator_msgs/share/manipulator_msgs/cmake/manipulator_msgs__rosidl_typesupport_introspection_cExport.cmake
[3.551s] -- Installing: /home/raj/robotic_arm/src/install/manipulator_msgs/share/manipulator_msgs/cmake/manipulator_msgs__rosidl_typesupport_introspection_cExport-noconfig.cmake
[3.551s] -- Installing: /home/raj/robotic_arm/src/install/manipulator_msgs/share/manipulator_msgs/cmake/manipulator_msgs__rosidl_typesupport_cExport.cmake
[3.551s] -- Installing: /home/raj/robotic_arm/src/install/manipulator_msgs/share/manipulator_msgs/cmake/manipulator_msgs__rosidl_typesupport_cExport-noconfig.cmake
[3.551s] -- Installing: /home/raj/robotic_arm/src/install/manipulator_msgs/share/manipulator_msgs/cmake/export_manipulator_msgs__rosidl_generator_cppExport.cmake
[3.551s] -- Installing: /home/raj/robotic_arm/src/install/manipulator_msgs/share/manipulator_msgs/cmake/export_manipulator_msgs__rosidl_typesupport_fastrtps_cppExport.cmake
[3.551s] -- Installing: /home/raj/robotic_arm/src/install/manipulator_msgs/share/manipulator_msgs/cmake/export_manipulator_msgs__rosidl_typesupport_fastrtps_cppExport-noconfig.cmake
[3.551s] -- Installing: /home/raj/robotic_arm/src/install/manipulator_msgs/share/manipulator_msgs/cmake/manipulator_msgs__rosidl_typesupport_introspection_cppExport.cmake
[3.551s] -- Installing: /home/raj/robotic_arm/src/install/manipulator_msgs/share/manipulator_msgs/cmake/manipulator_msgs__rosidl_typesupport_introspection_cppExport-noconfig.cmake
[3.552s] -- Installing: /home/raj/robotic_arm/src/install/manipulator_msgs/share/manipulator_msgs/cmake/manipulator_msgs__rosidl_typesupport_cppExport.cmake
[3.552s] -- Installing: /home/raj/robotic_arm/src/install/manipulator_msgs/share/manipulator_msgs/cmake/manipulator_msgs__rosidl_typesupport_cppExport-noconfig.cmake
[3.552s] -- Installing: /home/raj/robotic_arm/src/install/manipulator_msgs/share/manipulator_msgs/cmake/export_manipulator_msgs__rosidl_generator_pyExport.cmake
[3.552s] -- Installing: /home/raj/robotic_arm/src/install/manipulator_msgs/share/manipulator_msgs/cmake/export_manipulator_msgs__rosidl_generator_pyExport-noconfig.cmake
[3.552s] -- Installing: /home/raj/robotic_arm/src/install/manipulator_msgs/share/manipulator_msgs/cmake/rosidl_cmake-extras.cmake
[3.552s] -- Installing: /home/raj/robotic_arm/src/install/manipulator_msgs/share/manipulator_msgs/cmake/ament_cmake_export_dependencies-extras.cmake
[3.552s] -- Installing: /home/raj/robotic_arm/src/install/manipulator_msgs/share/manipulator_msgs/cmake/ament_cmake_export_include_directories-extras.cmake
[3.552s] -- Installing: /home/raj/robotic_arm/src/install/manipulator_msgs/share/manipulator_msgs/cmake/ament_cmake_export_libraries-extras.cmake
[3.552s] -- Installing: /home/raj/robotic_arm/src/install/manipulator_msgs/share/manipulator_msgs/cmake/ament_cmake_export_targets-extras.cmake
[3.552s] -- Installing: /home/raj/robotic_arm/src/install/manipulator_msgs/share/manipulator_msgs/cmake/rosidl_cmake_export_typesupport_targets-extras.cmake
[3.552s] -- Installing: /home/raj/robotic_arm/src/install/manipulator_msgs/share/manipulator_msgs/cmake/rosidl_cmake_export_typesupport_libraries-extras.cmake
[3.553s] -- Installing: /home/raj/robotic_arm/src/install/manipulator_msgs/share/manipulator_msgs/cmake/manipulator_msgsConfig.cmake
[3.553s] -- Installing: /home/raj/robotic_arm/src/install/manipulator_msgs/share/manipulator_msgs/cmake/manipulator_msgsConfig-version.cmake
[3.553s] -- Installing: /home/raj/robotic_arm/src/install/manipulator_msgs/share/manipulator_msgs/package.xml
[3.555s] Invoked command in '/home/raj/robotic_arm/src/build/manipulator_msgs' returned '0': CMAKE_PREFIX_PATH=${CMAKE_PREFIX_PATH}:/opt/ros/jazzy DEBUGINFOD_URLS=https://debuginfod.ubuntu.com /usr/bin/cmake --install /home/raj/robotic_arm/src/build/manipulator_msgs
