[0.016s] Invoking command in '/home/raj/robotic_arm/build/manipulator_moveit': CMAKE_PREFIX_PATH=${CMAKE_PREFIX_PATH}:/opt/ros/jazzy DEBUGINFOD_URLS=https://debuginfod.ubuntu.com /usr/bin/cmake --build /home/raj/robotic_arm/build/manipulator_moveit -- -j32 -l32
[0.175s] -- Found ament_cmake: 2.5.5 (/opt/ros/jazzy/share/ament_cmake/cmake)
[0.220s] -- Found ament_lint_auto: 0.17.4 (/opt/ros/jazzy/share/ament_lint_auto/cmake)
[0.292s] -- Added test 'flake8' to check Python code syntax and style conventions
[0.292s] -- Configured 'flake8' exclude dirs and/or files: 
[0.293s] -- Added test 'lint_cmake' to check CMake code style
[0.293s] -- Added test 'pep257' to check Python code against some of the docstring style conventions in PEP 257
[0.294s] -- Added test 'xmllint' to check XML markup files
[0.295s] -- Configuring done (0.3s)
[0.297s] -- Generating done (0.0s)
[0.299s] -- Build files have been written to: /home/raj/robotic_arm/build/manipulator_moveit
[0.339s] Invoked command in '/home/raj/robotic_arm/build/manipulator_moveit' returned '0': CMAKE_PREFIX_PATH=${CMAKE_PREFIX_PATH}:/opt/ros/jazzy DEBUGINFOD_URLS=https://debuginfod.ubuntu.com /usr/bin/cmake --build /home/raj/robotic_arm/build/manipulator_moveit -- -j32 -l32
[0.349s] Invoking command in '/home/raj/robotic_arm/build/manipulator_moveit': CMAKE_PREFIX_PATH=${CMAKE_PREFIX_PATH}:/opt/ros/jazzy DEBUGINFOD_URLS=https://debuginfod.ubuntu.com /usr/bin/cmake --install /home/raj/robotic_arm/build/manipulator_moveit
[0.357s] -- Install configuration: ""
[0.357s] -- Up-to-date: /home/raj/robotic_arm/install/manipulator_moveit/share/manipulator_moveit/launch
[0.357s] -- Up-to-date: /home/raj/robotic_arm/install/manipulator_moveit/share/manipulator_moveit/launch/moveit.launch.py
[0.357s] -- Up-to-date: /home/raj/robotic_arm/install/manipulator_moveit/share/manipulator_moveit/config
[0.357s] -- Up-to-date: /home/raj/robotic_arm/install/manipulator_moveit/share/manipulator_moveit/config/moveit_controllers.yaml
[0.357s] -- Up-to-date: /home/raj/robotic_arm/install/manipulator_moveit/share/manipulator_moveit/config/moveit_controller.yaml
[0.358s] -- Up-to-date: /home/raj/robotic_arm/install/manipulator_moveit/share/manipulator_moveit/config/joint_limits.yaml
[0.358s] -- Installing: /home/raj/robotic_arm/install/manipulator_moveit/share/manipulator_moveit/config/planning_python_api.yaml
[0.358s] -- Up-to-date: /home/raj/robotic_arm/install/manipulator_moveit/share/manipulator_moveit/config/pilz_cartesian_limits.yaml
[0.358s] -- Up-to-date: /home/raj/robotic_arm/install/manipulator_moveit/share/manipulator_moveit/config/initial_position.yaml
[0.358s] -- Up-to-date: /home/raj/robotic_arm/install/manipulator_moveit/share/manipulator_moveit/config/trajectory_execution.yaml
[0.358s] -- Up-to-date: /home/raj/robotic_arm/install/manipulator_moveit/share/manipulator_moveit/config/manipulator.srdf
[0.358s] -- Up-to-date: /home/raj/robotic_arm/install/manipulator_moveit/share/manipulator_moveit/config/kinematics.yaml
[0.358s] -- Up-to-date: /home/raj/robotic_arm/install/manipulator_moveit/share/ament_index/resource_index/package_run_dependencies/manipulator_moveit
[0.358s] -- Up-to-date: /home/raj/robotic_arm/install/manipulator_moveit/share/ament_index/resource_index/parent_prefix_path/manipulator_moveit
[0.358s] -- Installing: /home/raj/robotic_arm/install/manipulator_moveit/share/manipulator_moveit/environment/ament_prefix_path.sh
[0.358s] -- Up-to-date: /home/raj/robotic_arm/install/manipulator_moveit/share/manipulator_moveit/environment/ament_prefix_path.dsv
[0.358s] -- Installing: /home/raj/robotic_arm/install/manipulator_moveit/share/manipulator_moveit/environment/path.sh
[0.358s] -- Up-to-date: /home/raj/robotic_arm/install/manipulator_moveit/share/manipulator_moveit/environment/path.dsv
[0.358s] -- Up-to-date: /home/raj/robotic_arm/install/manipulator_moveit/share/manipulator_moveit/local_setup.bash
[0.358s] -- Up-to-date: /home/raj/robotic_arm/install/manipulator_moveit/share/manipulator_moveit/local_setup.sh
[0.358s] -- Up-to-date: /home/raj/robotic_arm/install/manipulator_moveit/share/manipulator_moveit/local_setup.zsh
[0.358s] -- Up-to-date: /home/raj/robotic_arm/install/manipulator_moveit/share/manipulator_moveit/local_setup.dsv
[0.358s] -- Up-to-date: /home/raj/robotic_arm/install/manipulator_moveit/share/manipulator_moveit/package.dsv
[0.358s] -- Up-to-date: /home/raj/robotic_arm/install/manipulator_moveit/share/ament_index/resource_index/packages/manipulator_moveit
[0.358s] -- Up-to-date: /home/raj/robotic_arm/install/manipulator_moveit/share/manipulator_moveit/cmake/manipulator_moveitConfig.cmake
[0.358s] -- Up-to-date: /home/raj/robotic_arm/install/manipulator_moveit/share/manipulator_moveit/cmake/manipulator_moveitConfig-version.cmake
[0.358s] -- Up-to-date: /home/raj/robotic_arm/install/manipulator_moveit/share/manipulator_moveit/package.xml
[0.360s] Invoked command in '/home/raj/robotic_arm/build/manipulator_moveit' returned '0': CMAKE_PREFIX_PATH=${CMAKE_PREFIX_PATH}:/opt/ros/jazzy DEBUGINFOD_URLS=https://debuginfod.ubuntu.com /usr/bin/cmake --install /home/raj/robotic_arm/build/manipulator_moveit
