[  1%] Built target manipulator_msgs__rosidl_generator_type_description
[  1%] Built target ament_cmake_python_copy_manipulator_msgs
[  3%] Built target manipulator_msgs__cpp
[ 24%] Built target manipulator_msgs__rosidl_generator_c
[ 42%] Built target manipulator_msgs__rosidl_typesupport_introspection_c
[ 50%] Built target manipulator_msgs__rosidl_typesupport_c
[ 51%] Built target manipulator_msgs__rosidl_typesupport_introspection_cpp
[ 70%] Built target manipulator_msgs__rosidl_typesupport_fastrtps_c
[ 70%] Built target manipulator_msgs__rosidl_typesupport_cpp
[ 79%] Built target manipulator_msgs__rosidl_typesupport_fastrtps_cpp
[ 79%] Built target manipulator_msgs
[ 81%] Built target manipulator_msgs__py
[ 88%] Built target manipulator_msgs__rosidl_generator_py
[ 92%] Built target manipulator_msgs_s__rosidl_typesupport_fastrtps_c
[ 96%] Built target manipulator_msgs_s__rosidl_typesupport_introspection_c
[100%] Built target manipulator_msgs_s__rosidl_typesupport_c
running egg_info
writing manipulator_msgs.egg-info/PKG-INFO
writing dependency_links to manipulator_msgs.egg-info/dependency_links.txt
writing top-level names to manipulator_msgs.egg-info/top_level.txt
reading manifest file 'manipulator_msgs.egg-info/SOURCES.txt'
writing manifest file 'manipulator_msgs.egg-info/SOURCES.txt'
[100%] Built target ament_cmake_python_build_manipulator_msgs_egg
-- Install configuration: ""
-- Up-to-date: /home/raj/robotic_arm/install/manipulator_msgs/share/ament_index/resource_index/rosidl_interfaces/manipulator_msgs
-- Up-to-date: /home/raj/robotic_arm/install/manipulator_msgs/share/manipulator_msgs/srv/EulerToQuaternion.json
-- Up-to-date: /home/raj/robotic_arm/install/manipulator_msgs/share/manipulator_msgs/srv/QuaternionToEuler.json
-- Up-to-date: /home/raj/robotic_arm/install/manipulator_msgs/share/manipulator_msgs/action/ManipulatorTask.json
-- Up-to-date: /home/raj/robotic_arm/install/manipulator_msgs/include/manipulator_msgs/manipulator_msgs
-- Up-to-date: /home/raj/robotic_arm/install/manipulator_msgs/include/manipulator_msgs/manipulator_msgs/msg
-- Up-to-date: /home/raj/robotic_arm/install/manipulator_msgs/include/manipulator_msgs/manipulator_msgs/msg/rosidl_generator_c__visibility_control.h
-- Up-to-date: /home/raj/robotic_arm/install/manipulator_msgs/include/manipulator_msgs/manipulator_msgs/srv
-- Up-to-date: /home/raj/robotic_arm/install/manipulator_msgs/include/manipulator_msgs/manipulator_msgs/srv/detail
-- Up-to-date: /home/raj/robotic_arm/install/manipulator_msgs/include/manipulator_msgs/manipulator_msgs/srv/detail/quaternion_to_euler__type_support.h
-- Up-to-date: /home/raj/robotic_arm/install/manipulator_msgs/include/manipulator_msgs/manipulator_msgs/srv/detail/euler_to_quaternion__functions.h
-- Up-to-date: /home/raj/robotic_arm/install/manipulator_msgs/include/manipulator_msgs/manipulator_msgs/srv/detail/euler_to_quaternion__struct.h
-- Up-to-date: /home/raj/robotic_arm/install/manipulator_msgs/include/manipulator_msgs/manipulator_msgs/srv/detail/quaternion_to_euler__type_support.c
-- Up-to-date: /home/raj/robotic_arm/install/manipulator_msgs/include/manipulator_msgs/manipulator_msgs/srv/detail/euler_to_quaternion__type_support.c
-- Up-to-date: /home/raj/robotic_arm/install/manipulator_msgs/include/manipulator_msgs/manipulator_msgs/srv/detail/quaternion_to_euler__functions.c
-- Up-to-date: /home/raj/robotic_arm/install/manipulator_msgs/include/manipulator_msgs/manipulator_msgs/srv/detail/euler_to_quaternion__description.c
-- Up-to-date: /home/raj/robotic_arm/install/manipulator_msgs/include/manipulator_msgs/manipulator_msgs/srv/detail/euler_to_quaternion__functions.c
-- Up-to-date: /home/raj/robotic_arm/install/manipulator_msgs/include/manipulator_msgs/manipulator_msgs/srv/detail/euler_to_quaternion__type_support.h
-- Up-to-date: /home/raj/robotic_arm/install/manipulator_msgs/include/manipulator_msgs/manipulator_msgs/srv/detail/quaternion_to_euler__functions.h
-- Up-to-date: /home/raj/robotic_arm/install/manipulator_msgs/include/manipulator_msgs/manipulator_msgs/srv/detail/quaternion_to_euler__struct.h
-- Up-to-date: /home/raj/robotic_arm/install/manipulator_msgs/include/manipulator_msgs/manipulator_msgs/srv/detail/quaternion_to_euler__description.c
-- Up-to-date: /home/raj/robotic_arm/install/manipulator_msgs/include/manipulator_msgs/manipulator_msgs/srv/euler_to_quaternion.h
-- Up-to-date: /home/raj/robotic_arm/install/manipulator_msgs/include/manipulator_msgs/manipulator_msgs/srv/quaternion_to_euler.h
-- Up-to-date: /home/raj/robotic_arm/install/manipulator_msgs/include/manipulator_msgs/manipulator_msgs/action
-- Up-to-date: /home/raj/robotic_arm/install/manipulator_msgs/include/manipulator_msgs/manipulator_msgs/action/detail
-- Up-to-date: /home/raj/robotic_arm/install/manipulator_msgs/include/manipulator_msgs/manipulator_msgs/action/detail/manipulator_task__struct.h
-- Up-to-date: /home/raj/robotic_arm/install/manipulator_msgs/include/manipulator_msgs/manipulator_msgs/action/detail/manipulator_task__type_support.h
-- Up-to-date: /home/raj/robotic_arm/install/manipulator_msgs/include/manipulator_msgs/manipulator_msgs/action/detail/manipulator_task__functions.h
-- Up-to-date: /home/raj/robotic_arm/install/manipulator_msgs/include/manipulator_msgs/manipulator_msgs/action/detail/manipulator_task__type_support.c
-- Up-to-date: /home/raj/robotic_arm/install/manipulator_msgs/include/manipulator_msgs/manipulator_msgs/action/detail/manipulator_task__description.c
-- Up-to-date: /home/raj/robotic_arm/install/manipulator_msgs/include/manipulator_msgs/manipulator_msgs/action/detail/manipulator_task__functions.c
-- Up-to-date: /home/raj/robotic_arm/install/manipulator_msgs/include/manipulator_msgs/manipulator_msgs/action/manipulator_task.h
-- Up-to-date: /home/raj/robotic_arm/install/manipulator_msgs/share/manipulator_msgs/environment/library_path.sh
-- Up-to-date: /home/raj/robotic_arm/install/manipulator_msgs/share/manipulator_msgs/environment/library_path.dsv
-- Up-to-date: /home/raj/robotic_arm/install/manipulator_msgs/lib/libmanipulator_msgs__rosidl_generator_c.so
-- Up-to-date: /home/raj/robotic_arm/install/manipulator_msgs/include/manipulator_msgs/manipulator_msgs
-- Up-to-date: /home/raj/robotic_arm/install/manipulator_msgs/include/manipulator_msgs/manipulator_msgs/msg
-- Up-to-date: /home/raj/robotic_arm/install/manipulator_msgs/include/manipulator_msgs/manipulator_msgs/msg/rosidl_typesupport_fastrtps_c__visibility_control.h
-- Up-to-date: /home/raj/robotic_arm/install/manipulator_msgs/include/manipulator_msgs/manipulator_msgs/srv
-- Up-to-date: /home/raj/robotic_arm/install/manipulator_msgs/include/manipulator_msgs/manipulator_msgs/srv/detail
-- Up-to-date: /home/raj/robotic_arm/install/manipulator_msgs/include/manipulator_msgs/manipulator_msgs/srv/detail/quaternion_to_euler__rosidl_typesupport_fastrtps_c.h
-- Up-to-date: /home/raj/robotic_arm/install/manipulator_msgs/include/manipulator_msgs/manipulator_msgs/srv/detail/euler_to_quaternion__rosidl_typesupport_fastrtps_c.h
-- Up-to-date: /home/raj/robotic_arm/install/manipulator_msgs/include/manipulator_msgs/manipulator_msgs/action
-- Up-to-date: /home/raj/robotic_arm/install/manipulator_msgs/include/manipulator_msgs/manipulator_msgs/action/detail
-- Up-to-date: /home/raj/robotic_arm/install/manipulator_msgs/include/manipulator_msgs/manipulator_msgs/action/detail/manipulator_task__rosidl_typesupport_fastrtps_c.h
-- Up-to-date: /home/raj/robotic_arm/install/manipulator_msgs/lib/libmanipulator_msgs__rosidl_typesupport_fastrtps_c.so
-- Up-to-date: /home/raj/robotic_arm/install/manipulator_msgs/include/manipulator_msgs/manipulator_msgs
-- Up-to-date: /home/raj/robotic_arm/install/manipulator_msgs/include/manipulator_msgs/manipulator_msgs/msg
-- Up-to-date: /home/raj/robotic_arm/install/manipulator_msgs/include/manipulator_msgs/manipulator_msgs/msg/rosidl_typesupport_introspection_c__visibility_control.h
-- Up-to-date: /home/raj/robotic_arm/install/manipulator_msgs/include/manipulator_msgs/manipulator_msgs/srv
-- Up-to-date: /home/raj/robotic_arm/install/manipulator_msgs/include/manipulator_msgs/manipulator_msgs/srv/detail
-- Up-to-date: /home/raj/robotic_arm/install/manipulator_msgs/include/manipulator_msgs/manipulator_msgs/srv/detail/quaternion_to_euler__type_support.c
-- Up-to-date: /home/raj/robotic_arm/install/manipulator_msgs/include/manipulator_msgs/manipulator_msgs/srv/detail/euler_to_quaternion__type_support.c
-- Up-to-date: /home/raj/robotic_arm/install/manipulator_msgs/include/manipulator_msgs/manipulator_msgs/srv/detail/quaternion_to_euler__rosidl_typesupport_introspection_c.h
-- Up-to-date: /home/raj/robotic_arm/install/manipulator_msgs/include/manipulator_msgs/manipulator_msgs/srv/detail/euler_to_quaternion__rosidl_typesupport_introspection_c.h
-- Up-to-date: /home/raj/robotic_arm/install/manipulator_msgs/include/manipulator_msgs/manipulator_msgs/action
-- Up-to-date: /home/raj/robotic_arm/install/manipulator_msgs/include/manipulator_msgs/manipulator_msgs/action/detail
-- Up-to-date: /home/raj/robotic_arm/install/manipulator_msgs/include/manipulator_msgs/manipulator_msgs/action/detail/manipulator_task__rosidl_typesupport_introspection_c.h
-- Up-to-date: /home/raj/robotic_arm/install/manipulator_msgs/include/manipulator_msgs/manipulator_msgs/action/detail/manipulator_task__type_support.c
-- Up-to-date: /home/raj/robotic_arm/install/manipulator_msgs/lib/libmanipulator_msgs__rosidl_typesupport_introspection_c.so
-- Up-to-date: /home/raj/robotic_arm/install/manipulator_msgs/lib/libmanipulator_msgs__rosidl_typesupport_c.so
-- Up-to-date: /home/raj/robotic_arm/install/manipulator_msgs/include/manipulator_msgs/manipulator_msgs
-- Up-to-date: /home/raj/robotic_arm/install/manipulator_msgs/include/manipulator_msgs/manipulator_msgs/msg
-- Up-to-date: /home/raj/robotic_arm/install/manipulator_msgs/include/manipulator_msgs/manipulator_msgs/msg/rosidl_generator_cpp__visibility_control.hpp
-- Up-to-date: /home/raj/robotic_arm/install/manipulator_msgs/include/manipulator_msgs/manipulator_msgs/srv
-- Up-to-date: /home/raj/robotic_arm/install/manipulator_msgs/include/manipulator_msgs/manipulator_msgs/srv/euler_to_quaternion.hpp
-- Up-to-date: /home/raj/robotic_arm/install/manipulator_msgs/include/manipulator_msgs/manipulator_msgs/srv/detail
-- Up-to-date: /home/raj/robotic_arm/install/manipulator_msgs/include/manipulator_msgs/manipulator_msgs/srv/detail/euler_to_quaternion__traits.hpp
-- Up-to-date: /home/raj/robotic_arm/install/manipulator_msgs/include/manipulator_msgs/manipulator_msgs/srv/detail/quaternion_to_euler__type_support.hpp
-- Up-to-date: /home/raj/robotic_arm/install/manipulator_msgs/include/manipulator_msgs/manipulator_msgs/srv/detail/quaternion_to_euler__traits.hpp
-- Up-to-date: /home/raj/robotic_arm/install/manipulator_msgs/include/manipulator_msgs/manipulator_msgs/srv/detail/euler_to_quaternion__type_support.hpp
-- Up-to-date: /home/raj/robotic_arm/install/manipulator_msgs/include/manipulator_msgs/manipulator_msgs/srv/detail/euler_to_quaternion__builder.hpp
-- Up-to-date: /home/raj/robotic_arm/install/manipulator_msgs/include/manipulator_msgs/manipulator_msgs/srv/detail/quaternion_to_euler__struct.hpp
-- Up-to-date: /home/raj/robotic_arm/install/manipulator_msgs/include/manipulator_msgs/manipulator_msgs/srv/detail/quaternion_to_euler__builder.hpp
-- Up-to-date: /home/raj/robotic_arm/install/manipulator_msgs/include/manipulator_msgs/manipulator_msgs/srv/detail/euler_to_quaternion__struct.hpp
-- Up-to-date: /home/raj/robotic_arm/install/manipulator_msgs/include/manipulator_msgs/manipulator_msgs/srv/quaternion_to_euler.hpp
-- Up-to-date: /home/raj/robotic_arm/install/manipulator_msgs/include/manipulator_msgs/manipulator_msgs/action
-- Up-to-date: /home/raj/robotic_arm/install/manipulator_msgs/include/manipulator_msgs/manipulator_msgs/action/detail
-- Up-to-date: /home/raj/robotic_arm/install/manipulator_msgs/include/manipulator_msgs/manipulator_msgs/action/detail/manipulator_task__builder.hpp
-- Up-to-date: /home/raj/robotic_arm/install/manipulator_msgs/include/manipulator_msgs/manipulator_msgs/action/detail/manipulator_task__traits.hpp
-- Up-to-date: /home/raj/robotic_arm/install/manipulator_msgs/include/manipulator_msgs/manipulator_msgs/action/detail/manipulator_task__type_support.hpp
-- Up-to-date: /home/raj/robotic_arm/install/manipulator_msgs/include/manipulator_msgs/manipulator_msgs/action/detail/manipulator_task__struct.hpp
-- Up-to-date: /home/raj/robotic_arm/install/manipulator_msgs/include/manipulator_msgs/manipulator_msgs/action/manipulator_task.hpp
-- Up-to-date: /home/raj/robotic_arm/install/manipulator_msgs/include/manipulator_msgs/manipulator_msgs
-- Up-to-date: /home/raj/robotic_arm/install/manipulator_msgs/include/manipulator_msgs/manipulator_msgs/msg
-- Up-to-date: /home/raj/robotic_arm/install/manipulator_msgs/include/manipulator_msgs/manipulator_msgs/msg/rosidl_typesupport_fastrtps_cpp__visibility_control.h
-- Up-to-date: /home/raj/robotic_arm/install/manipulator_msgs/include/manipulator_msgs/manipulator_msgs/srv
-- Up-to-date: /home/raj/robotic_arm/install/manipulator_msgs/include/manipulator_msgs/manipulator_msgs/srv/detail
-- Up-to-date: /home/raj/robotic_arm/install/manipulator_msgs/include/manipulator_msgs/manipulator_msgs/srv/detail/quaternion_to_euler__rosidl_typesupport_fastrtps_cpp.hpp
-- Up-to-date: /home/raj/robotic_arm/install/manipulator_msgs/include/manipulator_msgs/manipulator_msgs/srv/detail/dds_fastrtps
-- Up-to-date: /home/raj/robotic_arm/install/manipulator_msgs/include/manipulator_msgs/manipulator_msgs/srv/detail/euler_to_quaternion__rosidl_typesupport_fastrtps_cpp.hpp
-- Up-to-date: /home/raj/robotic_arm/install/manipulator_msgs/include/manipulator_msgs/manipulator_msgs/action
-- Up-to-date: /home/raj/robotic_arm/install/manipulator_msgs/include/manipulator_msgs/manipulator_msgs/action/detail
-- Up-to-date: /home/raj/robotic_arm/install/manipulator_msgs/include/manipulator_msgs/manipulator_msgs/action/detail/manipulator_task__rosidl_typesupport_fastrtps_cpp.hpp
-- Up-to-date: /home/raj/robotic_arm/install/manipulator_msgs/include/manipulator_msgs/manipulator_msgs/action/detail/dds_fastrtps
-- Up-to-date: /home/raj/robotic_arm/install/manipulator_msgs/lib/libmanipulator_msgs__rosidl_typesupport_fastrtps_cpp.so
-- Up-to-date: /home/raj/robotic_arm/install/manipulator_msgs/include/manipulator_msgs/manipulator_msgs
-- Up-to-date: /home/raj/robotic_arm/install/manipulator_msgs/include/manipulator_msgs/manipulator_msgs/srv
-- Up-to-date: /home/raj/robotic_arm/install/manipulator_msgs/include/manipulator_msgs/manipulator_msgs/srv/detail
-- Up-to-date: /home/raj/robotic_arm/install/manipulator_msgs/include/manipulator_msgs/manipulator_msgs/srv/detail/quaternion_to_euler__type_support.cpp
-- Up-to-date: /home/raj/robotic_arm/install/manipulator_msgs/include/manipulator_msgs/manipulator_msgs/srv/detail/euler_to_quaternion__type_support.cpp
-- Up-to-date: /home/raj/robotic_arm/install/manipulator_msgs/include/manipulator_msgs/manipulator_msgs/srv/detail/euler_to_quaternion__rosidl_typesupport_introspection_cpp.hpp
-- Up-to-date: /home/raj/robotic_arm/install/manipulator_msgs/include/manipulator_msgs/manipulator_msgs/srv/detail/quaternion_to_euler__rosidl_typesupport_introspection_cpp.hpp
-- Up-to-date: /home/raj/robotic_arm/install/manipulator_msgs/include/manipulator_msgs/manipulator_msgs/action
-- Up-to-date: /home/raj/robotic_arm/install/manipulator_msgs/include/manipulator_msgs/manipulator_msgs/action/detail
-- Up-to-date: /home/raj/robotic_arm/install/manipulator_msgs/include/manipulator_msgs/manipulator_msgs/action/detail/manipulator_task__rosidl_typesupport_introspection_cpp.hpp
-- Up-to-date: /home/raj/robotic_arm/install/manipulator_msgs/include/manipulator_msgs/manipulator_msgs/action/detail/manipulator_task__type_support.cpp
-- Up-to-date: /home/raj/robotic_arm/install/manipulator_msgs/lib/libmanipulator_msgs__rosidl_typesupport_introspection_cpp.so
-- Up-to-date: /home/raj/robotic_arm/install/manipulator_msgs/lib/libmanipulator_msgs__rosidl_typesupport_cpp.so
-- Up-to-date: /home/raj/robotic_arm/install/manipulator_msgs/share/manipulator_msgs/environment/pythonpath.sh
-- Up-to-date: /home/raj/robotic_arm/install/manipulator_msgs/share/manipulator_msgs/environment/pythonpath.dsv
-- Up-to-date: /home/raj/robotic_arm/install/manipulator_msgs/lib/python3.12/site-packages/manipulator_msgs-0.0.0-py3.12.egg-info
-- Installing: /home/raj/robotic_arm/install/manipulator_msgs/lib/python3.12/site-packages/manipulator_msgs-0.0.0-py3.12.egg-info/PKG-INFO
-- Installing: /home/raj/robotic_arm/install/manipulator_msgs/lib/python3.12/site-packages/manipulator_msgs-0.0.0-py3.12.egg-info/dependency_links.txt
-- Installing: /home/raj/robotic_arm/install/manipulator_msgs/lib/python3.12/site-packages/manipulator_msgs-0.0.0-py3.12.egg-info/top_level.txt
-- Installing: /home/raj/robotic_arm/install/manipulator_msgs/lib/python3.12/site-packages/manipulator_msgs-0.0.0-py3.12.egg-info/SOURCES.txt
-- Up-to-date: /home/raj/robotic_arm/install/manipulator_msgs/lib/python3.12/site-packages/manipulator_msgs
-- Up-to-date: /home/raj/robotic_arm/install/manipulator_msgs/lib/python3.12/site-packages/manipulator_msgs/manipulator_msgs_s__rosidl_typesupport_c.so
-- Up-to-date: /home/raj/robotic_arm/install/manipulator_msgs/lib/python3.12/site-packages/manipulator_msgs/manipulator_msgs_s__rosidl_typesupport_fastrtps_c.so
-- Up-to-date: /home/raj/robotic_arm/install/manipulator_msgs/lib/python3.12/site-packages/manipulator_msgs/_manipulator_msgs_s.ep.rosidl_typesupport_introspection_c.c
-- Up-to-date: /home/raj/robotic_arm/install/manipulator_msgs/lib/python3.12/site-packages/manipulator_msgs/manipulator_msgs_s__rosidl_typesupport_introspection_c.so
-- Up-to-date: /home/raj/robotic_arm/install/manipulator_msgs/lib/python3.12/site-packages/manipulator_msgs/_manipulator_msgs_s.ep.rosidl_typesupport_c.c
-- Up-to-date: /home/raj/robotic_arm/install/manipulator_msgs/lib/python3.12/site-packages/manipulator_msgs/srv
-- Up-to-date: /home/raj/robotic_arm/install/manipulator_msgs/lib/python3.12/site-packages/manipulator_msgs/srv/_quaternion_to_euler.py
-- Up-to-date: /home/raj/robotic_arm/install/manipulator_msgs/lib/python3.12/site-packages/manipulator_msgs/srv/_euler_to_quaternion_s.c
-- Up-to-date: /home/raj/robotic_arm/install/manipulator_msgs/lib/python3.12/site-packages/manipulator_msgs/srv/__init__.py
-- Up-to-date: /home/raj/robotic_arm/install/manipulator_msgs/lib/python3.12/site-packages/manipulator_msgs/srv/_quaternion_to_euler_s.c
-- Up-to-date: /home/raj/robotic_arm/install/manipulator_msgs/lib/python3.12/site-packages/manipulator_msgs/srv/_euler_to_quaternion.py
-- Up-to-date: /home/raj/robotic_arm/install/manipulator_msgs/lib/python3.12/site-packages/manipulator_msgs/__init__.py
-- Up-to-date: /home/raj/robotic_arm/install/manipulator_msgs/lib/python3.12/site-packages/manipulator_msgs/_manipulator_msgs_s.ep.rosidl_typesupport_fastrtps_c.c
-- Up-to-date: /home/raj/robotic_arm/install/manipulator_msgs/lib/python3.12/site-packages/manipulator_msgs/action
-- Up-to-date: /home/raj/robotic_arm/install/manipulator_msgs/lib/python3.12/site-packages/manipulator_msgs/action/_manipulator_task.py
-- Up-to-date: /home/raj/robotic_arm/install/manipulator_msgs/lib/python3.12/site-packages/manipulator_msgs/action/_manipulator_task_s.c
-- Up-to-date: /home/raj/robotic_arm/install/manipulator_msgs/lib/python3.12/site-packages/manipulator_msgs/action/__init__.py
Listing '/home/raj/robotic_arm/install/manipulator_msgs/lib/python3.12/site-packages/manipulator_msgs'...
Listing '/home/raj/robotic_arm/install/manipulator_msgs/lib/python3.12/site-packages/manipulator_msgs/action'...
Listing '/home/raj/robotic_arm/install/manipulator_msgs/lib/python3.12/site-packages/manipulator_msgs/srv'...
-- Up-to-date: /home/raj/robotic_arm/install/manipulator_msgs/lib/python3.12/site-packages/manipulator_msgs/manipulator_msgs_s__rosidl_typesupport_fastrtps_c.so
-- Up-to-date: /home/raj/robotic_arm/install/manipulator_msgs/lib/python3.12/site-packages/manipulator_msgs/manipulator_msgs_s__rosidl_typesupport_introspection_c.so
-- Up-to-date: /home/raj/robotic_arm/install/manipulator_msgs/lib/python3.12/site-packages/manipulator_msgs/manipulator_msgs_s__rosidl_typesupport_c.so
-- Up-to-date: /home/raj/robotic_arm/install/manipulator_msgs/lib/libmanipulator_msgs__rosidl_generator_py.so
-- Up-to-date: /home/raj/robotic_arm/install/manipulator_msgs/share/manipulator_msgs/srv/EulerToQuaternion.idl
-- Up-to-date: /home/raj/robotic_arm/install/manipulator_msgs/share/manipulator_msgs/srv/QuaternionToEuler.idl
-- Up-to-date: /home/raj/robotic_arm/install/manipulator_msgs/share/manipulator_msgs/action/ManipulatorTask.idl
-- Up-to-date: /home/raj/robotic_arm/install/manipulator_msgs/share/manipulator_msgs/srv/EulerToQuaternion.srv
-- Up-to-date: /home/raj/robotic_arm/install/manipulator_msgs/share/manipulator_msgs/srv/QuaternionToEuler.srv
-- Up-to-date: /home/raj/robotic_arm/install/manipulator_msgs/share/manipulator_msgs/action/ManipulatorTask.action
-- Up-to-date: /home/raj/robotic_arm/install/manipulator_msgs/share/ament_index/resource_index/package_run_dependencies/manipulator_msgs
-- Up-to-date: /home/raj/robotic_arm/install/manipulator_msgs/share/ament_index/resource_index/parent_prefix_path/manipulator_msgs
-- Up-to-date: /home/raj/robotic_arm/install/manipulator_msgs/share/manipulator_msgs/environment/ament_prefix_path.sh
-- Up-to-date: /home/raj/robotic_arm/install/manipulator_msgs/share/manipulator_msgs/environment/ament_prefix_path.dsv
-- Up-to-date: /home/raj/robotic_arm/install/manipulator_msgs/share/manipulator_msgs/environment/path.sh
-- Up-to-date: /home/raj/robotic_arm/install/manipulator_msgs/share/manipulator_msgs/environment/path.dsv
-- Up-to-date: /home/raj/robotic_arm/install/manipulator_msgs/share/manipulator_msgs/local_setup.bash
-- Up-to-date: /home/raj/robotic_arm/install/manipulator_msgs/share/manipulator_msgs/local_setup.sh
-- Up-to-date: /home/raj/robotic_arm/install/manipulator_msgs/share/manipulator_msgs/local_setup.zsh
-- Up-to-date: /home/raj/robotic_arm/install/manipulator_msgs/share/manipulator_msgs/local_setup.dsv
-- Installing: /home/raj/robotic_arm/install/manipulator_msgs/share/manipulator_msgs/package.dsv
-- Up-to-date: /home/raj/robotic_arm/install/manipulator_msgs/share/ament_index/resource_index/packages/manipulator_msgs
-- Up-to-date: /home/raj/robotic_arm/install/manipulator_msgs/share/manipulator_msgs/cmake/export_manipulator_msgs__rosidl_generator_cExport.cmake
-- Up-to-date: /home/raj/robotic_arm/install/manipulator_msgs/share/manipulator_msgs/cmake/export_manipulator_msgs__rosidl_generator_cExport-noconfig.cmake
-- Up-to-date: /home/raj/robotic_arm/install/manipulator_msgs/share/manipulator_msgs/cmake/export_manipulator_msgs__rosidl_typesupport_fastrtps_cExport.cmake
-- Up-to-date: /home/raj/robotic_arm/install/manipulator_msgs/share/manipulator_msgs/cmake/export_manipulator_msgs__rosidl_typesupport_fastrtps_cExport-noconfig.cmake
-- Up-to-date: /home/raj/robotic_arm/install/manipulator_msgs/share/manipulator_msgs/cmake/manipulator_msgs__rosidl_typesupport_introspection_cExport.cmake
-- Up-to-date: /home/raj/robotic_arm/install/manipulator_msgs/share/manipulator_msgs/cmake/manipulator_msgs__rosidl_typesupport_introspection_cExport-noconfig.cmake
-- Up-to-date: /home/raj/robotic_arm/install/manipulator_msgs/share/manipulator_msgs/cmake/manipulator_msgs__rosidl_typesupport_cExport.cmake
-- Up-to-date: /home/raj/robotic_arm/install/manipulator_msgs/share/manipulator_msgs/cmake/manipulator_msgs__rosidl_typesupport_cExport-noconfig.cmake
-- Up-to-date: /home/raj/robotic_arm/install/manipulator_msgs/share/manipulator_msgs/cmake/export_manipulator_msgs__rosidl_generator_cppExport.cmake
-- Up-to-date: /home/raj/robotic_arm/install/manipulator_msgs/share/manipulator_msgs/cmake/export_manipulator_msgs__rosidl_typesupport_fastrtps_cppExport.cmake
-- Up-to-date: /home/raj/robotic_arm/install/manipulator_msgs/share/manipulator_msgs/cmake/export_manipulator_msgs__rosidl_typesupport_fastrtps_cppExport-noconfig.cmake
-- Up-to-date: /home/raj/robotic_arm/install/manipulator_msgs/share/manipulator_msgs/cmake/manipulator_msgs__rosidl_typesupport_introspection_cppExport.cmake
-- Up-to-date: /home/raj/robotic_arm/install/manipulator_msgs/share/manipulator_msgs/cmake/manipulator_msgs__rosidl_typesupport_introspection_cppExport-noconfig.cmake
-- Up-to-date: /home/raj/robotic_arm/install/manipulator_msgs/share/manipulator_msgs/cmake/manipulator_msgs__rosidl_typesupport_cppExport.cmake
-- Up-to-date: /home/raj/robotic_arm/install/manipulator_msgs/share/manipulator_msgs/cmake/manipulator_msgs__rosidl_typesupport_cppExport-noconfig.cmake
-- Up-to-date: /home/raj/robotic_arm/install/manipulator_msgs/share/manipulator_msgs/cmake/export_manipulator_msgs__rosidl_generator_pyExport.cmake
-- Up-to-date: /home/raj/robotic_arm/install/manipulator_msgs/share/manipulator_msgs/cmake/export_manipulator_msgs__rosidl_generator_pyExport-noconfig.cmake
-- Up-to-date: /home/raj/robotic_arm/install/manipulator_msgs/share/manipulator_msgs/cmake/rosidl_cmake-extras.cmake
-- Up-to-date: /home/raj/robotic_arm/install/manipulator_msgs/share/manipulator_msgs/cmake/ament_cmake_export_dependencies-extras.cmake
-- Up-to-date: /home/raj/robotic_arm/install/manipulator_msgs/share/manipulator_msgs/cmake/ament_cmake_export_include_directories-extras.cmake
-- Up-to-date: /home/raj/robotic_arm/install/manipulator_msgs/share/manipulator_msgs/cmake/ament_cmake_export_libraries-extras.cmake
-- Up-to-date: /home/raj/robotic_arm/install/manipulator_msgs/share/manipulator_msgs/cmake/ament_cmake_export_targets-extras.cmake
-- Up-to-date: /home/raj/robotic_arm/install/manipulator_msgs/share/manipulator_msgs/cmake/rosidl_cmake_export_typesupport_targets-extras.cmake
-- Up-to-date: /home/raj/robotic_arm/install/manipulator_msgs/share/manipulator_msgs/cmake/rosidl_cmake_export_typesupport_libraries-extras.cmake
-- Up-to-date: /home/raj/robotic_arm/install/manipulator_msgs/share/manipulator_msgs/cmake/manipulator_msgsConfig.cmake
-- Up-to-date: /home/raj/robotic_arm/install/manipulator_msgs/share/manipulator_msgs/cmake/manipulator_msgsConfig-version.cmake
-- Up-to-date: /home/raj/robotic_arm/install/manipulator_msgs/share/manipulator_msgs/package.xml
