[0.018s] Invoking command in '/home/raj/robotic_arm/build/manipulator_msgs': CMAKE_PREFIX_PATH=${CMAKE_PREFIX_PATH}:/opt/ros/jazzy DEBUGINFOD_URLS=https://debuginfod.ubuntu.com /usr/bin/cmake --build /home/raj/robotic_arm/build/manipulator_msgs -- -j32 -l32
[0.159s] [  1%] Built target manipulator_msgs__rosidl_generator_type_description
[0.187s] [  1%] Built target ament_cmake_python_copy_manipulator_msgs
[0.217s] [  3%] Built target manipulator_msgs__cpp
[0.220s] [ 24%] Built target manipulator_msgs__rosidl_generator_c
[0.277s] [ 42%] Built target manipulator_msgs__rosidl_typesupport_introspection_c
[0.277s] [ 50%] Built target manipulator_msgs__rosidl_typesupport_c
[0.277s] [ 51%] Built target manipulator_msgs__rosidl_typesupport_introspection_cpp
[0.278s] [ 70%] Built target manipulator_msgs__rosidl_typesupport_fastrtps_c
[0.278s] [ 70%] Built target manipulator_msgs__rosidl_typesupport_cpp
[0.281s] [ 79%] Built target manipulator_msgs__rosidl_typesupport_fastrtps_cpp
[0.324s] [ 79%] Built target manipulator_msgs
[0.364s] [ 81%] Built target manipulator_msgs__py
[0.416s] [ 88%] Built target manipulator_msgs__rosidl_generator_py
[0.478s] [ 92%] Built target manipulator_msgs_s__rosidl_typesupport_fastrtps_c
[0.478s] [ 96%] Built target manipulator_msgs_s__rosidl_typesupport_introspection_c
[0.480s] [100%] Built target manipulator_msgs_s__rosidl_typesupport_c
[0.640s] running egg_info
[0.690s] writing manipulator_msgs.egg-info/PKG-INFO
[0.690s] writing dependency_links to manipulator_msgs.egg-info/dependency_links.txt
[0.691s] writing top-level names to manipulator_msgs.egg-info/top_level.txt
[0.821s] reading manifest file 'manipulator_msgs.egg-info/SOURCES.txt'
[0.822s] writing manifest file 'manipulator_msgs.egg-info/SOURCES.txt'
[0.893s] [100%] Built target ament_cmake_python_build_manipulator_msgs_egg
[0.930s] Invoked command in '/home/raj/robotic_arm/build/manipulator_msgs' returned '0': CMAKE_PREFIX_PATH=${CMAKE_PREFIX_PATH}:/opt/ros/jazzy DEBUGINFOD_URLS=https://debuginfod.ubuntu.com /usr/bin/cmake --build /home/raj/robotic_arm/build/manipulator_msgs -- -j32 -l32
[0.958s] Invoking command in '/home/raj/robotic_arm/build/manipulator_msgs': CMAKE_PREFIX_PATH=${CMAKE_PREFIX_PATH}:/opt/ros/jazzy DEBUGINFOD_URLS=https://debuginfod.ubuntu.com /usr/bin/cmake --install /home/raj/robotic_arm/build/manipulator_msgs
[0.981s] -- Install configuration: ""
[0.981s] -- Up-to-date: /home/raj/robotic_arm/install/manipulator_msgs/share/ament_index/resource_index/rosidl_interfaces/manipulator_msgs
[0.982s] -- Up-to-date: /home/raj/robotic_arm/install/manipulator_msgs/share/manipulator_msgs/srv/EulerToQuaternion.json
[0.983s] -- Up-to-date: /home/raj/robotic_arm/install/manipulator_msgs/share/manipulator_msgs/srv/QuaternionToEuler.json
[0.983s] -- Up-to-date: /home/raj/robotic_arm/install/manipulator_msgs/share/manipulator_msgs/action/ManipulatorTask.json
[0.983s] -- Up-to-date: /home/raj/robotic_arm/install/manipulator_msgs/include/manipulator_msgs/manipulator_msgs
[0.983s] -- Up-to-date: /home/raj/robotic_arm/install/manipulator_msgs/include/manipulator_msgs/manipulator_msgs/msg
[0.983s] -- Up-to-date: /home/raj/robotic_arm/install/manipulator_msgs/include/manipulator_msgs/manipulator_msgs/msg/rosidl_generator_c__visibility_control.h
[0.984s] -- Up-to-date: /home/raj/robotic_arm/install/manipulator_msgs/include/manipulator_msgs/manipulator_msgs/srv
[0.984s] -- Up-to-date: /home/raj/robotic_arm/install/manipulator_msgs/include/manipulator_msgs/manipulator_msgs/srv/detail
[0.984s] -- Up-to-date: /home/raj/robotic_arm/install/manipulator_msgs/include/manipulator_msgs/manipulator_msgs/srv/detail/quaternion_to_euler__type_support.h
[0.984s] -- Up-to-date: /home/raj/robotic_arm/install/manipulator_msgs/include/manipulator_msgs/manipulator_msgs/srv/detail/euler_to_quaternion__functions.h
[0.984s] -- Up-to-date: /home/raj/robotic_arm/install/manipulator_msgs/include/manipulator_msgs/manipulator_msgs/srv/detail/euler_to_quaternion__struct.h
[0.985s] -- Up-to-date: /home/raj/robotic_arm/install/manipulator_msgs/include/manipulator_msgs/manipulator_msgs/srv/detail/quaternion_to_euler__type_support.c
[0.985s] -- Up-to-date: /home/raj/robotic_arm/install/manipulator_msgs/include/manipulator_msgs/manipulator_msgs/srv/detail/euler_to_quaternion__type_support.c
[0.985s] -- Up-to-date: /home/raj/robotic_arm/install/manipulator_msgs/include/manipulator_msgs/manipulator_msgs/srv/detail/quaternion_to_euler__functions.c
[0.985s] -- Up-to-date: /home/raj/robotic_arm/install/manipulator_msgs/include/manipulator_msgs/manipulator_msgs/srv/detail/euler_to_quaternion__description.c
[0.985s] -- Up-to-date: /home/raj/robotic_arm/install/manipulator_msgs/include/manipulator_msgs/manipulator_msgs/srv/detail/euler_to_quaternion__functions.c
[0.985s] -- Up-to-date: /home/raj/robotic_arm/install/manipulator_msgs/include/manipulator_msgs/manipulator_msgs/srv/detail/euler_to_quaternion__type_support.h
[0.986s] -- Up-to-date: /home/raj/robotic_arm/install/manipulator_msgs/include/manipulator_msgs/manipulator_msgs/srv/detail/quaternion_to_euler__functions.h
[0.986s] -- Up-to-date: /home/raj/robotic_arm/install/manipulator_msgs/include/manipulator_msgs/manipulator_msgs/srv/detail/quaternion_to_euler__struct.h
[0.986s] -- Up-to-date: /home/raj/robotic_arm/install/manipulator_msgs/include/manipulator_msgs/manipulator_msgs/srv/detail/quaternion_to_euler__description.c
[0.986s] -- Up-to-date: /home/raj/robotic_arm/install/manipulator_msgs/include/manipulator_msgs/manipulator_msgs/srv/euler_to_quaternion.h
[0.986s] -- Up-to-date: /home/raj/robotic_arm/install/manipulator_msgs/include/manipulator_msgs/manipulator_msgs/srv/quaternion_to_euler.h
[0.987s] -- Up-to-date: /home/raj/robotic_arm/install/manipulator_msgs/include/manipulator_msgs/manipulator_msgs/action
[0.987s] -- Up-to-date: /home/raj/robotic_arm/install/manipulator_msgs/include/manipulator_msgs/manipulator_msgs/action/detail
[0.987s] -- Up-to-date: /home/raj/robotic_arm/install/manipulator_msgs/include/manipulator_msgs/manipulator_msgs/action/detail/manipulator_task__struct.h
[0.987s] -- Up-to-date: /home/raj/robotic_arm/install/manipulator_msgs/include/manipulator_msgs/manipulator_msgs/action/detail/manipulator_task__type_support.h
[0.987s] -- Up-to-date: /home/raj/robotic_arm/install/manipulator_msgs/include/manipulator_msgs/manipulator_msgs/action/detail/manipulator_task__functions.h
[0.988s] -- Up-to-date: /home/raj/robotic_arm/install/manipulator_msgs/include/manipulator_msgs/manipulator_msgs/action/detail/manipulator_task__type_support.c
[0.988s] -- Up-to-date: /home/raj/robotic_arm/install/manipulator_msgs/include/manipulator_msgs/manipulator_msgs/action/detail/manipulator_task__description.c
[0.988s] -- Up-to-date: /home/raj/robotic_arm/install/manipulator_msgs/include/manipulator_msgs/manipulator_msgs/action/detail/manipulator_task__functions.c
[0.988s] -- Up-to-date: /home/raj/robotic_arm/install/manipulator_msgs/include/manipulator_msgs/manipulator_msgs/action/manipulator_task.h
[0.988s] -- Up-to-date: /home/raj/robotic_arm/install/manipulator_msgs/share/manipulator_msgs/environment/library_path.sh
[0.988s] -- Up-to-date: /home/raj/robotic_arm/install/manipulator_msgs/share/manipulator_msgs/environment/library_path.dsv
[0.988s] -- Up-to-date: /home/raj/robotic_arm/install/manipulator_msgs/lib/libmanipulator_msgs__rosidl_generator_c.so
[0.988s] -- Up-to-date: /home/raj/robotic_arm/install/manipulator_msgs/include/manipulator_msgs/manipulator_msgs
[0.989s] -- Up-to-date: /home/raj/robotic_arm/install/manipulator_msgs/include/manipulator_msgs/manipulator_msgs/msg
[0.989s] -- Up-to-date: /home/raj/robotic_arm/install/manipulator_msgs/include/manipulator_msgs/manipulator_msgs/msg/rosidl_typesupport_fastrtps_c__visibility_control.h
[0.989s] -- Up-to-date: /home/raj/robotic_arm/install/manipulator_msgs/include/manipulator_msgs/manipulator_msgs/srv
[0.989s] -- Up-to-date: /home/raj/robotic_arm/install/manipulator_msgs/include/manipulator_msgs/manipulator_msgs/srv/detail
[0.989s] -- Up-to-date: /home/raj/robotic_arm/install/manipulator_msgs/include/manipulator_msgs/manipulator_msgs/srv/detail/quaternion_to_euler__rosidl_typesupport_fastrtps_c.h
[0.989s] -- Up-to-date: /home/raj/robotic_arm/install/manipulator_msgs/include/manipulator_msgs/manipulator_msgs/srv/detail/euler_to_quaternion__rosidl_typesupport_fastrtps_c.h
[0.989s] -- Up-to-date: /home/raj/robotic_arm/install/manipulator_msgs/include/manipulator_msgs/manipulator_msgs/action
[0.990s] -- Up-to-date: /home/raj/robotic_arm/install/manipulator_msgs/include/manipulator_msgs/manipulator_msgs/action/detail
[0.990s] -- Up-to-date: /home/raj/robotic_arm/install/manipulator_msgs/include/manipulator_msgs/manipulator_msgs/action/detail/manipulator_task__rosidl_typesupport_fastrtps_c.h
[0.991s] -- Up-to-date: /home/raj/robotic_arm/install/manipulator_msgs/lib/libmanipulator_msgs__rosidl_typesupport_fastrtps_c.so
[0.992s] -- Up-to-date: /home/raj/robotic_arm/install/manipulator_msgs/include/manipulator_msgs/manipulator_msgs
[0.992s] -- Up-to-date: /home/raj/robotic_arm/install/manipulator_msgs/include/manipulator_msgs/manipulator_msgs/msg
[0.992s] -- Up-to-date: /home/raj/robotic_arm/install/manipulator_msgs/include/manipulator_msgs/manipulator_msgs/msg/rosidl_typesupport_introspection_c__visibility_control.h
[0.992s] -- Up-to-date: /home/raj/robotic_arm/install/manipulator_msgs/include/manipulator_msgs/manipulator_msgs/srv
[0.992s] -- Up-to-date: /home/raj/robotic_arm/install/manipulator_msgs/include/manipulator_msgs/manipulator_msgs/srv/detail
[0.993s] -- Up-to-date: /home/raj/robotic_arm/install/manipulator_msgs/include/manipulator_msgs/manipulator_msgs/srv/detail/quaternion_to_euler__type_support.c
[0.993s] -- Up-to-date: /home/raj/robotic_arm/install/manipulator_msgs/include/manipulator_msgs/manipulator_msgs/srv/detail/euler_to_quaternion__type_support.c
[0.993s] -- Up-to-date: /home/raj/robotic_arm/install/manipulator_msgs/include/manipulator_msgs/manipulator_msgs/srv/detail/quaternion_to_euler__rosidl_typesupport_introspection_c.h
[0.993s] -- Up-to-date: /home/raj/robotic_arm/install/manipulator_msgs/include/manipulator_msgs/manipulator_msgs/srv/detail/euler_to_quaternion__rosidl_typesupport_introspection_c.h
[0.993s] -- Up-to-date: /home/raj/robotic_arm/install/manipulator_msgs/include/manipulator_msgs/manipulator_msgs/action
[0.993s] -- Up-to-date: /home/raj/robotic_arm/install/manipulator_msgs/include/manipulator_msgs/manipulator_msgs/action/detail
[0.993s] -- Up-to-date: /home/raj/robotic_arm/install/manipulator_msgs/include/manipulator_msgs/manipulator_msgs/action/detail/manipulator_task__rosidl_typesupport_introspection_c.h
[0.994s] -- Up-to-date: /home/raj/robotic_arm/install/manipulator_msgs/include/manipulator_msgs/manipulator_msgs/action/detail/manipulator_task__type_support.c
[0.994s] -- Up-to-date: /home/raj/robotic_arm/install/manipulator_msgs/lib/libmanipulator_msgs__rosidl_typesupport_introspection_c.so
[0.994s] -- Up-to-date: /home/raj/robotic_arm/install/manipulator_msgs/lib/libmanipulator_msgs__rosidl_typesupport_c.so
[0.994s] -- Up-to-date: /home/raj/robotic_arm/install/manipulator_msgs/include/manipulator_msgs/manipulator_msgs
[0.995s] -- Up-to-date: /home/raj/robotic_arm/install/manipulator_msgs/include/manipulator_msgs/manipulator_msgs/msg
[0.995s] -- Up-to-date: /home/raj/robotic_arm/install/manipulator_msgs/include/manipulator_msgs/manipulator_msgs/msg/rosidl_generator_cpp__visibility_control.hpp
[0.995s] -- Up-to-date: /home/raj/robotic_arm/install/manipulator_msgs/include/manipulator_msgs/manipulator_msgs/srv
[0.996s] -- Up-to-date: /home/raj/robotic_arm/install/manipulator_msgs/include/manipulator_msgs/manipulator_msgs/srv/euler_to_quaternion.hpp
[0.996s] -- Up-to-date: /home/raj/robotic_arm/install/manipulator_msgs/include/manipulator_msgs/manipulator_msgs/srv/detail
[0.996s] -- Up-to-date: /home/raj/robotic_arm/install/manipulator_msgs/include/manipulator_msgs/manipulator_msgs/srv/detail/euler_to_quaternion__traits.hpp
[0.996s] -- Up-to-date: /home/raj/robotic_arm/install/manipulator_msgs/include/manipulator_msgs/manipulator_msgs/srv/detail/quaternion_to_euler__type_support.hpp
[0.996s] -- Up-to-date: /home/raj/robotic_arm/install/manipulator_msgs/include/manipulator_msgs/manipulator_msgs/srv/detail/quaternion_to_euler__traits.hpp
[0.996s] -- Up-to-date: /home/raj/robotic_arm/install/manipulator_msgs/include/manipulator_msgs/manipulator_msgs/srv/detail/euler_to_quaternion__type_support.hpp
[0.997s] -- Up-to-date: /home/raj/robotic_arm/install/manipulator_msgs/include/manipulator_msgs/manipulator_msgs/srv/detail/euler_to_quaternion__builder.hpp
[0.997s] -- Up-to-date: /home/raj/robotic_arm/install/manipulator_msgs/include/manipulator_msgs/manipulator_msgs/srv/detail/quaternion_to_euler__struct.hpp
[0.997s] -- Up-to-date: /home/raj/robotic_arm/install/manipulator_msgs/include/manipulator_msgs/manipulator_msgs/srv/detail/quaternion_to_euler__builder.hpp
[0.997s] -- Up-to-date: /home/raj/robotic_arm/install/manipulator_msgs/include/manipulator_msgs/manipulator_msgs/srv/detail/euler_to_quaternion__struct.hpp
[0.997s] -- Up-to-date: /home/raj/robotic_arm/install/manipulator_msgs/include/manipulator_msgs/manipulator_msgs/srv/quaternion_to_euler.hpp
[0.997s] -- Up-to-date: /home/raj/robotic_arm/install/manipulator_msgs/include/manipulator_msgs/manipulator_msgs/action
[0.998s] -- Up-to-date: /home/raj/robotic_arm/install/manipulator_msgs/include/manipulator_msgs/manipulator_msgs/action/detail
[0.999s] -- Up-to-date: /home/raj/robotic_arm/install/manipulator_msgs/include/manipulator_msgs/manipulator_msgs/action/detail/manipulator_task__builder.hpp
[0.999s] -- Up-to-date: /home/raj/robotic_arm/install/manipulator_msgs/include/manipulator_msgs/manipulator_msgs/action/detail/manipulator_task__traits.hpp
[0.999s] -- Up-to-date: /home/raj/robotic_arm/install/manipulator_msgs/include/manipulator_msgs/manipulator_msgs/action/detail/manipulator_task__type_support.hpp
[0.999s] -- Up-to-date: /home/raj/robotic_arm/install/manipulator_msgs/include/manipulator_msgs/manipulator_msgs/action/detail/manipulator_task__struct.hpp
[1.000s] -- Up-to-date: /home/raj/robotic_arm/install/manipulator_msgs/include/manipulator_msgs/manipulator_msgs/action/manipulator_task.hpp
[1.000s] -- Up-to-date: /home/raj/robotic_arm/install/manipulator_msgs/include/manipulator_msgs/manipulator_msgs
[1.000s] -- Up-to-date: /home/raj/robotic_arm/install/manipulator_msgs/include/manipulator_msgs/manipulator_msgs/msg
[1.000s] -- Up-to-date: /home/raj/robotic_arm/install/manipulator_msgs/include/manipulator_msgs/manipulator_msgs/msg/rosidl_typesupport_fastrtps_cpp__visibility_control.h
[1.000s] -- Up-to-date: /home/raj/robotic_arm/install/manipulator_msgs/include/manipulator_msgs/manipulator_msgs/srv
[1.000s] -- Up-to-date: /home/raj/robotic_arm/install/manipulator_msgs/include/manipulator_msgs/manipulator_msgs/srv/detail
[1.000s] -- Up-to-date: /home/raj/robotic_arm/install/manipulator_msgs/include/manipulator_msgs/manipulator_msgs/srv/detail/quaternion_to_euler__rosidl_typesupport_fastrtps_cpp.hpp
[1.001s] -- Up-to-date: /home/raj/robotic_arm/install/manipulator_msgs/include/manipulator_msgs/manipulator_msgs/srv/detail/dds_fastrtps
[1.001s] -- Up-to-date: /home/raj/robotic_arm/install/manipulator_msgs/include/manipulator_msgs/manipulator_msgs/srv/detail/euler_to_quaternion__rosidl_typesupport_fastrtps_cpp.hpp
[1.001s] -- Up-to-date: /home/raj/robotic_arm/install/manipulator_msgs/include/manipulator_msgs/manipulator_msgs/action
[1.001s] -- Up-to-date: /home/raj/robotic_arm/install/manipulator_msgs/include/manipulator_msgs/manipulator_msgs/action/detail
[1.001s] -- Up-to-date: /home/raj/robotic_arm/install/manipulator_msgs/include/manipulator_msgs/manipulator_msgs/action/detail/manipulator_task__rosidl_typesupport_fastrtps_cpp.hpp
[1.001s] -- Up-to-date: /home/raj/robotic_arm/install/manipulator_msgs/include/manipulator_msgs/manipulator_msgs/action/detail/dds_fastrtps
[1.001s] -- Up-to-date: /home/raj/robotic_arm/install/manipulator_msgs/lib/libmanipulator_msgs__rosidl_typesupport_fastrtps_cpp.so
[1.001s] -- Up-to-date: /home/raj/robotic_arm/install/manipulator_msgs/include/manipulator_msgs/manipulator_msgs
[1.001s] -- Up-to-date: /home/raj/robotic_arm/install/manipulator_msgs/include/manipulator_msgs/manipulator_msgs/srv
[1.002s] -- Up-to-date: /home/raj/robotic_arm/install/manipulator_msgs/include/manipulator_msgs/manipulator_msgs/srv/detail
[1.002s] -- Up-to-date: /home/raj/robotic_arm/install/manipulator_msgs/include/manipulator_msgs/manipulator_msgs/srv/detail/quaternion_to_euler__type_support.cpp
[1.002s] -- Up-to-date: /home/raj/robotic_arm/install/manipulator_msgs/include/manipulator_msgs/manipulator_msgs/srv/detail/euler_to_quaternion__type_support.cpp
[1.002s] -- Up-to-date: /home/raj/robotic_arm/install/manipulator_msgs/include/manipulator_msgs/manipulator_msgs/srv/detail/euler_to_quaternion__rosidl_typesupport_introspection_cpp.hpp
[1.003s] -- Up-to-date: /home/raj/robotic_arm/install/manipulator_msgs/include/manipulator_msgs/manipulator_msgs/srv/detail/quaternion_to_euler__rosidl_typesupport_introspection_cpp.hpp
[1.003s] -- Up-to-date: /home/raj/robotic_arm/install/manipulator_msgs/include/manipulator_msgs/manipulator_msgs/action
[1.003s] -- Up-to-date: /home/raj/robotic_arm/install/manipulator_msgs/include/manipulator_msgs/manipulator_msgs/action/detail
[1.003s] -- Up-to-date: /home/raj/robotic_arm/install/manipulator_msgs/include/manipulator_msgs/manipulator_msgs/action/detail/manipulator_task__rosidl_typesupport_introspection_cpp.hpp
[1.003s] -- Up-to-date: /home/raj/robotic_arm/install/manipulator_msgs/include/manipulator_msgs/manipulator_msgs/action/detail/manipulator_task__type_support.cpp
[1.003s] -- Up-to-date: /home/raj/robotic_arm/install/manipulator_msgs/lib/libmanipulator_msgs__rosidl_typesupport_introspection_cpp.so
[1.003s] -- Up-to-date: /home/raj/robotic_arm/install/manipulator_msgs/lib/libmanipulator_msgs__rosidl_typesupport_cpp.so
[1.003s] -- Up-to-date: /home/raj/robotic_arm/install/manipulator_msgs/share/manipulator_msgs/environment/pythonpath.sh
[1.003s] -- Up-to-date: /home/raj/robotic_arm/install/manipulator_msgs/share/manipulator_msgs/environment/pythonpath.dsv
[1.004s] -- Up-to-date: /home/raj/robotic_arm/install/manipulator_msgs/lib/python3.12/site-packages/manipulator_msgs-0.0.0-py3.12.egg-info
[1.004s] -- Installing: /home/raj/robotic_arm/install/manipulator_msgs/lib/python3.12/site-packages/manipulator_msgs-0.0.0-py3.12.egg-info/PKG-INFO
[1.004s] -- Installing: /home/raj/robotic_arm/install/manipulator_msgs/lib/python3.12/site-packages/manipulator_msgs-0.0.0-py3.12.egg-info/dependency_links.txt
[1.004s] -- Installing: /home/raj/robotic_arm/install/manipulator_msgs/lib/python3.12/site-packages/manipulator_msgs-0.0.0-py3.12.egg-info/top_level.txt
[1.004s] -- Installing: /home/raj/robotic_arm/install/manipulator_msgs/lib/python3.12/site-packages/manipulator_msgs-0.0.0-py3.12.egg-info/SOURCES.txt
[1.004s] -- Up-to-date: /home/raj/robotic_arm/install/manipulator_msgs/lib/python3.12/site-packages/manipulator_msgs
[1.004s] -- Up-to-date: /home/raj/robotic_arm/install/manipulator_msgs/lib/python3.12/site-packages/manipulator_msgs/manipulator_msgs_s__rosidl_typesupport_c.so
[1.004s] -- Up-to-date: /home/raj/robotic_arm/install/manipulator_msgs/lib/python3.12/site-packages/manipulator_msgs/manipulator_msgs_s__rosidl_typesupport_fastrtps_c.so
[1.005s] -- Up-to-date: /home/raj/robotic_arm/install/manipulator_msgs/lib/python3.12/site-packages/manipulator_msgs/_manipulator_msgs_s.ep.rosidl_typesupport_introspection_c.c
[1.005s] -- Up-to-date: /home/raj/robotic_arm/install/manipulator_msgs/lib/python3.12/site-packages/manipulator_msgs/manipulator_msgs_s__rosidl_typesupport_introspection_c.so
[1.005s] -- Up-to-date: /home/raj/robotic_arm/install/manipulator_msgs/lib/python3.12/site-packages/manipulator_msgs/_manipulator_msgs_s.ep.rosidl_typesupport_c.c
[1.005s] -- Up-to-date: /home/raj/robotic_arm/install/manipulator_msgs/lib/python3.12/site-packages/manipulator_msgs/srv
[1.005s] -- Up-to-date: /home/raj/robotic_arm/install/manipulator_msgs/lib/python3.12/site-packages/manipulator_msgs/srv/_quaternion_to_euler.py
[1.005s] -- Up-to-date: /home/raj/robotic_arm/install/manipulator_msgs/lib/python3.12/site-packages/manipulator_msgs/srv/_euler_to_quaternion_s.c
[1.005s] -- Up-to-date: /home/raj/robotic_arm/install/manipulator_msgs/lib/python3.12/site-packages/manipulator_msgs/srv/__init__.py
[1.005s] -- Up-to-date: /home/raj/robotic_arm/install/manipulator_msgs/lib/python3.12/site-packages/manipulator_msgs/srv/_quaternion_to_euler_s.c
[1.006s] -- Up-to-date: /home/raj/robotic_arm/install/manipulator_msgs/lib/python3.12/site-packages/manipulator_msgs/srv/_euler_to_quaternion.py
[1.006s] -- Up-to-date: /home/raj/robotic_arm/install/manipulator_msgs/lib/python3.12/site-packages/manipulator_msgs/__init__.py
[1.006s] -- Up-to-date: /home/raj/robotic_arm/install/manipulator_msgs/lib/python3.12/site-packages/manipulator_msgs/_manipulator_msgs_s.ep.rosidl_typesupport_fastrtps_c.c
[1.006s] -- Up-to-date: /home/raj/robotic_arm/install/manipulator_msgs/lib/python3.12/site-packages/manipulator_msgs/action
[1.006s] -- Up-to-date: /home/raj/robotic_arm/install/manipulator_msgs/lib/python3.12/site-packages/manipulator_msgs/action/_manipulator_task.py
[1.006s] -- Up-to-date: /home/raj/robotic_arm/install/manipulator_msgs/lib/python3.12/site-packages/manipulator_msgs/action/_manipulator_task_s.c
[1.006s] -- Up-to-date: /home/raj/robotic_arm/install/manipulator_msgs/lib/python3.12/site-packages/manipulator_msgs/action/__init__.py
[1.072s] Listing '/home/raj/robotic_arm/install/manipulator_msgs/lib/python3.12/site-packages/manipulator_msgs'...
[1.072s] Listing '/home/raj/robotic_arm/install/manipulator_msgs/lib/python3.12/site-packages/manipulator_msgs/action'...
[1.072s] Listing '/home/raj/robotic_arm/install/manipulator_msgs/lib/python3.12/site-packages/manipulator_msgs/srv'...
[1.082s] -- Up-to-date: /home/raj/robotic_arm/install/manipulator_msgs/lib/python3.12/site-packages/manipulator_msgs/manipulator_msgs_s__rosidl_typesupport_fastrtps_c.so
[1.083s] -- Up-to-date: /home/raj/robotic_arm/install/manipulator_msgs/lib/python3.12/site-packages/manipulator_msgs/manipulator_msgs_s__rosidl_typesupport_introspection_c.so
[1.083s] -- Up-to-date: /home/raj/robotic_arm/install/manipulator_msgs/lib/python3.12/site-packages/manipulator_msgs/manipulator_msgs_s__rosidl_typesupport_c.so
[1.084s] -- Up-to-date: /home/raj/robotic_arm/install/manipulator_msgs/lib/libmanipulator_msgs__rosidl_generator_py.so
[1.085s] -- Up-to-date: /home/raj/robotic_arm/install/manipulator_msgs/share/manipulator_msgs/srv/EulerToQuaternion.idl
[1.086s] -- Up-to-date: /home/raj/robotic_arm/install/manipulator_msgs/share/manipulator_msgs/srv/QuaternionToEuler.idl
[1.086s] -- Up-to-date: /home/raj/robotic_arm/install/manipulator_msgs/share/manipulator_msgs/action/ManipulatorTask.idl
[1.086s] -- Up-to-date: /home/raj/robotic_arm/install/manipulator_msgs/share/manipulator_msgs/srv/EulerToQuaternion.srv
[1.086s] -- Up-to-date: /home/raj/robotic_arm/install/manipulator_msgs/share/manipulator_msgs/srv/QuaternionToEuler.srv
[1.086s] -- Up-to-date: /home/raj/robotic_arm/install/manipulator_msgs/share/manipulator_msgs/action/ManipulatorTask.action
[1.086s] -- Up-to-date: /home/raj/robotic_arm/install/manipulator_msgs/share/ament_index/resource_index/package_run_dependencies/manipulator_msgs
[1.087s] -- Up-to-date: /home/raj/robotic_arm/install/manipulator_msgs/share/ament_index/resource_index/parent_prefix_path/manipulator_msgs
[1.087s] -- Up-to-date: /home/raj/robotic_arm/install/manipulator_msgs/share/manipulator_msgs/environment/ament_prefix_path.sh
[1.088s] -- Up-to-date: /home/raj/robotic_arm/install/manipulator_msgs/share/manipulator_msgs/environment/ament_prefix_path.dsv
[1.088s] -- Up-to-date: /home/raj/robotic_arm/install/manipulator_msgs/share/manipulator_msgs/environment/path.sh
[1.088s] -- Up-to-date: /home/raj/robotic_arm/install/manipulator_msgs/share/manipulator_msgs/environment/path.dsv
[1.088s] -- Up-to-date: /home/raj/robotic_arm/install/manipulator_msgs/share/manipulator_msgs/local_setup.bash
[1.088s] -- Up-to-date: /home/raj/robotic_arm/install/manipulator_msgs/share/manipulator_msgs/local_setup.sh
[1.088s] -- Up-to-date: /home/raj/robotic_arm/install/manipulator_msgs/share/manipulator_msgs/local_setup.zsh
[1.088s] -- Up-to-date: /home/raj/robotic_arm/install/manipulator_msgs/share/manipulator_msgs/local_setup.dsv
[1.088s] -- Installing: /home/raj/robotic_arm/install/manipulator_msgs/share/manipulator_msgs/package.dsv
[1.089s] -- Up-to-date: /home/raj/robotic_arm/install/manipulator_msgs/share/ament_index/resource_index/packages/manipulator_msgs
[1.089s] -- Up-to-date: /home/raj/robotic_arm/install/manipulator_msgs/share/manipulator_msgs/cmake/export_manipulator_msgs__rosidl_generator_cExport.cmake
[1.089s] -- Up-to-date: /home/raj/robotic_arm/install/manipulator_msgs/share/manipulator_msgs/cmake/export_manipulator_msgs__rosidl_generator_cExport-noconfig.cmake
[1.089s] -- Up-to-date: /home/raj/robotic_arm/install/manipulator_msgs/share/manipulator_msgs/cmake/export_manipulator_msgs__rosidl_typesupport_fastrtps_cExport.cmake
[1.089s] -- Up-to-date: /home/raj/robotic_arm/install/manipulator_msgs/share/manipulator_msgs/cmake/export_manipulator_msgs__rosidl_typesupport_fastrtps_cExport-noconfig.cmake
[1.089s] -- Up-to-date: /home/raj/robotic_arm/install/manipulator_msgs/share/manipulator_msgs/cmake/manipulator_msgs__rosidl_typesupport_introspection_cExport.cmake
[1.089s] -- Up-to-date: /home/raj/robotic_arm/install/manipulator_msgs/share/manipulator_msgs/cmake/manipulator_msgs__rosidl_typesupport_introspection_cExport-noconfig.cmake
[1.089s] -- Up-to-date: /home/raj/robotic_arm/install/manipulator_msgs/share/manipulator_msgs/cmake/manipulator_msgs__rosidl_typesupport_cExport.cmake
[1.089s] -- Up-to-date: /home/raj/robotic_arm/install/manipulator_msgs/share/manipulator_msgs/cmake/manipulator_msgs__rosidl_typesupport_cExport-noconfig.cmake
[1.089s] -- Up-to-date: /home/raj/robotic_arm/install/manipulator_msgs/share/manipulator_msgs/cmake/export_manipulator_msgs__rosidl_generator_cppExport.cmake
[1.090s] -- Up-to-date: /home/raj/robotic_arm/install/manipulator_msgs/share/manipulator_msgs/cmake/export_manipulator_msgs__rosidl_typesupport_fastrtps_cppExport.cmake
[1.090s] -- Up-to-date: /home/raj/robotic_arm/install/manipulator_msgs/share/manipulator_msgs/cmake/export_manipulator_msgs__rosidl_typesupport_fastrtps_cppExport-noconfig.cmake
[1.090s] -- Up-to-date: /home/raj/robotic_arm/install/manipulator_msgs/share/manipulator_msgs/cmake/manipulator_msgs__rosidl_typesupport_introspection_cppExport.cmake
[1.090s] -- Up-to-date: /home/raj/robotic_arm/install/manipulator_msgs/share/manipulator_msgs/cmake/manipulator_msgs__rosidl_typesupport_introspection_cppExport-noconfig.cmake
[1.090s] -- Up-to-date: /home/raj/robotic_arm/install/manipulator_msgs/share/manipulator_msgs/cmake/manipulator_msgs__rosidl_typesupport_cppExport.cmake
[1.090s] -- Up-to-date: /home/raj/robotic_arm/install/manipulator_msgs/share/manipulator_msgs/cmake/manipulator_msgs__rosidl_typesupport_cppExport-noconfig.cmake
[1.090s] -- Up-to-date: /home/raj/robotic_arm/install/manipulator_msgs/share/manipulator_msgs/cmake/export_manipulator_msgs__rosidl_generator_pyExport.cmake
[1.090s] -- Up-to-date: /home/raj/robotic_arm/install/manipulator_msgs/share/manipulator_msgs/cmake/export_manipulator_msgs__rosidl_generator_pyExport-noconfig.cmake
[1.090s] -- Up-to-date: /home/raj/robotic_arm/install/manipulator_msgs/share/manipulator_msgs/cmake/rosidl_cmake-extras.cmake
[1.090s] -- Up-to-date: /home/raj/robotic_arm/install/manipulator_msgs/share/manipulator_msgs/cmake/ament_cmake_export_dependencies-extras.cmake
[1.090s] -- Up-to-date: /home/raj/robotic_arm/install/manipulator_msgs/share/manipulator_msgs/cmake/ament_cmake_export_include_directories-extras.cmake
[1.090s] -- Up-to-date: /home/raj/robotic_arm/install/manipulator_msgs/share/manipulator_msgs/cmake/ament_cmake_export_libraries-extras.cmake
[1.091s] -- Up-to-date: /home/raj/robotic_arm/install/manipulator_msgs/share/manipulator_msgs/cmake/ament_cmake_export_targets-extras.cmake
[1.091s] -- Up-to-date: /home/raj/robotic_arm/install/manipulator_msgs/share/manipulator_msgs/cmake/rosidl_cmake_export_typesupport_targets-extras.cmake
[1.091s] -- Up-to-date: /home/raj/robotic_arm/install/manipulator_msgs/share/manipulator_msgs/cmake/rosidl_cmake_export_typesupport_libraries-extras.cmake
[1.091s] -- Up-to-date: /home/raj/robotic_arm/install/manipulator_msgs/share/manipulator_msgs/cmake/manipulator_msgsConfig.cmake
[1.091s] -- Up-to-date: /home/raj/robotic_arm/install/manipulator_msgs/share/manipulator_msgs/cmake/manipulator_msgsConfig-version.cmake
[1.091s] -- Up-to-date: /home/raj/robotic_arm/install/manipulator_msgs/share/manipulator_msgs/package.xml
[1.094s] Invoked command in '/home/raj/robotic_arm/build/manipulator_msgs' returned '0': CMAKE_PREFIX_PATH=${CMAKE_PREFIX_PATH}:/opt/ros/jazzy DEBUGINFOD_URLS=https://debuginfod.ubuntu.com /usr/bin/cmake --install /home/raj/robotic_arm/build/manipulator_msgs
