[0.350s] Invoking command in '/home/raj/robotic_arm/build/manipulator_moveit': CMAKE_PREFIX_PATH=${CMAKE_PREFIX_PATH}:/home/raj/robotic_arm/install/manipulator_utils:/home/raj/robotic_arm/install/manipulator_description:/home/raj/robotic_arm/install/manipulator_controller:/opt/ros/jazzy DEBUGINFOD_URLS=https://debuginfod.ubuntu.com /usr/bin/cmake --build /home/raj/robotic_arm/build/manipulator_moveit -- -j32 -l32
[0.374s] -- Found ament_cmake: 2.5.5 (/opt/ros/jazzy/share/ament_cmake/cmake)
[0.519s] -- Found ament_lint_auto: 0.17.4 (/opt/ros/jazzy/share/ament_lint_auto/cmake)
[0.575s] -- Added test 'flake8' to check Python code syntax and style conventions
[0.575s] -- Configured 'flake8' exclude dirs and/or files: 
[0.576s] -- Added test 'lint_cmake' to check CMake code style
[0.576s] -- Added test 'pep257' to check Python code against some of the docstring style conventions in PEP 257
[0.578s] -- Added test 'xmllint' to check XML markup files
[0.578s] -- Configuring done (0.2s)
[0.580s] -- Generating done (0.0s)
[0.581s] -- Build files have been written to: /home/raj/robotic_arm/build/manipulator_moveit
[0.601s] Invoked command in '/home/raj/robotic_arm/build/manipulator_moveit' returned '0': CMAKE_PREFIX_PATH=${CMAKE_PREFIX_PATH}:/home/raj/robotic_arm/install/manipulator_utils:/home/raj/robotic_arm/install/manipulator_description:/home/raj/robotic_arm/install/manipulator_controller:/opt/ros/jazzy DEBUGINFOD_URLS=https://debuginfod.ubuntu.com /usr/bin/cmake --build /home/raj/robotic_arm/build/manipulator_moveit -- -j32 -l32
[0.602s] Invoking command in '/home/raj/robotic_arm/build/manipulator_moveit': CMAKE_PREFIX_PATH=${CMAKE_PREFIX_PATH}:/home/raj/robotic_arm/install/manipulator_utils:/home/raj/robotic_arm/install/manipulator_description:/home/raj/robotic_arm/install/manipulator_controller:/opt/ros/jazzy DEBUGINFOD_URLS=https://debuginfod.ubuntu.com /usr/bin/cmake --install /home/raj/robotic_arm/build/manipulator_moveit
[0.608s] -- Install configuration: ""
[0.609s] -- Installing: /home/raj/robotic_arm/install/manipulator_moveit/share/manipulator_moveit/launch
[0.609s] -- Installing: /home/raj/robotic_arm/install/manipulator_moveit/share/manipulator_moveit/launch/moveit.launch.py
[0.609s] -- Installing: /home/raj/robotic_arm/install/manipulator_moveit/share/manipulator_moveit/config
[0.609s] -- Installing: /home/raj/robotic_arm/install/manipulator_moveit/share/manipulator_moveit/config/pilz_cartesian_limits.yaml
[0.609s] -- Installing: /home/raj/robotic_arm/install/manipulator_moveit/share/manipulator_moveit/config/initial_position.yaml
[0.609s] -- Installing: /home/raj/robotic_arm/install/manipulator_moveit/share/manipulator_moveit/config/moveit_controller.yaml
[0.609s] -- Installing: /home/raj/robotic_arm/install/manipulator_moveit/share/manipulator_moveit/config/joint_limit.yaml
[0.609s] -- Installing: /home/raj/robotic_arm/install/manipulator_moveit/share/manipulator_moveit/config/kinematic.yaml
[0.609s] -- Installing: /home/raj/robotic_arm/install/manipulator_moveit/share/manipulator_moveit/config/manipulator.srdf
[0.609s] -- Installing: /home/raj/robotic_arm/install/manipulator_moveit/share/ament_index/resource_index/package_run_dependencies/manipulator_moveit
[0.609s] -- Up-to-date: /home/raj/robotic_arm/install/manipulator_moveit/share/ament_index/resource_index/parent_prefix_path/manipulator_moveit
[0.609s] -- Up-to-date: /home/raj/robotic_arm/install/manipulator_moveit/share/manipulator_moveit/environment/ament_prefix_path.sh
[0.609s] -- Up-to-date: /home/raj/robotic_arm/install/manipulator_moveit/share/manipulator_moveit/environment/ament_prefix_path.dsv
[0.609s] -- Up-to-date: /home/raj/robotic_arm/install/manipulator_moveit/share/manipulator_moveit/environment/path.sh
[0.609s] -- Up-to-date: /home/raj/robotic_arm/install/manipulator_moveit/share/manipulator_moveit/environment/path.dsv
[0.609s] -- Up-to-date: /home/raj/robotic_arm/install/manipulator_moveit/share/manipulator_moveit/local_setup.bash
[0.610s] -- Up-to-date: /home/raj/robotic_arm/install/manipulator_moveit/share/manipulator_moveit/local_setup.sh
[0.610s] -- Up-to-date: /home/raj/robotic_arm/install/manipulator_moveit/share/manipulator_moveit/local_setup.zsh
[0.610s] -- Up-to-date: /home/raj/robotic_arm/install/manipulator_moveit/share/manipulator_moveit/local_setup.dsv
[0.610s] -- Up-to-date: /home/raj/robotic_arm/install/manipulator_moveit/share/manipulator_moveit/package.dsv
[0.610s] -- Up-to-date: /home/raj/robotic_arm/install/manipulator_moveit/share/ament_index/resource_index/packages/manipulator_moveit
[0.610s] -- Up-to-date: /home/raj/robotic_arm/install/manipulator_moveit/share/manipulator_moveit/cmake/manipulator_moveitConfig.cmake
[0.610s] -- Up-to-date: /home/raj/robotic_arm/install/manipulator_moveit/share/manipulator_moveit/cmake/manipulator_moveitConfig-version.cmake
[0.610s] -- Installing: /home/raj/robotic_arm/install/manipulator_moveit/share/manipulator_moveit/package.xml
[0.611s] Invoked command in '/home/raj/robotic_arm/build/manipulator_moveit' returned '0': CMAKE_PREFIX_PATH=${CMAKE_PREFIX_PATH}:/home/raj/robotic_arm/install/manipulator_utils:/home/raj/robotic_arm/install/manipulator_description:/home/raj/robotic_arm/install/manipulator_controller:/opt/ros/jazzy DEBUGINFOD_URLS=https://debuginfod.ubuntu.com /usr/bin/cmake --install /home/raj/robotic_arm/build/manipulator_moveit
