[0.684s] Invoking command in '/home/raj/robotic_arm/src/manipulator_controller': DEBUGINFOD_URLS=https://debuginfod.ubuntu.com PYTHONPATH=/home/raj/robotic_arm/build/manipulator_controller/prefix_override:/usr/lib/python3/dist-packages/colcon_core/task/python/colcon_distutils_commands:/home/raj/robotic_arm/install/manipulator_controller/lib/python3.12/site-packages:${PYTHONPATH} /usr/bin/python3 -W ignore:setup.py install is deprecated -W ignore:easy_install command is deprecated setup.py egg_info --egg-base ../../build/manipulator_controller build --build-base /home/raj/robotic_arm/build/manipulator_controller/build install --record /home/raj/robotic_arm/build/manipulator_controller/install.log --single-version-externally-managed install_data
[0.820s] running egg_info
[0.829s] writing ../../build/manipulator_controller/manipulator_controller.egg-info/PKG-INFO
[0.829s] writing dependency_links to ../../build/manipulator_controller/manipulator_controller.egg-info/dependency_links.txt
[0.829s] writing requirements to ../../build/manipulator_controller/manipulator_controller.egg-info/requires.txt
[0.829s] writing top-level names to ../../build/manipulator_controller/manipulator_controller.egg-info/top_level.txt
[0.848s] reading manifest file '../../build/manipulator_controller/manipulator_controller.egg-info/SOURCES.txt'
[0.849s] writing manifest file '../../build/manipulator_controller/manipulator_controller.egg-info/SOURCES.txt'
[0.849s] running build
[0.849s] running build_py
[0.849s] running install
[0.852s] running install_lib
[0.862s] running install_data
[0.862s] copying launch/bringup.launch.py -> /home/raj/robotic_arm/install/manipulator_controller/share/manipulator_controller/launch
[0.862s] running install_egg_info
[0.872s] removing '/home/raj/robotic_arm/install/manipulator_controller/lib/python3.12/site-packages/manipulator_controller-0.0.0-py3.12.egg-info' (and everything under it)
[0.873s] Copying ../../build/manipulator_controller/manipulator_controller.egg-info to /home/raj/robotic_arm/install/manipulator_controller/lib/python3.12/site-packages/manipulator_controller-0.0.0-py3.12.egg-info
[0.873s] running install_scripts
[0.944s] writing list of installed files to '/home/raj/robotic_arm/build/manipulator_controller/install.log'
[0.959s] Invoked command in '/home/raj/robotic_arm/src/manipulator_controller' returned '0': DEBUGINFOD_URLS=https://debuginfod.ubuntu.com PYTHONPATH=/home/raj/robotic_arm/build/manipulator_controller/prefix_override:/usr/lib/python3/dist-packages/colcon_core/task/python/colcon_distutils_commands:/home/raj/robotic_arm/install/manipulator_controller/lib/python3.12/site-packages:${PYTHONPATH} /usr/bin/python3 -W ignore:setup.py install is deprecated -W ignore:easy_install command is deprecated setup.py egg_info --egg-base ../../build/manipulator_controller build --build-base /home/raj/robotic_arm/build/manipulator_controller/build install --record /home/raj/robotic_arm/build/manipulator_controller/install.log --single-version-externally-managed install_data
