running egg_info
writing ../build/manipulator_utils/manipulator_utils.egg-info/PKG-INFO
writing dependency_links to ../build/manipulator_utils/manipulator_utils.egg-info/dependency_links.txt
writing entry points to ../build/manipulator_utils/manipulator_utils.egg-info/entry_points.txt
writing requirements to ../build/manipulator_utils/manipulator_utils.egg-info/requires.txt
writing top-level names to ../build/manipulator_utils/manipulator_utils.egg-info/top_level.txt
reading manifest file '../build/manipulator_utils/manipulator_utils.egg-info/SOURCES.txt'
writing manifest file '../build/manipulator_utils/manipulator_utils.egg-info/SOURCES.txt'
running build
running build_py
copying manipulator_utils/angle_conversion.py -> /home/raj/robotic_arm/src/build/manipulator_utils/build/lib/manipulator_utils
running install
running install_lib
copying /home/raj/robotic_arm/src/build/manipulator_utils/build/lib/manipulator_utils/angle_conversion.py -> /home/raj/robotic_arm/src/install/manipulator_utils/lib/python3.12/site-packages/manipulator_utils
byte-compiling /home/raj/robotic_arm/src/install/manipulator_utils/lib/python3.12/site-packages/manipulator_utils/angle_conversion.py to angle_conversion.cpython-312.pyc
running install_data
running install_egg_info
removing '/home/raj/robotic_arm/src/install/manipulator_utils/lib/python3.12/site-packages/manipulator_utils-0.0.0-py3.12.egg-info' (and everything under it)
Copying ../build/manipulator_utils/manipulator_utils.egg-info to /home/raj/robotic_arm/src/install/manipulator_utils/lib/python3.12/site-packages/manipulator_utils-0.0.0-py3.12.egg-info
running install_scripts
Installing angle_convertor script to /home/raj/robotic_arm/src/install/manipulator_utils/lib/manipulator_utils
writing list of installed files to '/home/raj/robotic_arm/src/build/manipulator_utils/install.log'
