[0.760s] Invoking command in '/home/raj/manipulator_ws/src/manipulator_controller': PYTHONPATH=/home/raj/manipulator_ws/build/manipulator_controller/prefix_override:/usr/lib/python3/dist-packages/colcon_core/task/python/colcon_distutils_commands:/home/raj/manipulator_ws/install/manipulator_controller/lib/python3.10/site-packages:${PYTHONPATH} /usr/bin/python3 -W ignore:setup.py install is deprecated -W ignore:easy_install command is deprecated setup.py egg_info --egg-base ../../build/manipulator_controller build --build-base /home/raj/manipulator_ws/build/manipulator_controller/build install --record /home/raj/manipulator_ws/build/manipulator_controller/install.log --single-version-externally-managed install_data
[0.961s] running egg_info
[0.962s] creating ../../build/manipulator_controller/manipulator_controller.egg-info
[0.962s] writing ../../build/manipulator_controller/manipulator_controller.egg-info/PKG-INFO
[0.962s] writing dependency_links to ../../build/manipulator_controller/manipulator_controller.egg-info/dependency_links.txt
[0.963s] writing entry points to ../../build/manipulator_controller/manipulator_controller.egg-info/entry_points.txt
[0.963s] writing requirements to ../../build/manipulator_controller/manipulator_controller.egg-info/requires.txt
[0.963s] writing top-level names to ../../build/manipulator_controller/manipulator_controller.egg-info/top_level.txt
[0.963s] writing manifest file '../../build/manipulator_controller/manipulator_controller.egg-info/SOURCES.txt'
[0.964s] reading manifest file '../../build/manipulator_controller/manipulator_controller.egg-info/SOURCES.txt'
[0.965s] writing manifest file '../../build/manipulator_controller/manipulator_controller.egg-info/SOURCES.txt'
[0.965s] running build
[0.965s] running build_py
[0.965s] creating /home/raj/manipulator_ws/build/manipulator_controller/build
[0.965s] creating /home/raj/manipulator_ws/build/manipulator_controller/build/lib
[0.965s] creating /home/raj/manipulator_ws/build/manipulator_controller/build/lib/manipulator_controller
[0.965s] copying manipulator_controller/__init__.py -> /home/raj/manipulator_ws/build/manipulator_controller/build/lib/manipulator_controller
[0.965s] running install
[0.966s] running install_lib
[0.967s] creating /home/raj/manipulator_ws/install/manipulator_controller/lib/python3.10/site-packages/manipulator_controller
[0.967s] copying /home/raj/manipulator_ws/build/manipulator_controller/build/lib/manipulator_controller/__init__.py -> /home/raj/manipulator_ws/install/manipulator_controller/lib/python3.10/site-packages/manipulator_controller
[0.967s] byte-compiling /home/raj/manipulator_ws/install/manipulator_controller/lib/python3.10/site-packages/manipulator_controller/__init__.py to __init__.cpython-310.pyc
[0.967s] running install_data
[0.967s] creating /home/raj/manipulator_ws/install/manipulator_controller/share/ament_index
[0.967s] creating /home/raj/manipulator_ws/install/manipulator_controller/share/ament_index/resource_index
[0.967s] creating /home/raj/manipulator_ws/install/manipulator_controller/share/ament_index/resource_index/packages
[0.967s] copying resource/manipulator_controller -> /home/raj/manipulator_ws/install/manipulator_controller/share/ament_index/resource_index/packages
[0.967s] copying package.xml -> /home/raj/manipulator_ws/install/manipulator_controller/share/manipulator_controller
[0.968s] running install_egg_info
[0.969s] Copying ../../build/manipulator_controller/manipulator_controller.egg-info to /home/raj/manipulator_ws/install/manipulator_controller/lib/python3.10/site-packages/manipulator_controller-0.0.0-py3.10.egg-info
[0.970s] running install_scripts
[0.987s] writing list of installed files to '/home/raj/manipulator_ws/build/manipulator_controller/install.log'
[1.009s] Invoked command in '/home/raj/manipulator_ws/src/manipulator_controller' returned '0': PYTHONPATH=/home/raj/manipulator_ws/build/manipulator_controller/prefix_override:/usr/lib/python3/dist-packages/colcon_core/task/python/colcon_distutils_commands:/home/raj/manipulator_ws/install/manipulator_controller/lib/python3.10/site-packages:${PYTHONPATH} /usr/bin/python3 -W ignore:setup.py install is deprecated -W ignore:easy_install command is deprecated setup.py egg_info --egg-base ../../build/manipulator_controller build --build-base /home/raj/manipulator_ws/build/manipulator_controller/build install --record /home/raj/manipulator_ws/build/manipulator_controller/install.log --single-version-externally-managed install_data
