running egg_info
creating ../../build/manipulator_utils/manipulator_utils.egg-info
writing ../../build/manipulator_utils/manipulator_utils.egg-info/PKG-INFO
writing dependency_links to ../../build/manipulator_utils/manipulator_utils.egg-info/dependency_links.txt
writing requirements to ../../build/manipulator_utils/manipulator_utils.egg-info/requires.txt
writing top-level names to ../../build/manipulator_utils/manipulator_utils.egg-info/top_level.txt
writing manifest file '../../build/manipulator_utils/manipulator_utils.egg-info/SOURCES.txt'
reading manifest file '../../build/manipulator_utils/manipulator_utils.egg-info/SOURCES.txt'
writing manifest file '../../build/manipulator_utils/manipulator_utils.egg-info/SOURCES.txt'
running build
running build_py
creating /home/raj/robotic_arm/build/manipulator_utils/build
creating /home/raj/robotic_arm/build/manipulator_utils/build/lib
creating /home/raj/robotic_arm/build/manipulator_utils/build/lib/manipulator_utils
copying manipulator_utils/__init__.py -> /home/raj/robotic_arm/build/manipulator_utils/build/lib/manipulator_utils
running install
running install_lib
creating /home/raj/robotic_arm/install/manipulator_utils/lib/python3.12/site-packages/manipulator_utils
copying /home/raj/robotic_arm/build/manipulator_utils/build/lib/manipulator_utils/__init__.py -> /home/raj/robotic_arm/install/manipulator_utils/lib/python3.12/site-packages/manipulator_utils
byte-compiling /home/raj/robotic_arm/install/manipulator_utils/lib/python3.12/site-packages/manipulator_utils/__init__.py to __init__.cpython-312.pyc
running install_data
creating /home/raj/robotic_arm/install/manipulator_utils/share/ament_index
creating /home/raj/robotic_arm/install/manipulator_utils/share/ament_index/resource_index
creating /home/raj/robotic_arm/install/manipulator_utils/share/ament_index/resource_index/packages
copying resource/manipulator_utils -> /home/raj/robotic_arm/install/manipulator_utils/share/ament_index/resource_index/packages
copying package.xml -> /home/raj/robotic_arm/install/manipulator_utils/share/manipulator_utils
running install_egg_info
Copying ../../build/manipulator_utils/manipulator_utils.egg-info to /home/raj/robotic_arm/install/manipulator_utils/lib/python3.12/site-packages/manipulator_utils-0.0.0-py3.12.egg-info
running install_scripts
writing list of installed files to '/home/raj/robotic_arm/build/manipulator_utils/install.log'
