[0.800s] Invoking command in '/home/raj/robotic_arm/src/manipulator_utils': DEBUGINFOD_URLS=https://debuginfod.ubuntu.com PYTHONPATH=/home/raj/robotic_arm/build/manipulator_utils/prefix_override:/usr/lib/python3/dist-packages/colcon_core/task/python/colcon_distutils_commands:/home/raj/robotic_arm/install/manipulator_utils/lib/python3.12/site-packages:${PYTHONPATH} /usr/bin/python3 -W ignore:setup.py install is deprecated -W ignore:easy_install command is deprecated setup.py egg_info --egg-base ../../build/manipulator_utils build --build-base /home/raj/robotic_arm/build/manipulator_utils/build install --record /home/raj/robotic_arm/build/manipulator_utils/install.log --single-version-externally-managed install_data
[0.943s] running egg_info
[0.943s] creating ../../build/manipulator_utils/manipulator_utils.egg-info
[0.952s] writing ../../build/manipulator_utils/manipulator_utils.egg-info/PKG-INFO
[0.952s] writing dependency_links to ../../build/manipulator_utils/manipulator_utils.egg-info/dependency_links.txt
[0.952s] writing requirements to ../../build/manipulator_utils/manipulator_utils.egg-info/requires.txt
[0.952s] writing top-level names to ../../build/manipulator_utils/manipulator_utils.egg-info/top_level.txt
[0.952s] writing manifest file '../../build/manipulator_utils/manipulator_utils.egg-info/SOURCES.txt'
[0.971s] reading manifest file '../../build/manipulator_utils/manipulator_utils.egg-info/SOURCES.txt'
[0.971s] writing manifest file '../../build/manipulator_utils/manipulator_utils.egg-info/SOURCES.txt'
[0.971s] running build
[0.971s] running build_py
[0.971s] creating /home/raj/robotic_arm/build/manipulator_utils/build
[0.971s] creating /home/raj/robotic_arm/build/manipulator_utils/build/lib
[0.971s] creating /home/raj/robotic_arm/build/manipulator_utils/build/lib/manipulator_utils
[0.971s] copying manipulator_utils/__init__.py -> /home/raj/robotic_arm/build/manipulator_utils/build/lib/manipulator_utils
[0.971s] running install
[0.975s] running install_lib
[0.984s] creating /home/raj/robotic_arm/install/manipulator_utils/lib/python3.12/site-packages/manipulator_utils
[0.984s] copying /home/raj/robotic_arm/build/manipulator_utils/build/lib/manipulator_utils/__init__.py -> /home/raj/robotic_arm/install/manipulator_utils/lib/python3.12/site-packages/manipulator_utils
[0.984s] byte-compiling /home/raj/robotic_arm/install/manipulator_utils/lib/python3.12/site-packages/manipulator_utils/__init__.py to __init__.cpython-312.pyc
[0.984s] running install_data
[0.984s] creating /home/raj/robotic_arm/install/manipulator_utils/share/ament_index
[0.985s] creating /home/raj/robotic_arm/install/manipulator_utils/share/ament_index/resource_index
[0.985s] creating /home/raj/robotic_arm/install/manipulator_utils/share/ament_index/resource_index/packages
[0.985s] copying resource/manipulator_utils -> /home/raj/robotic_arm/install/manipulator_utils/share/ament_index/resource_index/packages
[0.985s] copying package.xml -> /home/raj/robotic_arm/install/manipulator_utils/share/manipulator_utils
[0.985s] running install_egg_info
[0.994s] Copying ../../build/manipulator_utils/manipulator_utils.egg-info to /home/raj/robotic_arm/install/manipulator_utils/lib/python3.12/site-packages/manipulator_utils-0.0.0-py3.12.egg-info
[0.995s] running install_scripts
[1.068s] writing list of installed files to '/home/raj/robotic_arm/build/manipulator_utils/install.log'
[1.092s] Invoked command in '/home/raj/robotic_arm/src/manipulator_utils' returned '0': DEBUGINFOD_URLS=https://debuginfod.ubuntu.com PYTHONPATH=/home/raj/robotic_arm/build/manipulator_utils/prefix_override:/usr/lib/python3/dist-packages/colcon_core/task/python/colcon_distutils_commands:/home/raj/robotic_arm/install/manipulator_utils/lib/python3.12/site-packages:${PYTHONPATH} /usr/bin/python3 -W ignore:setup.py install is deprecated -W ignore:easy_install command is deprecated setup.py egg_info --egg-base ../../build/manipulator_utils build --build-base /home/raj/robotic_arm/build/manipulator_utils/build install --record /home/raj/robotic_arm/build/manipulator_utils/install.log --single-version-externally-managed install_data
