[0.596s] Invoking command in '/home/raj/robotic_arm/src/simple_task': AMENT_PREFIX_PATH=/home/raj/robotic_arm/install/manipulator_msgs:${AMENT_PREFIX_PATH} CMAKE_PREFIX_PATH=/home/raj/robotic_arm/install/manipulator_msgs:${CMAKE_PREFIX_PATH} DEBUGINFOD_URLS=https://debuginfod.ubuntu.com LD_LIBRARY_PATH=/home/raj/robotic_arm/install/manipulator_msgs/lib:${LD_LIBRARY_PATH} PYTHONPATH=/home/raj/robotic_arm/build/simple_task/prefix_override:/usr/lib/python3/dist-packages/colcon_core/task/python/colcon_distutils_commands:/home/raj/robotic_arm/install/simple_task/lib/python3.12/site-packages:/home/raj/robotic_arm/install/manipulator_msgs/lib/python3.12/site-packages:${PYTHONPATH} /usr/bin/python3 -W ignore:setup.py install is deprecated -W ignore:easy_install command is deprecated setup.py egg_info --egg-base ../../build/simple_task build --build-base /home/raj/robotic_arm/build/simple_task/build install --record /home/raj/robotic_arm/build/simple_task/install.log --single-version-externally-managed install_data
[0.733s] running egg_info
[0.742s] writing ../../build/simple_task/simple_task.egg-info/PKG-INFO
[0.742s] writing dependency_links to ../../build/simple_task/simple_task.egg-info/dependency_links.txt
[0.743s] writing entry points to ../../build/simple_task/simple_task.egg-info/entry_points.txt
[0.743s] writing requirements to ../../build/simple_task/simple_task.egg-info/requires.txt
[0.743s] writing top-level names to ../../build/simple_task/simple_task.egg-info/top_level.txt
[0.761s] reading manifest file '../../build/simple_task/simple_task.egg-info/SOURCES.txt'
[0.762s] writing manifest file '../../build/simple_task/simple_task.egg-info/SOURCES.txt'
[0.762s] running build
[0.762s] running build_py
[0.762s] running install
[0.765s] running install_lib
[0.775s] running install_data
[0.775s] running install_egg_info
[0.785s] removing '/home/raj/robotic_arm/install/simple_task/lib/python3.12/site-packages/simple_task-0.0.0-py3.12.egg-info' (and everything under it)
[0.785s] Copying ../../build/simple_task/simple_task.egg-info to /home/raj/robotic_arm/install/simple_task/lib/python3.12/site-packages/simple_task-0.0.0-py3.12.egg-info
[0.785s] running install_scripts
[0.857s] Installing simple_moveit_interface script to /home/raj/robotic_arm/install/simple_task/lib/simple_task
[0.857s] writing list of installed files to '/home/raj/robotic_arm/build/simple_task/install.log'
[0.875s] Invoked command in '/home/raj/robotic_arm/src/simple_task' returned '0': AMENT_PREFIX_PATH=/home/raj/robotic_arm/install/manipulator_msgs:${AMENT_PREFIX_PATH} CMAKE_PREFIX_PATH=/home/raj/robotic_arm/install/manipulator_msgs:${CMAKE_PREFIX_PATH} DEBUGINFOD_URLS=https://debuginfod.ubuntu.com LD_LIBRARY_PATH=/home/raj/robotic_arm/install/manipulator_msgs/lib:${LD_LIBRARY_PATH} PYTHONPATH=/home/raj/robotic_arm/build/simple_task/prefix_override:/usr/lib/python3/dist-packages/colcon_core/task/python/colcon_distutils_commands:/home/raj/robotic_arm/install/simple_task/lib/python3.12/site-packages:/home/raj/robotic_arm/install/manipulator_msgs/lib/python3.12/site-packages:${PYTHONPATH} /usr/bin/python3 -W ignore:setup.py install is deprecated -W ignore:easy_install command is deprecated setup.py egg_info --egg-base ../../build/simple_task build --build-base /home/raj/robotic_arm/build/simple_task/build install --record /home/raj/robotic_arm/build/simple_task/install.log --single-version-externally-managed install_data
