[0.012s] Invoking command in '/home/raj/robotic_arm/build/manipulator_remote': AMENT_PREFIX_PATH=/home/raj/robotic_arm/install/manipulator_msgs:/home/raj/robotic_arm/install/manipulator_moveit:${AMENT_PREFIX_PATH} CMAKE_PREFIX_PATH=/home/raj/robotic_arm/install/manipulator_msgs:/home/raj/robotic_arm/install/manipulator_moveit:/opt/ros/jazzy/opt/gz_sim_vendor:/opt/ros/jazzy/opt/gz_sensors_vendor:/opt/ros/jazzy/opt/gz_physics_vendor:/opt/ros/jazzy/opt/sdformat_vendor:/opt/ros/jazzy/opt/gz_gui_vendor:/opt/ros/jazzy/opt/gz_transport_vendor:/opt/ros/jazzy/opt/gz_rendering_vendor:/opt/ros/jazzy/opt/gz_plugin_vendor:/opt/ros/jazzy/opt/gz_fuel_tools_vendor:/opt/ros/jazzy/opt/gz_msgs_vendor:/opt/ros/jazzy/opt/gz_common_vendor:/opt/ros/jazzy/opt/gz_math_vendor:/opt/ros/jazzy/opt/gz_utils_vendor:/opt/ros/jazzy/opt/gz_tools_vendor:/opt/ros/jazzy/opt/gz_ogre_next_vendor:/opt/ros/jazzy/opt/gz_dartsim_vendor:/opt/ros/jazzy/opt/gz_cmake_vendor:/opt/ros/jazzy DEBUGINFOD_URLS=https://debuginfod.ubuntu.com LD_LIBRARY_PATH=/home/raj/robotic_arm/install/manipulator_msgs/lib:${LD_LIBRARY_PATH} PYTHONPATH=/home/raj/robotic_arm/install/manipulator_msgs/lib/python3.12/site-packages:${PYTHONPATH} /usr/bin/cmake --build /home/raj/robotic_arm/build/manipulator_remote -- -j32 -l32
[0.138s] -- Found ament_cmake: 2.5.5 (/opt/ros/jazzy/share/ament_cmake/cmake)
[0.181s] -- Found rclpy: 7.1.9 (/opt/ros/jazzy/share/rclpy/cmake)
[0.181s] -- Found manipulator_msgs: 0.0.0 (/home/raj/robotic_arm/install/manipulator_msgs/share/manipulator_msgs/cmake)
[0.205s] -- Found rosidl_generator_c: 4.6.7 (/opt/ros/jazzy/share/rosidl_generator_c/cmake)
[0.211s] -- Found rosidl_generator_cpp: 4.6.7 (/opt/ros/jazzy/share/rosidl_generator_cpp/cmake)
[0.220s] -- Using all available rosidl_typesupport_c: rosidl_typesupport_fastrtps_c;rosidl_typesupport_introspection_c
[0.230s] -- Using all available rosidl_typesupport_cpp: rosidl_typesupport_fastrtps_cpp;rosidl_typesupport_introspection_cpp
[0.347s] -- Found ament_lint_auto: 0.17.4 (/opt/ros/jazzy/share/ament_lint_auto/cmake)
[0.405s] -- Added test 'flake8' to check Python code syntax and style conventions
[0.405s] -- Configured 'flake8' exclude dirs and/or files: 
[0.405s] -- Added test 'lint_cmake' to check CMake code style
[0.406s] -- Added test 'pep257' to check Python code against some of the docstring style conventions in PEP 257
[0.406s] -- Added test 'xmllint' to check XML markup files
[0.407s] -- Configuring done (0.4s)
[0.411s] -- Generating done (0.0s)
[0.412s] -- Build files have been written to: /home/raj/robotic_arm/build/manipulator_remote
[0.450s] Built target ament_cmake_python_copy_manipulator_remote
[0.576s] running egg_info
[0.587s] writing manipulator_remote.egg-info/PKG-INFO
[0.587s] writing dependency_links to manipulator_remote.egg-info/dependency_links.txt
[0.587s] writing top-level names to manipulator_remote.egg-info/top_level.txt
[0.619s] reading manifest file 'manipulator_remote.egg-info/SOURCES.txt'
[0.619s] writing manifest file 'manipulator_remote.egg-info/SOURCES.txt'
[0.641s] Built target ament_cmake_python_build_manipulator_remote_egg
[0.650s] Invoked command in '/home/raj/robotic_arm/build/manipulator_remote' returned '0': AMENT_PREFIX_PATH=/home/raj/robotic_arm/install/manipulator_msgs:/home/raj/robotic_arm/install/manipulator_moveit:${AMENT_PREFIX_PATH} CMAKE_PREFIX_PATH=/home/raj/robotic_arm/install/manipulator_msgs:/home/raj/robotic_arm/install/manipulator_moveit:/opt/ros/jazzy/opt/gz_sim_vendor:/opt/ros/jazzy/opt/gz_sensors_vendor:/opt/ros/jazzy/opt/gz_physics_vendor:/opt/ros/jazzy/opt/sdformat_vendor:/opt/ros/jazzy/opt/gz_gui_vendor:/opt/ros/jazzy/opt/gz_transport_vendor:/opt/ros/jazzy/opt/gz_rendering_vendor:/opt/ros/jazzy/opt/gz_plugin_vendor:/opt/ros/jazzy/opt/gz_fuel_tools_vendor:/opt/ros/jazzy/opt/gz_msgs_vendor:/opt/ros/jazzy/opt/gz_common_vendor:/opt/ros/jazzy/opt/gz_math_vendor:/opt/ros/jazzy/opt/gz_utils_vendor:/opt/ros/jazzy/opt/gz_tools_vendor:/opt/ros/jazzy/opt/gz_ogre_next_vendor:/opt/ros/jazzy/opt/gz_dartsim_vendor:/opt/ros/jazzy/opt/gz_cmake_vendor:/opt/ros/jazzy DEBUGINFOD_URLS=https://debuginfod.ubuntu.com LD_LIBRARY_PATH=/home/raj/robotic_arm/install/manipulator_msgs/lib:${LD_LIBRARY_PATH} PYTHONPATH=/home/raj/robotic_arm/install/manipulator_msgs/lib/python3.12/site-packages:${PYTHONPATH} /usr/bin/cmake --build /home/raj/robotic_arm/build/manipulator_remote -- -j32 -l32
[0.651s] Invoking command in '/home/raj/robotic_arm/build/manipulator_remote': AMENT_PREFIX_PATH=/home/raj/robotic_arm/install/manipulator_msgs:/home/raj/robotic_arm/install/manipulator_moveit:${AMENT_PREFIX_PATH} CMAKE_PREFIX_PATH=/home/raj/robotic_arm/install/manipulator_msgs:/home/raj/robotic_arm/install/manipulator_moveit:/opt/ros/jazzy/opt/gz_sim_vendor:/opt/ros/jazzy/opt/gz_sensors_vendor:/opt/ros/jazzy/opt/gz_physics_vendor:/opt/ros/jazzy/opt/sdformat_vendor:/opt/ros/jazzy/opt/gz_gui_vendor:/opt/ros/jazzy/opt/gz_transport_vendor:/opt/ros/jazzy/opt/gz_rendering_vendor:/opt/ros/jazzy/opt/gz_plugin_vendor:/opt/ros/jazzy/opt/gz_fuel_tools_vendor:/opt/ros/jazzy/opt/gz_msgs_vendor:/opt/ros/jazzy/opt/gz_common_vendor:/opt/ros/jazzy/opt/gz_math_vendor:/opt/ros/jazzy/opt/gz_utils_vendor:/opt/ros/jazzy/opt/gz_tools_vendor:/opt/ros/jazzy/opt/gz_ogre_next_vendor:/opt/ros/jazzy/opt/gz_dartsim_vendor:/opt/ros/jazzy/opt/gz_cmake_vendor:/opt/ros/jazzy DEBUGINFOD_URLS=https://debuginfod.ubuntu.com LD_LIBRARY_PATH=/home/raj/robotic_arm/install/manipulator_msgs/lib:${LD_LIBRARY_PATH} PYTHONPATH=/home/raj/robotic_arm/install/manipulator_msgs/lib/python3.12/site-packages:${PYTHONPATH} /usr/bin/cmake --install /home/raj/robotic_arm/build/manipulator_remote
[0.657s] -- Install configuration: ""
[0.657s] -- Up-to-date: /home/raj/robotic_arm/install/manipulator_remote/share/manipulator_remote/environment/pythonpath.sh
[0.657s] -- Up-to-date: /home/raj/robotic_arm/install/manipulator_remote/share/manipulator_remote/environment/pythonpath.dsv
[0.657s] -- Up-to-date: /home/raj/robotic_arm/install/manipulator_remote/lib/python3.12/site-packages/manipulator_remote-0.0.0-py3.12.egg-info
[0.657s] -- Installing: /home/raj/robotic_arm/install/manipulator_remote/lib/python3.12/site-packages/manipulator_remote-0.0.0-py3.12.egg-info/PKG-INFO
[0.658s] -- Installing: /home/raj/robotic_arm/install/manipulator_remote/lib/python3.12/site-packages/manipulator_remote-0.0.0-py3.12.egg-info/dependency_links.txt
[0.658s] -- Installing: /home/raj/robotic_arm/install/manipulator_remote/lib/python3.12/site-packages/manipulator_remote-0.0.0-py3.12.egg-info/top_level.txt
[0.658s] -- Installing: /home/raj/robotic_arm/install/manipulator_remote/lib/python3.12/site-packages/manipulator_remote-0.0.0-py3.12.egg-info/SOURCES.txt
[0.658s] -- Up-to-date: /home/raj/robotic_arm/install/manipulator_remote/lib/python3.12/site-packages/manipulator_remote
[0.658s] -- Up-to-date: /home/raj/robotic_arm/install/manipulator_remote/lib/python3.12/site-packages/manipulator_remote/task_server.py
[0.658s] -- Up-to-date: /home/raj/robotic_arm/install/manipulator_remote/lib/python3.12/site-packages/manipulator_remote/__init__.py
[0.658s] -- Installing: /home/raj/robotic_arm/install/manipulator_remote/lib/python3.12/site-packages/manipulator_remote/alexa_interface.py
[0.680s] Listing '/home/raj/robotic_arm/install/manipulator_remote/lib/python3.12/site-packages/manipulator_remote'...
[0.680s] Compiling '/home/raj/robotic_arm/install/manipulator_remote/lib/python3.12/site-packages/manipulator_remote/alexa_interface.py'...
[0.683s] -- Up-to-date: /home/raj/robotic_arm/install/manipulator_remote/share/manipulator_remote/launch
[0.683s] -- Installing: /home/raj/robotic_arm/install/manipulator_remote/share/manipulator_remote/launch/remote_interface.launch.py
[0.684s] -- Up-to-date: /home/raj/robotic_arm/install/manipulator_remote/lib/manipulator_remote/task_server.py
[0.684s] -- Installing: /home/raj/robotic_arm/install/manipulator_remote/lib/manipulator_remote/alexa_interface.py
[0.684s] -- Up-to-date: /home/raj/robotic_arm/install/manipulator_remote/share/ament_index/resource_index/package_run_dependencies/manipulator_remote
[0.684s] -- Up-to-date: /home/raj/robotic_arm/install/manipulator_remote/share/ament_index/resource_index/parent_prefix_path/manipulator_remote
[0.684s] -- Up-to-date: /home/raj/robotic_arm/install/manipulator_remote/share/manipulator_remote/environment/ament_prefix_path.sh
[0.684s] -- Up-to-date: /home/raj/robotic_arm/install/manipulator_remote/share/manipulator_remote/environment/ament_prefix_path.dsv
[0.684s] -- Up-to-date: /home/raj/robotic_arm/install/manipulator_remote/share/manipulator_remote/environment/path.sh
[0.684s] -- Up-to-date: /home/raj/robotic_arm/install/manipulator_remote/share/manipulator_remote/environment/path.dsv
[0.684s] -- Up-to-date: /home/raj/robotic_arm/install/manipulator_remote/share/manipulator_remote/local_setup.bash
[0.684s] -- Up-to-date: /home/raj/robotic_arm/install/manipulator_remote/share/manipulator_remote/local_setup.sh
[0.684s] -- Up-to-date: /home/raj/robotic_arm/install/manipulator_remote/share/manipulator_remote/local_setup.zsh
[0.684s] -- Up-to-date: /home/raj/robotic_arm/install/manipulator_remote/share/manipulator_remote/local_setup.dsv
[0.684s] -- Up-to-date: /home/raj/robotic_arm/install/manipulator_remote/share/manipulator_remote/package.dsv
[0.684s] -- Up-to-date: /home/raj/robotic_arm/install/manipulator_remote/share/ament_index/resource_index/packages/manipulator_remote
[0.684s] -- Up-to-date: /home/raj/robotic_arm/install/manipulator_remote/share/manipulator_remote/cmake/manipulator_remoteConfig.cmake
[0.684s] -- Up-to-date: /home/raj/robotic_arm/install/manipulator_remote/share/manipulator_remote/cmake/manipulator_remoteConfig-version.cmake
[0.684s] -- Up-to-date: /home/raj/robotic_arm/install/manipulator_remote/share/manipulator_remote/package.xml
[0.686s] Invoked command in '/home/raj/robotic_arm/build/manipulator_remote' returned '0': AMENT_PREFIX_PATH=/home/raj/robotic_arm/install/manipulator_msgs:/home/raj/robotic_arm/install/manipulator_moveit:${AMENT_PREFIX_PATH} CMAKE_PREFIX_PATH=/home/raj/robotic_arm/install/manipulator_msgs:/home/raj/robotic_arm/install/manipulator_moveit:/opt/ros/jazzy/opt/gz_sim_vendor:/opt/ros/jazzy/opt/gz_sensors_vendor:/opt/ros/jazzy/opt/gz_physics_vendor:/opt/ros/jazzy/opt/sdformat_vendor:/opt/ros/jazzy/opt/gz_gui_vendor:/opt/ros/jazzy/opt/gz_transport_vendor:/opt/ros/jazzy/opt/gz_rendering_vendor:/opt/ros/jazzy/opt/gz_plugin_vendor:/opt/ros/jazzy/opt/gz_fuel_tools_vendor:/opt/ros/jazzy/opt/gz_msgs_vendor:/opt/ros/jazzy/opt/gz_common_vendor:/opt/ros/jazzy/opt/gz_math_vendor:/opt/ros/jazzy/opt/gz_utils_vendor:/opt/ros/jazzy/opt/gz_tools_vendor:/opt/ros/jazzy/opt/gz_ogre_next_vendor:/opt/ros/jazzy/opt/gz_dartsim_vendor:/opt/ros/jazzy/opt/gz_cmake_vendor:/opt/ros/jazzy DEBUGINFOD_URLS=https://debuginfod.ubuntu.com LD_LIBRARY_PATH=/home/raj/robotic_arm/install/manipulator_msgs/lib:${LD_LIBRARY_PATH} PYTHONPATH=/home/raj/robotic_arm/install/manipulator_msgs/lib/python3.12/site-packages:${PYTHONPATH} /usr/bin/cmake --install /home/raj/robotic_arm/build/manipulator_remote
