-- Found ament_cmake: 2.5.5 (/opt/ros/jazzy/share/ament_cmake/cmake)
-- Found Python3: /usr/bin/python3 (found version "3.12.3") found components: Interpreter 
-- Found rosidl_default_generators: 1.6.0 (/opt/ros/jazzy/share/rosidl_default_generators/cmake)
-- Using all available rosidl_typesupport_c: rosidl_typesupport_fastrtps_c;rosidl_typesupport_introspection_c
-- Using all available rosidl_typesupport_cpp: rosidl_typesupport_fastrtps_cpp;rosidl_typesupport_introspection_cpp
-- Found rosidl_adapter: 4.6.7 (/opt/ros/jazzy/share/rosidl_adapter/cmake)
-- Found ament_cmake_ros: 0.12.0 (/opt/ros/jazzy/share/ament_cmake_ros/cmake)
-- Using all available rosidl_typesupport_c: rosidl_typesupport_fastrtps_c;rosidl_typesupport_introspection_c
-- Using all available rosidl_typesupport_cpp: rosidl_typesupport_fastrtps_cpp;rosidl_typesupport_introspection_cpp
-- Found python_cmake_module: 0.11.1 (/opt/ros/jazzy/share/python_cmake_module/cmake)
-- Found Python3: /usr/bin/python3 (found version "3.12.3") found components: Interpreter Development NumPy Development.Module Development.Embed 
-- Configuring done (0.7s)
-- Generating done (0.0s)
-- Build files have been written to: /home/raj/robotic_arm/build/manipulator_msgs
[  1%] [34m[1mGenerating type hashes for ROS interfaces[0m
[  1%] Built target ament_cmake_python_copy_manipulator_msgs
running egg_info
writing manipulator_msgs.egg-info/PKG-INFO
writing dependency_links to manipulator_msgs.egg-info/dependency_links.txt
writing top-level names to manipulator_msgs.egg-info/top_level.txt
[  1%] Built target manipulator_msgs__rosidl_generator_type_description
[  3%] [34m[1mGenerating C code for ROS interfaces[0m
reading manifest file 'manipulator_msgs.egg-info/SOURCES.txt'
writing manifest file 'manipulator_msgs.egg-info/SOURCES.txt'
[  5%] [34m[1mGenerating C++ code for ROS interfaces[0m
[  5%] Built target ament_cmake_python_build_manipulator_msgs_egg
[  5%] Built target manipulator_msgs__cpp
[  7%] [32mBuilding C object CMakeFiles/manipulator_msgs__rosidl_generator_c.dir/rosidl_generator_c/manipulator_msgs/srv/detail/euler_to_quaternion__functions.c.o[0m
[  9%] [32mBuilding C object CMakeFiles/manipulator_msgs__rosidl_generator_c.dir/rosidl_generator_c/manipulator_msgs/srv/detail/euler_to_quaternion__description.c.o[0m
[ 14%] [32mBuilding C object CMakeFiles/manipulator_msgs__rosidl_generator_c.dir/rosidl_generator_c/manipulator_msgs/srv/detail/quaternion_to_euler__functions.c.o[0m
[ 14%] [32mBuilding C object CMakeFiles/manipulator_msgs__rosidl_generator_c.dir/rosidl_generator_c/manipulator_msgs/srv/detail/euler_to_quaternion__type_support.c.o[0m
[ 14%] [32mBuilding C object CMakeFiles/manipulator_msgs__rosidl_generator_c.dir/rosidl_generator_c/manipulator_msgs/srv/detail/quaternion_to_euler__description.c.o[0m
[ 18%] [32mBuilding C object CMakeFiles/manipulator_msgs__rosidl_generator_c.dir/rosidl_generator_c/manipulator_msgs/srv/detail/quaternion_to_euler__type_support.c.o[0m
[ 18%] [32mBuilding C object CMakeFiles/manipulator_msgs__rosidl_generator_c.dir/rosidl_generator_c/manipulator_msgs/action/detail/manipulator_task__description.c.o[0m
[ 20%] [32mBuilding C object CMakeFiles/manipulator_msgs__rosidl_generator_c.dir/rosidl_generator_c/manipulator_msgs/action/detail/manipulator_task__functions.c.o[0m
[ 22%] [32mBuilding C object CMakeFiles/manipulator_msgs__rosidl_generator_c.dir/rosidl_generator_c/manipulator_msgs/action/detail/manipulator_task__type_support.c.o[0m
[ 24%] [32m[1mLinking C shared library libmanipulator_msgs__rosidl_generator_c.so[0m
[ 24%] Built target manipulator_msgs__rosidl_generator_c
[ 31%] [34m[1mGenerating C++ introspection for ROS interfaces[0m
[ 31%] [34m[1mGenerating C++ type support dispatch for ROS interfaces[0m
[ 31%] [34m[1mGenerating C type support for eProsima Fast-RTPS[0m
[ 31%] [34m[1mGenerating C type support dispatch for ROS interfaces[0m
[ 35%] [34m[1mGenerating C++ type support for eProsima Fast-RTPS[0m
[ 35%] [34m[1mGenerating C introspection for ROS interfaces[0m
[ 37%] [32mBuilding CXX object CMakeFiles/manipulator_msgs__rosidl_typesupport_c.dir/rosidl_typesupport_c/manipulator_msgs/srv/quaternion_to_euler__type_support.cpp.o[0m
[ 38%] [32mBuilding CXX object CMakeFiles/manipulator_msgs__rosidl_typesupport_c.dir/rosidl_typesupport_c/manipulator_msgs/srv/euler_to_quaternion__type_support.cpp.o[0m
[ 40%] [32mBuilding CXX object CMakeFiles/manipulator_msgs__rosidl_typesupport_c.dir/rosidl_typesupport_c/manipulator_msgs/action/manipulator_task__type_support.cpp.o[0m
[ 42%] [32mBuilding CXX object CMakeFiles/manipulator_msgs__rosidl_typesupport_cpp.dir/rosidl_typesupport_cpp/manipulator_msgs/action/manipulator_task__type_support.cpp.o[0m
[ 46%] [32mBuilding CXX object CMakeFiles/manipulator_msgs__rosidl_typesupport_cpp.dir/rosidl_typesupport_cpp/manipulator_msgs/srv/euler_to_quaternion__type_support.cpp.o[0m
[ 46%] [32mBuilding CXX object CMakeFiles/manipulator_msgs__rosidl_typesupport_cpp.dir/rosidl_typesupport_cpp/manipulator_msgs/srv/quaternion_to_euler__type_support.cpp.o[0m
[ 48%] [32m[1mLinking CXX shared library libmanipulator_msgs__rosidl_typesupport_c.so[0m
[ 50%] [32mBuilding CXX object CMakeFiles/manipulator_msgs__rosidl_typesupport_introspection_cpp.dir/rosidl_typesupport_introspection_cpp/manipulator_msgs/srv/detail/euler_to_quaternion__type_support.cpp.o[0m
[ 51%] [32mBuilding CXX object CMakeFiles/manipulator_msgs__rosidl_typesupport_introspection_cpp.dir/rosidl_typesupport_introspection_cpp/manipulator_msgs/srv/detail/quaternion_to_euler__type_support.cpp.o[0m
[ 53%] [32mBuilding CXX object CMakeFiles/manipulator_msgs__rosidl_typesupport_introspection_cpp.dir/rosidl_typesupport_introspection_cpp/manipulator_msgs/action/detail/manipulator_task__type_support.cpp.o[0m
[ 55%] [32mBuilding C object CMakeFiles/manipulator_msgs__rosidl_typesupport_introspection_c.dir/rosidl_typesupport_introspection_c/manipulator_msgs/srv/detail/euler_to_quaternion__type_support.c.o[0m
[ 57%] [32mBuilding C object CMakeFiles/manipulator_msgs__rosidl_typesupport_introspection_c.dir/rosidl_typesupport_introspection_c/manipulator_msgs/srv/detail/quaternion_to_euler__type_support.c.o[0m
[ 59%] [32mBuilding C object CMakeFiles/manipulator_msgs__rosidl_typesupport_introspection_c.dir/rosidl_typesupport_introspection_c/manipulator_msgs/action/detail/manipulator_task__type_support.c.o[0m
[ 59%] Built target manipulator_msgs__rosidl_typesupport_c
[ 61%] [32m[1mLinking C shared library libmanipulator_msgs__rosidl_typesupport_introspection_c.so[0m
[ 61%] Built target manipulator_msgs__rosidl_typesupport_introspection_c
[ 64%] [32mBuilding CXX object CMakeFiles/manipulator_msgs__rosidl_typesupport_fastrtps_cpp.dir/rosidl_typesupport_fastrtps_cpp/manipulator_msgs/srv/detail/dds_fastrtps/euler_to_quaternion__type_support.cpp.o[0m
[ 64%] [32mBuilding CXX object CMakeFiles/manipulator_msgs__rosidl_typesupport_fastrtps_cpp.dir/rosidl_typesupport_fastrtps_cpp/manipulator_msgs/srv/detail/dds_fastrtps/quaternion_to_euler__type_support.cpp.o[0m
[ 66%] [32mBuilding CXX object CMakeFiles/manipulator_msgs__rosidl_typesupport_fastrtps_cpp.dir/rosidl_typesupport_fastrtps_cpp/manipulator_msgs/action/detail/dds_fastrtps/manipulator_task__type_support.cpp.o[0m
[ 70%] [32mBuilding CXX object CMakeFiles/manipulator_msgs__rosidl_typesupport_fastrtps_c.dir/rosidl_typesupport_fastrtps_c/manipulator_msgs/srv/detail/quaternion_to_euler__type_support_c.cpp.o[0m
[ 70%] [32mBuilding CXX object CMakeFiles/manipulator_msgs__rosidl_typesupport_fastrtps_c.dir/rosidl_typesupport_fastrtps_c/manipulator_msgs/srv/detail/euler_to_quaternion__type_support_c.cpp.o[0m
[ 72%] [32mBuilding CXX object CMakeFiles/manipulator_msgs__rosidl_typesupport_fastrtps_c.dir/rosidl_typesupport_fastrtps_c/manipulator_msgs/action/detail/manipulator_task__type_support_c.cpp.o[0m
[ 74%] [32m[1mLinking CXX shared library libmanipulator_msgs__rosidl_typesupport_cpp.so[0m
[ 74%] Built target manipulator_msgs__rosidl_typesupport_cpp
[ 75%] [32m[1mLinking CXX shared library libmanipulator_msgs__rosidl_typesupport_introspection_cpp.so[0m
[ 75%] Built target manipulator_msgs__rosidl_typesupport_introspection_cpp
[ 77%] [32m[1mLinking CXX shared library libmanipulator_msgs__rosidl_typesupport_fastrtps_c.so[0m
[ 77%] Built target manipulator_msgs__rosidl_typesupport_fastrtps_c
[ 79%] [32m[1mLinking CXX shared library libmanipulator_msgs__rosidl_typesupport_fastrtps_cpp.so[0m
[ 79%] Built target manipulator_msgs__rosidl_typesupport_fastrtps_cpp
[ 79%] Built target manipulator_msgs
[ 81%] [34m[1mGenerating Python code for ROS interfaces[0m
[ 81%] Built target manipulator_msgs__py
[ 85%] [32mBuilding C object CMakeFiles/manipulator_msgs__rosidl_generator_py.dir/rosidl_generator_py/manipulator_msgs/srv/_euler_to_quaternion_s.c.o[0m
[ 85%] [32mBuilding C object CMakeFiles/manipulator_msgs__rosidl_generator_py.dir/rosidl_generator_py/manipulator_msgs/srv/_quaternion_to_euler_s.c.o[0m
[ 87%] [32mBuilding C object CMakeFiles/manipulator_msgs__rosidl_generator_py.dir/rosidl_generator_py/manipulator_msgs/action/_manipulator_task_s.c.o[0m
[ 88%] [32m[1mLinking C shared library libmanipulator_msgs__rosidl_generator_py.so[0m
[ 88%] Built target manipulator_msgs__rosidl_generator_py
[ 90%] [32mBuilding C object CMakeFiles/manipulator_msgs_s__rosidl_typesupport_c.dir/rosidl_generator_py/manipulator_msgs/_manipulator_msgs_s.ep.rosidl_typesupport_c.c.o[0m
[ 94%] [32mBuilding C object CMakeFiles/manipulator_msgs_s__rosidl_typesupport_introspection_c.dir/rosidl_generator_py/manipulator_msgs/_manipulator_msgs_s.ep.rosidl_typesupport_introspection_c.c.o[0m
[ 94%] [32mBuilding C object CMakeFiles/manipulator_msgs_s__rosidl_typesupport_fastrtps_c.dir/rosidl_generator_py/manipulator_msgs/_manipulator_msgs_s.ep.rosidl_typesupport_fastrtps_c.c.o[0m
[ 98%] [32m[1mLinking C shared module rosidl_generator_py/manipulator_msgs/manipulator_msgs_s__rosidl_typesupport_introspection_c.so[0m
[ 98%] [32m[1mLinking C shared module rosidl_generator_py/manipulator_msgs/manipulator_msgs_s__rosidl_typesupport_c.so[0m
[100%] [32m[1mLinking C shared module rosidl_generator_py/manipulator_msgs/manipulator_msgs_s__rosidl_typesupport_fastrtps_c.so[0m
[100%] Built target manipulator_msgs_s__rosidl_typesupport_c
[100%] Built target manipulator_msgs_s__rosidl_typesupport_introspection_c
[100%] Built target manipulator_msgs_s__rosidl_typesupport_fastrtps_c
-- Install configuration: ""
-- Installing: /home/raj/robotic_arm/install/manipulator_msgs/share/ament_index/resource_index/rosidl_interfaces/manipulator_msgs
-- Installing: /home/raj/robotic_arm/install/manipulator_msgs/share/manipulator_msgs/srv/EulerToQuaternion.json
-- Installing: /home/raj/robotic_arm/install/manipulator_msgs/share/manipulator_msgs/srv/QuaternionToEuler.json
-- Installing: /home/raj/robotic_arm/install/manipulator_msgs/share/manipulator_msgs/action/ManipulatorTask.json
-- Up-to-date: /home/raj/robotic_arm/install/manipulator_msgs/include/manipulator_msgs/manipulator_msgs
-- Up-to-date: /home/raj/robotic_arm/install/manipulator_msgs/include/manipulator_msgs/manipulator_msgs/msg
-- Up-to-date: /home/raj/robotic_arm/install/manipulator_msgs/include/manipulator_msgs/manipulator_msgs/msg/rosidl_generator_c__visibility_control.h
-- Up-to-date: /home/raj/robotic_arm/install/manipulator_msgs/include/manipulator_msgs/manipulator_msgs/srv
-- Up-to-date: /home/raj/robotic_arm/install/manipulator_msgs/include/manipulator_msgs/manipulator_msgs/srv/detail
-- Installing: /home/raj/robotic_arm/install/manipulator_msgs/include/manipulator_msgs/manipulator_msgs/srv/detail/quaternion_to_euler__type_support.h
-- Installing: /home/raj/robotic_arm/install/manipulator_msgs/include/manipulator_msgs/manipulator_msgs/srv/detail/euler_to_quaternion__functions.h
-- Installing: /home/raj/robotic_arm/install/manipulator_msgs/include/manipulator_msgs/manipulator_msgs/srv/detail/euler_to_quaternion__struct.h
-- Installing: /home/raj/robotic_arm/install/manipulator_msgs/include/manipulator_msgs/manipulator_msgs/srv/detail/quaternion_to_euler__type_support.c
-- Installing: /home/raj/robotic_arm/install/manipulator_msgs/include/manipulator_msgs/manipulator_msgs/srv/detail/euler_to_quaternion__type_support.c
-- Installing: /home/raj/robotic_arm/install/manipulator_msgs/include/manipulator_msgs/manipulator_msgs/srv/detail/quaternion_to_euler__functions.c
-- Installing: /home/raj/robotic_arm/install/manipulator_msgs/include/manipulator_msgs/manipulator_msgs/srv/detail/euler_to_quaternion__description.c
-- Installing: /home/raj/robotic_arm/install/manipulator_msgs/include/manipulator_msgs/manipulator_msgs/srv/detail/euler_to_quaternion__functions.c
-- Installing: /home/raj/robotic_arm/install/manipulator_msgs/include/manipulator_msgs/manipulator_msgs/srv/detail/euler_to_quaternion__type_support.h
-- Installing: /home/raj/robotic_arm/install/manipulator_msgs/include/manipulator_msgs/manipulator_msgs/srv/detail/quaternion_to_euler__functions.h
-- Installing: /home/raj/robotic_arm/install/manipulator_msgs/include/manipulator_msgs/manipulator_msgs/srv/detail/quaternion_to_euler__struct.h
-- Installing: /home/raj/robotic_arm/install/manipulator_msgs/include/manipulator_msgs/manipulator_msgs/srv/detail/quaternion_to_euler__description.c
-- Installing: /home/raj/robotic_arm/install/manipulator_msgs/include/manipulator_msgs/manipulator_msgs/srv/euler_to_quaternion.h
-- Installing: /home/raj/robotic_arm/install/manipulator_msgs/include/manipulator_msgs/manipulator_msgs/srv/quaternion_to_euler.h
-- Installing: /home/raj/robotic_arm/install/manipulator_msgs/include/manipulator_msgs/manipulator_msgs/action
-- Installing: /home/raj/robotic_arm/install/manipulator_msgs/include/manipulator_msgs/manipulator_msgs/action/detail
-- Installing: /home/raj/robotic_arm/install/manipulator_msgs/include/manipulator_msgs/manipulator_msgs/action/detail/manipulator_task__struct.h
-- Installing: /home/raj/robotic_arm/install/manipulator_msgs/include/manipulator_msgs/manipulator_msgs/action/detail/manipulator_task__type_support.h
-- Installing: /home/raj/robotic_arm/install/manipulator_msgs/include/manipulator_msgs/manipulator_msgs/action/detail/manipulator_task__functions.h
-- Installing: /home/raj/robotic_arm/install/manipulator_msgs/include/manipulator_msgs/manipulator_msgs/action/detail/manipulator_task__type_support.c
-- Installing: /home/raj/robotic_arm/install/manipulator_msgs/include/manipulator_msgs/manipulator_msgs/action/detail/manipulator_task__description.c
-- Installing: /home/raj/robotic_arm/install/manipulator_msgs/include/manipulator_msgs/manipulator_msgs/action/detail/manipulator_task__functions.c
-- Installing: /home/raj/robotic_arm/install/manipulator_msgs/include/manipulator_msgs/manipulator_msgs/action/manipulator_task.h
-- Installing: /home/raj/robotic_arm/install/manipulator_msgs/share/manipulator_msgs/environment/library_path.sh
-- Up-to-date: /home/raj/robotic_arm/install/manipulator_msgs/share/manipulator_msgs/environment/library_path.dsv
-- Installing: /home/raj/robotic_arm/install/manipulator_msgs/lib/libmanipulator_msgs__rosidl_generator_c.so
-- Set non-toolchain portion of runtime path of "/home/raj/robotic_arm/install/manipulator_msgs/lib/libmanipulator_msgs__rosidl_generator_c.so" to ""
-- Up-to-date: /home/raj/robotic_arm/install/manipulator_msgs/include/manipulator_msgs/manipulator_msgs
-- Up-to-date: /home/raj/robotic_arm/install/manipulator_msgs/include/manipulator_msgs/manipulator_msgs/msg
-- Up-to-date: /home/raj/robotic_arm/install/manipulator_msgs/include/manipulator_msgs/manipulator_msgs/msg/rosidl_typesupport_fastrtps_c__visibility_control.h
-- Up-to-date: /home/raj/robotic_arm/install/manipulator_msgs/include/manipulator_msgs/manipulator_msgs/srv
-- Up-to-date: /home/raj/robotic_arm/install/manipulator_msgs/include/manipulator_msgs/manipulator_msgs/srv/detail
-- Installing: /home/raj/robotic_arm/install/manipulator_msgs/include/manipulator_msgs/manipulator_msgs/srv/detail/quaternion_to_euler__rosidl_typesupport_fastrtps_c.h
-- Installing: /home/raj/robotic_arm/install/manipulator_msgs/include/manipulator_msgs/manipulator_msgs/srv/detail/euler_to_quaternion__rosidl_typesupport_fastrtps_c.h
-- Up-to-date: /home/raj/robotic_arm/install/manipulator_msgs/include/manipulator_msgs/manipulator_msgs/action
-- Up-to-date: /home/raj/robotic_arm/install/manipulator_msgs/include/manipulator_msgs/manipulator_msgs/action/detail
-- Installing: /home/raj/robotic_arm/install/manipulator_msgs/include/manipulator_msgs/manipulator_msgs/action/detail/manipulator_task__rosidl_typesupport_fastrtps_c.h
-- Installing: /home/raj/robotic_arm/install/manipulator_msgs/lib/libmanipulator_msgs__rosidl_typesupport_fastrtps_c.so
-- Set non-toolchain portion of runtime path of "/home/raj/robotic_arm/install/manipulator_msgs/lib/libmanipulator_msgs__rosidl_typesupport_fastrtps_c.so" to ""
-- Up-to-date: /home/raj/robotic_arm/install/manipulator_msgs/include/manipulator_msgs/manipulator_msgs
-- Up-to-date: /home/raj/robotic_arm/install/manipulator_msgs/include/manipulator_msgs/manipulator_msgs/msg
-- Up-to-date: /home/raj/robotic_arm/install/manipulator_msgs/include/manipulator_msgs/manipulator_msgs/msg/rosidl_typesupport_introspection_c__visibility_control.h
-- Up-to-date: /home/raj/robotic_arm/install/manipulator_msgs/include/manipulator_msgs/manipulator_msgs/srv
-- Up-to-date: /home/raj/robotic_arm/install/manipulator_msgs/include/manipulator_msgs/manipulator_msgs/srv/detail
-- Up-to-date: /home/raj/robotic_arm/install/manipulator_msgs/include/manipulator_msgs/manipulator_msgs/srv/detail/quaternion_to_euler__type_support.c
-- Up-to-date: /home/raj/robotic_arm/install/manipulator_msgs/include/manipulator_msgs/manipulator_msgs/srv/detail/euler_to_quaternion__type_support.c
-- Installing: /home/raj/robotic_arm/install/manipulator_msgs/include/manipulator_msgs/manipulator_msgs/srv/detail/quaternion_to_euler__rosidl_typesupport_introspection_c.h
-- Installing: /home/raj/robotic_arm/install/manipulator_msgs/include/manipulator_msgs/manipulator_msgs/srv/detail/euler_to_quaternion__rosidl_typesupport_introspection_c.h
-- Up-to-date: /home/raj/robotic_arm/install/manipulator_msgs/include/manipulator_msgs/manipulator_msgs/action
-- Up-to-date: /home/raj/robotic_arm/install/manipulator_msgs/include/manipulator_msgs/manipulator_msgs/action/detail
-- Installing: /home/raj/robotic_arm/install/manipulator_msgs/include/manipulator_msgs/manipulator_msgs/action/detail/manipulator_task__rosidl_typesupport_introspection_c.h
-- Up-to-date: /home/raj/robotic_arm/install/manipulator_msgs/include/manipulator_msgs/manipulator_msgs/action/detail/manipulator_task__type_support.c
-- Installing: /home/raj/robotic_arm/install/manipulator_msgs/lib/libmanipulator_msgs__rosidl_typesupport_introspection_c.so
-- Set non-toolchain portion of runtime path of "/home/raj/robotic_arm/install/manipulator_msgs/lib/libmanipulator_msgs__rosidl_typesupport_introspection_c.so" to ""
-- Installing: /home/raj/robotic_arm/install/manipulator_msgs/lib/libmanipulator_msgs__rosidl_typesupport_c.so
-- Set non-toolchain portion of runtime path of "/home/raj/robotic_arm/install/manipulator_msgs/lib/libmanipulator_msgs__rosidl_typesupport_c.so" to ""
-- Up-to-date: /home/raj/robotic_arm/install/manipulator_msgs/include/manipulator_msgs/manipulator_msgs
-- Up-to-date: /home/raj/robotic_arm/install/manipulator_msgs/include/manipulator_msgs/manipulator_msgs/msg
-- Installing: /home/raj/robotic_arm/install/manipulator_msgs/include/manipulator_msgs/manipulator_msgs/msg/rosidl_generator_cpp__visibility_control.hpp
-- Up-to-date: /home/raj/robotic_arm/install/manipulator_msgs/include/manipulator_msgs/manipulator_msgs/srv
-- Installing: /home/raj/robotic_arm/install/manipulator_msgs/include/manipulator_msgs/manipulator_msgs/srv/euler_to_quaternion.hpp
-- Up-to-date: /home/raj/robotic_arm/install/manipulator_msgs/include/manipulator_msgs/manipulator_msgs/srv/detail
-- Installing: /home/raj/robotic_arm/install/manipulator_msgs/include/manipulator_msgs/manipulator_msgs/srv/detail/euler_to_quaternion__traits.hpp
-- Installing: /home/raj/robotic_arm/install/manipulator_msgs/include/manipulator_msgs/manipulator_msgs/srv/detail/quaternion_to_euler__type_support.hpp
-- Installing: /home/raj/robotic_arm/install/manipulator_msgs/include/manipulator_msgs/manipulator_msgs/srv/detail/quaternion_to_euler__traits.hpp
-- Installing: /home/raj/robotic_arm/install/manipulator_msgs/include/manipulator_msgs/manipulator_msgs/srv/detail/euler_to_quaternion__type_support.hpp
-- Installing: /home/raj/robotic_arm/install/manipulator_msgs/include/manipulator_msgs/manipulator_msgs/srv/detail/euler_to_quaternion__builder.hpp
-- Installing: /home/raj/robotic_arm/install/manipulator_msgs/include/manipulator_msgs/manipulator_msgs/srv/detail/quaternion_to_euler__struct.hpp
-- Installing: /home/raj/robotic_arm/install/manipulator_msgs/include/manipulator_msgs/manipulator_msgs/srv/detail/quaternion_to_euler__builder.hpp
-- Installing: /home/raj/robotic_arm/install/manipulator_msgs/include/manipulator_msgs/manipulator_msgs/srv/detail/euler_to_quaternion__struct.hpp
-- Installing: /home/raj/robotic_arm/install/manipulator_msgs/include/manipulator_msgs/manipulator_msgs/srv/quaternion_to_euler.hpp
-- Up-to-date: /home/raj/robotic_arm/install/manipulator_msgs/include/manipulator_msgs/manipulator_msgs/action
-- Up-to-date: /home/raj/robotic_arm/install/manipulator_msgs/include/manipulator_msgs/manipulator_msgs/action/detail
-- Installing: /home/raj/robotic_arm/install/manipulator_msgs/include/manipulator_msgs/manipulator_msgs/action/detail/manipulator_task__builder.hpp
-- Installing: /home/raj/robotic_arm/install/manipulator_msgs/include/manipulator_msgs/manipulator_msgs/action/detail/manipulator_task__traits.hpp
-- Installing: /home/raj/robotic_arm/install/manipulator_msgs/include/manipulator_msgs/manipulator_msgs/action/detail/manipulator_task__type_support.hpp
-- Installing: /home/raj/robotic_arm/install/manipulator_msgs/include/manipulator_msgs/manipulator_msgs/action/detail/manipulator_task__struct.hpp
-- Installing: /home/raj/robotic_arm/install/manipulator_msgs/include/manipulator_msgs/manipulator_msgs/action/manipulator_task.hpp
-- Up-to-date: /home/raj/robotic_arm/install/manipulator_msgs/include/manipulator_msgs/manipulator_msgs
-- Up-to-date: /home/raj/robotic_arm/install/manipulator_msgs/include/manipulator_msgs/manipulator_msgs/msg
-- Up-to-date: /home/raj/robotic_arm/install/manipulator_msgs/include/manipulator_msgs/manipulator_msgs/msg/rosidl_typesupport_fastrtps_cpp__visibility_control.h
-- Up-to-date: /home/raj/robotic_arm/install/manipulator_msgs/include/manipulator_msgs/manipulator_msgs/srv
-- Up-to-date: /home/raj/robotic_arm/install/manipulator_msgs/include/manipulator_msgs/manipulator_msgs/srv/detail
-- Installing: /home/raj/robotic_arm/install/manipulator_msgs/include/manipulator_msgs/manipulator_msgs/srv/detail/quaternion_to_euler__rosidl_typesupport_fastrtps_cpp.hpp
-- Installing: /home/raj/robotic_arm/install/manipulator_msgs/include/manipulator_msgs/manipulator_msgs/srv/detail/dds_fastrtps
-- Installing: /home/raj/robotic_arm/install/manipulator_msgs/include/manipulator_msgs/manipulator_msgs/srv/detail/euler_to_quaternion__rosidl_typesupport_fastrtps_cpp.hpp
-- Up-to-date: /home/raj/robotic_arm/install/manipulator_msgs/include/manipulator_msgs/manipulator_msgs/action
-- Up-to-date: /home/raj/robotic_arm/install/manipulator_msgs/include/manipulator_msgs/manipulator_msgs/action/detail
-- Installing: /home/raj/robotic_arm/install/manipulator_msgs/include/manipulator_msgs/manipulator_msgs/action/detail/manipulator_task__rosidl_typesupport_fastrtps_cpp.hpp
-- Installing: /home/raj/robotic_arm/install/manipulator_msgs/include/manipulator_msgs/manipulator_msgs/action/detail/dds_fastrtps
-- Installing: /home/raj/robotic_arm/install/manipulator_msgs/lib/libmanipulator_msgs__rosidl_typesupport_fastrtps_cpp.so
-- Set non-toolchain portion of runtime path of "/home/raj/robotic_arm/install/manipulator_msgs/lib/libmanipulator_msgs__rosidl_typesupport_fastrtps_cpp.so" to ""
-- Up-to-date: /home/raj/robotic_arm/install/manipulator_msgs/include/manipulator_msgs/manipulator_msgs
-- Up-to-date: /home/raj/robotic_arm/install/manipulator_msgs/include/manipulator_msgs/manipulator_msgs/srv
-- Up-to-date: /home/raj/robotic_arm/install/manipulator_msgs/include/manipulator_msgs/manipulator_msgs/srv/detail
-- Installing: /home/raj/robotic_arm/install/manipulator_msgs/include/manipulator_msgs/manipulator_msgs/srv/detail/quaternion_to_euler__type_support.cpp
-- Installing: /home/raj/robotic_arm/install/manipulator_msgs/include/manipulator_msgs/manipulator_msgs/srv/detail/euler_to_quaternion__type_support.cpp
-- Installing: /home/raj/robotic_arm/install/manipulator_msgs/include/manipulator_msgs/manipulator_msgs/srv/detail/euler_to_quaternion__rosidl_typesupport_introspection_cpp.hpp
-- Installing: /home/raj/robotic_arm/install/manipulator_msgs/include/manipulator_msgs/manipulator_msgs/srv/detail/quaternion_to_euler__rosidl_typesupport_introspection_cpp.hpp
-- Up-to-date: /home/raj/robotic_arm/install/manipulator_msgs/include/manipulator_msgs/manipulator_msgs/action
-- Up-to-date: /home/raj/robotic_arm/install/manipulator_msgs/include/manipulator_msgs/manipulator_msgs/action/detail
-- Installing: /home/raj/robotic_arm/install/manipulator_msgs/include/manipulator_msgs/manipulator_msgs/action/detail/manipulator_task__rosidl_typesupport_introspection_cpp.hpp
-- Installing: /home/raj/robotic_arm/install/manipulator_msgs/include/manipulator_msgs/manipulator_msgs/action/detail/manipulator_task__type_support.cpp
-- Installing: /home/raj/robotic_arm/install/manipulator_msgs/lib/libmanipulator_msgs__rosidl_typesupport_introspection_cpp.so
-- Set non-toolchain portion of runtime path of "/home/raj/robotic_arm/install/manipulator_msgs/lib/libmanipulator_msgs__rosidl_typesupport_introspection_cpp.so" to ""
-- Installing: /home/raj/robotic_arm/install/manipulator_msgs/lib/libmanipulator_msgs__rosidl_typesupport_cpp.so
-- Set non-toolchain portion of runtime path of "/home/raj/robotic_arm/install/manipulator_msgs/lib/libmanipulator_msgs__rosidl_typesupport_cpp.so" to ""
-- Up-to-date: /home/raj/robotic_arm/install/manipulator_msgs/share/manipulator_msgs/environment/pythonpath.sh
-- Up-to-date: /home/raj/robotic_arm/install/manipulator_msgs/share/manipulator_msgs/environment/pythonpath.dsv
-- Up-to-date: /home/raj/robotic_arm/install/manipulator_msgs/lib/python3.12/site-packages/manipulator_msgs-0.0.0-py3.12.egg-info
-- Installing: /home/raj/robotic_arm/install/manipulator_msgs/lib/python3.12/site-packages/manipulator_msgs-0.0.0-py3.12.egg-info/PKG-INFO
-- Installing: /home/raj/robotic_arm/install/manipulator_msgs/lib/python3.12/site-packages/manipulator_msgs-0.0.0-py3.12.egg-info/dependency_links.txt
-- Installing: /home/raj/robotic_arm/install/manipulator_msgs/lib/python3.12/site-packages/manipulator_msgs-0.0.0-py3.12.egg-info/top_level.txt
-- Installing: /home/raj/robotic_arm/install/manipulator_msgs/lib/python3.12/site-packages/manipulator_msgs-0.0.0-py3.12.egg-info/SOURCES.txt
-- Up-to-date: /home/raj/robotic_arm/install/manipulator_msgs/lib/python3.12/site-packages/manipulator_msgs
-- Installing: /home/raj/robotic_arm/install/manipulator_msgs/lib/python3.12/site-packages/manipulator_msgs/manipulator_msgs_s__rosidl_typesupport_c.so
-- Installing: /home/raj/robotic_arm/install/manipulator_msgs/lib/python3.12/site-packages/manipulator_msgs/manipulator_msgs_s__rosidl_typesupport_fastrtps_c.so
-- Installing: /home/raj/robotic_arm/install/manipulator_msgs/lib/python3.12/site-packages/manipulator_msgs/_manipulator_msgs_s.ep.rosidl_typesupport_introspection_c.c
-- Installing: /home/raj/robotic_arm/install/manipulator_msgs/lib/python3.12/site-packages/manipulator_msgs/manipulator_msgs_s__rosidl_typesupport_introspection_c.so
-- Installing: /home/raj/robotic_arm/install/manipulator_msgs/lib/python3.12/site-packages/manipulator_msgs/_manipulator_msgs_s.ep.rosidl_typesupport_c.c
-- Up-to-date: /home/raj/robotic_arm/install/manipulator_msgs/lib/python3.12/site-packages/manipulator_msgs/srv
-- Installing: /home/raj/robotic_arm/install/manipulator_msgs/lib/python3.12/site-packages/manipulator_msgs/srv/_quaternion_to_euler.py
-- Installing: /home/raj/robotic_arm/install/manipulator_msgs/lib/python3.12/site-packages/manipulator_msgs/srv/_euler_to_quaternion_s.c
-- Installing: /home/raj/robotic_arm/install/manipulator_msgs/lib/python3.12/site-packages/manipulator_msgs/srv/__init__.py
-- Installing: /home/raj/robotic_arm/install/manipulator_msgs/lib/python3.12/site-packages/manipulator_msgs/srv/_quaternion_to_euler_s.c
-- Installing: /home/raj/robotic_arm/install/manipulator_msgs/lib/python3.12/site-packages/manipulator_msgs/srv/_euler_to_quaternion.py
-- Installing: /home/raj/robotic_arm/install/manipulator_msgs/lib/python3.12/site-packages/manipulator_msgs/__init__.py
-- Installing: /home/raj/robotic_arm/install/manipulator_msgs/lib/python3.12/site-packages/manipulator_msgs/_manipulator_msgs_s.ep.rosidl_typesupport_fastrtps_c.c
-- Installing: /home/raj/robotic_arm/install/manipulator_msgs/lib/python3.12/site-packages/manipulator_msgs/action
-- Installing: /home/raj/robotic_arm/install/manipulator_msgs/lib/python3.12/site-packages/manipulator_msgs/action/_manipulator_task.py
-- Installing: /home/raj/robotic_arm/install/manipulator_msgs/lib/python3.12/site-packages/manipulator_msgs/action/_manipulator_task_s.c
-- Installing: /home/raj/robotic_arm/install/manipulator_msgs/lib/python3.12/site-packages/manipulator_msgs/action/__init__.py
Listing '/home/raj/robotic_arm/install/manipulator_msgs/lib/python3.12/site-packages/manipulator_msgs'...
Compiling '/home/raj/robotic_arm/install/manipulator_msgs/lib/python3.12/site-packages/manipulator_msgs/__init__.py'...
Listing '/home/raj/robotic_arm/install/manipulator_msgs/lib/python3.12/site-packages/manipulator_msgs/action'...
Compiling '/home/raj/robotic_arm/install/manipulator_msgs/lib/python3.12/site-packages/manipulator_msgs/action/__init__.py'...
Compiling '/home/raj/robotic_arm/install/manipulator_msgs/lib/python3.12/site-packages/manipulator_msgs/action/_manipulator_task.py'...
Listing '/home/raj/robotic_arm/install/manipulator_msgs/lib/python3.12/site-packages/manipulator_msgs/srv'...
Compiling '/home/raj/robotic_arm/install/manipulator_msgs/lib/python3.12/site-packages/manipulator_msgs/srv/__init__.py'...
Compiling '/home/raj/robotic_arm/install/manipulator_msgs/lib/python3.12/site-packages/manipulator_msgs/srv/_euler_to_quaternion.py'...
Compiling '/home/raj/robotic_arm/install/manipulator_msgs/lib/python3.12/site-packages/manipulator_msgs/srv/_quaternion_to_euler.py'...
-- Installing: /home/raj/robotic_arm/install/manipulator_msgs/lib/python3.12/site-packages/manipulator_msgs/manipulator_msgs_s__rosidl_typesupport_fastrtps_c.so
-- Set non-toolchain portion of runtime path of "/home/raj/robotic_arm/install/manipulator_msgs/lib/python3.12/site-packages/manipulator_msgs/manipulator_msgs_s__rosidl_typesupport_fastrtps_c.so" to ""
-- Installing: /home/raj/robotic_arm/install/manipulator_msgs/lib/python3.12/site-packages/manipulator_msgs/manipulator_msgs_s__rosidl_typesupport_introspection_c.so
-- Set non-toolchain portion of runtime path of "/home/raj/robotic_arm/install/manipulator_msgs/lib/python3.12/site-packages/manipulator_msgs/manipulator_msgs_s__rosidl_typesupport_introspection_c.so" to ""
-- Installing: /home/raj/robotic_arm/install/manipulator_msgs/lib/python3.12/site-packages/manipulator_msgs/manipulator_msgs_s__rosidl_typesupport_c.so
-- Set non-toolchain portion of runtime path of "/home/raj/robotic_arm/install/manipulator_msgs/lib/python3.12/site-packages/manipulator_msgs/manipulator_msgs_s__rosidl_typesupport_c.so" to ""
-- Installing: /home/raj/robotic_arm/install/manipulator_msgs/lib/libmanipulator_msgs__rosidl_generator_py.so
-- Set non-toolchain portion of runtime path of "/home/raj/robotic_arm/install/manipulator_msgs/lib/libmanipulator_msgs__rosidl_generator_py.so" to ""
-- Up-to-date: /home/raj/robotic_arm/install/manipulator_msgs/share/manipulator_msgs/srv/EulerToQuaternion.idl
-- Up-to-date: /home/raj/robotic_arm/install/manipulator_msgs/share/manipulator_msgs/srv/QuaternionToEuler.idl
-- Installing: /home/raj/robotic_arm/install/manipulator_msgs/share/manipulator_msgs/action/ManipulatorTask.idl
-- Up-to-date: /home/raj/robotic_arm/install/manipulator_msgs/share/manipulator_msgs/srv/EulerToQuaternion.srv
-- Up-to-date: /home/raj/robotic_arm/install/manipulator_msgs/share/manipulator_msgs/srv/QuaternionToEuler.srv
-- Installing: /home/raj/robotic_arm/install/manipulator_msgs/share/manipulator_msgs/action/ManipulatorTask.action
-- Up-to-date: /home/raj/robotic_arm/install/manipulator_msgs/share/ament_index/resource_index/package_run_dependencies/manipulator_msgs
-- Installing: /home/raj/robotic_arm/install/manipulator_msgs/share/ament_index/resource_index/parent_prefix_path/manipulator_msgs
-- Installing: /home/raj/robotic_arm/install/manipulator_msgs/share/manipulator_msgs/environment/ament_prefix_path.sh
-- Up-to-date: /home/raj/robotic_arm/install/manipulator_msgs/share/manipulator_msgs/environment/ament_prefix_path.dsv
-- Installing: /home/raj/robotic_arm/install/manipulator_msgs/share/manipulator_msgs/environment/path.sh
-- Up-to-date: /home/raj/robotic_arm/install/manipulator_msgs/share/manipulator_msgs/environment/path.dsv
-- Up-to-date: /home/raj/robotic_arm/install/manipulator_msgs/share/manipulator_msgs/local_setup.bash
-- Up-to-date: /home/raj/robotic_arm/install/manipulator_msgs/share/manipulator_msgs/local_setup.sh
-- Up-to-date: /home/raj/robotic_arm/install/manipulator_msgs/share/manipulator_msgs/local_setup.zsh
-- Up-to-date: /home/raj/robotic_arm/install/manipulator_msgs/share/manipulator_msgs/local_setup.dsv
-- Up-to-date: /home/raj/robotic_arm/install/manipulator_msgs/share/manipulator_msgs/package.dsv
-- Up-to-date: /home/raj/robotic_arm/install/manipulator_msgs/share/ament_index/resource_index/packages/manipulator_msgs
-- Old export file "/home/raj/robotic_arm/install/manipulator_msgs/share/manipulator_msgs/cmake/export_manipulator_msgs__rosidl_generator_cExport.cmake" will be replaced.  Removing files [/home/raj/robotic_arm/install/manipulator_msgs/share/manipulator_msgs/cmake/export_manipulator_msgs__rosidl_generator_cExport-noconfig.cmake].
-- Installing: /home/raj/robotic_arm/install/manipulator_msgs/share/manipulator_msgs/cmake/export_manipulator_msgs__rosidl_generator_cExport.cmake
-- Installing: /home/raj/robotic_arm/install/manipulator_msgs/share/manipulator_msgs/cmake/export_manipulator_msgs__rosidl_generator_cExport-noconfig.cmake
-- Old export file "/home/raj/robotic_arm/install/manipulator_msgs/share/manipulator_msgs/cmake/export_manipulator_msgs__rosidl_typesupport_fastrtps_cExport.cmake" will be replaced.  Removing files [/home/raj/robotic_arm/install/manipulator_msgs/share/manipulator_msgs/cmake/export_manipulator_msgs__rosidl_typesupport_fastrtps_cExport-noconfig.cmake].
-- Installing: /home/raj/robotic_arm/install/manipulator_msgs/share/manipulator_msgs/cmake/export_manipulator_msgs__rosidl_typesupport_fastrtps_cExport.cmake
-- Installing: /home/raj/robotic_arm/install/manipulator_msgs/share/manipulator_msgs/cmake/export_manipulator_msgs__rosidl_typesupport_fastrtps_cExport-noconfig.cmake
-- Old export file "/home/raj/robotic_arm/install/manipulator_msgs/share/manipulator_msgs/cmake/manipulator_msgs__rosidl_typesupport_introspection_cExport.cmake" will be replaced.  Removing files [/home/raj/robotic_arm/install/manipulator_msgs/share/manipulator_msgs/cmake/manipulator_msgs__rosidl_typesupport_introspection_cExport-noconfig.cmake].
-- Installing: /home/raj/robotic_arm/install/manipulator_msgs/share/manipulator_msgs/cmake/manipulator_msgs__rosidl_typesupport_introspection_cExport.cmake
-- Installing: /home/raj/robotic_arm/install/manipulator_msgs/share/manipulator_msgs/cmake/manipulator_msgs__rosidl_typesupport_introspection_cExport-noconfig.cmake
-- Old export file "/home/raj/robotic_arm/install/manipulator_msgs/share/manipulator_msgs/cmake/manipulator_msgs__rosidl_typesupport_cExport.cmake" will be replaced.  Removing files [/home/raj/robotic_arm/install/manipulator_msgs/share/manipulator_msgs/cmake/manipulator_msgs__rosidl_typesupport_cExport-noconfig.cmake].
-- Installing: /home/raj/robotic_arm/install/manipulator_msgs/share/manipulator_msgs/cmake/manipulator_msgs__rosidl_typesupport_cExport.cmake
-- Installing: /home/raj/robotic_arm/install/manipulator_msgs/share/manipulator_msgs/cmake/manipulator_msgs__rosidl_typesupport_cExport-noconfig.cmake
-- Installing: /home/raj/robotic_arm/install/manipulator_msgs/share/manipulator_msgs/cmake/export_manipulator_msgs__rosidl_generator_cppExport.cmake
-- Old export file "/home/raj/robotic_arm/install/manipulator_msgs/share/manipulator_msgs/cmake/export_manipulator_msgs__rosidl_typesupport_fastrtps_cppExport.cmake" will be replaced.  Removing files [/home/raj/robotic_arm/install/manipulator_msgs/share/manipulator_msgs/cmake/export_manipulator_msgs__rosidl_typesupport_fastrtps_cppExport-noconfig.cmake].
-- Installing: /home/raj/robotic_arm/install/manipulator_msgs/share/manipulator_msgs/cmake/export_manipulator_msgs__rosidl_typesupport_fastrtps_cppExport.cmake
-- Installing: /home/raj/robotic_arm/install/manipulator_msgs/share/manipulator_msgs/cmake/export_manipulator_msgs__rosidl_typesupport_fastrtps_cppExport-noconfig.cmake
-- Old export file "/home/raj/robotic_arm/install/manipulator_msgs/share/manipulator_msgs/cmake/manipulator_msgs__rosidl_typesupport_introspection_cppExport.cmake" will be replaced.  Removing files [/home/raj/robotic_arm/install/manipulator_msgs/share/manipulator_msgs/cmake/manipulator_msgs__rosidl_typesupport_introspection_cppExport-noconfig.cmake].
-- Installing: /home/raj/robotic_arm/install/manipulator_msgs/share/manipulator_msgs/cmake/manipulator_msgs__rosidl_typesupport_introspection_cppExport.cmake
-- Installing: /home/raj/robotic_arm/install/manipulator_msgs/share/manipulator_msgs/cmake/manipulator_msgs__rosidl_typesupport_introspection_cppExport-noconfig.cmake
-- Old export file "/home/raj/robotic_arm/install/manipulator_msgs/share/manipulator_msgs/cmake/manipulator_msgs__rosidl_typesupport_cppExport.cmake" will be replaced.  Removing files [/home/raj/robotic_arm/install/manipulator_msgs/share/manipulator_msgs/cmake/manipulator_msgs__rosidl_typesupport_cppExport-noconfig.cmake].
-- Installing: /home/raj/robotic_arm/install/manipulator_msgs/share/manipulator_msgs/cmake/manipulator_msgs__rosidl_typesupport_cppExport.cmake
-- Installing: /home/raj/robotic_arm/install/manipulator_msgs/share/manipulator_msgs/cmake/manipulator_msgs__rosidl_typesupport_cppExport-noconfig.cmake
-- Up-to-date: /home/raj/robotic_arm/install/manipulator_msgs/share/manipulator_msgs/cmake/export_manipulator_msgs__rosidl_generator_pyExport.cmake
-- Installing: /home/raj/robotic_arm/install/manipulator_msgs/share/manipulator_msgs/cmake/export_manipulator_msgs__rosidl_generator_pyExport-noconfig.cmake
-- Installing: /home/raj/robotic_arm/install/manipulator_msgs/share/manipulator_msgs/cmake/rosidl_cmake-extras.cmake
-- Installing: /home/raj/robotic_arm/install/manipulator_msgs/share/manipulator_msgs/cmake/ament_cmake_export_dependencies-extras.cmake
-- Up-to-date: /home/raj/robotic_arm/install/manipulator_msgs/share/manipulator_msgs/cmake/ament_cmake_export_include_directories-extras.cmake
-- Up-to-date: /home/raj/robotic_arm/install/manipulator_msgs/share/manipulator_msgs/cmake/ament_cmake_export_libraries-extras.cmake
-- Up-to-date: /home/raj/robotic_arm/install/manipulator_msgs/share/manipulator_msgs/cmake/ament_cmake_export_targets-extras.cmake
-- Up-to-date: /home/raj/robotic_arm/install/manipulator_msgs/share/manipulator_msgs/cmake/rosidl_cmake_export_typesupport_targets-extras.cmake
-- Up-to-date: /home/raj/robotic_arm/install/manipulator_msgs/share/manipulator_msgs/cmake/rosidl_cmake_export_typesupport_libraries-extras.cmake
-- Up-to-date: /home/raj/robotic_arm/install/manipulator_msgs/share/manipulator_msgs/cmake/manipulator_msgsConfig.cmake
-- Up-to-date: /home/raj/robotic_arm/install/manipulator_msgs/share/manipulator_msgs/cmake/manipulator_msgsConfig-version.cmake
-- Up-to-date: /home/raj/robotic_arm/install/manipulator_msgs/share/manipulator_msgs/package.xml
