running egg_info
creating ../../build/simple_task/simple_task.egg-info
writing ../../build/simple_task/simple_task.egg-info/PKG-INFO
writing dependency_links to ../../build/simple_task/simple_task.egg-info/dependency_links.txt
writing entry points to ../../build/simple_task/simple_task.egg-info/entry_points.txt
writing requirements to ../../build/simple_task/simple_task.egg-info/requires.txt
writing top-level names to ../../build/simple_task/simple_task.egg-info/top_level.txt
writing manifest file '../../build/simple_task/simple_task.egg-info/SOURCES.txt'
reading manifest file '../../build/simple_task/simple_task.egg-info/SOURCES.txt'
writing manifest file '../../build/simple_task/simple_task.egg-info/SOURCES.txt'
running build
running build_py
creating /home/raj/robotic_arm/build/simple_task/build
creating /home/raj/robotic_arm/build/simple_task/build/lib
creating /home/raj/robotic_arm/build/simple_task/build/lib/simple_task
copying simple_task/simple_moveit_interface.py -> /home/raj/robotic_arm/build/simple_task/build/lib/simple_task
copying simple_task/__init__.py -> /home/raj/robotic_arm/build/simple_task/build/lib/simple_task
running install
running install_lib
creating /home/raj/robotic_arm/install/simple_task/lib/python3.12/site-packages/simple_task
copying /home/raj/robotic_arm/build/simple_task/build/lib/simple_task/simple_moveit_interface.py -> /home/raj/robotic_arm/install/simple_task/lib/python3.12/site-packages/simple_task
copying /home/raj/robotic_arm/build/simple_task/build/lib/simple_task/__init__.py -> /home/raj/robotic_arm/install/simple_task/lib/python3.12/site-packages/simple_task
byte-compiling /home/raj/robotic_arm/install/simple_task/lib/python3.12/site-packages/simple_task/simple_moveit_interface.py to simple_moveit_interface.cpython-312.pyc
byte-compiling /home/raj/robotic_arm/install/simple_task/lib/python3.12/site-packages/simple_task/__init__.py to __init__.cpython-312.pyc
running install_data
creating /home/raj/robotic_arm/install/simple_task/share/ament_index
creating /home/raj/robotic_arm/install/simple_task/share/ament_index/resource_index
creating /home/raj/robotic_arm/install/simple_task/share/ament_index/resource_index/packages
copying resource/simple_task -> /home/raj/robotic_arm/install/simple_task/share/ament_index/resource_index/packages
copying package.xml -> /home/raj/robotic_arm/install/simple_task/share/simple_task
creating /home/raj/robotic_arm/install/simple_task/share/simple_task/launch
copying launch/simple_moveit_interface.launch.py -> /home/raj/robotic_arm/install/simple_task/share/simple_task/launch
running install_egg_info
Copying ../../build/simple_task/simple_task.egg-info to /home/raj/robotic_arm/install/simple_task/lib/python3.12/site-packages/simple_task-0.0.0-py3.12.egg-info
running install_scripts
Installing simple_moveit_interface script to /home/raj/robotic_arm/install/simple_task/lib/simple_task
writing list of installed files to '/home/raj/robotic_arm/build/simple_task/install.log'
