running egg_info
creating ../../build/manipulator_description/manipulator_description.egg-info
writing ../../build/manipulator_description/manipulator_description.egg-info/PKG-INFO
writing dependency_links to ../../build/manipulator_description/manipulator_description.egg-info/dependency_links.txt
writing entry points to ../../build/manipulator_description/manipulator_description.egg-info/entry_points.txt
writing requirements to ../../build/manipulator_description/manipulator_description.egg-info/requires.txt
writing top-level names to ../../build/manipulator_description/manipulator_description.egg-info/top_level.txt
writing manifest file '../../build/manipulator_description/manipulator_description.egg-info/SOURCES.txt'
reading manifest file '../../build/manipulator_description/manipulator_description.egg-info/SOURCES.txt'
writing manifest file '../../build/manipulator_description/manipulator_description.egg-info/SOURCES.txt'
running build
running build_py
creating /home/raj/manipulator_ws/build/manipulator_description/build
creating /home/raj/manipulator_ws/build/manipulator_description/build/lib
creating /home/raj/manipulator_ws/build/manipulator_description/build/lib/manipulator_description
copying manipulator_description/__init__.py -> /home/raj/manipulator_ws/build/manipulator_description/build/lib/manipulator_description
running install
running install_lib
creating /home/raj/manipulator_ws/install/manipulator_description/lib/python3.10/site-packages/manipulator_description
copying /home/raj/manipulator_ws/build/manipulator_description/build/lib/manipulator_description/__init__.py -> /home/raj/manipulator_ws/install/manipulator_description/lib/python3.10/site-packages/manipulator_description
byte-compiling /home/raj/manipulator_ws/install/manipulator_description/lib/python3.10/site-packages/manipulator_description/__init__.py to __init__.cpython-310.pyc
running install_data
creating /home/raj/manipulator_ws/install/manipulator_description/share/ament_index
creating /home/raj/manipulator_ws/install/manipulator_description/share/ament_index/resource_index
creating /home/raj/manipulator_ws/install/manipulator_description/share/ament_index/resource_index/packages
copying resource/manipulator_description -> /home/raj/manipulator_ws/install/manipulator_description/share/ament_index/resource_index/packages
copying package.xml -> /home/raj/manipulator_ws/install/manipulator_description/share/manipulator_description
running install_egg_info
Copying ../../build/manipulator_description/manipulator_description.egg-info to /home/raj/manipulator_ws/install/manipulator_description/lib/python3.10/site-packages/manipulator_description-0.0.0-py3.10.egg-info
running install_scripts
writing list of installed files to '/home/raj/manipulator_ws/build/manipulator_description/install.log'
