running egg_info
creating ../build/manipulator_controller/manipulator_controller.egg-info
writing ../build/manipulator_controller/manipulator_controller.egg-info/PKG-INFO
writing dependency_links to ../build/manipulator_controller/manipulator_controller.egg-info/dependency_links.txt
writing requirements to ../build/manipulator_controller/manipulator_controller.egg-info/requires.txt
writing top-level names to ../build/manipulator_controller/manipulator_controller.egg-info/top_level.txt
writing manifest file '../build/manipulator_controller/manipulator_controller.egg-info/SOURCES.txt'
reading manifest file '../build/manipulator_controller/manipulator_controller.egg-info/SOURCES.txt'
writing manifest file '../build/manipulator_controller/manipulator_controller.egg-info/SOURCES.txt'
running build
running build_py
creating /home/raj/robotic_arm/src/build/manipulator_controller/build
creating /home/raj/robotic_arm/src/build/manipulator_controller/build/lib
creating /home/raj/robotic_arm/src/build/manipulator_controller/build/lib/manipulator_controller
copying manipulator_controller/__init__.py -> /home/raj/robotic_arm/src/build/manipulator_controller/build/lib/manipulator_controller
running install
running install_lib
creating /home/raj/robotic_arm/src/install/manipulator_controller/lib/python3.12/site-packages/manipulator_controller
copying /home/raj/robotic_arm/src/build/manipulator_controller/build/lib/manipulator_controller/__init__.py -> /home/raj/robotic_arm/src/install/manipulator_controller/lib/python3.12/site-packages/manipulator_controller
byte-compiling /home/raj/robotic_arm/src/install/manipulator_controller/lib/python3.12/site-packages/manipulator_controller/__init__.py to __init__.cpython-312.pyc
running install_data
creating /home/raj/robotic_arm/src/install/manipulator_controller/share/ament_index
creating /home/raj/robotic_arm/src/install/manipulator_controller/share/ament_index/resource_index
creating /home/raj/robotic_arm/src/install/manipulator_controller/share/ament_index/resource_index/packages
copying resource/manipulator_controller -> /home/raj/robotic_arm/src/install/manipulator_controller/share/ament_index/resource_index/packages
copying package.xml -> /home/raj/robotic_arm/src/install/manipulator_controller/share/manipulator_controller
creating /home/raj/robotic_arm/src/install/manipulator_controller/share/manipulator_controller/config
copying config/manipulator_controller.yaml -> /home/raj/robotic_arm/src/install/manipulator_controller/share/manipulator_controller/config
creating /home/raj/robotic_arm/src/install/manipulator_controller/share/manipulator_controller/launch
copying launch/controller.launch.py -> /home/raj/robotic_arm/src/install/manipulator_controller/share/manipulator_controller/launch
running install_egg_info
Copying ../build/manipulator_controller/manipulator_controller.egg-info to /home/raj/robotic_arm/src/install/manipulator_controller/lib/python3.12/site-packages/manipulator_controller-0.0.0-py3.12.egg-info
running install_scripts
writing list of installed files to '/home/raj/robotic_arm/src/build/manipulator_controller/install.log'
