[0.629s] Invoking command in '/home/raj/robotic_arm/src/manipulator_description': DEBUGINFOD_URLS=https://debuginfod.ubuntu.com PYTHONPATH=/home/raj/robotic_arm/src/build/manipulator_description/prefix_override:/usr/lib/python3/dist-packages/colcon_core/task/python/colcon_distutils_commands:/home/raj/robotic_arm/src/install/manipulator_description/lib/python3.12/site-packages:${PYTHONPATH} /usr/bin/python3 -W ignore:setup.py install is deprecated -W ignore:easy_install command is deprecated setup.py egg_info --egg-base ../build/manipulator_description build --build-base /home/raj/robotic_arm/src/build/manipulator_description/build install --record /home/raj/robotic_arm/src/build/manipulator_description/install.log --single-version-externally-managed install_data
[0.772s] running egg_info
[0.783s] writing ../build/manipulator_description/manipulator_description.egg-info/PKG-INFO
[0.783s] writing dependency_links to ../build/manipulator_description/manipulator_description.egg-info/dependency_links.txt
[0.784s] writing entry points to ../build/manipulator_description/manipulator_description.egg-info/entry_points.txt
[0.784s] writing requirements to ../build/manipulator_description/manipulator_description.egg-info/requires.txt
[0.784s] writing top-level names to ../build/manipulator_description/manipulator_description.egg-info/top_level.txt
[0.805s] reading manifest file '../build/manipulator_description/manipulator_description.egg-info/SOURCES.txt'
[0.805s] writing manifest file '../build/manipulator_description/manipulator_description.egg-info/SOURCES.txt'
[0.806s] running build
[0.806s] running build_py
[0.807s] running install
[0.809s] running install_lib
[0.820s] running install_data
[0.821s] running install_egg_info
[0.831s] removing '/home/raj/robotic_arm/src/install/manipulator_description/lib/python3.12/site-packages/manipulator_description-0.0.0-py3.12.egg-info' (and everything under it)
[0.831s] Copying ../build/manipulator_description/manipulator_description.egg-info to /home/raj/robotic_arm/src/install/manipulator_description/lib/python3.12/site-packages/manipulator_description-0.0.0-py3.12.egg-info
[0.832s] running install_scripts
[0.902s] Installing simple_parameter_node script to /home/raj/robotic_arm/src/install/manipulator_description/lib/manipulator_description
[0.902s] writing list of installed files to '/home/raj/robotic_arm/src/build/manipulator_description/install.log'
