running egg_info
writing ../../build/manipulator_description/manipulator_description.egg-info/PKG-INFO
writing dependency_links to ../../build/manipulator_description/manipulator_description.egg-info/dependency_links.txt
writing entry points to ../../build/manipulator_description/manipulator_description.egg-info/entry_points.txt
writing requirements to ../../build/manipulator_description/manipulator_description.egg-info/requires.txt
writing top-level names to ../../build/manipulator_description/manipulator_description.egg-info/top_level.txt
reading manifest file '../../build/manipulator_description/manipulator_description.egg-info/SOURCES.txt'
writing manifest file '../../build/manipulator_description/manipulator_description.egg-info/SOURCES.txt'
running build
running build_py
creating /home/raj/manipulator_ws/build/manipulator_description/build/lib/simple_examples
copying simple_examples/simple_parameter.py -> /home/raj/manipulator_ws/build/manipulator_description/build/lib/simple_examples
copying simple_examples/__init__.py -> /home/raj/manipulator_ws/build/manipulator_description/build/lib/simple_examples
running install
running install_lib
creating /home/raj/manipulator_ws/install/manipulator_description/lib/python3.10/site-packages/simple_examples
copying /home/raj/manipulator_ws/build/manipulator_description/build/lib/simple_examples/simple_parameter.py -> /home/raj/manipulator_ws/install/manipulator_description/lib/python3.10/site-packages/simple_examples
copying /home/raj/manipulator_ws/build/manipulator_description/build/lib/simple_examples/__init__.py -> /home/raj/manipulator_ws/install/manipulator_description/lib/python3.10/site-packages/simple_examples
byte-compiling /home/raj/manipulator_ws/install/manipulator_description/lib/python3.10/site-packages/simple_examples/simple_parameter.py to simple_parameter.cpython-310.pyc
byte-compiling /home/raj/manipulator_ws/install/manipulator_description/lib/python3.10/site-packages/simple_examples/__init__.py to __init__.cpython-310.pyc
running install_data
running install_egg_info
removing '/home/raj/manipulator_ws/install/manipulator_description/lib/python3.10/site-packages/manipulator_description-0.0.0-py3.10.egg-info' (and everything under it)
Copying ../../build/manipulator_description/manipulator_description.egg-info to /home/raj/manipulator_ws/install/manipulator_description/lib/python3.10/site-packages/manipulator_description-0.0.0-py3.10.egg-info
running install_scripts
Installing simple_parameter_node script to /home/raj/manipulator_ws/install/manipulator_description/lib/manipulator_description
writing list of installed files to '/home/raj/manipulator_ws/build/manipulator_description/install.log'
