[0.537s] Invoking command in '/home/raj/manipulator_ws/src/manipulator_description': PYTHONPATH=/home/raj/manipulator_ws/build/manipulator_description/prefix_override:/usr/lib/python3/dist-packages/colcon_core/task/python/colcon_distutils_commands:/home/raj/manipulator_ws/install/manipulator_description/lib/python3.10/site-packages:${PYTHONPATH} /usr/bin/python3 -W ignore:setup.py install is deprecated -W ignore:easy_install command is deprecated setup.py egg_info --egg-base ../../build/manipulator_description build --build-base /home/raj/manipulator_ws/build/manipulator_description/build install --record /home/raj/manipulator_ws/build/manipulator_description/install.log --single-version-externally-managed install_data
[0.758s] running egg_info
[0.758s] writing ../../build/manipulator_description/manipulator_description.egg-info/PKG-INFO
[0.758s] writing dependency_links to ../../build/manipulator_description/manipulator_description.egg-info/dependency_links.txt
[0.758s] writing entry points to ../../build/manipulator_description/manipulator_description.egg-info/entry_points.txt
[0.758s] writing requirements to ../../build/manipulator_description/manipulator_description.egg-info/requires.txt
[0.758s] writing top-level names to ../../build/manipulator_description/manipulator_description.egg-info/top_level.txt
[0.760s] reading manifest file '../../build/manipulator_description/manipulator_description.egg-info/SOURCES.txt'
[0.760s] writing manifest file '../../build/manipulator_description/manipulator_description.egg-info/SOURCES.txt'
[0.761s] running build
[0.761s] running build_py
[0.761s] creating /home/raj/manipulator_ws/build/manipulator_description/build/lib/simple_examples
[0.761s] copying simple_examples/simple_parameter.py -> /home/raj/manipulator_ws/build/manipulator_description/build/lib/simple_examples
[0.761s] copying simple_examples/__init__.py -> /home/raj/manipulator_ws/build/manipulator_description/build/lib/simple_examples
[0.761s] running install
[0.761s] running install_lib
[0.762s] creating /home/raj/manipulator_ws/install/manipulator_description/lib/python3.10/site-packages/simple_examples
[0.762s] copying /home/raj/manipulator_ws/build/manipulator_description/build/lib/simple_examples/simple_parameter.py -> /home/raj/manipulator_ws/install/manipulator_description/lib/python3.10/site-packages/simple_examples
[0.762s] copying /home/raj/manipulator_ws/build/manipulator_description/build/lib/simple_examples/__init__.py -> /home/raj/manipulator_ws/install/manipulator_description/lib/python3.10/site-packages/simple_examples
[0.763s] byte-compiling /home/raj/manipulator_ws/install/manipulator_description/lib/python3.10/site-packages/simple_examples/simple_parameter.py to simple_parameter.cpython-310.pyc
[0.763s] byte-compiling /home/raj/manipulator_ws/install/manipulator_description/lib/python3.10/site-packages/simple_examples/__init__.py to __init__.cpython-310.pyc
[0.763s] running install_data
[0.763s] running install_egg_info
[0.765s] removing '/home/raj/manipulator_ws/install/manipulator_description/lib/python3.10/site-packages/manipulator_description-0.0.0-py3.10.egg-info' (and everything under it)
[0.765s] Copying ../../build/manipulator_description/manipulator_description.egg-info to /home/raj/manipulator_ws/install/manipulator_description/lib/python3.10/site-packages/manipulator_description-0.0.0-py3.10.egg-info
[0.765s] running install_scripts
[0.780s] Installing simple_parameter_node script to /home/raj/manipulator_ws/install/manipulator_description/lib/manipulator_description
[0.781s] writing list of installed files to '/home/raj/manipulator_ws/build/manipulator_description/install.log'
[0.798s] Invoked command in '/home/raj/manipulator_ws/src/manipulator_description' returned '0': PYTHONPATH=/home/raj/manipulator_ws/build/manipulator_description/prefix_override:/usr/lib/python3/dist-packages/colcon_core/task/python/colcon_distutils_commands:/home/raj/manipulator_ws/install/manipulator_description/lib/python3.10/site-packages:${PYTHONPATH} /usr/bin/python3 -W ignore:setup.py install is deprecated -W ignore:easy_install command is deprecated setup.py egg_info --egg-base ../../build/manipulator_description build --build-base /home/raj/manipulator_ws/build/manipulator_description/build install --record /home/raj/manipulator_ws/build/manipulator_description/install.log --single-version-externally-managed install_data
