[0.027s] Invoking command in '/home/raj/robotic_arm/src/build/manipulator_moveit': CMAKE_PREFIX_PATH=${CMAKE_PREFIX_PATH}:/opt/ros/jazzy DEBUGINFOD_URLS=https://debuginfod.ubuntu.com /usr/bin/cmake /home/raj/robotic_arm/src/manipulator_moveit -DCMAKE_INSTALL_PREFIX=/home/raj/robotic_arm/src/install/manipulator_moveit
[0.191s] -- The C compiler identification is GNU 13.3.0
[0.368s] -- The CXX compiler identification is GNU 13.3.0
[0.422s] -- Detecting C compiler ABI info
[0.728s] -- Detecting C compiler ABI info - done
[0.751s] -- Check for working C compiler: /usr/bin/cc - skipped
[0.752s] -- Detecting C compile features
[0.753s] -- Detecting C compile features - done
[0.780s] -- Detecting CXX compiler ABI info
[1.099s] -- Detecting CXX compiler ABI info - done
[1.129s] -- Check for working CXX compiler: /usr/bin/c++ - skipped
[1.129s] -- Detecting CXX compile features
[1.131s] -- Detecting CXX compile features - done
[1.147s] -- Found ament_cmake: 2.5.5 (/opt/ros/jazzy/share/ament_cmake/cmake)
[1.612s] -- Found Python3: /usr/bin/python3 (found version "3.12.3") found components: Interpreter 
[1.997s] -- Found ament_lint_auto: 0.17.4 (/opt/ros/jazzy/share/ament_lint_auto/cmake)
[2.354s] -- Added test 'flake8' to check Python code syntax and style conventions
[2.354s] -- Configured 'flake8' exclude dirs and/or files: 
[2.357s] -- Added test 'lint_cmake' to check CMake code style
[2.361s] -- Added test 'pep257' to check Python code against some of the docstring style conventions in PEP 257
[2.368s] -- Added test 'xmllint' to check XML markup files
[2.374s] -- Configuring done (2.3s)
[2.387s] -- Generating done (0.0s)
[2.393s] -- Build files have been written to: /home/raj/robotic_arm/src/build/manipulator_moveit
[2.411s] Invoked command in '/home/raj/robotic_arm/src/build/manipulator_moveit' returned '0': CMAKE_PREFIX_PATH=${CMAKE_PREFIX_PATH}:/opt/ros/jazzy DEBUGINFOD_URLS=https://debuginfod.ubuntu.com /usr/bin/cmake /home/raj/robotic_arm/src/manipulator_moveit -DCMAKE_INSTALL_PREFIX=/home/raj/robotic_arm/src/install/manipulator_moveit
[2.415s] Invoking command in '/home/raj/robotic_arm/src/build/manipulator_moveit': CMAKE_PREFIX_PATH=${CMAKE_PREFIX_PATH}:/opt/ros/jazzy DEBUGINFOD_URLS=https://debuginfod.ubuntu.com /usr/bin/cmake --build /home/raj/robotic_arm/src/build/manipulator_moveit -- -j32 -l32
[2.553s] Invoked command in '/home/raj/robotic_arm/src/build/manipulator_moveit' returned '0': CMAKE_PREFIX_PATH=${CMAKE_PREFIX_PATH}:/opt/ros/jazzy DEBUGINFOD_URLS=https://debuginfod.ubuntu.com /usr/bin/cmake --build /home/raj/robotic_arm/src/build/manipulator_moveit -- -j32 -l32
[2.586s] Invoking command in '/home/raj/robotic_arm/src/build/manipulator_moveit': CMAKE_PREFIX_PATH=${CMAKE_PREFIX_PATH}:/opt/ros/jazzy DEBUGINFOD_URLS=https://debuginfod.ubuntu.com /usr/bin/cmake --install /home/raj/robotic_arm/src/build/manipulator_moveit
[2.613s] -- Install configuration: ""
[2.614s] -- Installing: /home/raj/robotic_arm/src/install/manipulator_moveit/share/manipulator_moveit/launch
[2.614s] -- Installing: /home/raj/robotic_arm/src/install/manipulator_moveit/share/manipulator_moveit/launch/simple_moveit_interface.launch.py
[2.614s] -- Installing: /home/raj/robotic_arm/src/install/manipulator_moveit/share/manipulator_moveit/launch/moveit.launch.py
[2.614s] -- Installing: /home/raj/robotic_arm/src/install/manipulator_moveit/share/manipulator_moveit/config
[2.615s] -- Installing: /home/raj/robotic_arm/src/install/manipulator_moveit/share/manipulator_moveit/config/pilz_cartesian_limits.yaml
[2.615s] -- Installing: /home/raj/robotic_arm/src/install/manipulator_moveit/share/manipulator_moveit/config/joint_limits.yaml
[2.615s] -- Installing: /home/raj/robotic_arm/src/install/manipulator_moveit/share/manipulator_moveit/config/planning_python_api.yaml
[2.615s] -- Installing: /home/raj/robotic_arm/src/install/manipulator_moveit/share/manipulator_moveit/config/kinematics.yaml
[2.616s] -- Installing: /home/raj/robotic_arm/src/install/manipulator_moveit/share/manipulator_moveit/config/initial_position.yaml
[2.617s] -- Installing: /home/raj/robotic_arm/src/install/manipulator_moveit/share/manipulator_moveit/config/moveit_controller.yaml
[2.617s] -- Installing: /home/raj/robotic_arm/src/install/manipulator_moveit/share/manipulator_moveit/config/trajectory_execution.yaml
[2.617s] -- Installing: /home/raj/robotic_arm/src/install/manipulator_moveit/share/manipulator_moveit/config/manipulator.srdf
[2.617s] -- Installing: /home/raj/robotic_arm/src/install/manipulator_moveit/share/manipulator_moveit/config/moveit_controllers.yaml
[2.618s] -- Installing: /home/raj/robotic_arm/src/install/manipulator_moveit/lib/manipulator_moveit/moveit_interface
[2.619s] -- Installing: /home/raj/robotic_arm/src/install/manipulator_moveit/share/ament_index/resource_index/package_run_dependencies/manipulator_moveit
[2.620s] -- Installing: /home/raj/robotic_arm/src/install/manipulator_moveit/share/ament_index/resource_index/parent_prefix_path/manipulator_moveit
[2.620s] -- Installing: /home/raj/robotic_arm/src/install/manipulator_moveit/share/manipulator_moveit/environment/ament_prefix_path.sh
[2.620s] -- Installing: /home/raj/robotic_arm/src/install/manipulator_moveit/share/manipulator_moveit/environment/ament_prefix_path.dsv
[2.621s] -- Installing: /home/raj/robotic_arm/src/install/manipulator_moveit/share/manipulator_moveit/environment/path.sh
[2.621s] -- Installing: /home/raj/robotic_arm/src/install/manipulator_moveit/share/manipulator_moveit/environment/path.dsv
[2.622s] -- Installing: /home/raj/robotic_arm/src/install/manipulator_moveit/share/manipulator_moveit/local_setup.bash
[2.622s] -- Installing: /home/raj/robotic_arm/src/install/manipulator_moveit/share/manipulator_moveit/local_setup.sh
[2.622s] -- Installing: /home/raj/robotic_arm/src/install/manipulator_moveit/share/manipulator_moveit/local_setup.zsh
[2.623s] -- Installing: /home/raj/robotic_arm/src/install/manipulator_moveit/share/manipulator_moveit/local_setup.dsv
[2.623s] -- Installing: /home/raj/robotic_arm/src/install/manipulator_moveit/share/manipulator_moveit/package.dsv
[2.624s] -- Installing: /home/raj/robotic_arm/src/install/manipulator_moveit/share/ament_index/resource_index/packages/manipulator_moveit
[2.625s] -- Installing: /home/raj/robotic_arm/src/install/manipulator_moveit/share/manipulator_moveit/cmake/manipulator_moveitConfig.cmake
[2.626s] -- Installing: /home/raj/robotic_arm/src/install/manipulator_moveit/share/manipulator_moveit/cmake/manipulator_moveitConfig-version.cmake
[2.626s] -- Installing: /home/raj/robotic_arm/src/install/manipulator_moveit/share/manipulator_moveit/package.xml
[2.631s] Invoked command in '/home/raj/robotic_arm/src/build/manipulator_moveit' returned '0': CMAKE_PREFIX_PATH=${CMAKE_PREFIX_PATH}:/opt/ros/jazzy DEBUGINFOD_URLS=https://debuginfod.ubuntu.com /usr/bin/cmake --install /home/raj/robotic_arm/src/build/manipulator_moveit
