running egg_info
writing ../build/manipulator_description/manipulator_description.egg-info/PKG-INFO
writing dependency_links to ../build/manipulator_description/manipulator_description.egg-info/dependency_links.txt
writing entry points to ../build/manipulator_description/manipulator_description.egg-info/entry_points.txt
writing requirements to ../build/manipulator_description/manipulator_description.egg-info/requires.txt
writing top-level names to ../build/manipulator_description/manipulator_description.egg-info/top_level.txt
reading manifest file '../build/manipulator_description/manipulator_description.egg-info/SOURCES.txt'
writing manifest file '../build/manipulator_description/manipulator_description.egg-info/SOURCES.txt'
running build
running build_py
copying manipulator_description/__init__.py -> /home/raj/robotic_arm/src/build/manipulator_description/build/lib/manipulator_description
running install
running install_lib
copying /home/raj/robotic_arm/src/build/manipulator_description/build/lib/manipulator_description/__init__.py -> /home/raj/robotic_arm/src/install/manipulator_description/lib/python3.12/site-packages/manipulator_description
byte-compiling /home/raj/robotic_arm/src/install/manipulator_description/lib/python3.12/site-packages/manipulator_description/__init__.py to __init__.cpython-312.pyc
running install_data
copying resource/manipulator_description -> /home/raj/robotic_arm/src/install/manipulator_description/share/ament_index/resource_index/packages
copying meshes/arduinobot.urdf.xacro -> /home/raj/robotic_arm/src/install/manipulator_description/share/manipulator_description/meshes
creating /home/raj/robotic_arm/src/install/manipulator_description/share/manipulator_description/launch
copying launch/gazebo.launch.py -> /home/raj/robotic_arm/src/install/manipulator_description/share/manipulator_description/launch
copying launch/display.launch.py -> /home/raj/robotic_arm/src/install/manipulator_description/share/manipulator_description/launch
creating /home/raj/robotic_arm/src/install/manipulator_description/share/manipulator_description/rviz
copying rviz/display.rviz -> /home/raj/robotic_arm/src/install/manipulator_description/share/manipulator_description/rviz
running install_egg_info
Copying ../build/manipulator_description/manipulator_description.egg-info to /home/raj/robotic_arm/src/install/manipulator_description/lib/python3.12/site-packages/manipulator_description-0.0.0-py3.12.egg-info
running install_scripts
Installing simple_parameter_node script to /home/raj/robotic_arm/src/install/manipulator_description/lib/manipulator_description
writing list of installed files to '/home/raj/robotic_arm/src/build/manipulator_description/install.log'
