[0.705s] Invoking command in '/home/raj/robotic_arm/src/manipulator_description': DEBUGINFOD_URLS=https://debuginfod.ubuntu.com PYTHONPATH=/home/raj/robotic_arm/src/build/manipulator_description/prefix_override:/usr/lib/python3/dist-packages/colcon_core/task/python/colcon_distutils_commands:/home/raj/robotic_arm/src/install/manipulator_description/lib/python3.12/site-packages:${PYTHONPATH} /usr/bin/python3 -W ignore:setup.py install is deprecated -W ignore:easy_install command is deprecated setup.py egg_info --egg-base ../build/manipulator_description build --build-base /home/raj/robotic_arm/src/build/manipulator_description/build install --record /home/raj/robotic_arm/src/build/manipulator_description/install.log --single-version-externally-managed install_data
[0.854s] running egg_info
[0.864s] writing ../build/manipulator_description/manipulator_description.egg-info/PKG-INFO
[0.865s] writing dependency_links to ../build/manipulator_description/manipulator_description.egg-info/dependency_links.txt
[0.865s] writing entry points to ../build/manipulator_description/manipulator_description.egg-info/entry_points.txt
[0.865s] writing requirements to ../build/manipulator_description/manipulator_description.egg-info/requires.txt
[0.865s] writing top-level names to ../build/manipulator_description/manipulator_description.egg-info/top_level.txt
[0.885s] reading manifest file '../build/manipulator_description/manipulator_description.egg-info/SOURCES.txt'
[0.885s] writing manifest file '../build/manipulator_description/manipulator_description.egg-info/SOURCES.txt'
[0.885s] running build
[0.885s] running build_py
[0.885s] copying manipulator_description/__init__.py -> /home/raj/robotic_arm/src/build/manipulator_description/build/lib/manipulator_description
[0.885s] running install
[0.889s] running install_lib
[0.899s] copying /home/raj/robotic_arm/src/build/manipulator_description/build/lib/manipulator_description/__init__.py -> /home/raj/robotic_arm/src/install/manipulator_description/lib/python3.12/site-packages/manipulator_description
[0.899s] byte-compiling /home/raj/robotic_arm/src/install/manipulator_description/lib/python3.12/site-packages/manipulator_description/__init__.py to __init__.cpython-312.pyc
[0.900s] running install_data
[0.900s] copying resource/manipulator_description -> /home/raj/robotic_arm/src/install/manipulator_description/share/ament_index/resource_index/packages
[0.900s] copying meshes/arduinobot.urdf.xacro -> /home/raj/robotic_arm/src/install/manipulator_description/share/manipulator_description/meshes
[0.900s] creating /home/raj/robotic_arm/src/install/manipulator_description/share/manipulator_description/launch
[0.900s] copying launch/gazebo.launch.py -> /home/raj/robotic_arm/src/install/manipulator_description/share/manipulator_description/launch
[0.900s] copying launch/display.launch.py -> /home/raj/robotic_arm/src/install/manipulator_description/share/manipulator_description/launch
[0.900s] creating /home/raj/robotic_arm/src/install/manipulator_description/share/manipulator_description/rviz
[0.900s] copying rviz/display.rviz -> /home/raj/robotic_arm/src/install/manipulator_description/share/manipulator_description/rviz
[0.901s] running install_egg_info
[0.912s] Copying ../build/manipulator_description/manipulator_description.egg-info to /home/raj/robotic_arm/src/install/manipulator_description/lib/python3.12/site-packages/manipulator_description-0.0.0-py3.12.egg-info
[0.912s] running install_scripts
[0.985s] Installing simple_parameter_node script to /home/raj/robotic_arm/src/install/manipulator_description/lib/manipulator_description
[0.986s] writing list of installed files to '/home/raj/robotic_arm/src/build/manipulator_description/install.log'
[1.017s] Invoked command in '/home/raj/robotic_arm/src/manipulator_description' returned '0': DEBUGINFOD_URLS=https://debuginfod.ubuntu.com PYTHONPATH=/home/raj/robotic_arm/src/build/manipulator_description/prefix_override:/usr/lib/python3/dist-packages/colcon_core/task/python/colcon_distutils_commands:/home/raj/robotic_arm/src/install/manipulator_description/lib/python3.12/site-packages:${PYTHONPATH} /usr/bin/python3 -W ignore:setup.py install is deprecated -W ignore:easy_install command is deprecated setup.py egg_info --egg-base ../build/manipulator_description build --build-base /home/raj/robotic_arm/src/build/manipulator_description/build install --record /home/raj/robotic_arm/src/build/manipulator_description/install.log --single-version-externally-managed install_data
