[0.080s] DEBUG:colcon:Command line arguments: ['/usr/bin/colcon', 'build']
[0.080s] DEBUG:colcon:Parsed command line arguments: Namespace(log_base=None, log_level=None, verb_name='build', build_base='build', install_base='install', merge_install=False, symlink_install=False, test_result_base=None, continue_on_error=False, executor='parallel', parallel_workers=32, event_handlers=None, ignore_user_meta=False, metas=['./colcon.meta'], base_paths=['.'], packages_ignore=None, packages_ignore_regex=None, paths=None, packages_up_to=None, packages_up_to_regex=None, packages_above=None, packages_above_and_dependencies=None, packages_above_depth=None, packages_select_by_dep=None, packages_skip_by_dep=None, packages_skip_up_to=None, packages_select_build_failed=False, packages_skip_build_finished=False, packages_select_test_failures=False, packages_skip_test_passed=False, packages_select=None, packages_skip=None, packages_select_regex=None, packages_skip_regex=None, packages_start=None, packages_end=None, allow_overriding=[], cmake_args=None, cmake_target=None, cmake_target_skip_unavailable=False, cmake_clean_cache=False, cmake_clean_first=False, cmake_force_configure=False, ament_cmake_args=None, catkin_cmake_args=None, catkin_skip_building_tests=False, mixin_files=None, mixin=None, verb_parser=<colcon_mixin.mixin.mixin_argument.MixinArgumentDecorator object at 0x72ec975a4d40>, verb_extension=<colcon_core.verb.build.BuildVerb object at 0x72ec976c5460>, main=<bound method BuildVerb.main of <colcon_core.verb.build.BuildVerb object at 0x72ec976c5460>>, mixin_verb=('build',))
[0.111s] Level 1:colcon.colcon_core.package_discovery:discover_packages(colcon_meta) check parameters
[0.111s] Level 1:colcon.colcon_core.package_discovery:discover_packages(recursive) check parameters
[0.111s] Level 1:colcon.colcon_core.package_discovery:discover_packages(ignore) check parameters
[0.111s] Level 1:colcon.colcon_core.package_discovery:discover_packages(path) check parameters
[0.111s] Level 1:colcon.colcon_core.package_discovery:discover_packages(colcon_meta) discover
[0.111s] Level 1:colcon.colcon_core.package_discovery:discover_packages(recursive) discover
[0.111s] INFO:colcon.colcon_core.package_discovery:Crawling recursively for packages in '/home/raj/robotic_arm/src'
[0.111s] Level 1:colcon.colcon_core.package_identification:_identify(.) by extensions ['ignore', 'ignore_ament_install']
[0.111s] Level 1:colcon.colcon_core.package_identification:_identify(.) by extension 'ignore'
[0.111s] Level 1:colcon.colcon_core.package_identification:_identify(.) by extension 'ignore_ament_install'
[0.111s] Level 1:colcon.colcon_core.package_identification:_identify(.) by extensions ['colcon_pkg']
[0.111s] Level 1:colcon.colcon_core.package_identification:_identify(.) by extension 'colcon_pkg'
[0.111s] Level 1:colcon.colcon_core.package_identification:_identify(.) by extensions ['colcon_meta']
[0.111s] Level 1:colcon.colcon_core.package_identification:_identify(.) by extension 'colcon_meta'
[0.111s] Level 1:colcon.colcon_core.package_identification:_identify(.) by extensions ['ros']
[0.111s] Level 1:colcon.colcon_core.package_identification:_identify(.) by extension 'ros'
[0.131s] Level 1:colcon.colcon_core.package_identification:_identify(.) by extensions ['cmake', 'python']
[0.131s] Level 1:colcon.colcon_core.package_identification:_identify(.) by extension 'cmake'
[0.131s] Level 1:colcon.colcon_core.package_identification:_identify(.) by extension 'python'
[0.131s] Level 1:colcon.colcon_core.package_identification:_identify(.) by extensions ['python_setup_py']
[0.131s] Level 1:colcon.colcon_core.package_identification:_identify(.) by extension 'python_setup_py'
[0.131s] Level 1:colcon.colcon_core.package_identification:_identify(build) by extensions ['ignore', 'ignore_ament_install']
[0.131s] Level 1:colcon.colcon_core.package_identification:_identify(build) by extension 'ignore'
[0.131s] Level 1:colcon.colcon_core.package_identification:_identify(build) ignored
[0.131s] Level 1:colcon.colcon_core.package_identification:_identify(install) by extensions ['ignore', 'ignore_ament_install']
[0.131s] Level 1:colcon.colcon_core.package_identification:_identify(install) by extension 'ignore'
[0.131s] Level 1:colcon.colcon_core.package_identification:_identify(install) ignored
[0.131s] Level 1:colcon.colcon_core.package_identification:_identify(log) by extensions ['ignore', 'ignore_ament_install']
[0.131s] Level 1:colcon.colcon_core.package_identification:_identify(log) by extension 'ignore'
[0.131s] Level 1:colcon.colcon_core.package_identification:_identify(log) ignored
[0.131s] Level 1:colcon.colcon_core.package_identification:_identify(manipulator_controller) by extensions ['ignore', 'ignore_ament_install']
[0.131s] Level 1:colcon.colcon_core.package_identification:_identify(manipulator_controller) by extension 'ignore'
[0.131s] Level 1:colcon.colcon_core.package_identification:_identify(manipulator_controller) by extension 'ignore_ament_install'
[0.131s] Level 1:colcon.colcon_core.package_identification:_identify(manipulator_controller) by extensions ['colcon_pkg']
[0.131s] Level 1:colcon.colcon_core.package_identification:_identify(manipulator_controller) by extension 'colcon_pkg'
[0.131s] Level 1:colcon.colcon_core.package_identification:_identify(manipulator_controller) by extensions ['colcon_meta']
[0.131s] Level 1:colcon.colcon_core.package_identification:_identify(manipulator_controller) by extension 'colcon_meta'
[0.131s] Level 1:colcon.colcon_core.package_identification:_identify(manipulator_controller) by extensions ['ros']
[0.131s] Level 1:colcon.colcon_core.package_identification:_identify(manipulator_controller) by extension 'ros'
[0.133s] DEBUG:colcon.colcon_core.package_identification:Package 'manipulator_controller' with type 'ros.ament_python' and name 'manipulator_controller'
[0.133s] Level 1:colcon.colcon_core.package_identification:_identify(manipulator_description) by extensions ['ignore', 'ignore_ament_install']
[0.133s] Level 1:colcon.colcon_core.package_identification:_identify(manipulator_description) by extension 'ignore'
[0.133s] Level 1:colcon.colcon_core.package_identification:_identify(manipulator_description) by extension 'ignore_ament_install'
[0.133s] Level 1:colcon.colcon_core.package_identification:_identify(manipulator_description) by extensions ['colcon_pkg']
[0.133s] Level 1:colcon.colcon_core.package_identification:_identify(manipulator_description) by extension 'colcon_pkg'
[0.133s] Level 1:colcon.colcon_core.package_identification:_identify(manipulator_description) by extensions ['colcon_meta']
[0.133s] Level 1:colcon.colcon_core.package_identification:_identify(manipulator_description) by extension 'colcon_meta'
[0.133s] Level 1:colcon.colcon_core.package_identification:_identify(manipulator_description) by extensions ['ros']
[0.133s] Level 1:colcon.colcon_core.package_identification:_identify(manipulator_description) by extension 'ros'
[0.136s] DEBUG:colcon.colcon_core.package_identification:Package 'manipulator_description' with type 'ros.ament_python' and name 'manipulator_description'
[0.136s] Level 1:colcon.colcon_core.package_identification:_identify(manipulator_msgs) by extensions ['ignore', 'ignore_ament_install']
[0.136s] Level 1:colcon.colcon_core.package_identification:_identify(manipulator_msgs) by extension 'ignore'
[0.136s] Level 1:colcon.colcon_core.package_identification:_identify(manipulator_msgs) by extension 'ignore_ament_install'
[0.136s] Level 1:colcon.colcon_core.package_identification:_identify(manipulator_msgs) by extensions ['colcon_pkg']
[0.136s] Level 1:colcon.colcon_core.package_identification:_identify(manipulator_msgs) by extension 'colcon_pkg'
[0.136s] Level 1:colcon.colcon_core.package_identification:_identify(manipulator_msgs) by extensions ['colcon_meta']
[0.136s] Level 1:colcon.colcon_core.package_identification:_identify(manipulator_msgs) by extension 'colcon_meta'
[0.136s] Level 1:colcon.colcon_core.package_identification:_identify(manipulator_msgs) by extensions ['ros']
[0.136s] Level 1:colcon.colcon_core.package_identification:_identify(manipulator_msgs) by extension 'ros'
[0.136s] DEBUG:colcon.colcon_core.package_identification:Package 'manipulator_msgs' with type 'ros.ament_cmake' and name 'manipulator_msgs'
[0.136s] Level 1:colcon.colcon_core.package_identification:_identify(manipulator_utils) by extensions ['ignore', 'ignore_ament_install']
[0.136s] Level 1:colcon.colcon_core.package_identification:_identify(manipulator_utils) by extension 'ignore'
[0.136s] Level 1:colcon.colcon_core.package_identification:_identify(manipulator_utils) by extension 'ignore_ament_install'
[0.136s] Level 1:colcon.colcon_core.package_identification:_identify(manipulator_utils) by extensions ['colcon_pkg']
[0.136s] Level 1:colcon.colcon_core.package_identification:_identify(manipulator_utils) by extension 'colcon_pkg'
[0.136s] Level 1:colcon.colcon_core.package_identification:_identify(manipulator_utils) by extensions ['colcon_meta']
[0.136s] Level 1:colcon.colcon_core.package_identification:_identify(manipulator_utils) by extension 'colcon_meta'
[0.137s] Level 1:colcon.colcon_core.package_identification:_identify(manipulator_utils) by extensions ['ros']
[0.137s] Level 1:colcon.colcon_core.package_identification:_identify(manipulator_utils) by extension 'ros'
[0.137s] DEBUG:colcon.colcon_core.package_identification:Package 'manipulator_utils' with type 'ros.ament_python' and name 'manipulator_utils'
[0.137s] Level 1:colcon.colcon_core.package_discovery:discover_packages(recursive) using defaults
[0.137s] Level 1:colcon.colcon_core.package_discovery:discover_packages(ignore) discover
[0.137s] Level 1:colcon.colcon_core.package_discovery:discover_packages(ignore) using defaults
[0.137s] Level 1:colcon.colcon_core.package_discovery:discover_packages(path) discover
[0.137s] Level 1:colcon.colcon_core.package_discovery:discover_packages(path) using defaults
[0.150s] Level 1:colcon.colcon_core.package_discovery:discover_packages(prefix_path) check parameters
[0.150s] Level 1:colcon.colcon_core.package_discovery:discover_packages(prefix_path) discover
[0.153s] DEBUG:colcon.colcon_installed_package_information.package_discovery:Found 442 installed packages in /opt/ros/jazzy
[0.154s] Level 1:colcon.colcon_core.package_discovery:discover_packages(prefix_path) using defaults
[0.194s] Level 5:colcon.colcon_core.verb:set package 'manipulator_controller' build argument 'cmake_args' from command line to 'None'
[0.194s] Level 5:colcon.colcon_core.verb:set package 'manipulator_controller' build argument 'cmake_target' from command line to 'None'
[0.194s] Level 5:colcon.colcon_core.verb:set package 'manipulator_controller' build argument 'cmake_target_skip_unavailable' from command line to 'False'
[0.194s] Level 5:colcon.colcon_core.verb:set package 'manipulator_controller' build argument 'cmake_clean_cache' from command line to 'False'
[0.194s] Level 5:colcon.colcon_core.verb:set package 'manipulator_controller' build argument 'cmake_clean_first' from command line to 'False'
[0.194s] Level 5:colcon.colcon_core.verb:set package 'manipulator_controller' build argument 'cmake_force_configure' from command line to 'False'
[0.194s] Level 5:colcon.colcon_core.verb:set package 'manipulator_controller' build argument 'ament_cmake_args' from command line to 'None'
[0.194s] Level 5:colcon.colcon_core.verb:set package 'manipulator_controller' build argument 'catkin_cmake_args' from command line to 'None'
[0.194s] Level 5:colcon.colcon_core.verb:set package 'manipulator_controller' build argument 'catkin_skip_building_tests' from command line to 'False'
[0.194s] DEBUG:colcon.colcon_core.verb:Building package 'manipulator_controller' with the following arguments: {'ament_cmake_args': None, 'build_base': '/home/raj/robotic_arm/src/build/manipulator_controller', 'catkin_cmake_args': None, 'catkin_skip_building_tests': False, 'cmake_args': None, 'cmake_clean_cache': False, 'cmake_clean_first': False, 'cmake_force_configure': False, 'cmake_target': None, 'cmake_target_skip_unavailable': False, 'install_base': '/home/raj/robotic_arm/src/install/manipulator_controller', 'merge_install': False, 'path': '/home/raj/robotic_arm/src/manipulator_controller', 'symlink_install': False, 'test_result_base': None}
[0.194s] Level 5:colcon.colcon_core.verb:set package 'manipulator_description' build argument 'cmake_args' from command line to 'None'
[0.194s] Level 5:colcon.colcon_core.verb:set package 'manipulator_description' build argument 'cmake_target' from command line to 'None'
[0.194s] Level 5:colcon.colcon_core.verb:set package 'manipulator_description' build argument 'cmake_target_skip_unavailable' from command line to 'False'
[0.194s] Level 5:colcon.colcon_core.verb:set package 'manipulator_description' build argument 'cmake_clean_cache' from command line to 'False'
[0.194s] Level 5:colcon.colcon_core.verb:set package 'manipulator_description' build argument 'cmake_clean_first' from command line to 'False'
[0.195s] Level 5:colcon.colcon_core.verb:set package 'manipulator_description' build argument 'cmake_force_configure' from command line to 'False'
[0.195s] Level 5:colcon.colcon_core.verb:set package 'manipulator_description' build argument 'ament_cmake_args' from command line to 'None'
[0.195s] Level 5:colcon.colcon_core.verb:set package 'manipulator_description' build argument 'catkin_cmake_args' from command line to 'None'
[0.195s] Level 5:colcon.colcon_core.verb:set package 'manipulator_description' build argument 'catkin_skip_building_tests' from command line to 'False'
[0.195s] DEBUG:colcon.colcon_core.verb:Building package 'manipulator_description' with the following arguments: {'ament_cmake_args': None, 'build_base': '/home/raj/robotic_arm/src/build/manipulator_description', 'catkin_cmake_args': None, 'catkin_skip_building_tests': False, 'cmake_args': None, 'cmake_clean_cache': False, 'cmake_clean_first': False, 'cmake_force_configure': False, 'cmake_target': None, 'cmake_target_skip_unavailable': False, 'install_base': '/home/raj/robotic_arm/src/install/manipulator_description', 'merge_install': False, 'path': '/home/raj/robotic_arm/src/manipulator_description', 'symlink_install': False, 'test_result_base': None}
[0.195s] Level 5:colcon.colcon_core.verb:set package 'manipulator_msgs' build argument 'cmake_args' from command line to 'None'
[0.195s] Level 5:colcon.colcon_core.verb:set package 'manipulator_msgs' build argument 'cmake_target' from command line to 'None'
[0.195s] Level 5:colcon.colcon_core.verb:set package 'manipulator_msgs' build argument 'cmake_target_skip_unavailable' from command line to 'False'
[0.195s] Level 5:colcon.colcon_core.verb:set package 'manipulator_msgs' build argument 'cmake_clean_cache' from command line to 'False'
[0.195s] Level 5:colcon.colcon_core.verb:set package 'manipulator_msgs' build argument 'cmake_clean_first' from command line to 'False'
[0.195s] Level 5:colcon.colcon_core.verb:set package 'manipulator_msgs' build argument 'cmake_force_configure' from command line to 'False'
[0.195s] Level 5:colcon.colcon_core.verb:set package 'manipulator_msgs' build argument 'ament_cmake_args' from command line to 'None'
[0.195s] Level 5:colcon.colcon_core.verb:set package 'manipulator_msgs' build argument 'catkin_cmake_args' from command line to 'None'
[0.195s] Level 5:colcon.colcon_core.verb:set package 'manipulator_msgs' build argument 'catkin_skip_building_tests' from command line to 'False'
[0.195s] DEBUG:colcon.colcon_core.verb:Building package 'manipulator_msgs' with the following arguments: {'ament_cmake_args': None, 'build_base': '/home/raj/robotic_arm/src/build/manipulator_msgs', 'catkin_cmake_args': None, 'catkin_skip_building_tests': False, 'cmake_args': None, 'cmake_clean_cache': False, 'cmake_clean_first': False, 'cmake_force_configure': False, 'cmake_target': None, 'cmake_target_skip_unavailable': False, 'install_base': '/home/raj/robotic_arm/src/install/manipulator_msgs', 'merge_install': False, 'path': '/home/raj/robotic_arm/src/manipulator_msgs', 'symlink_install': False, 'test_result_base': None}
[0.195s] Level 5:colcon.colcon_core.verb:set package 'manipulator_utils' build argument 'cmake_args' from command line to 'None'
[0.195s] Level 5:colcon.colcon_core.verb:set package 'manipulator_utils' build argument 'cmake_target' from command line to 'None'
[0.195s] Level 5:colcon.colcon_core.verb:set package 'manipulator_utils' build argument 'cmake_target_skip_unavailable' from command line to 'False'
[0.195s] Level 5:colcon.colcon_core.verb:set package 'manipulator_utils' build argument 'cmake_clean_cache' from command line to 'False'
[0.195s] Level 5:colcon.colcon_core.verb:set package 'manipulator_utils' build argument 'cmake_clean_first' from command line to 'False'
[0.195s] Level 5:colcon.colcon_core.verb:set package 'manipulator_utils' build argument 'cmake_force_configure' from command line to 'False'
[0.195s] Level 5:colcon.colcon_core.verb:set package 'manipulator_utils' build argument 'ament_cmake_args' from command line to 'None'
[0.195s] Level 5:colcon.colcon_core.verb:set package 'manipulator_utils' build argument 'catkin_cmake_args' from command line to 'None'
[0.195s] Level 5:colcon.colcon_core.verb:set package 'manipulator_utils' build argument 'catkin_skip_building_tests' from command line to 'False'
[0.195s] DEBUG:colcon.colcon_core.verb:Building package 'manipulator_utils' with the following arguments: {'ament_cmake_args': None, 'build_base': '/home/raj/robotic_arm/src/build/manipulator_utils', 'catkin_cmake_args': None, 'catkin_skip_building_tests': False, 'cmake_args': None, 'cmake_clean_cache': False, 'cmake_clean_first': False, 'cmake_force_configure': False, 'cmake_target': None, 'cmake_target_skip_unavailable': False, 'install_base': '/home/raj/robotic_arm/src/install/manipulator_utils', 'merge_install': False, 'path': '/home/raj/robotic_arm/src/manipulator_utils', 'symlink_install': False, 'test_result_base': None}
[0.195s] INFO:colcon.colcon_core.executor:Executing jobs using 'parallel' executor
[0.196s] DEBUG:colcon.colcon_parallel_executor.executor.parallel:run_until_complete
[0.196s] INFO:colcon.colcon_ros.task.ament_cmake.build:Building ROS package in '/home/raj/robotic_arm/src/manipulator_msgs' with build type 'ament_cmake'
[0.196s] INFO:colcon.colcon_cmake.task.cmake.build:Building CMake package in '/home/raj/robotic_arm/src/manipulator_msgs'
[0.198s] INFO:colcon.colcon_core.plugin_system:Skipping extension 'colcon_core.shell.bat': Not used on non-Windows systems
[0.198s] INFO:colcon.colcon_core.shell:Skip shell extension 'powershell' for command environment: Not usable outside of PowerShell
[0.198s] DEBUG:colcon.colcon_core.shell:Skip shell extension 'dsv' for command environment
[0.201s] INFO:colcon.colcon_ros.task.ament_python.build:Building ROS package in '/home/raj/robotic_arm/src/manipulator_controller' with build type 'ament_python'
[0.201s] Level 1:colcon.colcon_core.shell:create_environment_hook('manipulator_controller', 'ament_prefix_path')
[0.201s] INFO:colcon.colcon_core.shell:Creating environment hook '/home/raj/robotic_arm/src/install/manipulator_controller/share/manipulator_controller/hook/ament_prefix_path.ps1'
[0.202s] INFO:colcon.colcon_core.shell:Creating environment descriptor '/home/raj/robotic_arm/src/install/manipulator_controller/share/manipulator_controller/hook/ament_prefix_path.dsv'
[0.202s] INFO:colcon.colcon_core.shell:Creating environment hook '/home/raj/robotic_arm/src/install/manipulator_controller/share/manipulator_controller/hook/ament_prefix_path.sh'
[0.202s] INFO:colcon.colcon_core.shell:Skip shell extension 'powershell' for command environment: Not usable outside of PowerShell
[0.202s] DEBUG:colcon.colcon_core.shell:Skip shell extension 'dsv' for command environment
[0.205s] INFO:colcon.colcon_ros.task.ament_python.build:Building ROS package in '/home/raj/robotic_arm/src/manipulator_description' with build type 'ament_python'
[0.205s] Level 1:colcon.colcon_core.shell:create_environment_hook('manipulator_description', 'ament_prefix_path')
[0.205s] INFO:colcon.colcon_core.shell:Creating environment hook '/home/raj/robotic_arm/src/install/manipulator_description/share/manipulator_description/hook/ament_prefix_path.ps1'
[0.206s] INFO:colcon.colcon_core.shell:Creating environment descriptor '/home/raj/robotic_arm/src/install/manipulator_description/share/manipulator_description/hook/ament_prefix_path.dsv'
[0.206s] INFO:colcon.colcon_core.shell:Creating environment hook '/home/raj/robotic_arm/src/install/manipulator_description/share/manipulator_description/hook/ament_prefix_path.sh'
[0.206s] INFO:colcon.colcon_core.shell:Skip shell extension 'powershell' for command environment: Not usable outside of PowerShell
[0.206s] DEBUG:colcon.colcon_core.shell:Skip shell extension 'dsv' for command environment
[0.212s] DEBUG:colcon.colcon_core.event_handler.log_command:Invoking command in '/home/raj/robotic_arm/src/build/manipulator_msgs': CMAKE_PREFIX_PATH=${CMAKE_PREFIX_PATH}:/opt/ros/jazzy DEBUGINFOD_URLS=https://debuginfod.ubuntu.com /usr/bin/cmake /home/raj/robotic_arm/src/manipulator_msgs -DCMAKE_INSTALL_PREFIX=/home/raj/robotic_arm/src/install/manipulator_msgs
[0.376s] INFO:colcon.colcon_core.task.python.build:Building Python package in '/home/raj/robotic_arm/src/manipulator_controller'
[0.376s] INFO:colcon.colcon_core.shell:Skip shell extension 'powershell' for command environment: Not usable outside of PowerShell
[0.376s] DEBUG:colcon.colcon_core.shell:Skip shell extension 'dsv' for command environment
[0.517s] INFO:colcon.colcon_core.task.python.build:Building Python package in '/home/raj/robotic_arm/src/manipulator_description'
[0.517s] INFO:colcon.colcon_core.shell:Skip shell extension 'powershell' for command environment: Not usable outside of PowerShell
[0.518s] DEBUG:colcon.colcon_core.shell:Skip shell extension 'dsv' for command environment
[0.829s] DEBUG:colcon.colcon_core.event_handler.log_command:Invoking command in '/home/raj/robotic_arm/src/manipulator_controller': DEBUGINFOD_URLS=https://debuginfod.ubuntu.com PYTHONPATH=/home/raj/robotic_arm/src/build/manipulator_controller/prefix_override:/usr/lib/python3/dist-packages/colcon_core/task/python/colcon_distutils_commands:/home/raj/robotic_arm/src/install/manipulator_controller/lib/python3.12/site-packages:${PYTHONPATH} /usr/bin/python3 -W ignore:setup.py install is deprecated -W ignore:easy_install command is deprecated setup.py egg_info --egg-base ../build/manipulator_controller build --build-base /home/raj/robotic_arm/src/build/manipulator_controller/build install --record /home/raj/robotic_arm/src/build/manipulator_controller/install.log --single-version-externally-managed install_data
[0.835s] DEBUG:colcon.colcon_core.event_handler.log_command:Invoking command in '/home/raj/robotic_arm/src/manipulator_description': DEBUGINFOD_URLS=https://debuginfod.ubuntu.com PYTHONPATH=/home/raj/robotic_arm/src/build/manipulator_description/prefix_override:/usr/lib/python3/dist-packages/colcon_core/task/python/colcon_distutils_commands:/home/raj/robotic_arm/src/install/manipulator_description/lib/python3.12/site-packages:${PYTHONPATH} /usr/bin/python3 -W ignore:setup.py install is deprecated -W ignore:easy_install command is deprecated setup.py egg_info --egg-base ../build/manipulator_description build --build-base /home/raj/robotic_arm/src/build/manipulator_description/build install --record /home/raj/robotic_arm/src/build/manipulator_description/install.log --single-version-externally-managed install_data
[1.019s] DEBUG:colcon.colcon_core.event_handler.log_command:Invoked command in '/home/raj/robotic_arm/src/build/manipulator_msgs' returned '1': CMAKE_PREFIX_PATH=${CMAKE_PREFIX_PATH}:/opt/ros/jazzy DEBUGINFOD_URLS=https://debuginfod.ubuntu.com /usr/bin/cmake /home/raj/robotic_arm/src/manipulator_msgs -DCMAKE_INSTALL_PREFIX=/home/raj/robotic_arm/src/install/manipulator_msgs
[1.029s] Level 1:colcon.colcon_core.environment:create_environment_scripts_only(manipulator_msgs)
[1.030s] Level 1:colcon.colcon_core.environment:checking '/home/raj/robotic_arm/src/install/manipulator_msgs' for CMake module files
[1.030s] Level 1:colcon.colcon_core.environment:checking '/home/raj/robotic_arm/src/install/manipulator_msgs' for CMake config files
[1.031s] Level 1:colcon.colcon_core.environment:checking '/home/raj/robotic_arm/src/install/manipulator_msgs/bin'
[1.031s] Level 1:colcon.colcon_core.environment:checking '/home/raj/robotic_arm/src/install/manipulator_msgs/lib/pkgconfig/manipulator_msgs.pc'
[1.031s] Level 1:colcon.colcon_core.environment:checking '/home/raj/robotic_arm/src/install/manipulator_msgs/lib/python3.12/site-packages'
[1.031s] Level 1:colcon.colcon_core.environment:checking '/home/raj/robotic_arm/src/install/manipulator_msgs/bin'
[1.031s] INFO:colcon.colcon_core.shell:Creating package script '/home/raj/robotic_arm/src/install/manipulator_msgs/share/manipulator_msgs/package.ps1'
[1.032s] INFO:colcon.colcon_core.shell:Creating package descriptor '/home/raj/robotic_arm/src/install/manipulator_msgs/share/manipulator_msgs/package.dsv'
[1.032s] INFO:colcon.colcon_core.shell:Creating package script '/home/raj/robotic_arm/src/install/manipulator_msgs/share/manipulator_msgs/package.sh'
[1.033s] INFO:colcon.colcon_core.shell:Creating package script '/home/raj/robotic_arm/src/install/manipulator_msgs/share/manipulator_msgs/package.bash'
[1.033s] INFO:colcon.colcon_core.shell:Creating package script '/home/raj/robotic_arm/src/install/manipulator_msgs/share/manipulator_msgs/package.zsh'
[1.033s] Level 1:colcon.colcon_core.environment:create_file_with_runtime_dependencies(/home/raj/robotic_arm/src/install/manipulator_msgs/share/colcon-core/packages/manipulator_msgs)
[1.133s] DEBUG:colcon.colcon_parallel_executor.executor.parallel:closing loop
[1.133s] DEBUG:colcon.colcon_parallel_executor.executor.parallel:loop closed
[1.133s] DEBUG:colcon.colcon_parallel_executor.executor.parallel:run_until_complete finished with '1'
[1.133s] DEBUG:colcon.colcon_core.event_reactor:joining thread
[1.143s] INFO:colcon.colcon_core.plugin_system:Skipping extension 'colcon_notification.desktop_notification.terminal_notifier': Not used on non-Darwin systems
[1.143s] INFO:colcon.colcon_core.plugin_system:Skipping extension 'colcon_notification.desktop_notification.win32': Not used on non-Windows systems
[1.143s] INFO:colcon.colcon_notification.desktop_notification:Sending desktop notification using 'notify2'
[1.147s] DEBUG:colcon.colcon_core.event_reactor:joined thread
[1.147s] INFO:colcon.colcon_core.shell:Creating prefix script '/home/raj/robotic_arm/src/install/local_setup.ps1'
[1.148s] INFO:colcon.colcon_core.shell:Creating prefix util module '/home/raj/robotic_arm/src/install/_local_setup_util_ps1.py'
[1.149s] INFO:colcon.colcon_core.shell:Creating prefix chain script '/home/raj/robotic_arm/src/install/setup.ps1'
[1.149s] INFO:colcon.colcon_core.shell:Creating prefix script '/home/raj/robotic_arm/src/install/local_setup.sh'
[1.150s] INFO:colcon.colcon_core.shell:Creating prefix util module '/home/raj/robotic_arm/src/install/_local_setup_util_sh.py'
[1.150s] INFO:colcon.colcon_core.shell:Creating prefix chain script '/home/raj/robotic_arm/src/install/setup.sh'
[1.150s] INFO:colcon.colcon_core.shell:Creating prefix script '/home/raj/robotic_arm/src/install/local_setup.bash'
[1.151s] INFO:colcon.colcon_core.shell:Creating prefix chain script '/home/raj/robotic_arm/src/install/setup.bash'
[1.151s] INFO:colcon.colcon_core.shell:Creating prefix script '/home/raj/robotic_arm/src/install/local_setup.zsh'
[1.151s] INFO:colcon.colcon_core.shell:Creating prefix chain script '/home/raj/robotic_arm/src/install/setup.zsh'
