-- Install configuration: ""
-- Up-to-date: /home/raj/robotic_arm/install/manipulator_moveit/share/manipulator_moveit/launch
-- Up-to-date: /home/raj/robotic_arm/install/manipulator_moveit/share/manipulator_moveit/launch/moveit.launch.py
-- Up-to-date: /home/raj/robotic_arm/install/manipulator_moveit/share/manipulator_moveit/config
-- Up-to-date: /home/raj/robotic_arm/install/manipulator_moveit/share/manipulator_moveit/config/pilz_cartesian_limits.yaml
-- Up-to-date: /home/raj/robotic_arm/install/manipulator_moveit/share/manipulator_moveit/config/initial_position.yaml
-- Up-to-date: /home/raj/robotic_arm/install/manipulator_moveit/share/manipulator_moveit/config/moveit_controller.yaml
-- Up-to-date: /home/raj/robotic_arm/install/manipulator_moveit/share/manipulator_moveit/config/joint_limit.yaml
-- Up-to-date: /home/raj/robotic_arm/install/manipulator_moveit/share/manipulator_moveit/config/trajectory_execution.yaml
-- Up-to-date: /home/raj/robotic_arm/install/manipulator_moveit/share/manipulator_moveit/config/kinematic.yaml
-- Up-to-date: /home/raj/robotic_arm/install/manipulator_moveit/share/manipulator_moveit/config/manipulator.srdf
-- Up-to-date: /home/raj/robotic_arm/install/manipulator_moveit/share/ament_index/resource_index/package_run_dependencies/manipulator_moveit
-- Up-to-date: /home/raj/robotic_arm/install/manipulator_moveit/share/ament_index/resource_index/parent_prefix_path/manipulator_moveit
-- Up-to-date: /home/raj/robotic_arm/install/manipulator_moveit/share/manipulator_moveit/environment/ament_prefix_path.sh
-- Up-to-date: /home/raj/robotic_arm/install/manipulator_moveit/share/manipulator_moveit/environment/ament_prefix_path.dsv
-- Up-to-date: /home/raj/robotic_arm/install/manipulator_moveit/share/manipulator_moveit/environment/path.sh
-- Up-to-date: /home/raj/robotic_arm/install/manipulator_moveit/share/manipulator_moveit/environment/path.dsv
-- Up-to-date: /home/raj/robotic_arm/install/manipulator_moveit/share/manipulator_moveit/local_setup.bash
-- Up-to-date: /home/raj/robotic_arm/install/manipulator_moveit/share/manipulator_moveit/local_setup.sh
-- Up-to-date: /home/raj/robotic_arm/install/manipulator_moveit/share/manipulator_moveit/local_setup.zsh
-- Up-to-date: /home/raj/robotic_arm/install/manipulator_moveit/share/manipulator_moveit/local_setup.dsv
-- Installing: /home/raj/robotic_arm/install/manipulator_moveit/share/manipulator_moveit/package.dsv
-- Up-to-date: /home/raj/robotic_arm/install/manipulator_moveit/share/ament_index/resource_index/packages/manipulator_moveit
-- Up-to-date: /home/raj/robotic_arm/install/manipulator_moveit/share/manipulator_moveit/cmake/manipulator_moveitConfig.cmake
-- Up-to-date: /home/raj/robotic_arm/install/manipulator_moveit/share/manipulator_moveit/cmake/manipulator_moveitConfig-version.cmake
-- Up-to-date: /home/raj/robotic_arm/install/manipulator_moveit/share/manipulator_moveit/package.xml
